Version: Plain vanilla, built on balrog.mbi-berlin.de at Fri Sep 23 06:33:15 PM CEST 2022

Compiler: GCC version 12.2.1 20220830 [revision e927d1cf141f221c5a32574bde0913307e140984]
Build flags: -cpp -I . -D_REENTRANT -D __BUILD_ID__="Plain vanilla, built on balrog.mbi-berlin.de at Fri Sep 23 06:33:15 PM CEST 2022" -mtune=generic -march=x86-64 -O -fopenmp -fpre-include=/usr/include/finclude/math-vector-fortran.h

  Integer kind = 4 (9 decimals)
     Real kind = 8 (15 decimals)
Aux. real kind = 8 (15 decimals)


    $Id: $
    $Id: accuracy.f90,v 1.45 2021/04/26 15:44:44 ps Exp $
    $Id: constants.f90,v 1.7 2021/04/26 15:44:44 ps Exp $
    $Id: $
    $Id: $
    $Id: $
    $Id: find_root.f90,v 1.15 2021/08/10 13:17:38 ps Exp ps $
    $Id: lapack.f90,v 1.10 2021/04/26 15:44:44 ps Exp $
    $Id: math.f90,v 1.13 2022/02/19 18:54:26 ps Exp $
    $Id: $
    $Id: sort_tools.f90,v 1.3 2021/04/26 15:44:44 ps Exp $
    $Id: timer.f90,v 1.5 2021/04/26 15:44:44 ps Exp $
    $Id: $
    $Id: $
    $Id: $
    $Id: $
    $Id: $
    $Id: $
    $Id: $
    $Id: $
    $Id: $
 ===== begin simulation parameters ===== 
&GT
 VERBOSE=1          ,
 COMMENT="Search for the resonance position (outgoing boundary), F=0.100, M=0, NB=0, NC=0                                                                                                                                                                                ",
 OMP_NUM_THREADS=0          ,
 TASK="outgoing                                                                                                                                                                                                                                                       ",
 BOUNDARY="asymptotic                                                                                                                                                                                                                                                     ",
 BOUNDARY_SOLUTION="incoming                                                                                                                                                                                                                                                       ",
 BOUNDARY_INDEX=1          ,
 BOUNDARY_PHASE=(1.0000000000000000,0.0000000000000000),
 OUTGOING_SOLVER="root                                                                                                                                                                                                                                                           ",
 MVAL=0          ,
 EFIELD= 0.10000000000000001     ,
 ZNUC=  1.0000000000000000     ,
 POTENTIAL="hydrogenic                                                                                                                                                                                                                                                     ",
 POT_PARAM_REAL= 6*0.0000000000000000       ,
 POT_PARAM_INT= 3*0          ,
 ENERGY_SINGLE=(-0.50000000000000000,0.0000000000000000),
 ENERGY_GUESS=(-0.52730600000000005,-7.25750000000000006E-003),
 ENERGY_STEP= 0.10000000000000001     ,
 ZETA_TOL= -1.0000000000000000     ,
 ZETA_STAB_COS= 0.90000000000000002     ,
 ENERGY_TOL= -1.0000000000000000     ,
 WAVEFUNCTION_TOL= -10000.000000000000     ,
 BOUNDARY_TOL= -1.0000000000000000     ,
 XI_MAX=  12.000000000000000     ,
 XI_NPTS=120        ,
 XI_MAXORDER=60         ,
 XI_NPTS_GUESS=400        ,
 ETA_MAX=  12.000000000000000     ,
 ETA_NPTS=120        ,
 ETA_MAXORDER=60         ,
 ETA_MAXORDER2=6          ,
 ETA_POINTS2=9          ,
 ETA_ORDER2=8          ,
 NONAD_POINTS=7          ,
 NONAD_ORDER=6          ,
 ASYMP_ORDER=200        ,
 BASE_CHANNEL=1          ,
 N_CHANNELS=1          ,
 MAIN_CHANNEL=1          ,
 FILE_BOUND="('gh000-0_100-dble-b-',i0,'.table')                                                                                                                                                                                                                            ",
 FILE_CONTINUUM="('gh000-0_100-dble-c-',i0,'.table')                                                                                                                                                                                                                            ",
 FILE_COUPLING="(""coupling_"",a,"".table"")                                                                                                                                                                                                                                       ",
 FILE_TOTAL_MODE="wavefunction                                                                                                                                                                                                                                                   ",
 FILE_TOTAL="gh000-0_100-dble.table                                                                                                                                                                                                                                         ",
 FOURIER_CENTRE= -1.0000000000000000     ,
 FOURIER_WIDTH= -1.0000000000000000     ,
 FILE_CARTESIAN="gh000-0_100-cartesian-dble.table                                                                                                                                                                                                                               ",
 CARTESIAN_DX= 0.25000000000000000     ,
 CARTESIAN_PHI=  0.0000000000000000     ,
 CARTESIAN_NPTS=-30        ,30         , 2*0          ,-80        ,40         ,
 
 CARTESIAN_REF= 2*0.0000000000000000       , 0.50000000000000000     ,
 CART_INTERP_POINTS=9          ,
 CART_LAPLACE_ORDER=3          ,
 FILE_BOHM="                                                                                                                                                                                                                                                               ",
 FILE_HUSIMI="                                                                                                                                                                                                                                                               ",
 HUSIMI_NDIM=1          ,
 HUSIMI_COORD=3          ,1          ,
 HUSIMI_WIDTH=  2.5066282746310002     ,
 HUSIMI_DETAIL=T,
 /
 ====== end simulation parameters ====== 

Search for the resonance position (outgoing boundary), F=0.100, M=0, NB=0, NC=0

Asymptotic continuum solutions are used from point eta =     12.00000000000000     
Effective potential u = -r*v(r)-Q and its derivatives at the matching point:
   Order    o! (d^o/d x^o) u(x^2/2)
   -----    -----------------------
       0      0.000000000000000      
       1      0.000000000000000      
       2      0.000000000000000      
       3      0.000000000000000      
       4      0.000000000000000      
       5      0.000000000000000      
       6      0.000000000000000      
       7      0.000000000000000      
       8      0.000000000000000      
       9      0.000000000000000      
      10      0.000000000000000      
      11      0.000000000000000      
      12      0.000000000000000      
      13      0.000000000000000      
      14      0.000000000000000      
      15      0.000000000000000      
      16      0.000000000000000      
      17      0.000000000000000      
      18      0.000000000000000      
      19      0.000000000000000      
      20      0.000000000000000      
      21      0.000000000000000      
      22      0.000000000000000      
      23      0.000000000000000      
      24      0.000000000000000      
      25      0.000000000000000      
      26      0.000000000000000      
      27      0.000000000000000      
      28      0.000000000000000      
      29      0.000000000000000      
      30      0.000000000000000      
      31      0.000000000000000      
      32      0.000000000000000      
      33      0.000000000000000      
      34      0.000000000000000      
      35      0.000000000000000      
      36      0.000000000000000      
      37      0.000000000000000      
      38      0.000000000000000      
      39      0.000000000000000      
      40      0.000000000000000      
      41      0.000000000000000      
      42      0.000000000000000      
      43      0.000000000000000      
      44      0.000000000000000      
      45      0.000000000000000      
      46      0.000000000000000      
      47      0.000000000000000      
      48      0.000000000000000      
      49      0.000000000000000      
      50      0.000000000000000      
      51      0.000000000000000      
      52      0.000000000000000      
      53      0.000000000000000      
      54      0.000000000000000      
      55      0.000000000000000      
      56      0.000000000000000      
      57      0.000000000000000      
      58      0.000000000000000      
      59      0.000000000000000      
      60      0.000000000000000      
      61      0.000000000000000      
      62      0.000000000000000      
      63      0.000000000000000      
      64      0.000000000000000      
      65      0.000000000000000      
      66      0.000000000000000      
      67      0.000000000000000      
      68      0.000000000000000      
      69      0.000000000000000      
      70      0.000000000000000      
      71      0.000000000000000      
      72      0.000000000000000      
      73      0.000000000000000      
      74      0.000000000000000      
      75      0.000000000000000      
      76      0.000000000000000      
      77      0.000000000000000      
      78      0.000000000000000      
      79      0.000000000000000      
      80      0.000000000000000      
      81      0.000000000000000      
      82      0.000000000000000      
      83      0.000000000000000      
      84      0.000000000000000      
      85      0.000000000000000      
      86      0.000000000000000      
      87      0.000000000000000      
      88      0.000000000000000      
      89      0.000000000000000      
      90      0.000000000000000      
      91      0.000000000000000      
      92      0.000000000000000      
      93      0.000000000000000      
      94      0.000000000000000      
      95      0.000000000000000      
      96      0.000000000000000      
      97      0.000000000000000      
      98      0.000000000000000      
      99      0.000000000000000      
     100      0.000000000000000      
     101      0.000000000000000      
     102      0.000000000000000      
     103      0.000000000000000      
     104      0.000000000000000      
     105      0.000000000000000      
     106      0.000000000000000      
     107      0.000000000000000      
     108      0.000000000000000      
     109      0.000000000000000      
     110      0.000000000000000      
     111      0.000000000000000      
     112      0.000000000000000      
     113      0.000000000000000      
     114      0.000000000000000      
     115      0.000000000000000      
     116      0.000000000000000      
     117      0.000000000000000      
     118      0.000000000000000      
     119      0.000000000000000      
     120      0.000000000000000      
     121      0.000000000000000      
     122      0.000000000000000      
     123      0.000000000000000      
     124      0.000000000000000      
     125      0.000000000000000      
     126      0.000000000000000      
     127      0.000000000000000      
     128      0.000000000000000      
     129      0.000000000000000      
     130      0.000000000000000      
     131      0.000000000000000      
     132      0.000000000000000      
     133      0.000000000000000      
     134      0.000000000000000      
     135      0.000000000000000      
     136      0.000000000000000      
     137      0.000000000000000      
     138      0.000000000000000      
     139      0.000000000000000      
     140      0.000000000000000      
     141      0.000000000000000      
     142      0.000000000000000      
     143      0.000000000000000      
     144      0.000000000000000      
     145      0.000000000000000      
     146      0.000000000000000      
     147      0.000000000000000      
     148      0.000000000000000      
     149      0.000000000000000      
     150      0.000000000000000      
     151      0.000000000000000      
     152      0.000000000000000      
     153      0.000000000000000      
     154      0.000000000000000      
     155      0.000000000000000      
     156      0.000000000000000      
     157      0.000000000000000      
     158      0.000000000000000      
     159      0.000000000000000      
     160      0.000000000000000      
     161      0.000000000000000      
     162      0.000000000000000      
     163      0.000000000000000      
     164      0.000000000000000      
     165      0.000000000000000      
     166      0.000000000000000      
     167      0.000000000000000      
     168      0.000000000000000      
     169      0.000000000000000      
     170      0.000000000000000      
     171      0.000000000000000      
     172      0.000000000000000      
     173      0.000000000000000      
     174      0.000000000000000      
     175      0.000000000000000      
     176      0.000000000000000      
     177      0.000000000000000      
     178      0.000000000000000      
     179      0.000000000000000      
     180      0.000000000000000      
     181      0.000000000000000      
     182      0.000000000000000      
     183      0.000000000000000      
     184      0.000000000000000      
     185      0.000000000000000      
     186      0.000000000000000      
     187      0.000000000000000      
     188      0.000000000000000      
     189      0.000000000000000      
     190      0.000000000000000      
     191      0.000000000000000      
     192      0.000000000000000      
     193      0.000000000000000      
     194      0.000000000000000      
     195      0.000000000000000      
     196      0.000000000000000      
     197      0.000000000000000      
     198      0.000000000000000      
     199      0.000000000000000      
     200      0.000000000000000      

Max =      0.000000000000000      

Solving for energy =  -0.5273060000000000524522648      -0.7257500000000000062172489E-002

At energy = -.5273060000000000524522648 -.7257500000000000062172489E-2 incoming = 0.17192050210638103267E-2 -.82555416631910111432E-3 (main) 0.19071459267653962603E-2 (total)
Solving for energy =  -0.5273059999999858415975496      -0.7257500000000000062172489E-002

At energy = -.5273059999999858415975496 -.7257500000000000062172489E-2 incoming = 0.17192050212706424910E-2 -.82555416644754307624E-3 (main) 0.19071459270074452626E-2 (total)
Solving for energy =  -0.5273060000000142633069800      -0.7257500000000000062172489E-002

At energy = -.5273060000000142633069800 -.7257500000000000062172489E-2 incoming = 0.17192050208620249067E-2 -.82555416619720935981E-3 (main) 0.19071459265307321926E-2 (total)
Solving for energy =  -0.5273060000000000524522648      -0.7257499999985789207457287E-002

At energy = -.5273060000000000524522648 -.7257499999985789207457287E-2 incoming = 0.17192050211920432545E-2 -.82555416611624081631E-3 (main) 0.19071459267931795915E-2 (total)
Solving for energy =  -0.5273060000000000524522648      -0.7257500000014210916887691E-002

At energy = -.5273060000000000524522648 -.7257500000014210916887691E-2 incoming = 0.17192050209405361060E-2 -.82555416652550523554E-3 (main) 0.19071459267436172407E-2 (total)
Solving for energy =  -0.5274185100300310402587911      -0.7268987422551787154489933E-002

At energy = -.5274185100300310402587911 -.7268987422551787154489933E-2 incoming = -.42207707320941566294E-5 0.39643164660741675914E-5 (main) 0.57905708368078370981E-5 (total)
Solving for energy =  -0.5274185100300310402587911      -0.7268987422551787154489933E-002

At energy = -.5274185100300310402587911 -.7268987422551787154489933E-2 incoming = -.42207707320941566294E-5 0.39643164660741675914E-5 (main) 0.57905708368078370981E-5 (total)
Solving for energy =  -0.5274185100300310402587911      -0.7268987422551787154489933E-002

At energy = -.5274185100300310402587911 -.7268987422551787154489933E-2 incoming = -.42207707320941566294E-5 0.39643164660741675914E-5 (main) 0.57905708368078370981E-5 (total)
Solving for energy =  -0.5274185100300168294040759      -0.7268987422551787154489933E-002

At energy = -.5274185100300168294040759 -.7268987422551787154489933E-2 incoming = -.42207705284658165825E-5 0.39643163444896149984E-5 (main) 0.57905706051435992698E-5 (total)
Solving for energy =  -0.5274185100300452511135063      -0.7268987422551787154489933E-002

At energy = -.5274185100300452511135063 -.7268987422551787154489933E-2 incoming = -.42207709427880491109E-5 0.39643165961395740413E-5 (main) 0.57905710794283131150E-5 (total)
Solving for energy =  -0.5274185100300310402587911      -0.7268987422537576299774731E-002

At energy = -.5274185100300310402587911 -.7268987422537576299774731E-2 incoming = -.42207706050458713732E-5 0.39643166769874873460E-5 (main) 0.57905708885964259100E-5 (total)
Solving for energy =  -0.5274185100300310402587911      -0.7268987422565998009205135E-002

At energy = -.5274185100300310402587911 -.7268987422565998009205135E-2 incoming = -.42207708602834638752E-5 0.39643162626762247413E-5 (main) 0.57905707909960999564E-5 (total)
Solving for energy =  -0.5274181774170694225745137      -0.7269057347304353454420234E-002

At energy = -.5274181774170694225745137 -.7269057347304353454420234E-2 incoming = -.38570586337941008398E-7 0.12079145010898069893E-7 (main) 0.40417766819146071473E-7 (total)
Solving for energy =  -0.5274181774170694225745137      -0.7269057347304353454420234E-002

At energy = -.5274181774170694225745137 -.7269057347304353454420234E-2 incoming = -.38570586337941008398E-7 0.12079145010898069893E-7 (main) 0.40417766819146071473E-7 (total)
Solving for energy =  -0.5274181774170694225745137      -0.7269057347304353454420234E-002

At energy = -.5274181774170694225745137 -.7269057347304353454420234E-2 incoming = -.38570586337941008398E-7 0.12079145010898069893E-7 (main) 0.40417766819146071473E-7 (total)
Solving for energy =  -0.5274181774170552117197985      -0.7269057347304353454420234E-002

At energy = -.5274181774170552117197985 -.7269057347304353454420234E-2 incoming = -.38570377004495453673E-7 0.12079017249473876607E-7 (main) 0.40417528870305753298E-7 (total)
Solving for energy =  -0.5274181774170836334292289      -0.7269057347304353454420234E-002

At energy = -.5274181774170836334292289 -.7269057347304353454420234E-2 incoming = -.38570787772011268910E-7 0.12079267637728306058E-7 (main) 0.40417995695202456969E-7 (total)
Solving for energy =  -0.5274181774170694225745137      -0.7269057347290142599705032E-002

At energy = -.5274181774170694225745137 -.7269057347290142599705032E-2 incoming = -.38570457709779805282E-7 0.12079349001293944316E-7 (main) 0.40417705034266519633E-7 (total)
Solving for energy =  -0.5274181774170694225745137      -0.7269057347318564309135436E-002

At energy = -.5274181774170694225745137 -.7269057347318564309135436E-2 incoming = -.38570710489789544352E-7 0.12078938091150511072E-7 (main) 0.40417823458184981096E-7 (total)
Solving for energy =  -0.5274181751021997932582508      -0.7269056772224309972973977E-002

At energy = -.5274181751021997932582508 -.7269056772224309972973977E-2 incoming = -.69889064723497445175E-10 -.10211366662630310299E-9 (main) 0.12374038257494189313E-9 (total)
Solving for energy =  -0.5274181751021997932582508      -0.7269056772224309972973977E-002

At energy = -.5274181751021997932582508 -.7269056772224309972973977E-2 incoming = -.69889064723497445175E-10 -.10211366662630310299E-9 (main) 0.12374038257494189313E-9 (total)
Solving for energy =  -0.5274181751021997932582508      -0.7269056772224309972973977E-002

At energy = -.5274181751021997932582508 -.7269056772224309972973977E-2 incoming = -.69889064723497445175E-10 -.10211366662630310299E-9 (main) 0.12374038257494189313E-9 (total)
Solving for energy =  -0.5274181751021855824035356      -0.7269056772224309972973977E-002

At energy = -.5274181751021855824035356 -.7269056772224309972973977E-2 incoming = -.69684909757299717888E-10 -.10223660065447622443E-9 (main) 0.12372675200321817970E-9 (total)
Solving for energy =  -0.5274181751022140041129660      -0.7269056772224309972973977E-002

At energy = -.5274181751022140041129660 -.7269056772224309972973977E-2 incoming = -.70096028356470063376E-10 -.10198646474119475075E-9 (main) 0.12375254414256709321E-9 (total)
Solving for energy =  -0.5274181751021997932582508      -0.7269056772210099118258775E-002

At energy = -.5274181751021997932582508 -.7269056772210099118258775E-2 incoming = -.69758505603884740733E-10 -.10191205701437005799E-9 (main) 0.12350026910491907860E-9 (total)
Solving for energy =  -0.5274181751021997932582508      -0.7269056772238520827689179E-002

At energy = -.5274181751021997932582508 -.7269056772238520827689179E-2 incoming = -.70016902947171990605E-10 -.10232041083218388498E-9 (main) 0.12398319713243644842E-9 (total)
Solving for energy =  -0.5274181751019365593791122      -0.7269056764955880191314552E-002

At energy = -.5274181751019365593791122 -.7269056764955880191314552E-2 incoming = -.17817040998843184231E-11 .46746747634098768987E-12 (main) .18420085073042419834E-11 (total)
Solving for energy =  -0.5274181751019365593791122      -0.7269056764955880191314552E-002

At energy = -.5274181751019365593791122 -.7269056764955880191314552E-2 incoming = -.17817040998843184231E-11 .46746747634098768987E-12 (main) .18420085073042419834E-11 (total)
Solving for energy =  -0.5274181751019365593791122      -0.7269056764955880191314552E-002

At energy = -.5274181751019365593791122 -.7269056764955880191314552E-2 incoming = -.17817040998843184231E-11 .46746747634098768987E-12 (main) .18420085073042419834E-11 (total)
Solving for energy =  -0.5274181751019223485243970      -0.7269056764955880191314552E-002

At energy = -.5274181751019223485243970 -.7269056764955880191314552E-2 incoming = -.15797434046044441680E-11 .34511492996108988556E-12 (main) .16170014036089420361E-11 (total)
Solving for energy =  -0.5274181751019507702338274      -0.7269056764955880191314552E-002

At energy = -.5274181751019507702338274 -.7269056764955880191314552E-2 incoming = -.19898087537342027362E-11 .59837767930054158171E-12 (main) .20778341424479393717E-11 (total)
Solving for energy =  -0.5274181751019365593791122      -0.7269056764941669336599350E-002

At energy = -.5274181751019365593791122 -.7269056764941669336599350E-2 incoming = -.16576839076068463044E-11 .67592321353772912624E-12 (main) .17901922042445257776E-11 (total)
Solving for energy =  -0.5274181751019365593791122      -0.7269056764970091046029754E-002

At energy = -.5274181751019365593791122 -.7269056764970091046029754E-2 incoming = -.19010724378159267414E-11 .25961516364665791235E-12 (main) .19187173963402405970E-11 (total)
Solving for energy =  -0.5274181751018318653478900      -0.7269056764924132149618963E-002

At energy = -.5274181751018318653478900 -.7269056764924132149618963E-2 incoming = .13121740088805417765E-13 .21284427903246243688E-14 (main) .13293243835492075589E-13 (total)
Solving for energy =  -0.5274181751018318653478900      -0.7269056764924132149618963E-002

At energy = -.5274181751018318653478900 -.7269056764924132149618963E-2 incoming = .13121740088805417765E-13 .21284427903246243688E-14 (main) .13293243835492075589E-13 (total)
Solving for energy =  -0.5274181751018318653478900      -0.7269056764924132149618963E-002

At energy = -.5274181751018318653478900 -.7269056764924132149618963E-2 incoming = .13121740088805417765E-13 .21284427903246243688E-14 (main) .13293243835492075589E-13 (total)
Solving for energy =  -0.5274181751018176544931748      -0.7269056764924132149618963E-002

At energy = -.5274181751018176544931748 -.7269056764924132149618963E-2 incoming = .21538963329718060237E-12 -.12196854896927245336E-12 (main) .24752579879593103580E-12 (total)
Solving for energy =  -0.5274181751018460762026052      -0.7269056764924132149618963E-002

At energy = -.5274181751018460762026052 -.7269056764924132149618963E-2 incoming = -.19270087200650369377E-12 .12950586957212307626E-12 (main) .23217535684412905990E-12 (total)
Solving for energy =  -0.5274181751018318653478900      -0.7269056764909921294903761E-002

At energy = -.5274181751018318653478900 -.7269056764909921294903761E-2 incoming = .13600091148898990413E-12 .20965161484697551314E-12 (main) .24990007509758900396E-12 (total)
Solving for energy =  -0.5274181751018318653478900      -0.7269056764938343004334165E-002

At energy = -.5274181751018318653478900 -.7269056764938343004334165E-2 incoming = -.11410208772874275988E-12 -.20160961193301700558E-12 (main) .23165863257785026957E-12 (total)
Solving for energy =  -0.5274181751018324204594023      -0.7269056764924645627767852E-002

At energy = -.5274181751018324204594023 -.7269056764924645627767852E-2 incoming = -.35108334685767017179E-15 -.29183803207543820088E-14 (main) .29394222583710617241E-14 (total)
Optimization converged after 6 iterations. Final residue =      0.43201016E-029
Optimization of outgoing solution converged.
Solving for energy =  -0.5274181751018324204594023      -0.7269056764924645627767852E-002

    Bound solutions for channel 1 (1)

    I                        eta  maxpt  stop                  Re[zeta1]                  Im[zeta1]                  Re[Psi-N]                  Im[Psi-N] 
   ---                      ----- -----  ----                 -----------                -----------                -----------                -----------
     1      0.000000000000000        56    51      2.215659931898017         0.1235712988960712E-001    0.3950309084846331E-008   -0.2430758985406255E-009
     2     0.1008403361344538        56    51      2.215659931898017         0.1235712988960712E-001    0.3950309084846331E-008   -0.2430758985406255E-009
     3     0.2016806722689076        56    51      2.215659931898017         0.1235712988960712E-001    0.3950309084846331E-008   -0.2430758985406255E-009
     4     0.3025210084033614        56    51      2.215659931898017         0.1235712988960712E-001    0.3950309084846331E-008   -0.2430758985406255E-009
     5     0.4033613445378151        56    51      2.215659931898017         0.1235712988960712E-001    0.3950309084846331E-008   -0.2430758985406255E-009
     6     0.5042016806722689        56    51      2.215659931898017         0.1235712988960712E-001    0.3950309084846331E-008   -0.2430758985406255E-009
     7     0.6050420168067228        56    51      2.215659931898017         0.1235712988960712E-001    0.3950309084846331E-008   -0.2430758985406255E-009
     8     0.7058823529411765        56    51      2.215659931898017         0.1235712988960712E-001    0.3950309084846331E-008   -0.2430758985406255E-009
     9     0.8067226890756303        56    51      2.215659931898017         0.1235712988960712E-001    0.3950309084846331E-008   -0.2430758985406255E-009
    10     0.9075630252100840        56    51      2.215659931898017         0.1235712988960712E-001    0.3950309084846331E-008   -0.2430758985406255E-009
    11      1.008403361344538        56    51      2.215659931898017         0.1235712988960712E-001    0.3950309084846331E-008   -0.2430758985406255E-009
    12      1.109243697478992        56    51      2.215659931898017         0.1235712988960712E-001    0.3950309084846331E-008   -0.2430758985406255E-009
    13      1.210084033613446        56    51      2.215659931898017         0.1235712988960712E-001    0.3950309084846331E-008   -0.2430758985406255E-009
    14      1.310924369747899        56    51      2.215659931898017         0.1235712988960712E-001    0.3950309084846331E-008   -0.2430758985406255E-009
    15      1.411764705882353        56    51      2.215659931898017         0.1235712988960712E-001    0.3950309084846331E-008   -0.2430758985406255E-009
    16      1.512605042016807        56    51      2.215659931898017         0.1235712988960712E-001    0.3950309084846331E-008   -0.2430758985406255E-009
    17      1.613445378151261        56    51      2.215659931898017         0.1235712988960712E-001    0.3950309084846331E-008   -0.2430758985406255E-009
    18      1.714285714285714        56    51      2.215659931898017         0.1235712988960712E-001    0.3950309084846331E-008   -0.2430758985406255E-009
    19      1.815126050420168        56    51      2.215659931898017         0.1235712988960712E-001    0.3950309084846331E-008   -0.2430758985406255E-009
    20      1.915966386554622        56    51      2.215659931898017         0.1235712988960712E-001    0.3950309084846331E-008   -0.2430758985406255E-009
    21      2.016806722689076        56    51      2.215659931898017         0.1235712988960712E-001    0.3950309084846331E-008   -0.2430758985406255E-009
    22      2.117647058823529        56    51      2.215659931898017         0.1235712988960712E-001    0.3950309084846331E-008   -0.2430758985406255E-009
    23      2.218487394957983        56    51      2.215659931898017         0.1235712988960712E-001    0.3950309084846331E-008   -0.2430758985406255E-009
    24      2.319327731092437        56    51      2.215659931898017         0.1235712988960712E-001    0.3950309084846331E-008   -0.2430758985406255E-009
    25      2.420168067226891        56    51      2.215659931898017         0.1235712988960712E-001    0.3950309084846331E-008   -0.2430758985406255E-009
    26      2.521008403361344        56    51      2.215659931898017         0.1235712988960712E-001    0.3950309084846331E-008   -0.2430758985406255E-009
    27      2.621848739495798        56    51      2.215659931898017         0.1235712988960712E-001    0.3950309084846331E-008   -0.2430758985406255E-009
    28      2.722689075630252        56    51      2.215659931898017         0.1235712988960712E-001    0.3950309084846331E-008   -0.2430758985406255E-009
    29      2.823529411764706        56    51      2.215659931898017         0.1235712988960712E-001    0.3950309084846331E-008   -0.2430758985406255E-009
    30      2.924369747899160        56    51      2.215659931898017         0.1235712988960712E-001    0.3950309084846331E-008   -0.2430758985406255E-009
    31      3.025210084033613        56    51      2.215659931898017         0.1235712988960712E-001    0.3950309084846331E-008   -0.2430758985406255E-009
    32      3.126050420168067        56    51      2.215659931898017         0.1235712988960712E-001    0.3950309084846331E-008   -0.2430758985406255E-009
    33      3.226890756302521        56    51      2.215659931898017         0.1235712988960712E-001    0.3950309084846331E-008   -0.2430758985406255E-009
    34      3.327731092436975        56    51      2.215659931898017         0.1235712988960712E-001    0.3950309084846331E-008   -0.2430758985406255E-009
    35      3.428571428571429        56    51      2.215659931898017         0.1235712988960712E-001    0.3950309084846331E-008   -0.2430758985406255E-009
    36      3.529411764705882        56    51      2.215659931898017         0.1235712988960712E-001    0.3950309084846331E-008   -0.2430758985406255E-009
    37      3.630252100840336        56    51      2.215659931898017         0.1235712988960712E-001    0.3950309084846331E-008   -0.2430758985406255E-009
    38      3.731092436974790        56    51      2.215659931898017         0.1235712988960712E-001    0.3950309084846331E-008   -0.2430758985406255E-009
    39      3.831932773109244        56    51      2.215659931898017         0.1235712988960712E-001    0.3950309084846331E-008   -0.2430758985406255E-009
    40      3.932773109243698        56    51      2.215659931898017         0.1235712988960712E-001    0.3950309084846331E-008   -0.2430758985406255E-009
    41      4.033613445378151        56    51      2.215659931898017         0.1235712988960712E-001    0.3950309084846331E-008   -0.2430758985406255E-009
    42      4.134453781512605        56    51      2.215659931898017         0.1235712988960712E-001    0.3950309084846331E-008   -0.2430758985406255E-009
    43      4.235294117647059        56    51      2.215659931898017         0.1235712988960712E-001    0.3950309084846331E-008   -0.2430758985406255E-009
    44      4.336134453781512        56    51      2.215659931898017         0.1235712988960712E-001    0.3950309084846331E-008   -0.2430758985406255E-009
    45      4.436974789915967        56    51      2.215659931898017         0.1235712988960712E-001    0.3950309084846331E-008   -0.2430758985406255E-009
    46      4.537815126050420        56    51      2.215659931898017         0.1235712988960712E-001    0.3950309084846331E-008   -0.2430758985406255E-009
    47      4.638655462184874        56    51      2.215659931898017         0.1235712988960712E-001    0.3950309084846331E-008   -0.2430758985406255E-009
    48      4.739495798319328        56    51      2.215659931898017         0.1235712988960712E-001    0.3950309084846331E-008   -0.2430758985406255E-009
    49      4.840336134453782        56    51      2.215659931898017         0.1235712988960712E-001    0.3950309084846331E-008   -0.2430758985406255E-009
    50      4.941176470588236        56    51      2.215659931898017         0.1235712988960712E-001    0.3950309084846331E-008   -0.2430758985406255E-009
    51      5.042016806722689        56    51      2.215659931898017         0.1235712988960712E-001    0.3950309084846331E-008   -0.2430758985406255E-009
    52      5.142857142857143        56    51      2.215659931898017         0.1235712988960712E-001    0.3950309084846331E-008   -0.2430758985406255E-009
    53      5.243697478991597        56    51      2.215659931898017         0.1235712988960712E-001    0.3950309084846331E-008   -0.2430758985406255E-009
    54      5.344537815126051        56    51      2.215659931898017         0.1235712988960712E-001    0.3950309084846331E-008   -0.2430758985406255E-009
    55      5.445378151260504        56    51      2.215659931898017         0.1235712988960712E-001    0.3950309084846331E-008   -0.2430758985406255E-009
    56      5.546218487394958        56    51      2.215659931898017         0.1235712988960712E-001    0.3950309084846331E-008   -0.2430758985406255E-009
    57      5.647058823529412        56    51      2.215659931898017         0.1235712988960712E-001    0.3950309084846331E-008   -0.2430758985406255E-009
    58      5.747899159663866        56    51      2.215659931898017         0.1235712988960712E-001    0.3950309084846331E-008   -0.2430758985406255E-009
    59      5.848739495798320        56    51      2.215659931898017         0.1235712988960712E-001    0.3950309084846331E-008   -0.2430758985406255E-009
    60      5.949579831932773        56    51      2.215659931898017         0.1235712988960712E-001    0.3950309084846331E-008   -0.2430758985406255E-009
    61      6.050420168067227        56    51      2.215659931898017         0.1235712988960712E-001    0.3950309084846331E-008   -0.2430758985406255E-009
    62      6.151260504201681        56    51      2.215659931898017         0.1235712988960712E-001    0.3950309084846331E-008   -0.2430758985406255E-009
    63      6.252100840336134        56    51      2.215659931898017         0.1235712988960712E-001    0.3950309084846331E-008   -0.2430758985406255E-009
    64      6.352941176470589        56    51      2.215659931898017         0.1235712988960712E-001    0.3950309084846331E-008   -0.2430758985406255E-009
    65      6.453781512605042        56    51      2.215659931898017         0.1235712988960712E-001    0.3950309084846331E-008   -0.2430758985406255E-009
    66      6.554621848739496        56    51      2.215659931898017         0.1235712988960712E-001    0.3950309084846331E-008   -0.2430758985406255E-009
    67      6.655462184873950        56    51      2.215659931898017         0.1235712988960712E-001    0.3950309084846331E-008   -0.2430758985406255E-009
    68      6.756302521008403        56    51      2.215659931898017         0.1235712988960712E-001    0.3950309084846331E-008   -0.2430758985406255E-009
    69      6.857142857142858        56    51      2.215659931898017         0.1235712988960712E-001    0.3950309084846331E-008   -0.2430758985406255E-009
    70      6.957983193277311        56    51      2.215659931898017         0.1235712988960712E-001    0.3950309084846331E-008   -0.2430758985406255E-009
    71      7.058823529411764        56    51      2.215659931898017         0.1235712988960712E-001    0.3950309084846331E-008   -0.2430758985406255E-009
    72      7.159663865546219        56    51      2.215659931898017         0.1235712988960712E-001    0.3950309084846331E-008   -0.2430758985406255E-009
    73      7.260504201680672        56    51      2.215659931898017         0.1235712988960712E-001    0.3950309084846331E-008   -0.2430758985406255E-009
    74      7.361344537815127        56    51      2.215659931898017         0.1235712988960712E-001    0.3950309084846331E-008   -0.2430758985406255E-009
    75      7.462184873949580        56    51      2.215659931898017         0.1235712988960712E-001    0.3950309084846331E-008   -0.2430758985406255E-009
    76      7.563025210084033        56    51      2.215659931898017         0.1235712988960712E-001    0.3950309084846331E-008   -0.2430758985406255E-009
    77      7.663865546218488        56    51      2.215659931898017         0.1235712988960712E-001    0.3950309084846331E-008   -0.2430758985406255E-009
    78      7.764705882352941        56    51      2.215659931898017         0.1235712988960712E-001    0.3950309084846331E-008   -0.2430758985406255E-009
    79      7.865546218487395        56    51      2.215659931898017         0.1235712988960712E-001    0.3950309084846331E-008   -0.2430758985406255E-009
    80      7.966386554621849        56    51      2.215659931898017         0.1235712988960712E-001    0.3950309084846331E-008   -0.2430758985406255E-009
    81      8.067226890756302        56    51      2.215659931898017         0.1235712988960712E-001    0.3950309084846331E-008   -0.2430758985406255E-009
    82      8.168067226890756        56    51      2.215659931898017         0.1235712988960712E-001    0.3950309084846331E-008   -0.2430758985406255E-009
    83      8.268907563025211        56    51      2.215659931898017         0.1235712988960712E-001    0.3950309084846331E-008   -0.2430758985406255E-009
    84      8.369747899159664        56    51      2.215659931898017         0.1235712988960712E-001    0.3950309084846331E-008   -0.2430758985406255E-009
    85      8.470588235294118        56    51      2.215659931898017         0.1235712988960712E-001    0.3950309084846331E-008   -0.2430758985406255E-009
    86      8.571428571428571        56    51      2.215659931898017         0.1235712988960712E-001    0.3950309084846331E-008   -0.2430758985406255E-009
    87      8.672268907563025        56    51      2.215659931898017         0.1235712988960712E-001    0.3950309084846331E-008   -0.2430758985406255E-009
    88      8.773109243697480        56    51      2.215659931898017         0.1235712988960712E-001    0.3950309084846331E-008   -0.2430758985406255E-009
    89      8.873949579831933        56    51      2.215659931898017         0.1235712988960712E-001    0.3950309084846331E-008   -0.2430758985406255E-009
    90      8.974789915966387        56    51      2.215659931898017         0.1235712988960712E-001    0.3950309084846331E-008   -0.2430758985406255E-009
    91      9.075630252100840        56    51      2.215659931898017         0.1235712988960712E-001    0.3950309084846331E-008   -0.2430758985406255E-009
    92      9.176470588235293        56    51      2.215659931898017         0.1235712988960712E-001    0.3950309084846331E-008   -0.2430758985406255E-009
    93      9.277310924369749        56    51      2.215659931898017         0.1235712988960712E-001    0.3950309084846331E-008   -0.2430758985406255E-009
    94      9.378151260504202        56    51      2.215659931898017         0.1235712988960712E-001    0.3950309084846331E-008   -0.2430758985406255E-009
    95      9.478991596638656        56    51      2.215659931898017         0.1235712988960712E-001    0.3950309084846331E-008   -0.2430758985406255E-009
    96      9.579831932773109        56    51      2.215659931898017         0.1235712988960712E-001    0.3950309084846331E-008   -0.2430758985406255E-009
    97      9.680672268907564        56    51      2.215659931898017         0.1235712988960712E-001    0.3950309084846331E-008   -0.2430758985406255E-009
    98      9.781512605042018        56    51      2.215659931898017         0.1235712988960712E-001    0.3950309084846331E-008   -0.2430758985406255E-009
    99      9.882352941176471        56    51      2.215659931898017         0.1235712988960712E-001    0.3950309084846331E-008   -0.2430758985406255E-009
   100      9.983193277310924        56    51      2.215659931898017         0.1235712988960712E-001    0.3950309084846331E-008   -0.2430758985406255E-009
   101      10.08403361344538        56    51      2.215659931898017         0.1235712988960712E-001    0.3950309084846331E-008   -0.2430758985406255E-009
   102      10.18487394957983        56    51      2.215659931898017         0.1235712988960712E-001    0.3950309084846331E-008   -0.2430758985406255E-009
   103      10.28571428571429        56    51      2.215659931898017         0.1235712988960712E-001    0.3950309084846331E-008   -0.2430758985406255E-009
   104      10.38655462184874        56    51      2.215659931898017         0.1235712988960712E-001    0.3950309084846331E-008   -0.2430758985406255E-009
   105      10.48739495798319        56    51      2.215659931898017         0.1235712988960712E-001    0.3950309084846331E-008   -0.2430758985406255E-009
   106      10.58823529411765        56    51      2.215659931898017         0.1235712988960712E-001    0.3950309084846331E-008   -0.2430758985406255E-009
   107      10.68907563025210        56    51      2.215659931898017         0.1235712988960712E-001    0.3950309084846331E-008   -0.2430758985406255E-009
   108      10.78991596638656        56    51      2.215659931898017         0.1235712988960712E-001    0.3950309084846331E-008   -0.2430758985406255E-009
   109      10.89075630252101        56    51      2.215659931898017         0.1235712988960712E-001    0.3950309084846331E-008   -0.2430758985406255E-009
   110      10.99159663865546        56    51      2.215659931898017         0.1235712988960712E-001    0.3950309084846331E-008   -0.2430758985406255E-009
   111      11.09243697478992        56    51      2.215659931898017         0.1235712988960712E-001    0.3950309084846331E-008   -0.2430758985406255E-009
   112      11.19327731092437        56    51      2.215659931898017         0.1235712988960712E-001    0.3950309084846331E-008   -0.2430758985406255E-009
   113      11.29411764705882        56    51      2.215659931898017         0.1235712988960712E-001    0.3950309084846331E-008   -0.2430758985406255E-009
   114      11.39495798319328        56    51      2.215659931898017         0.1235712988960712E-001    0.3950309084846331E-008   -0.2430758985406255E-009
   115      11.49579831932773        56    51      2.215659931898017         0.1235712988960712E-001    0.3950309084846331E-008   -0.2430758985406255E-009
   116      11.59663865546218        56    51      2.215659931898017         0.1235712988960712E-001    0.3950309084846331E-008   -0.2430758985406255E-009
   117      11.69747899159664        56    51      2.215659931898017         0.1235712988960712E-001    0.3950309084846331E-008   -0.2430758985406255E-009
   118      11.79831932773109        56    51      2.215659931898017         0.1235712988960712E-001    0.3950309084846331E-008   -0.2430758985406255E-009
   119      11.89915966386555        56    51      2.215659931898017         0.1235712988960712E-001    0.3950309084846331E-008   -0.2430758985406255E-009
   120      12.00000000000000        56    51      2.215659931898017         0.1235712988960712E-001    0.3950309084846331E-008   -0.2430758985406255E-009


    Overlaps of bound channel solutions

  IPT              ETA   I   J        Re[(I,J)]-delta(I,J)                  Im[(I,J)] 
 -----            ----- --- ---      ----------------------                -----------
     1       0.00000000   1   1     0.2220446049250313E-015    0.1546384772174530E-017

    Asymptotic solutions at ETA =    12.000000    

  Chan          Outgoing                      Grad Outgoing                           Incoming                      Grad Incoming                          Wronskian                 
  ----          --------                      -------------                           --------                      -------------                          ---------                 
     1    0.50424389E-01  -0.98393417E-01     4.3121592        2.2176529        0.29711219E-01   0.58053955E-01     2.5428362       -1.3094878       -0.27755576E-16   0.63245553    


    Asymptotic amplitudes

  Chan                Re[in/out]               Im[in/out]              Re[outgoing]             Im[outgoing]              Re[incoming]             Im[incoming]
  ----                ----------               ----------              ------------             ------------              ------------             ------------
     1    -0.79275298363898E-014    0.83353266172225E-014    -0.16280136092578         0.19695640835592         -0.35108334685767E-015   -0.29183803207544E-014

            Located solution at energy =   -0.5274181751018324204594023285608273       -0.7269056764924645627767851863154647E-002
Outgoing amplitude in the main channel =   -0.1628013609257762117632495346697397        0.1969564083559169620496476227344829     
Incoming amplitude in the main channel =   -0.3510833468576701717896196954417481E-015  -0.2918380320754382008776291090137038E-014


Using solutions to generate wavefunction for plotting


At energy = -.5274181751018324204594023 -.7269056764924645627767852E-2 incoming = -.35108334685767017179E-15 -.29183803207543820088E-14 (main) .29394222583710617241E-14 (total)

Optimized solution (root) is at the energy =   -0.5274181751018324204594023285608273       -0.7269056764924645627767851863154647E-002
    Outgoing amplitude in the main channel =   -0.1628013609257762117632495346697397        0.1969564083559169620496476227344829     
    Incoming amplitude in the main channel =   -0.3510833468576701717896196954417481E-015  -0.2918380320754382008776291090137038E-014


              Timing data at 2022/09/23 18:45:03

                                                       Total time (seconds)           Self time (seconds)
 Timer                                   Calls         --------------------           -------------------
 -----                                   -----           Real           CPU            Real           CPU

 start                                      1.            2.3          18.2             0.0           0.0
 Outgoing solution (root)                   1.            2.3          18.1             0.0           0.1
 Solve single energy                       42.            2.3          18.0             0.0           0.1
 Guess zeta1                               42.            0.9          10.9             0.9          10.9
 Bound solutions                           42.            1.2           3.7             1.2           3.7
 Continuum direction                       42.            0.1           2.3             0.0           0.0
 Continuum outbound                        42.            0.1           2.3             0.1           2.3
 Dump total                                 1.            0.1           0.5             0.1           0.5
 Dump Cartesian                             1.            0.1           0.5             0.1           0.5

 (  3 timers contributing less than 1% are not shown)

