Version: Plain vanilla, built on balrog at Sat Sep  3 03:07:16 PM CEST 2022

Compiler: GCC version 12.1.1 20220721 [revision 4f15d2234608e82159d030dadb17af678cfad626]
Build flags: -cpp -I . -D_REENTRANT -D __BUILD_ID__="Plain vanilla, built on balrog at Sat Sep  3 03:07:16 PM CEST 2022" -mtune=generic -march=x86-64 -O -fopenmp -fpre-include=/usr/include/finclude/math-vector-fortran.h

  Integer kind = 4 (9 decimals)
     Real kind = 16 (33 decimals)
Aux. real kind = 16 (33 decimals)


    $Id: $
    $Id: accuracy.f90,v 1.45 2021/04/26 15:44:44 ps Exp $
    $Id: constants.f90,v 1.7 2021/04/26 15:44:44 ps Exp $
    $Id: $
    $Id: $
    $Id: $
    $Id: find_root.f90,v 1.15 2021/08/10 13:17:38 ps Exp ps $
    $Id: lapack.f90,v 1.10 2021/04/26 15:44:44 ps Exp $
    $Id: math.f90,v 1.13 2022/02/19 18:54:26 ps Exp $
    $Id: $
    $Id: sort_tools.f90,v 1.3 2021/04/26 15:44:44 ps Exp $
    $Id: timer.f90,v 1.5 2021/04/26 15:44:44 ps Exp $
    $Id: $
    $Id: $
    $Id: $
    $Id: $
    $Id: $
    $Id: $
    $Id: $
    $Id: $
    $Id: $
 ===== begin simulation parameters ===== 
&GT
 VERBOSE=1          ,
 COMMENT="Search for the flux minumum (outgoing boundary), F=0.100, M=0, NB=0, NC=0                                                                                                                                                                                      ",
 OMP_NUM_THREADS=0          ,
 TASK="minflux real                                                                                                                                                                                                                                                   ",
 BOUNDARY="asymptotic                                                                                                                                                                                                                                                     ",
 BOUNDARY_SOLUTION="incoming                                                                                                                                                                                                                                                       ",
 BOUNDARY_INDEX=1          ,
 BOUNDARY_PHASE=(1.00000000000000000000000000000000000,0.00000000000000000000000000000000000),
 OUTGOING_SOLVER="min                                                                                                                                                                                                                                                            ",
 MVAL=0          ,
 EFIELD=  1.00000000000000000000000000000000005E-0001,
 ZNUC=  1.00000000000000000000000000000000000      ,
 POTENTIAL="hydrogenic                                                                                                                                                                                                                                                     ",
 POT_PARAM_REAL= 6*0.00000000000000000000000000000000000        ,
 POT_PARAM_INT= 3*0          ,
 ENERGY_SINGLE=(-0.500000000000000000000000000000000000,0.00000000000000000000000000000000000),
 ENERGY_GUESS=(-0.526904331137216019799999999999999988,0.00000000000000000000000000000000000),
 ENERGY_STEP=  1.00000000000000000000000000000000005E-0001,
 ZETA_TOL= -1.00000000000000000000000000000000000      ,
 ZETA_STAB_COS= 0.900000000000000000000000000000000019      ,
 ENERGY_TOL=  9.99999999999999999999999999999999934E-0025,
 WAVEFUNCTION_TOL= -10000.0000000000000000000000000000000      ,
 BOUNDARY_TOL= -1.00000000000000000000000000000000000      ,
 XI_MAX=  12.0000000000000000000000000000000000      ,
 XI_NPTS=120        ,
 XI_MAXORDER=60         ,
 XI_NPTS_GUESS=400        ,
 ETA_MAX=  12.0000000000000000000000000000000000      ,
 ETA_NPTS=120        ,
 ETA_MAXORDER=60         ,
 ETA_MAXORDER2=6          ,
 ETA_POINTS2=9          ,
 ETA_ORDER2=8          ,
 NONAD_POINTS=7          ,
 NONAD_ORDER=6          ,
 ASYMP_ORDER=200        ,
 BASE_CHANNEL=1          ,
 N_CHANNELS=1          ,
 MAIN_CHANNEL=1          ,
 FILE_BOUND="('gh000-0_100-minflux-quad-b-',i0,'.table')                                                                                                                                                                                                                    ",
 FILE_CONTINUUM="('gh000-0_100-minflux-quad-c-',i0,'.table')                                                                                                                                                                                                                    ",
 FILE_COUPLING="(""coupling_"",a,"".table"")                                                                                                                                                                                                                                       ",
 FILE_TOTAL_MODE="fourier outgoing                                                                                                                                                                                                                                               ",
 FILE_TOTAL="gh000-0_100-minflux-quad.table                                                                                                                                                                                                                                 ",
 FOURIER_CENTRE= -1.00000000000000000000000000000000000      ,
 FOURIER_WIDTH= -1.00000000000000000000000000000000000      ,
 FILE_CARTESIAN="gh000-0_100-cartesian-minflux-quad.table                                                                                                                                                                                                                       ",
 CARTESIAN_DX= 0.250000000000000000000000000000000000      ,
 CARTESIAN_PHI=  0.00000000000000000000000000000000000      ,
 CARTESIAN_NPTS=-30        ,30         , 2*0          ,-80        ,40         ,
 
 CARTESIAN_REF= 2*0.00000000000000000000000000000000000        , 0.500000000000000000000000000000000000      ,
 CART_INTERP_POINTS=9          ,
 CART_LAPLACE_ORDER=3          ,
 FILE_BOHM="                                                                                                                                                                                                                                                               ",
 FILE_HUSIMI="                                                                                                                                                                                                                                                               ",
 HUSIMI_NDIM=1          ,
 HUSIMI_COORD=3          ,1          ,
 HUSIMI_WIDTH=  2.50662827463100050241576528481104528      ,
 HUSIMI_DETAIL=T,
 /
 ====== end simulation parameters ====== 

Search for the flux minumum (outgoing boundary), F=0.100, M=0, NB=0, NC=0

Asymptotic continuum solutions are used from point eta =     12.00000000000000     
Effective potential u = -r*v(r)-Q and its derivatives at the matching point:
   Order    o! (d^o/d x^o) u(x^2/2)
   -----    -----------------------
       0      0.000000000000000      
       1      0.000000000000000      
       2      0.000000000000000      
       3      0.000000000000000      
       4      0.000000000000000      
       5      0.000000000000000      
       6      0.000000000000000      
       7      0.000000000000000      
       8      0.000000000000000      
       9      0.000000000000000      
      10      0.000000000000000      
      11      0.000000000000000      
      12      0.000000000000000      
      13      0.000000000000000      
      14      0.000000000000000      
      15      0.000000000000000      
      16      0.000000000000000      
      17      0.000000000000000      
      18      0.000000000000000      
      19      0.000000000000000      
      20      0.000000000000000      
      21      0.000000000000000      
      22      0.000000000000000      
      23      0.000000000000000      
      24      0.000000000000000      
      25      0.000000000000000      
      26      0.000000000000000      
      27      0.000000000000000      
      28      0.000000000000000      
      29      0.000000000000000      
      30      0.000000000000000      
      31      0.000000000000000      
      32      0.000000000000000      
      33      0.000000000000000      
      34      0.000000000000000      
      35      0.000000000000000      
      36      0.000000000000000      
      37      0.000000000000000      
      38      0.000000000000000      
      39      0.000000000000000      
      40      0.000000000000000      
      41      0.000000000000000      
      42      0.000000000000000      
      43      0.000000000000000      
      44      0.000000000000000      
      45      0.000000000000000      
      46      0.000000000000000      
      47      0.000000000000000      
      48      0.000000000000000      
      49      0.000000000000000      
      50      0.000000000000000      
      51      0.000000000000000      
      52      0.000000000000000      
      53      0.000000000000000      
      54      0.000000000000000      
      55      0.000000000000000      
      56      0.000000000000000      
      57      0.000000000000000      
      58      0.000000000000000      
      59      0.000000000000000      
      60      0.000000000000000      
      61      0.000000000000000      
      62      0.000000000000000      
      63      0.000000000000000      
      64      0.000000000000000      
      65      0.000000000000000      
      66      0.000000000000000      
      67      0.000000000000000      
      68      0.000000000000000      
      69      0.000000000000000      
      70      0.000000000000000      
      71      0.000000000000000      
      72      0.000000000000000      
      73      0.000000000000000      
      74      0.000000000000000      
      75      0.000000000000000      
      76      0.000000000000000      
      77      0.000000000000000      
      78      0.000000000000000      
      79      0.000000000000000      
      80      0.000000000000000      
      81      0.000000000000000      
      82      0.000000000000000      
      83      0.000000000000000      
      84      0.000000000000000      
      85      0.000000000000000      
      86      0.000000000000000      
      87      0.000000000000000      
      88      0.000000000000000      
      89      0.000000000000000      
      90      0.000000000000000      
      91      0.000000000000000      
      92      0.000000000000000      
      93      0.000000000000000      
      94      0.000000000000000      
      95      0.000000000000000      
      96      0.000000000000000      
      97      0.000000000000000      
      98      0.000000000000000      
      99      0.000000000000000      
     100      0.000000000000000      
     101      0.000000000000000      
     102      0.000000000000000      
     103      0.000000000000000      
     104      0.000000000000000      
     105      0.000000000000000      
     106      0.000000000000000      
     107      0.000000000000000      
     108      0.000000000000000      
     109      0.000000000000000      
     110      0.000000000000000      
     111      0.000000000000000      
     112      0.000000000000000      
     113      0.000000000000000      
     114      0.000000000000000      
     115      0.000000000000000      
     116      0.000000000000000      
     117      0.000000000000000      
     118      0.000000000000000      
     119      0.000000000000000      
     120      0.000000000000000      
     121      0.000000000000000      
     122      0.000000000000000      
     123      0.000000000000000      
     124      0.000000000000000      
     125      0.000000000000000      
     126      0.000000000000000      
     127      0.000000000000000      
     128      0.000000000000000      
     129      0.000000000000000      
     130      0.000000000000000      
     131      0.000000000000000      
     132      0.000000000000000      
     133      0.000000000000000      
     134      0.000000000000000      
     135      0.000000000000000      
     136      0.000000000000000      
     137      0.000000000000000      
     138      0.000000000000000      
     139      0.000000000000000      
     140      0.000000000000000      
     141      0.000000000000000      
     142      0.000000000000000      
     143      0.000000000000000      
     144      0.000000000000000      
     145      0.000000000000000      
     146      0.000000000000000      
     147      0.000000000000000      
     148      0.000000000000000      
     149      0.000000000000000      
     150      0.000000000000000      
     151      0.000000000000000      
     152      0.000000000000000      
     153      0.000000000000000      
     154      0.000000000000000      
     155      0.000000000000000      
     156      0.000000000000000      
     157      0.000000000000000      
     158      0.000000000000000      
     159      0.000000000000000      
     160      0.000000000000000      
     161      0.000000000000000      
     162      0.000000000000000      
     163      0.000000000000000      
     164      0.000000000000000      
     165      0.000000000000000      
     166      0.000000000000000      
     167      0.000000000000000      
     168      0.000000000000000      
     169      0.000000000000000      
     170      0.000000000000000      
     171      0.000000000000000      
     172      0.000000000000000      
     173      0.000000000000000      
     174      0.000000000000000      
     175      0.000000000000000      
     176      0.000000000000000      
     177      0.000000000000000      
     178      0.000000000000000      
     179      0.000000000000000      
     180      0.000000000000000      
     181      0.000000000000000      
     182      0.000000000000000      
     183      0.000000000000000      
     184      0.000000000000000      
     185      0.000000000000000      
     186      0.000000000000000      
     187      0.000000000000000      
     188      0.000000000000000      
     189      0.000000000000000      
     190      0.000000000000000      
     191      0.000000000000000      
     192      0.000000000000000      
     193      0.000000000000000      
     194      0.000000000000000      
     195      0.000000000000000      
     196      0.000000000000000      
     197      0.000000000000000      
     198      0.000000000000000      
     199      0.000000000000000      
     200      0.000000000000000      

Max =      0.000000000000000      

Solving for energy =  -0.5269043311372160198000000        0.000000000000000000000000     

At energy = -0.5269043311372160198000000 0.000000000000000000000000 incoming = 0.79881308850594217589E-1 0.96329717684669090329E-1 (main) 0.15660438012892070969E-1 (total)
Solving for energy =  -0.5269043311372160197999990        0.000000000000000000000000     

At energy = -0.5269043311372160197999990 0.000000000000000000000000 incoming = 0.79881308850594217589E-1 0.96329717684669090329E-1 (main) 0.15660438012892070969E-1 (total)
Solving for energy =  -0.5269043311372160198000010        0.000000000000000000000000     

At energy = -0.5269043311372160198000010 0.000000000000000000000000 incoming = 0.79881308850594217589E-1 0.96329717684669090329E-1 (main) 0.15660438012892070969E-1 (total)
Solving for energy =  -0.5269043311372160198000000        0.000000000000000000000000     

At energy = -0.5269043311372160198000000 0.000000000000000000000000 incoming = 0.79881308850594217589E-1 0.96329717684669090329E-1 (main) 0.15660438012892070969E-1 (total)
Solving for energy =  -0.4887077300122055046204587        0.000000000000000000000000     

At energy = -0.4887077300122055046204587 0.000000000000000000000000 incoming = 0.40719885771388848673 -0.24234720424088529632 (main) 0.22454307712686897330 (total)
Solving for energy =  -0.5887077300122055046204587        0.000000000000000000000000     

At energy = -0.5887077300122055046204587 0.000000000000000000000000 incoming = -1.6562415335597428480 1.1039575071425473937 (main) 3.9618581950647163745 (total)
Solving for energy =  -0.5117505362798380371110834        0.000000000000000000000000     

At energy = -0.5117505362798380371110834 0.000000000000000000000000 incoming = 0.25011694060015350668 -0.57727719820410518884E-1 (main) 0.65890973610844535071E-1 (total)
Solving for energy =  -0.5212264082264887081984447        0.000000000000000000000000     

At energy = -0.5212264082264887081984447 0.000000000000000000000000 incoming = 0.15121073082510819549 0.35214204954727922236E-1 (main) 0.24104725347256910366E-1 (total)
Solving for energy =  -0.5248333693384420670806558        0.000000000000000000000000     

At energy = -0.5248333693384420670806558 0.000000000000000000000000 incoming = 0.10703087731471471878 0.73546027881690387600E-1 (main) 0.16864626915931893693E-1 (total)
Solving for energy =  -0.5261570645697703769691944        0.000000000000000000000000     

At energy = -0.5261570645697703769691944 0.000000000000000000000000 incoming = 0.89832252028540440497E-1 0.88042349588582645668E-1 (main) 0.15821288825597406844E-1 (total)
Solving for energy =  -0.5266357782105728850836593        0.000000000000000000000000     

At energy = -0.5266357782105728850836593 0.000000000000000000000000 incoming = 0.83477788494834782920E-1 0.93342728659356887301E-1 (main) 0.15681406165562696059E-1 (total)
Solving for energy =  -0.5268079598448524165357060        0.000000000000000000000000     

At energy = -0.5268079598448524165357060 0.000000000000000000000000 incoming = 0.81174551226443678760E-1 0.95256702976434221922E-1 (main) 0.15663147228755141306E-1 (total)
Solving for energy =  -0.5268697661247057168574479        0.000000000000000000000000     

At energy = -0.5268697661247057168574479 0.000000000000000000000000 incoming = 0.80345488911835320301E-1 0.95944720296480449851E-1 (main) 0.15660786941251719983E-1 (total)
Solving for energy =  -0.5268919361627336091732993        0.000000000000000000000000     

At energy = -0.5268919361627336091732993 0.000000000000000000000000 incoming = 0.80047806956078555902E-1 0.96191639458818986826E-1 (main) 0.15660482900253040346E-1 (total)
Solving for energy =  -0.5268998865484952219596498        0.000000000000000000000000     

At energy = -0.5268998865484952219596498 0.000000000000000000000000 incoming = 0.79941017339928781934E-1 0.96280203216515137892E-1 (main) 0.15660443784756246091E-1 (total)
Solving for energy =  -0.5269027373682071414604810        0.000000000000000000000000     

At energy = -0.5269027373682071414604810 0.000000000000000000000000 incoming = 0.79902720224078424718E-1 0.96311962162926967189E-1 (main) 0.15660438754880427079E-1 (total)
Solving for energy =  -0.5269037595705745901140352        0.000000000000000000000000     

At energy = -0.5269037595705745901140352 0.000000000000000000000000 incoming = 0.79888987613793594994E-1 0.96323350057428908225E-1 (main) 0.15660438108242856097E-1 (total)
Solving for energy =  -0.5269041260915555673126971        0.000000000000000000000000     

At energy = -0.5269041260915555673126971 0.000000000000000000000000 incoming = 0.79884063566814716123E-1 0.96327433336448270194E-1 (main) 0.15660438025134779829E-1 (total)
Solving for energy =  -0.5269042575107932570213115        0.000000000000000000000000     

At energy = -0.5269042575107932570213115 0.000000000000000000000000 incoming = 0.79882297997186733474E-1 0.96328897435551107205E-1 (main) 0.15660438014460268288E-1 (total)
Solving for energy =  -0.5269043046322146469472882        0.000000000000000000000000     

At energy = -0.5269043046322146469472882 0.000000000000000000000000 incoming = 0.79881664936703290322E-1 0.96329422400592986570E-1 (main) 0.15660438013091597755E-1 (total)
Solving for energy =  -0.5269043215279688296721930        0.000000000000000000000000     

At energy = -0.5269043215279688296721930 0.000000000000000000000000 incoming = 0.79881437947743800835E-1 0.96329610630987789136E-1 (main) 0.15660438012916959018E-1 (total)
Solving for energy =  -0.5269043275860724435584792        0.000000000000000000000000     

At energy = -0.5269043275860724435584792 0.000000000000000000000000 incoming = 0.79881356559070983405E-1 0.96329678122464149999E-1 (main) 0.15660438012894981109E-1 (total)
Solving for energy =  -0.5269043297582522947497018        0.000000000000000000000000     

At energy = -0.5269043297582522947497018 0.000000000000000000000000 incoming = 0.79881327376530754786E-1 0.96329702322055598528E-1 (main) 0.15660438012892325610E-1 (total)
Solving for energy =  -0.5269043305371041413415329        0.000000000000000000000000     

At energy = -0.5269043305371041413415329 0.000000000000000000000000 incoming = 0.79881316912905412588E-1 0.96329710999005996555E-1 (main) 0.15660438012892045186E-1 (total)
Solving for energy =  -0.5269043307636580078015103        0.000000000000000000000000     

At energy = -0.5269043307636580078015103 0.000000000000000000000000 incoming = 0.79881313869226673132E-1 0.96329713522973401094E-1 (main) 0.15660438012892030186E-1 (total)
Solving for energy =  -0.5269043307636580092349782        0.000000000000000000000000     

At energy = -0.5269043307636580092349782 0.000000000000000000000000 incoming = 0.79881313869226653873E-1 0.96329713522973417064E-1 (main) 0.15660438012892030186E-1 (total)
Solving for energy =  -0.5269043307636580102098535        0.000000000000000000000000     

At energy = -0.5269043307636580102098535 0.000000000000000000000000 incoming = 0.79881313869226640776E-1 0.96329713522973427925E-1 (main) 0.15660438012892030186E-1 (total)
Solving for energy =  -0.5269043307636580097646640        0.000000000000000000000000     

At energy = -0.5269043307636580097646640 0.000000000000000000000000 incoming = 0.79881313869226646757E-1 0.96329713522973422965E-1 (main) 0.15660438012892030186E-1 (total)
Solving for energy =  -0.5269043307636580097381093        0.000000000000000000000000     

At energy = -0.5269043307636580097381093 0.000000000000000000000000 incoming = 0.79881313869226647114E-1 0.96329713522973422669E-1 (main) 0.15660438012892030186E-1 (total)
Solving for energy =  -0.5269043307636580096137082        0.000000000000000000000000     

At energy = -0.5269043307636580096137082 0.000000000000000000000000 incoming = 0.79881313869226648785E-1 0.96329713522973421283E-1 (main) 0.15660438012892030186E-1 (total)
Solving for energy =  -0.5269043307636580097223674        0.000000000000000000000000     

At energy = -0.5269043307636580097223674 0.000000000000000000000000 incoming = 0.79881313869226647326E-1 0.96329713522973422494E-1 (main) 0.15660438012892030186E-1 (total)
Solving for energy =  -0.5269043307636580096813656        0.000000000000000000000000     

At energy = -0.5269043307636580096813656 0.000000000000000000000000 incoming = 0.79881313869226647876E-1 0.96329713522973422037E-1 (main) 0.15660438012892030186E-1 (total)
Solving for energy =  -0.5269043307636580097158446        0.000000000000000000000000     

At energy = -0.5269043307636580097158446 0.000000000000000000000000 incoming = 0.79881313869226647413E-1 0.96329713522973422421E-1 (main) 0.15660438012892030186E-1 (total)
Solving for energy =  -0.5269043307636580097269769        0.000000000000000000000000     

At energy = -0.5269043307636580097269769 0.000000000000000000000000 incoming = 0.79881313869226647264E-1 0.96329713522973422545E-1 (main) 0.15660438012892030186E-1 (total)
Solving for energy =  -0.5269043307636580097202789        0.000000000000000000000000     

At energy = -0.5269043307636580097202789 0.000000000000000000000000 incoming = 0.79881313869226647354E-1 0.96329713522973422470E-1 (main) 0.15660438012892030186E-1 (total)
Solving for energy =  -0.5269043307636580097238332        0.000000000000000000000000     

At energy = -0.5269043307636580097238332 0.000000000000000000000000 incoming = 0.79881313869226647306E-1 0.96329713522973422510E-1 (main) 0.15660438012892030186E-1 (total)
Solving for energy =  -0.5269043307636580097223267        0.000000000000000000000000     

At energy = -0.5269043307636580097223267 0.000000000000000000000000 incoming = 0.79881313869226647326E-1 0.96329713522973422493E-1 (main) 0.15660438012892030186E-1 (total)
Solving for energy =  -0.5269043307636580097230371        0.000000000000000000000000     

At energy = -0.5269043307636580097230371 0.000000000000000000000000 incoming = 0.79881313869226647317E-1 0.96329713522973422501E-1 (main) 0.15660438012892030186E-1 (total)
Solving for energy =  -0.5269043307636580097226621        0.000000000000000000000000     

At energy = -0.5269043307636580097226621 0.000000000000000000000000 incoming = 0.79881313869226647322E-1 0.96329713522973422497E-1 (main) 0.15660438012892030186E-1 (total)
Solving for energy =  -0.5269043307636580097224381        0.000000000000000000000000     

At energy = -0.5269043307636580097224381 0.000000000000000000000000 incoming = 0.79881313869226647325E-1 0.96329713522973422494E-1 (main) 0.15660438012892030186E-1 (total)
Solving for energy =  -0.5269043307636580097223699        0.000000000000000000000000     

At energy = -0.5269043307636580097223699 0.000000000000000000000000 incoming = 0.79881313869226647325E-1 0.96329713522973422494E-1 (main) 0.15660438012892030186E-1 (total)
Solving for energy =  -0.5269043307636580097223476        0.000000000000000000000000     

At energy = -0.5269043307636580097223476 0.000000000000000000000000 incoming = 0.79881313869226647326E-1 0.96329713522973422493E-1 (main) 0.15660438012892030186E-1 (total)
Solving for energy =  -0.5269043307636580097223596        0.000000000000000000000000     

At energy = -0.5269043307636580097223596 0.000000000000000000000000 incoming = 0.79881313869226647326E-1 0.96329713522973422493E-1 (main) 0.15660438012892030186E-1 (total)
Solving for energy =  -0.5269043307636580097223660        0.000000000000000000000000     

At energy = -0.5269043307636580097223660 0.000000000000000000000000 incoming = 0.79881313869226647326E-1 0.96329713522973422494E-1 (main) 0.15660438012892030186E-1 (total)
Solving for energy =  -0.5269043307636580097223676        0.000000000000000000000000     

At energy = -0.5269043307636580097223676 0.000000000000000000000000 incoming = 0.79881313869226647325E-1 0.96329713522973422494E-1 (main) 0.15660438012892030186E-1 (total)
Solving for energy =  -0.5269043307636580097223672        0.000000000000000000000000     

At energy = -0.5269043307636580097223672 0.000000000000000000000000 incoming = 0.79881313869226647326E-1 0.96329713522973422494E-1 (main) 0.15660438012892030186E-1 (total)
On the linear search step 1 displacement is 0.373558010078E-9 function = 0.156604380128920301858226E-1
Solving for energy =  -0.5269043307636580097223664        0.000000000000000000000000     

At energy = -0.5269043307636580097223664 0.000000000000000000000000 incoming = 0.79881313869226647326E-1 0.96329713522973422494E-1 (main) 0.15660438012892030186E-1 (total)
Solving for energy =  -0.5269043307636580097223684        0.000000000000000000000000     

At energy = -0.5269043307636580097223684 0.000000000000000000000000 incoming = 0.79881313869226647325E-1 0.96329713522973422494E-1 (main) 0.15660438012892030186E-1 (total)
Solving for energy =  -0.5269043307636580097223674        0.000000000000000000000000     

At energy = -0.5269043307636580097223674 0.000000000000000000000000 incoming = 0.79881313869226647326E-1 0.96329713522973422494E-1 (main) 0.15660438012892030186E-1 (total)
Solving for energy =  -0.5269043306209715466424875        0.000000000000000000000000     

At energy = -0.5269043306209715466424875 0.000000000000000000000000 incoming = 0.79881315786173646736E-1 0.96329711933347133199E-1 (main) 0.15660438012892036136E-1 (total)
Solving for energy =  -0.5269043309945295567201201        0.000000000000000000000000     

At energy = -0.5269043309945295567201201 0.000000000000000000000000 incoming = 0.79881310767541233941E-1 0.96329716095042793819E-1 (main) 0.15660438012892045764E-1 (total)
Solving for energy =  -0.5269043307636580097362962        0.000000000000000000000000     

At energy = -0.5269043307636580097362962 0.000000000000000000000000 incoming = 0.79881313869226647138E-1 0.96329713522973422649E-1 (main) 0.15660438012892030186E-1 (total)
Solving for energy =  -0.5269043307636580001192595        0.000000000000000000000000     

At energy = -0.5269043307636580001192595 0.000000000000000000000000 incoming = 0.79881313869226776340E-1 0.96329713522973315508E-1 (main) 0.15660438012892030186E-1 (total)
Solving for energy =  -0.5269043307636580065810547        0.000000000000000000000000     

At energy = -0.5269043307636580065810547 0.000000000000000000000000 incoming = 0.79881313869226689528E-1 0.96329713522973387497E-1 (main) 0.15660438012892030186E-1 (total)
Solving for energy =  -0.5269043307636580084045303        0.000000000000000000000000     

At energy = -0.5269043307636580084045303 0.000000000000000000000000 incoming = 0.79881313869226665030E-1 0.96329713522973407812E-1 (main) 0.15660438012892030186E-1 (total)
Solving for energy =  -0.5269043307636580091055432        0.000000000000000000000000     

At energy = -0.5269043307636580091055432 0.000000000000000000000000 incoming = 0.79881313869226655612E-1 0.96329713522973415622E-1 (main) 0.15660438012892030186E-1 (total)
Solving for energy =  -0.5269043307636580094145022        0.000000000000000000000000     

At energy = -0.5269043307636580094145022 0.000000000000000000000000 incoming = 0.79881313869226651462E-1 0.96329713522973419064E-1 (main) 0.15660438012892030186E-1 (total)
Solving for energy =  -0.5269043307636580095934910        0.000000000000000000000000     

At energy = -0.5269043307636580095934910 0.000000000000000000000000 incoming = 0.79881313869226649057E-1 0.96329713522973421058E-1 (main) 0.15660438012892030186E-1 (total)
Solving for energy =  -0.5269043307636580096607789        0.000000000000000000000000     

At energy = -0.5269043307636580096607789 0.000000000000000000000000 incoming = 0.79881313869226648153E-1 0.96329713522973421807E-1 (main) 0.15660438012892030186E-1 (total)
Solving for energy =  -0.5269043307636580096604112        0.000000000000000000000000     

At energy = -0.5269043307636580096604112 0.000000000000000000000000 incoming = 0.79881313869226648158E-1 0.96329713522973421803E-1 (main) 0.15660438012892030186E-1 (total)
Solving for energy =  -0.5269043307636580096913952        0.000000000000000000000000     

At energy = -0.5269043307636580096913952 0.000000000000000000000000 incoming = 0.79881313869226647742E-1 0.96329713522973422149E-1 (main) 0.15660438012892030186E-1 (total)
Solving for energy =  -0.5269043307636580096760511        0.000000000000000000000000     

At energy = -0.5269043307636580096760511 0.000000000000000000000000 incoming = 0.79881313869226647948E-1 0.96329713522973421978E-1 (main) 0.15660438012892030186E-1 (total)
Solving for energy =  -0.5269043307636580096681227        0.000000000000000000000000     

At energy = -0.5269043307636580096681227 0.000000000000000000000000 incoming = 0.79881313869226648054E-1 0.96329713522973421889E-1 (main) 0.15660438012892030186E-1 (total)
Solving for energy =  -0.5269043307636580096643955        0.000000000000000000000000     

At energy = -0.5269043307636580096643955 0.000000000000000000000000 incoming = 0.79881313869226648104E-1 0.96329713522973421848E-1 (main) 0.15660438012892030186E-1 (total)
Solving for energy =  -0.5269043307636580096623211        0.000000000000000000000000     

At energy = -0.5269043307636580096623211 0.000000000000000000000000 incoming = 0.79881313869226648132E-1 0.96329713522973421825E-1 (main) 0.15660438012892030186E-1 (total)
Solving for energy =  -0.5269043307636580096613567        0.000000000000000000000000     

At energy = -0.5269043307636580096613567 0.000000000000000000000000 incoming = 0.79881313869226648145E-1 0.96329713522973421814E-1 (main) 0.15660438012892030186E-1 (total)
Solving for energy =  -0.5269043307636580096611039        0.000000000000000000000000     

At energy = -0.5269043307636580096611039 0.000000000000000000000000 incoming = 0.79881313869226648149E-1 0.96329713522973421811E-1 (main) 0.15660438012892030186E-1 (total)
Solving for energy =  -0.5269043307636580096617499        0.000000000000000000000000     

At energy = -0.5269043307636580096617499 0.000000000000000000000000 incoming = 0.79881313869226648140E-1 0.96329713522973421818E-1 (main) 0.15660438012892030186E-1 (total)
Solving for energy =  -0.5269043307636580096615310        0.000000000000000000000000     

At energy = -0.5269043307636580096615310 0.000000000000000000000000 incoming = 0.79881313869226648143E-1 0.96329713522973421816E-1 (main) 0.15660438012892030186E-1 (total)
Solving for energy =  -0.5269043307636580096613261        0.000000000000000000000000     

At energy = -0.5269043307636580096613261 0.000000000000000000000000 incoming = 0.79881313869226648146E-1 0.96329713522973421814E-1 (main) 0.15660438012892030186E-1 (total)
Solving for energy =  -0.5269043307636580096614038        0.000000000000000000000000     

At energy = -0.5269043307636580096614038 0.000000000000000000000000 incoming = 0.79881313869226648145E-1 0.96329713522973421814E-1 (main) 0.15660438012892030186E-1 (total)
Solving for energy =  -0.5269043307636580096614312        0.000000000000000000000000     

At energy = -0.5269043307636580096614312 0.000000000000000000000000 incoming = 0.79881313869226648144E-1 0.96329713522973421815E-1 (main) 0.15660438012892030186E-1 (total)
Solving for energy =  -0.5269043307636580096614020        0.000000000000000000000000     

At energy = -0.5269043307636580096614020 0.000000000000000000000000 incoming = 0.79881313869226648145E-1 0.96329713522973421814E-1 (main) 0.15660438012892030186E-1 (total)
Solving for energy =  -0.5269043307636580096614172        0.000000000000000000000000     

At energy = -0.5269043307636580096614172 0.000000000000000000000000 incoming = 0.79881313869226648144E-1 0.96329713522973421815E-1 (main) 0.15660438012892030186E-1 (total)
Solving for energy =  -0.5269043307636580096614097        0.000000000000000000000000     

At energy = -0.5269043307636580096614097 0.000000000000000000000000 incoming = 0.79881313869226648144E-1 0.96329713522973421814E-1 (main) 0.15660438012892030186E-1 (total)
Solving for energy =  -0.5269043307636580096614060        0.000000000000000000000000     

At energy = -0.5269043307636580096614060 0.000000000000000000000000 incoming = 0.79881313869226648144E-1 0.96329713522973421814E-1 (main) 0.15660438012892030186E-1 (total)
Solving for energy =  -0.5269043307636580096614040        0.000000000000000000000000     

At energy = -0.5269043307636580096614040 0.000000000000000000000000 incoming = 0.79881313869226648145E-1 0.96329713522973421814E-1 (main) 0.15660438012892030186E-1 (total)
Solving for energy =  -0.5269043307636580096614036        0.000000000000000000000000     

At energy = -0.5269043307636580096614036 0.000000000000000000000000 incoming = 0.79881313869226648145E-1 0.96329713522973421814E-1 (main) 0.15660438012892030186E-1 (total)
On the linear search step 2 displacement is 0.609635973946E-19 function = 0.156604380128920301858226E-1
Solving for energy =  -0.5269043307636580096614028        0.000000000000000000000000     

At energy = -0.5269043307636580096614028 0.000000000000000000000000 incoming = 0.79881313869226648145E-1 0.96329713522973421814E-1 (main) 0.15660438012892030186E-1 (total)
Solving for energy =  -0.5269043307636580096614048        0.000000000000000000000000     

At energy = -0.5269043307636580096614048 0.000000000000000000000000 incoming = 0.79881313869226648145E-1 0.96329713522973421814E-1 (main) 0.15660438012892030186E-1 (total)
Solving for energy =  -0.5269043307636580096614038        0.000000000000000000000000     

At energy = -0.5269043307636580096614038 0.000000000000000000000000 incoming = 0.79881313869226648145E-1 0.96329713522973421814E-1 (main) 0.15660438012892030186E-1 (total)
Solving for energy =  -0.5269043307636580096381178        0.000000000000000000000000     

At energy = -0.5269043307636580096381178 0.000000000000000000000000 incoming = 0.79881313869226648457E-1 0.96329713522973421555E-1 (main) 0.15660438012892030186E-1 (total)
Solving for energy =  -0.5269043307636580096990814        0.000000000000000000000000     

At energy = -0.5269043307636580096990814 0.000000000000000000000000 incoming = 0.79881313869226647638E-1 0.96329713522973422234E-1 (main) 0.15660438012892030186E-1 (total)
Solving for energy =  -0.5269043307636580097600450        0.000000000000000000000000     

At energy = -0.5269043307636580097600450 0.000000000000000000000000 incoming = 0.79881313869226646819E-1 0.96329713522973422913E-1 (main) 0.15660438012892030186E-1 (total)
Solving for energy =  -0.5269043307636580098586862        0.000000000000000000000000     

At energy = -0.5269043307636580098586862 0.000000000000000000000000 incoming = 0.79881313869226645494E-1 0.96329713522973424012E-1 (main) 0.15660438012892030186E-1 (total)
Solving for energy =  -0.5269043307636580097905268        0.000000000000000000000000     

At energy = -0.5269043307636580097905268 0.000000000000000000000000 incoming = 0.79881313869226646410E-1 0.96329713522973423253E-1 (main) 0.15660438012892030186E-1 (total)
Solving for energy =  -0.5269043307636580097355270        0.000000000000000000000000     

At energy = -0.5269043307636580097355270 0.000000000000000000000000 incoming = 0.79881313869226647149E-1 0.96329713522973422640E-1 (main) 0.15660438012892030186E-1 (total)
Solving for energy =  -0.5269043307636580097642501        0.000000000000000000000000     

At energy = -0.5269043307636580097642501 0.000000000000000000000000 incoming = 0.79881313869226646763E-1 0.96329713522973422960E-1 (main) 0.15660438012892030186E-1 (total)
Solving for energy =  -0.5269043307636580097539335        0.000000000000000000000000     

At energy = -0.5269043307636580097539335 0.000000000000000000000000 incoming = 0.79881313869226646901E-1 0.96329713522973422845E-1 (main) 0.15660438012892030186E-1 (total)
Solving for energy =  -0.5269043307636580097604979        0.000000000000000000000000     

At energy = -0.5269043307636580097604979 0.000000000000000000000000 incoming = 0.79881313869226646813E-1 0.96329713522973422918E-1 (main) 0.15660438012892030186E-1 (total)
Solving for energy =  -0.5269043307636580097572602        0.000000000000000000000000     

At energy = -0.5269043307636580097572602 0.000000000000000000000000 incoming = 0.79881313869226646857E-1 0.96329713522973422882E-1 (main) 0.15660438012892030186E-1 (total)
Solving for energy =  -0.5269043307636580097590336        0.000000000000000000000000     

At energy = -0.5269043307636580097590336 0.000000000000000000000000 incoming = 0.79881313869226646833E-1 0.96329713522973422902E-1 (main) 0.15660438012892030186E-1 (total)
Solving for energy =  -0.5269043307636580097597922        0.000000000000000000000000     

At energy = -0.5269043307636580097597922 0.000000000000000000000000 incoming = 0.79881313869226646823E-1 0.96329713522973422911E-1 (main) 0.15660438012892030186E-1 (total)
Solving for energy =  -0.5269043307636580097595930        0.000000000000000000000000     

At energy = -0.5269043307636580097595930 0.000000000000000000000000 incoming = 0.79881313869226646825E-1 0.96329713522973422908E-1 (main) 0.15660438012892030186E-1 (total)
Solving for energy =  -0.5269043307636580097598547        0.000000000000000000000000     

At energy = -0.5269043307636580097598547 0.000000000000000000000000 incoming = 0.79881313869226646822E-1 0.96329713522973422911E-1 (main) 0.15660438012892030186E-1 (total)
Solving for energy =  -0.5269043307636580097597618        0.000000000000000000000000     

At energy = -0.5269043307636580097597618 0.000000000000000000000000 incoming = 0.79881313869226646823E-1 0.96329713522973422910E-1 (main) 0.15660438012892030186E-1 (total)
Solving for energy =  -0.5269043307636580097598127        0.000000000000000000000000     

At energy = -0.5269043307636580097598127 0.000000000000000000000000 incoming = 0.79881313869226646822E-1 0.96329713522973422911E-1 (main) 0.15660438012892030186E-1 (total)
Solving for energy =  -0.5269043307636580097597886        0.000000000000000000000000     

At energy = -0.5269043307636580097597886 0.000000000000000000000000 incoming = 0.79881313869226646823E-1 0.96329713522973422910E-1 (main) 0.15660438012892030186E-1 (total)
Solving for energy =  -0.5269043307636580097598012        0.000000000000000000000000     

At energy = -0.5269043307636580097598012 0.000000000000000000000000 incoming = 0.79881313869226646823E-1 0.96329713522973422911E-1 (main) 0.15660438012892030186E-1 (total)
Solving for energy =  -0.5269043307636580097597950        0.000000000000000000000000     

At energy = -0.5269043307636580097597950 0.000000000000000000000000 incoming = 0.79881313869226646823E-1 0.96329713522973422911E-1 (main) 0.15660438012892030186E-1 (total)
Solving for energy =  -0.5269043307636580097597918        0.000000000000000000000000     

At energy = -0.5269043307636580097597918 0.000000000000000000000000 incoming = 0.79881313869226646823E-1 0.96329713522973422911E-1 (main) 0.15660438012892030186E-1 (total)
Solving for energy =  -0.5269043307636580097597934        0.000000000000000000000000     

At energy = -0.5269043307636580097597934 0.000000000000000000000000 incoming = 0.79881313869226646823E-1 0.96329713522973422911E-1 (main) 0.15660438012892030186E-1 (total)
Solving for energy =  -0.5269043307636580097597923        0.000000000000000000000000     

At energy = -0.5269043307636580097597923 0.000000000000000000000000 incoming = 0.79881313869226646823E-1 0.96329713522973422911E-1 (main) 0.15660438012892030186E-1 (total)
On the linear search step 3 displacement is 0.983883907656E-19 function = 0.156604380128920301858226E-1
Solving for energy =  -0.5269043307636580097597912        0.000000000000000000000000     

At energy = -0.5269043307636580097597912 0.000000000000000000000000 incoming = 0.79881313869226646823E-1 0.96329713522973422911E-1 (main) 0.15660438012892030186E-1 (total)
Solving for energy =  -0.5269043307636580097597932        0.000000000000000000000000     

At energy = -0.5269043307636580097597932 0.000000000000000000000000 incoming = 0.79881313869226646823E-1 0.96329713522973422911E-1 (main) 0.15660438012892030186E-1 (total)
Solving for energy =  -0.5269043307636580097597922        0.000000000000000000000000     

At energy = -0.5269043307636580097597922 0.000000000000000000000000 incoming = 0.79881313869226646823E-1 0.96329713522973422911E-1 (main) 0.15660438012892030186E-1 (total)
Solving for energy =  -0.5269043307636580097222111        0.000000000000000000000000     

At energy = -0.5269043307636580097222111 0.000000000000000000000000 incoming = 0.79881313869226647328E-1 0.96329713522973422492E-1 (main) 0.15660438012892030186E-1 (total)
Solving for energy =  -0.5269043307636580098205996        0.000000000000000000000000     

At energy = -0.5269043307636580098205996 0.000000000000000000000000 incoming = 0.79881313869226646006E-1 0.96329713522973423588E-1 (main) 0.15660438012892030186E-1 (total)
Solving for energy =  -0.5269043307636580099189880        0.000000000000000000000000     

At energy = -0.5269043307636580099189880 0.000000000000000000000000 incoming = 0.79881313869226644684E-1 0.96329713522973424684E-1 (main) 0.15660438012892030186E-1 (total)
Solving for energy =  -0.5269043307636580098145666        0.000000000000000000000000     

At energy = -0.5269043307636580098145666 0.000000000000000000000000 incoming = 0.79881313869226646087E-1 0.96329713522973423521E-1 (main) 0.15660438012892030186E-1 (total)
Solving for energy =  -0.5269043307636580098690055        0.000000000000000000000000     

At energy = -0.5269043307636580098690055 0.000000000000000000000000 incoming = 0.79881313869226645355E-1 0.96329713522973424127E-1 (main) 0.15660438012892030186E-1 (total)
Solving for energy =  -0.5269043307636580098579421        0.000000000000000000000000     

At energy = -0.5269043307636580098579421 0.000000000000000000000000 incoming = 0.79881313869226645504E-1 0.96329713522973424004E-1 (main) 0.15660438012892030186E-1 (total)
Solving for energy =  -0.5269043307636580098898598        0.000000000000000000000000     

At energy = -0.5269043307636580098898598 0.000000000000000000000000 incoming = 0.79881313869226645075E-1 0.96329713522973424360E-1 (main) 0.15660438012892030186E-1 (total)
Solving for energy =  -0.5269043307636580098787570        0.000000000000000000000000     

At energy = -0.5269043307636580098787570 0.000000000000000000000000 incoming = 0.79881313869226645224E-1 0.96329713522973424236E-1 (main) 0.15660438012892030186E-1 (total)
Solving for energy =  -0.5269043307636580098677777        0.000000000000000000000000     

At energy = -0.5269043307636580098677777 0.000000000000000000000000 incoming = 0.79881313869226645372E-1 0.96329713522973424114E-1 (main) 0.15660438012892030186E-1 (total)
Solving for energy =  -0.5269043307636580098662826        0.000000000000000000000000     

At energy = -0.5269043307636580098662826 0.000000000000000000000000 incoming = 0.79881313869226645392E-1 0.96329713522973424097E-1 (main) 0.15660438012892030186E-1 (total)
Solving for energy =  -0.5269043307636580098682293        0.000000000000000000000000     

At energy = -0.5269043307636580098682293 0.000000000000000000000000 incoming = 0.79881313869226645366E-1 0.96329713522973424119E-1 (main) 0.15660438012892030186E-1 (total)
Solving for energy =  -0.5269043307636580098678523        0.000000000000000000000000     

At energy = -0.5269043307636580098678523 0.000000000000000000000000 incoming = 0.79881313869226645371E-1 0.96329713522973424114E-1 (main) 0.15660438012892030186E-1 (total)
Solving for energy =  -0.5269043307636580098670775        0.000000000000000000000000     

At energy = -0.5269043307636580098670775 0.000000000000000000000000 incoming = 0.79881313869226645381E-1 0.96329713522973424106E-1 (main) 0.15660438012892030186E-1 (total)
Solving for energy =  -0.5269043307636580098672623        0.000000000000000000000000     

At energy = -0.5269043307636580098672623 0.000000000000000000000000 incoming = 0.79881313869226645379E-1 0.96329713522973424108E-1 (main) 0.15660438012892030186E-1 (total)
Solving for energy =  -0.5269043307636580098667139        0.000000000000000000000000     

At energy = -0.5269043307636580098667139 0.000000000000000000000000 incoming = 0.79881313869226645386E-1 0.96329713522973424102E-1 (main) 0.15660438012892030186E-1 (total)
Solving for energy =  -0.5269043307636580098669115        0.000000000000000000000000     

At energy = -0.5269043307636580098669115 0.000000000000000000000000 incoming = 0.79881313869226645384E-1 0.96329713522973424104E-1 (main) 0.15660438012892030186E-1 (total)
Solving for energy =  -0.5269043307636580098670588        0.000000000000000000000000     

At energy = -0.5269043307636580098670588 0.000000000000000000000000 incoming = 0.79881313869226645382E-1 0.96329713522973424106E-1 (main) 0.15660438012892030186E-1 (total)
Solving for energy =  -0.5269043307636580098671438        0.000000000000000000000000     

At energy = -0.5269043307636580098671438 0.000000000000000000000000 incoming = 0.79881313869226645380E-1 0.96329713522973424106E-1 (main) 0.15660438012892030186E-1 (total)
Solving for energy =  -0.5269043307636580098671106        0.000000000000000000000000     

At energy = -0.5269043307636580098671106 0.000000000000000000000000 incoming = 0.79881313869226645381E-1 0.96329713522973424106E-1 (main) 0.15660438012892030186E-1 (total)
Solving for energy =  -0.5269043307636580098670844        0.000000000000000000000000     

At energy = -0.5269043307636580098670844 0.000000000000000000000000 incoming = 0.79881313869226645381E-1 0.96329713522973424106E-1 (main) 0.15660438012892030186E-1 (total)
Solving for energy =  -0.5269043307636580098670810        0.000000000000000000000000     

At energy = -0.5269043307636580098670810 0.000000000000000000000000 incoming = 0.79881313869226645381E-1 0.96329713522973424106E-1 (main) 0.15660438012892030186E-1 (total)
Solving for energy =  -0.5269043307636580098670716        0.000000000000000000000000     

At energy = -0.5269043307636580098670716 0.000000000000000000000000 incoming = 0.79881313869226645381E-1 0.96329713522973424106E-1 (main) 0.15660438012892030186E-1 (total)
Solving for energy =  -0.5269043307636580098670769        0.000000000000000000000000     

At energy = -0.5269043307636580098670769 0.000000000000000000000000 incoming = 0.79881313869226645381E-1 0.96329713522973424106E-1 (main) 0.15660438012892030186E-1 (total)
Solving for energy =  -0.5269043307636580098670791        0.000000000000000000000000     

At energy = -0.5269043307636580098670791 0.000000000000000000000000 incoming = 0.79881313869226645381E-1 0.96329713522973424106E-1 (main) 0.15660438012892030186E-1 (total)
Solving for energy =  -0.5269043307636580098670776        0.000000000000000000000000     

At energy = -0.5269043307636580098670776 0.000000000000000000000000 incoming = 0.79881313869226645381E-1 0.96329713522973424106E-1 (main) 0.15660438012892030186E-1 (total)
Solving for energy =  -0.5269043307636580098670774        0.000000000000000000000000     

At energy = -0.5269043307636580098670774 0.000000000000000000000000 incoming = 0.79881313869226645381E-1 0.96329713522973424106E-1 (main) 0.15660438012892030186E-1 (total)
On the linear search step 4 displacement is 0.107285296911E-18 function = 0.156604380128920301858226E-1
Solving for energy =  -0.5269043307636580098670765        0.000000000000000000000000     

At energy = -0.5269043307636580098670765 0.000000000000000000000000 incoming = 0.79881313869226645381E-1 0.96329713522973424106E-1 (main) 0.15660438012892030186E-1 (total)
Solving for energy =  -0.5269043307636580098670785        0.000000000000000000000000     

At energy = -0.5269043307636580098670785 0.000000000000000000000000 incoming = 0.79881313869226645381E-1 0.96329713522973424106E-1 (main) 0.15660438012892030186E-1 (total)
Solving for energy =  -0.5269043307636580098670775        0.000000000000000000000000     

At energy = -0.5269043307636580098670775 0.000000000000000000000000 incoming = 0.79881313869226645381E-1 0.96329713522973424106E-1 (main) 0.15660438012892030186E-1 (total)
Solving for energy =  -0.5269043307636580099080568        0.000000000000000000000000     

At energy = -0.5269043307636580099080568 0.000000000000000000000000 incoming = 0.79881313869226644831E-1 0.96329713522973424562E-1 (main) 0.15660438012892030186E-1 (total)
Solving for energy =  -0.5269043307636580099743627        0.000000000000000000000000     

At energy = -0.5269043307636580099743627 0.000000000000000000000000 incoming = 0.79881313869226643940E-1 0.96329713522973425301E-1 (main) 0.15660438012892030186E-1 (total)
Solving for energy =  -0.5269043307636580100816480        0.000000000000000000000000     

At energy = -0.5269043307636580100816480 0.000000000000000000000000 incoming = 0.79881313869226642499E-1 0.96329713522973426496E-1 (main) 0.15660438012892030186E-1 (total)
Solving for energy =  -0.5269043307636580102552393        0.000000000000000000000000     

At energy = -0.5269043307636580102552393 0.000000000000000000000000 incoming = 0.79881313869226640167E-1 0.96329713522973428430E-1 (main) 0.15660438012892030186E-1 (total)
Solving for energy =  -0.5269043307636580100960343        0.000000000000000000000000     

At energy = -0.5269043307636580100960343 0.000000000000000000000000 incoming = 0.79881313869226642305E-1 0.96329713522973426656E-1 (main) 0.15660438012892030186E-1 (total)
Solving for energy =  -0.5269043307636580100322111        0.000000000000000000000000     

At energy = -0.5269043307636580100322111 0.000000000000000000000000 incoming = 0.79881313869226643163E-1 0.96329713522973425945E-1 (main) 0.15660438012892030186E-1 (total)
Solving for energy =  -0.5269043307636580100597908        0.000000000000000000000000     

At energy = -0.5269043307636580100597908 0.000000000000000000000000 incoming = 0.79881313869226642792E-1 0.96329713522973426253E-1 (main) 0.15660438012892030186E-1 (total)
Solving for energy =  -0.5269043307636580100782363        0.000000000000000000000000     

At energy = -0.5269043307636580100782363 0.000000000000000000000000 incoming = 0.79881313869226642545E-1 0.96329713522973426458E-1 (main) 0.15660438012892030186E-1 (total)
Solving for energy =  -0.5269043307636580100869203        0.000000000000000000000000     

At energy = -0.5269043307636580100869203 0.000000000000000000000000 incoming = 0.79881313869226642428E-1 0.96329713522973426555E-1 (main) 0.15660438012892030186E-1 (total)
Solving for energy =  -0.5269043307636580100822259        0.000000000000000000000000     

At energy = -0.5269043307636580100822259 0.000000000000000000000000 incoming = 0.79881313869226642491E-1 0.96329713522973426503E-1 (main) 0.15660438012892030186E-1 (total)
Solving for energy =  -0.5269043307636580100802402        0.000000000000000000000000     

At energy = -0.5269043307636580100802402 0.000000000000000000000000 incoming = 0.79881313869226642518E-1 0.96329713522973426481E-1 (main) 0.15660438012892030186E-1 (total)
Solving for energy =  -0.5269043307636580100812135        0.000000000000000000000000     

At energy = -0.5269043307636580100812135 0.000000000000000000000000 incoming = 0.79881313869226642505E-1 0.96329713522973426491E-1 (main) 0.15660438012892030186E-1 (total)
Solving for energy =  -0.5269043307636580100817285        0.000000000000000000000000     

At energy = -0.5269043307636580100817285 0.000000000000000000000000 incoming = 0.79881313869226642498E-1 0.96329713522973426497E-1 (main) 0.15660438012892030186E-1 (total)
Solving for energy =  -0.5269043307636580100814651        0.000000000000000000000000     

At energy = -0.5269043307636580100814651 0.000000000000000000000000 incoming = 0.79881313869226642501E-1 0.96329713522973426494E-1 (main) 0.15660438012892030186E-1 (total)
Solving for energy =  -0.5269043307636580100815876        0.000000000000000000000000     

At energy = -0.5269043307636580100815876 0.000000000000000000000000 incoming = 0.79881313869226642499E-1 0.96329713522973426496E-1 (main) 0.15660438012892030186E-1 (total)
Solving for energy =  -0.5269043307636580100816450        0.000000000000000000000000     

At energy = -0.5269043307636580100816450 0.000000000000000000000000 incoming = 0.79881313869226642499E-1 0.96329713522973426496E-1 (main) 0.15660438012892030186E-1 (total)
Solving for energy =  -0.5269043307636580100816858        0.000000000000000000000000     

At energy = -0.5269043307636580100816858 0.000000000000000000000000 incoming = 0.79881313869226642498E-1 0.96329713522973426497E-1 (main) 0.15660438012892030186E-1 (total)
Solving for energy =  -0.5269043307636580100816652        0.000000000000000000000000     

At energy = -0.5269043307636580100816652 0.000000000000000000000000 incoming = 0.79881313869226642498E-1 0.96329713522973426496E-1 (main) 0.15660438012892030186E-1 (total)
Solving for energy =  -0.5269043307636580100816554        0.000000000000000000000000     

At energy = -0.5269043307636580100816554 0.000000000000000000000000 incoming = 0.79881313869226642499E-1 0.96329713522973426496E-1 (main) 0.15660438012892030186E-1 (total)
Solving for energy =  -0.5269043307636580100816508        0.000000000000000000000000     

At energy = -0.5269043307636580100816508 0.000000000000000000000000 incoming = 0.79881313869226642499E-1 0.96329713522973426496E-1 (main) 0.15660438012892030186E-1 (total)
Solving for energy =  -0.5269043307636580100816477        0.000000000000000000000000     

At energy = -0.5269043307636580100816477 0.000000000000000000000000 incoming = 0.79881313869226642499E-1 0.96329713522973426496E-1 (main) 0.15660438012892030186E-1 (total)
Solving for energy =  -0.5269043307636580100816492        0.000000000000000000000000     

At energy = -0.5269043307636580100816492 0.000000000000000000000000 incoming = 0.79881313869226642499E-1 0.96329713522973426496E-1 (main) 0.15660438012892030186E-1 (total)
Solving for energy =  -0.5269043307636580100816481        0.000000000000000000000000     

At energy = -0.5269043307636580100816481 0.000000000000000000000000 incoming = 0.79881313869226642499E-1 0.96329713522973426496E-1 (main) 0.15660438012892030186E-1 (total)
On the linear search step 5 displacement is 0.214570530063E-18 function = 0.156604380128920301858226E-1
Solving for energy =  -0.5269043307636580100816470        0.000000000000000000000000     

At energy = -0.5269043307636580100816470 0.000000000000000000000000 incoming = 0.79881313869226642499E-1 0.96329713522973426496E-1 (main) 0.15660438012892030186E-1 (total)
Solving for energy =  -0.5269043307636580100816490        0.000000000000000000000000     

At energy = -0.5269043307636580100816490 0.000000000000000000000000 incoming = 0.79881313869226642499E-1 0.96329713522973426496E-1 (main) 0.15660438012892030186E-1 (total)
Solving for energy =  -0.5269043307636580100816480        0.000000000000000000000000     

At energy = -0.5269043307636580100816480 0.000000000000000000000000 incoming = 0.79881313869226642499E-1 0.96329713522973426496E-1 (main) 0.15660438012892030186E-1 (total)
Solving for energy =  -0.5269043307636580101636067        0.000000000000000000000000     

At energy = -0.5269043307636580101636067 0.000000000000000000000000 incoming = 0.79881313869226641398E-1 0.96329713522973427409E-1 (main) 0.15660438012892030186E-1 (total)
Solving for energy =  -0.5269043307636580099490361        0.000000000000000000000000     

At energy = -0.5269043307636580099490361 0.000000000000000000000000 incoming = 0.79881313869226644280E-1 0.96329713522973425019E-1 (main) 0.15660438012892030186E-1 (total)
Solving for energy =  -0.5269043307636580100836300        0.000000000000000000000000     

At energy = -0.5269043307636580100836300 0.000000000000000000000000 incoming = 0.79881313869226642472E-1 0.96329713522973426518E-1 (main) 0.15660438012892030186E-1 (total)
Solving for energy =  -0.5269043307636580100160191        0.000000000000000000000000     

At energy = -0.5269043307636580100160191 0.000000000000000000000000 incoming = 0.79881313869226643380E-1 0.96329713522973425765E-1 (main) 0.15660438012892030186E-1 (total)
Solving for energy =  -0.5269043307636580100498053        0.000000000000000000000000     

At energy = -0.5269043307636580100498053 0.000000000000000000000000 incoming = 0.79881313869226642926E-1 0.96329713522973426141E-1 (main) 0.15660438012892030186E-1 (total)
Solving for energy =  -0.5269043307636580100664134        0.000000000000000000000000     

At energy = -0.5269043307636580100664134 0.000000000000000000000000 incoming = 0.79881313869226642703E-1 0.96329713522973426326E-1 (main) 0.15660438012892030186E-1 (total)
Solving for energy =  -0.5269043307636580100746733        0.000000000000000000000000     

At energy = -0.5269043307636580100746733 0.000000000000000000000000 incoming = 0.79881313869226642592E-1 0.96329713522973426419E-1 (main) 0.15660438012892030186E-1 (total)
Solving for energy =  -0.5269043307636580100786177        0.000000000000000000000000     

At energy = -0.5269043307636580100786177 0.000000000000000000000000 incoming = 0.79881313869226642539E-1 0.96329713522973426462E-1 (main) 0.15660438012892030186E-1 (total)
Solving for energy =  -0.5269043307636580100812846        0.000000000000000000000000     

At energy = -0.5269043307636580100812846 0.000000000000000000000000 incoming = 0.79881313869226642504E-1 0.96329713522973426492E-1 (main) 0.15660438012892030186E-1 (total)
Solving for energy =  -0.5269043307636580100823714        0.000000000000000000000000     

At energy = -0.5269043307636580100823714 0.000000000000000000000000 incoming = 0.79881313869226642489E-1 0.96329713522973426504E-1 (main) 0.15660438012892030186E-1 (total)
Solving for energy =  -0.5269043307636580100818443        0.000000000000000000000000     

At energy = -0.5269043307636580100818443 0.000000000000000000000000 incoming = 0.79881313869226642496E-1 0.96329713522973426498E-1 (main) 0.15660438012892030186E-1 (total)
Solving for energy =  -0.5269043307636580100815045        0.000000000000000000000000     

At energy = -0.5269043307636580100815045 0.000000000000000000000000 incoming = 0.79881313869226642501E-1 0.96329713522973426495E-1 (main) 0.15660438012892030186E-1 (total)
Solving for energy =  -0.5269043307636580100815362        0.000000000000000000000000     

At energy = -0.5269043307636580100815362 0.000000000000000000000000 incoming = 0.79881313869226642500E-1 0.96329713522973426495E-1 (main) 0.15660438012892030186E-1 (total)
Solving for energy =  -0.5269043307636580100814027        0.000000000000000000000000     

At energy = -0.5269043307636580100814027 0.000000000000000000000000 incoming = 0.79881313869226642502E-1 0.96329713522973426493E-1 (main) 0.15660438012892030186E-1 (total)
Solving for energy =  -0.5269043307636580100814671        0.000000000000000000000000     

At energy = -0.5269043307636580100814671 0.000000000000000000000000 incoming = 0.79881313869226642501E-1 0.96329713522973426494E-1 (main) 0.15660438012892030186E-1 (total)
Solving for energy =  -0.5269043307636580100814974        0.000000000000000000000000     

At energy = -0.5269043307636580100814974 0.000000000000000000000000 incoming = 0.79881313869226642501E-1 0.96329713522973426495E-1 (main) 0.15660438012892030186E-1 (total)
Solving for energy =  -0.5269043307636580100815150        0.000000000000000000000000     

At energy = -0.5269043307636580100815150 0.000000000000000000000000 incoming = 0.79881313869226642500E-1 0.96329713522973426495E-1 (main) 0.15660438012892030186E-1 (total)
Solving for energy =  -0.5269043307636580100815059        0.000000000000000000000000     

At energy = -0.5269043307636580100815059 0.000000000000000000000000 incoming = 0.79881313869226642501E-1 0.96329713522973426495E-1 (main) 0.15660438012892030186E-1 (total)
Solving for energy =  -0.5269043307636580100815014        0.000000000000000000000000     

At energy = -0.5269043307636580100815014 0.000000000000000000000000 incoming = 0.79881313869226642501E-1 0.96329713522973426495E-1 (main) 0.15660438012892030186E-1 (total)
Solving for energy =  -0.5269043307636580100815042        0.000000000000000000000000     

At energy = -0.5269043307636580100815042 0.000000000000000000000000 incoming = 0.79881313869226642501E-1 0.96329713522973426495E-1 (main) 0.15660438012892030186E-1 (total)
Solving for energy =  -0.5269043307636580100815046        0.000000000000000000000000     

At energy = -0.5269043307636580100815046 0.000000000000000000000000 incoming = 0.79881313869226642501E-1 0.96329713522973426495E-1 (main) 0.15660438012892030186E-1 (total)
On the linear search step 6 displacement is 0.143573668551E-21 function = 0.156604380128920301858226E-1
Solving for energy =  -0.5269043307636580100815034        0.000000000000000000000000     

At energy = -0.5269043307636580100815034 0.000000000000000000000000 incoming = 0.79881313869226642501E-1 0.96329713522973426495E-1 (main) 0.15660438012892030186E-1 (total)
Solving for energy =  -0.5269043307636580100815054        0.000000000000000000000000     

At energy = -0.5269043307636580100815054 0.000000000000000000000000 incoming = 0.79881313869226642501E-1 0.96329713522973426495E-1 (main) 0.15660438012892030186E-1 (total)
Solving for energy =  -0.5269043307636580100815044        0.000000000000000000000000     

At energy = -0.5269043307636580100815044 0.000000000000000000000000 incoming = 0.79881313869226642501E-1 0.96329713522973426495E-1 (main) 0.15660438012892030186E-1 (total)
Solving for energy =  -0.5269043307636580100815593        0.000000000000000000000000     

At energy = -0.5269043307636580100815593 0.000000000000000000000000 incoming = 0.79881313869226642500E-1 0.96329713522973426495E-1 (main) 0.15660438012892030186E-1 (total)
Solving for energy =  -0.5269043307636580100814157        0.000000000000000000000000     

At energy = -0.5269043307636580100814157 0.000000000000000000000000 incoming = 0.79881313869226642502E-1 0.96329713522973426494E-1 (main) 0.15660438012892030186E-1 (total)
Solving for energy =  -0.5269043307636580100815226        0.000000000000000000000000     

At energy = -0.5269043307636580100815226 0.000000000000000000000000 incoming = 0.79881313869226642500E-1 0.96329713522973426495E-1 (main) 0.15660438012892030186E-1 (total)
Solving for energy =  -0.5269043307636580100814794        0.000000000000000000000000     

At energy = -0.5269043307636580100814794 0.000000000000000000000000 incoming = 0.79881313869226642501E-1 0.96329713522973426494E-1 (main) 0.15660438012892030186E-1 (total)
Solving for energy =  -0.5269043307636580100814971        0.000000000000000000000000     

At energy = -0.5269043307636580100814971 0.000000000000000000000000 incoming = 0.79881313869226642501E-1 0.96329713522973426495E-1 (main) 0.15660438012892030186E-1 (total)
Solving for energy =  -0.5269043307636580100815103        0.000000000000000000000000     

At energy = -0.5269043307636580100815103 0.000000000000000000000000 incoming = 0.79881313869226642501E-1 0.96329713522973426495E-1 (main) 0.15660438012892030186E-1 (total)
Solving for energy =  -0.5269043307636580100815030        0.000000000000000000000000     

At energy = -0.5269043307636580100815030 0.000000000000000000000000 incoming = 0.79881313869226642501E-1 0.96329713522973426495E-1 (main) 0.15660438012892030186E-1 (total)
Solving for energy =  -0.5269043307636580100815015        0.000000000000000000000000     

At energy = -0.5269043307636580100815015 0.000000000000000000000000 incoming = 0.79881313869226642501E-1 0.96329713522973426495E-1 (main) 0.15660438012892030186E-1 (total)
Solving for energy =  -0.5269043307636580100815028        0.000000000000000000000000     

At energy = -0.5269043307636580100815028 0.000000000000000000000000 incoming = 0.79881313869226642501E-1 0.96329713522973426495E-1 (main) 0.15660438012892030186E-1 (total)
Solving for energy =  -0.5269043307636580100815031        0.000000000000000000000000     

At energy = -0.5269043307636580100815031 0.000000000000000000000000 incoming = 0.79881313869226642501E-1 0.96329713522973426495E-1 (main) 0.15660438012892030186E-1 (total)
Solving for energy =  -0.5269043307636580100815033        0.000000000000000000000000     

At energy = -0.5269043307636580100815033 0.000000000000000000000000 incoming = 0.79881313869226642501E-1 0.96329713522973426495E-1 (main) 0.15660438012892030186E-1 (total)
On the linear search step 7 displacement is 0.130282172212E-23 function = 0.156604380128920301858226E-1
Solving for energy =  -0.5269043307636580100815021        0.000000000000000000000000     

At energy = -0.5269043307636580100815021 0.000000000000000000000000 incoming = 0.79881313869226642501E-1 0.96329713522973426495E-1 (main) 0.15660438012892030186E-1 (total)
Solving for energy =  -0.5269043307636580100815041        0.000000000000000000000000     

At energy = -0.5269043307636580100815041 0.000000000000000000000000 incoming = 0.79881313869226642501E-1 0.96329713522973426495E-1 (main) 0.15660438012892030186E-1 (total)
Solving for energy =  -0.5269043307636580100815031        0.000000000000000000000000     

At energy = -0.5269043307636580100815031 0.000000000000000000000000 incoming = 0.79881313869226642501E-1 0.96329713522973426495E-1 (main) 0.15660438012892030186E-1 (total)
Solving for energy =  -0.5269043307636580100815026        0.000000000000000000000000     

At energy = -0.5269043307636580100815026 0.000000000000000000000000 incoming = 0.79881313869226642501E-1 0.96329713522973426495E-1 (main) 0.15660438012892030186E-1 (total)
Solving for energy =  -0.5269043307636580100815039        0.000000000000000000000000     

At energy = -0.5269043307636580100815039 0.000000000000000000000000 incoming = 0.79881313869226642501E-1 0.96329713522973426495E-1 (main) 0.15660438012892030186E-1 (total)
Solving for energy =  -0.5269043307636580100815032        0.000000000000000000000000     

At energy = -0.5269043307636580100815032 0.000000000000000000000000 incoming = 0.79881313869226642501E-1 0.96329713522973426495E-1 (main) 0.15660438012892030186E-1 (total)
Solving for energy =  -0.5269043307636580100815031        0.000000000000000000000000     

At energy = -0.5269043307636580100815031 0.000000000000000000000000 incoming = 0.79881313869226642501E-1 0.96329713522973426495E-1 (main) 0.15660438012892030186E-1 (total)
On the linear search step 8 displacement is 0.796339888233E-26 function = 0.156604380128920301858226E-1
Optimization of outgoing solution converged.
Solving for energy =  -0.5269043307636580100815031        0.000000000000000000000000     

    Bound solutions for channel 1 (1)

    I                        eta  maxpt  stop                  Re[zeta1]                  Im[zeta1]                  Re[Psi-N]                  Im[Psi-N] 
   ---                      ----- -----  ----                 -----------                -----------                -----------                -----------
     1      0.000000000000000        80    68      2.214757007120108          0.000000000000000         0.2261297979932482E-017     0.000000000000000     
     2     0.1008403361344538        80    68      2.214757007120108          0.000000000000000         0.2261297979932482E-017     0.000000000000000     
     3     0.2016806722689076        80    68      2.214757007120108          0.000000000000000         0.2261297979932482E-017     0.000000000000000     
     4     0.3025210084033613        80    68      2.214757007120108          0.000000000000000         0.2261297979932482E-017     0.000000000000000     
     5     0.4033613445378151        80    68      2.214757007120108          0.000000000000000         0.2261297979932482E-017     0.000000000000000     
     6     0.5042016806722689        80    68      2.214757007120108          0.000000000000000         0.2261297979932482E-017     0.000000000000000     
     7     0.6050420168067227        80    68      2.214757007120108          0.000000000000000         0.2261297979932482E-017     0.000000000000000     
     8     0.7058823529411765        80    68      2.214757007120108          0.000000000000000         0.2261297979932482E-017     0.000000000000000     
     9     0.8067226890756303        80    68      2.214757007120108          0.000000000000000         0.2261297979932482E-017     0.000000000000000     
    10     0.9075630252100840        80    68      2.214757007120108          0.000000000000000         0.2261297979932482E-017     0.000000000000000     
    11      1.008403361344538        80    68      2.214757007120108          0.000000000000000         0.2261297979932482E-017     0.000000000000000     
    12      1.109243697478992        80    68      2.214757007120108          0.000000000000000         0.2261297979932482E-017     0.000000000000000     
    13      1.210084033613445        80    68      2.214757007120108          0.000000000000000         0.2261297979932482E-017     0.000000000000000     
    14      1.310924369747899        80    68      2.214757007120108          0.000000000000000         0.2261297979932482E-017     0.000000000000000     
    15      1.411764705882353        80    68      2.214757007120108          0.000000000000000         0.2261297979932482E-017     0.000000000000000     
    16      1.512605042016807        80    68      2.214757007120108          0.000000000000000         0.2261297979932482E-017     0.000000000000000     
    17      1.613445378151261        80    68      2.214757007120108          0.000000000000000         0.2261297979932482E-017     0.000000000000000     
    18      1.714285714285714        80    68      2.214757007120108          0.000000000000000         0.2261297979932482E-017     0.000000000000000     
    19      1.815126050420168        80    68      2.214757007120108          0.000000000000000         0.2261297979932482E-017     0.000000000000000     
    20      1.915966386554622        80    68      2.214757007120108          0.000000000000000         0.2261297979932482E-017     0.000000000000000     
    21      2.016806722689076        80    68      2.214757007120108          0.000000000000000         0.2261297979932482E-017     0.000000000000000     
    22      2.117647058823529        80    68      2.214757007120108          0.000000000000000         0.2261297979932482E-017     0.000000000000000     
    23      2.218487394957983        80    68      2.214757007120108          0.000000000000000         0.2261297979932482E-017     0.000000000000000     
    24      2.319327731092437        80    68      2.214757007120108          0.000000000000000         0.2261297979932482E-017     0.000000000000000     
    25      2.420168067226891        80    68      2.214757007120108          0.000000000000000         0.2261297979932482E-017     0.000000000000000     
    26      2.521008403361345        80    68      2.214757007120108          0.000000000000000         0.2261297979932482E-017     0.000000000000000     
    27      2.621848739495798        80    68      2.214757007120108          0.000000000000000         0.2261297979932482E-017     0.000000000000000     
    28      2.722689075630252        80    68      2.214757007120108          0.000000000000000         0.2261297979932482E-017     0.000000000000000     
    29      2.823529411764706        80    68      2.214757007120108          0.000000000000000         0.2261297979932482E-017     0.000000000000000     
    30      2.924369747899160        80    68      2.214757007120108          0.000000000000000         0.2261297979932482E-017     0.000000000000000     
    31      3.025210084033613        80    68      2.214757007120108          0.000000000000000         0.2261297979932482E-017     0.000000000000000     
    32      3.126050420168067        80    68      2.214757007120108          0.000000000000000         0.2261297979932482E-017     0.000000000000000     
    33      3.226890756302521        80    68      2.214757007120108          0.000000000000000         0.2261297979932482E-017     0.000000000000000     
    34      3.327731092436975        80    68      2.214757007120108          0.000000000000000         0.2261297979932482E-017     0.000000000000000     
    35      3.428571428571429        80    68      2.214757007120108          0.000000000000000         0.2261297979932482E-017     0.000000000000000     
    36      3.529411764705882        80    68      2.214757007120108          0.000000000000000         0.2261297979932482E-017     0.000000000000000     
    37      3.630252100840336        80    68      2.214757007120108          0.000000000000000         0.2261297979932482E-017     0.000000000000000     
    38      3.731092436974790        80    68      2.214757007120108          0.000000000000000         0.2261297979932482E-017     0.000000000000000     
    39      3.831932773109244        80    68      2.214757007120108          0.000000000000000         0.2261297979932482E-017     0.000000000000000     
    40      3.932773109243697        80    68      2.214757007120108          0.000000000000000         0.2261297979932482E-017     0.000000000000000     
    41      4.033613445378151        80    68      2.214757007120108          0.000000000000000         0.2261297979932482E-017     0.000000000000000     
    42      4.134453781512605        80    68      2.214757007120108          0.000000000000000         0.2261297979932482E-017     0.000000000000000     
    43      4.235294117647059        80    68      2.214757007120108          0.000000000000000         0.2261297979932482E-017     0.000000000000000     
    44      4.336134453781513        80    68      2.214757007120108          0.000000000000000         0.2261297979932482E-017     0.000000000000000     
    45      4.436974789915966        80    68      2.214757007120108          0.000000000000000         0.2261297979932482E-017     0.000000000000000     
    46      4.537815126050420        80    68      2.214757007120108          0.000000000000000         0.2261297979932482E-017     0.000000000000000     
    47      4.638655462184874        80    68      2.214757007120108          0.000000000000000         0.2261297979932482E-017     0.000000000000000     
    48      4.739495798319328        80    68      2.214757007120108          0.000000000000000         0.2261297979932482E-017     0.000000000000000     
    49      4.840336134453782        80    68      2.214757007120108          0.000000000000000         0.2261297979932482E-017     0.000000000000000     
    50      4.941176470588235        80    68      2.214757007120108          0.000000000000000         0.2261297979932482E-017     0.000000000000000     
    51      5.042016806722689        80    68      2.214757007120108          0.000000000000000         0.2261297979932482E-017     0.000000000000000     
    52      5.142857142857143        80    68      2.214757007120108          0.000000000000000         0.2261297979932482E-017     0.000000000000000     
    53      5.243697478991597        80    68      2.214757007120108          0.000000000000000         0.2261297979932482E-017     0.000000000000000     
    54      5.344537815126050        80    68      2.214757007120108          0.000000000000000         0.2261297979932482E-017     0.000000000000000     
    55      5.445378151260504        80    68      2.214757007120108          0.000000000000000         0.2261297979932482E-017     0.000000000000000     
    56      5.546218487394958        80    68      2.214757007120108          0.000000000000000         0.2261297979932482E-017     0.000000000000000     
    57      5.647058823529412        80    68      2.214757007120108          0.000000000000000         0.2261297979932482E-017     0.000000000000000     
    58      5.747899159663866        80    68      2.214757007120108          0.000000000000000         0.2261297979932482E-017     0.000000000000000     
    59      5.848739495798319        80    68      2.214757007120108          0.000000000000000         0.2261297979932482E-017     0.000000000000000     
    60      5.949579831932773        80    68      2.214757007120108          0.000000000000000         0.2261297979932482E-017     0.000000000000000     
    61      6.050420168067227        80    68      2.214757007120108          0.000000000000000         0.2261297979932482E-017     0.000000000000000     
    62      6.151260504201681        80    68      2.214757007120108          0.000000000000000         0.2261297979932482E-017     0.000000000000000     
    63      6.252100840336134        80    68      2.214757007120108          0.000000000000000         0.2261297979932482E-017     0.000000000000000     
    64      6.352941176470588        80    68      2.214757007120108          0.000000000000000         0.2261297979932482E-017     0.000000000000000     
    65      6.453781512605042        80    68      2.214757007120108          0.000000000000000         0.2261297979932482E-017     0.000000000000000     
    66      6.554621848739496        80    68      2.214757007120108          0.000000000000000         0.2261297979932482E-017     0.000000000000000     
    67      6.655462184873950        80    68      2.214757007120108          0.000000000000000         0.2261297979932482E-017     0.000000000000000     
    68      6.756302521008403        80    68      2.214757007120108          0.000000000000000         0.2261297979932482E-017     0.000000000000000     
    69      6.857142857142857        80    68      2.214757007120108          0.000000000000000         0.2261297979932482E-017     0.000000000000000     
    70      6.957983193277311        80    68      2.214757007120108          0.000000000000000         0.2261297979932482E-017     0.000000000000000     
    71      7.058823529411765        80    68      2.214757007120108          0.000000000000000         0.2261297979932482E-017     0.000000000000000     
    72      7.159663865546218        80    68      2.214757007120108          0.000000000000000         0.2261297979932482E-017     0.000000000000000     
    73      7.260504201680672        80    68      2.214757007120108          0.000000000000000         0.2261297979932482E-017     0.000000000000000     
    74      7.361344537815126        80    68      2.214757007120108          0.000000000000000         0.2261297979932482E-017     0.000000000000000     
    75      7.462184873949580        80    68      2.214757007120108          0.000000000000000         0.2261297979932482E-017     0.000000000000000     
    76      7.563025210084034        80    68      2.214757007120108          0.000000000000000         0.2261297979932482E-017     0.000000000000000     
    77      7.663865546218487        80    68      2.214757007120108          0.000000000000000         0.2261297979932482E-017     0.000000000000000     
    78      7.764705882352941        80    68      2.214757007120108          0.000000000000000         0.2261297979932482E-017     0.000000000000000     
    79      7.865546218487395        80    68      2.214757007120108          0.000000000000000         0.2261297979932482E-017     0.000000000000000     
    80      7.966386554621849        80    68      2.214757007120108          0.000000000000000         0.2261297979932482E-017     0.000000000000000     
    81      8.067226890756303        80    68      2.214757007120108          0.000000000000000         0.2261297979932482E-017     0.000000000000000     
    82      8.168067226890756        80    68      2.214757007120108          0.000000000000000         0.2261297979932482E-017     0.000000000000000     
    83      8.268907563025210        80    68      2.214757007120108          0.000000000000000         0.2261297979932482E-017     0.000000000000000     
    84      8.369747899159664        80    68      2.214757007120108          0.000000000000000         0.2261297979932482E-017     0.000000000000000     
    85      8.470588235294118        80    68      2.214757007120108          0.000000000000000         0.2261297979932482E-017     0.000000000000000     
    86      8.571428571428571        80    68      2.214757007120108          0.000000000000000         0.2261297979932482E-017     0.000000000000000     
    87      8.672268907563025        80    68      2.214757007120108          0.000000000000000         0.2261297979932482E-017     0.000000000000000     
    88      8.773109243697479        80    68      2.214757007120108          0.000000000000000         0.2261297979932482E-017     0.000000000000000     
    89      8.873949579831933        80    68      2.214757007120108          0.000000000000000         0.2261297979932482E-017     0.000000000000000     
    90      8.974789915966387        80    68      2.214757007120108          0.000000000000000         0.2261297979932482E-017     0.000000000000000     
    91      9.075630252100840        80    68      2.214757007120108          0.000000000000000         0.2261297979932482E-017     0.000000000000000     
    92      9.176470588235294        80    68      2.214757007120108          0.000000000000000         0.2261297979932482E-017     0.000000000000000     
    93      9.277310924369748        80    68      2.214757007120108          0.000000000000000         0.2261297979932482E-017     0.000000000000000     
    94      9.378151260504202        80    68      2.214757007120108          0.000000000000000         0.2261297979932482E-017     0.000000000000000     
    95      9.478991596638655        80    68      2.214757007120108          0.000000000000000         0.2261297979932482E-017     0.000000000000000     
    96      9.579831932773109        80    68      2.214757007120108          0.000000000000000         0.2261297979932482E-017     0.000000000000000     
    97      9.680672268907563        80    68      2.214757007120108          0.000000000000000         0.2261297979932482E-017     0.000000000000000     
    98      9.781512605042017        80    68      2.214757007120108          0.000000000000000         0.2261297979932482E-017     0.000000000000000     
    99      9.882352941176471        80    68      2.214757007120108          0.000000000000000         0.2261297979932482E-017     0.000000000000000     
   100      9.983193277310924        80    68      2.214757007120108          0.000000000000000         0.2261297979932482E-017     0.000000000000000     
   101      10.08403361344538        80    68      2.214757007120108          0.000000000000000         0.2261297979932482E-017     0.000000000000000     
   102      10.18487394957983        80    68      2.214757007120108          0.000000000000000         0.2261297979932482E-017     0.000000000000000     
   103      10.28571428571429        80    68      2.214757007120108          0.000000000000000         0.2261297979932482E-017     0.000000000000000     
   104      10.38655462184874        80    68      2.214757007120108          0.000000000000000         0.2261297979932482E-017     0.000000000000000     
   105      10.48739495798319        80    68      2.214757007120108          0.000000000000000         0.2261297979932482E-017     0.000000000000000     
   106      10.58823529411765        80    68      2.214757007120108          0.000000000000000         0.2261297979932482E-017     0.000000000000000     
   107      10.68907563025210        80    68      2.214757007120108          0.000000000000000         0.2261297979932482E-017     0.000000000000000     
   108      10.78991596638655        80    68      2.214757007120108          0.000000000000000         0.2261297979932482E-017     0.000000000000000     
   109      10.89075630252101        80    68      2.214757007120108          0.000000000000000         0.2261297979932482E-017     0.000000000000000     
   110      10.99159663865546        80    68      2.214757007120108          0.000000000000000         0.2261297979932482E-017     0.000000000000000     
   111      11.09243697478992        80    68      2.214757007120108          0.000000000000000         0.2261297979932482E-017     0.000000000000000     
   112      11.19327731092437        80    68      2.214757007120108          0.000000000000000         0.2261297979932482E-017     0.000000000000000     
   113      11.29411764705882        80    68      2.214757007120108          0.000000000000000         0.2261297979932482E-017     0.000000000000000     
   114      11.39495798319328        80    68      2.214757007120108          0.000000000000000         0.2261297979932482E-017     0.000000000000000     
   115      11.49579831932773        80    68      2.214757007120108          0.000000000000000         0.2261297979932482E-017     0.000000000000000     
   116      11.59663865546218        80    68      2.214757007120108          0.000000000000000         0.2261297979932482E-017     0.000000000000000     
   117      11.69747899159664        80    68      2.214757007120108          0.000000000000000         0.2261297979932482E-017     0.000000000000000     
   118      11.79831932773109        80    68      2.214757007120108          0.000000000000000         0.2261297979932482E-017     0.000000000000000     
   119      11.89915966386555        80    68      2.214757007120108          0.000000000000000         0.2261297979932482E-017     0.000000000000000     
   120      12.00000000000000        80    68      2.214757007120108          0.000000000000000         0.2261297979932482E-017     0.000000000000000     


    Overlaps of bound channel solutions

  IPT              ETA   I   J        Re[(I,J)]-delta(I,J)                  Im[(I,J)] 
 -----            ----- --- ---      ----------------------                -----------
     1       0.00000000   1   1     0.5777789833161708E-033     0.000000000000000     

    Asymptotic solutions at ETA =    12.000000    

  Chan          Outgoing                      Grad Outgoing                           Incoming                      Grad Incoming                          Wronskian                 
  ----          --------                      -------------                           --------                      -------------                          ---------                 
     1    0.40113915E-01  -0.74839128E-01     3.2789335        1.7658521        0.40113915E-01   0.74839128E-01     3.2789335       -1.7658521         0.0000000       0.63245553    


    Asymptotic amplitudes

  Chan                Re[in/out]               Im[in/out]              Re[outgoing]             Im[outgoing]              Re[incoming]             Im[incoming]
  ----                ----------               ----------              ------------             ------------              ------------             ------------
     1     0.18507716064890        -0.98272399207821         -0.79881313869227E-001    0.96329713522973E-001     0.79881313869227E-001    0.96329713522973E-001

Using solutions to generate fourier outgoing for plotting

WARNING: file_total_mode=fourier outgoing is not implemented in dump_total_cartesian_wavefunction
WARNING: Continuing with the total wavefunction instead.

At energy = -0.5269043307636580100815031 0.000000000000000000000000 incoming = 0.79881313869226642501E-1 0.96329713522973426495E-1 (main) 0.15660438012892030186E-1 (total)

    Outgoing solution is at the energy =   -0.5269043307636580100815031301007583         0.000000000000000000000000000000000     
Outgoing amplitude in the main channel =   -0.7988131386922664250062662511240029E-001   0.9632971352297342649460128168704100E-001
Incoming amplitude in the main channel =    0.7988131386922664250062662511240029E-001   0.9632971352297342649460128168704100E-001


              Timing data at 2022/09/03 15:38:15

                                                       Total time (seconds)           Self time (seconds)
 Timer                                   Calls         --------------------           -------------------
 -----                                   -----           Real           CPU            Real           CPU

 start                                      1.         1806.6        4607.1             0.0           0.0
 Outgoing solution (min)                    1.         1806.6        4607.0             0.0           0.0
 Solve single energy                      204.         1806.6        4607.0             6.9          96.8
 Guess zeta1                              204.           94.7          94.9            94.7          94.9
 Bound solutions                          204.         1688.1        4339.6          1688.1        4339.6
 Continuum direction                      204.           16.6          66.4             0.0           0.0
 Continuum outbound                       204.           16.4          64.7            16.4          64.7

 (  5 timers contributing less than 1% are not shown)

