Version: Optimized gfortran (quad), built on balrog.mbi-berlin.de at Fri Sep 23 07:37:08 PM CEST 2022

Compiler: GCC version 12.2.1 20220830 [revision e927d1cf141f221c5a32574bde0913307e140984]
Build flags: -cpp -I . -D_REENTRANT -D __BUILD_ID__="Optimized gfortran (quad), built on balrog.mbi-berlin.de at Fri Sep 23 07:37:08 PM CEST 2022" -march=znver2 -mmmx -mpopcnt -msse -msse2 -msse3 -mssse3 -msse4.1 -msse4.2 -mavx -mavx2 -msse4a -mno-fma4 -mno-xop -mfma -mno-avx512f -mbmi -mbmi2 -maes -mpclmul -mno-avx512vl -mno-avx512bw -mno-avx512dq -mno-avx512cd -mno-avx512er -mno-avx512pf -mno-avx512vbmi -mno-avx512ifma -mno-avx5124vnniw -mno-avx5124fmaps -mno-avx512vpopcntdq -mno-avx512vbmi2 -mno-gfni -mno-vpclmulqdq -mno-avx512vnni -mno-avx512bitalg -mno-avx512bf16 -mno-avx512vp2intersect -mno-3dnow -madx -mabm -mno-cldemote -mclflushopt -mclwb -mclzero -mcx16 -mno-enqcmd -mf16c -mfsgsbase -mfxsr -mno-hle -msahf -mno-lwp -mlzcnt -mmovbe -mno-movdir64b -mno-movdiri -mmwaitx -mno-pconfig -mno-pku -mno-prefetchwt1 -mprfchw -mno-ptwrite -mrdpid -mrdrnd -mrdseed -mno-rtm -mno-serialize -mno-sgx -msha -mno-shstk -mno-tbm -mno-tsxldtrk -mno-vaes -mno-waitpkg -mwbnoinvd -mxsave -mxsavec -mxsaveopt -mxsaves -mno-amx-tile -mno-amx-int8 -mno-amx-bf16 -mno-uintr -mno-hreset -mno-kl -mno-widekl -mno-avxvnni -mno-avx512fp16 --param=l1-cache-size=32 --param=l1-cache-line-size=64 --param=l2-cache-size=512 -mtune=znver2 -mrecip -g -O3 -Wall -flto -fprotect-parens -fopenmp -ffast-math -fcx-fortran-rules -fno-realloc-lhs -fbacktrace -fpre-include=/usr/include/finclude/math-vector-fortran.h

  Integer kind = 4 (9 decimals)
     Real kind = 16 (33 decimals)
Aux. real kind = 16 (33 decimals)


    $Id: $
    $Id: accuracy.f90,v 1.45 2021/04/26 15:44:44 ps Exp $
    $Id: constants.f90,v 1.7 2021/04/26 15:44:44 ps Exp $
    $Id: $
    $Id: $
    $Id: $
    $Id: find_root.f90,v 1.15 2021/08/10 13:17:38 ps Exp ps $
    $Id: lapack.f90,v 1.10 2021/04/26 15:44:44 ps Exp $
    $Id: math.f90,v 1.13 2022/02/19 18:54:26 ps Exp $
    $Id: $
    $Id: sort_tools.f90,v 1.3 2021/04/26 15:44:44 ps Exp $
    $Id: timer.f90,v 1.5 2021/04/26 15:44:44 ps Exp $
    $Id: $
    $Id: $
    $Id: $
    $Id: $
    $Id: $
    $Id: $
    $Id: $
    $Id: $
    $Id: $
 ===== begin simulation parameters ===== 
&GT
 VERBOSE=1          ,
 COMMENT="Search for the resonance position (outgoing boundary), F=0.020, M=0, NB=1, NC=0                                                                                                                                                                                ",
 OMP_NUM_THREADS=0          ,
 TASK="outgoing                                                                                                                                                                                                                                                       ",
 BOUNDARY="asymptotic                                                                                                                                                                                                                                                     ",
 BOUNDARY_SOLUTION="incoming                                                                                                                                                                                                                                                       ",
 BOUNDARY_INDEX=1          ,
 BOUNDARY_PHASE=(1.00000000000000000000000000000000000,0.00000000000000000000000000000000000),
 OUTGOING_SOLVER="min                                                                                                                                                                                                                                                            ",
 MVAL=0          ,
 EFIELD=  2.00000000000000000000000000000000004E-0002,
 ZNUC=  1.00000000000000000000000000000000000      ,
 POTENTIAL="hydrogenic                                                                                                                                                                                                                                                     ",
 POT_PARAM_REAL= 6*0.00000000000000000000000000000000000        ,
 POT_PARAM_INT= 3*0          ,
 ENERGY_SINGLE=(-0.500000000000000000000000000000000000,0.00000000000000000000000000000000000),
 ENERGY_GUESS=(-8.898378551261540859000000000000000342E-0002,-1.544575804442223925999999999999999949E-0002),
 ENERGY_STEP=  1.00000000000000000000000000000000005E-0001,
 ZETA_TOL= -1.00000000000000000000000000000000000      ,
 ZETA_STAB_COS= 0.900000000000000000000000000000000019      ,
 ENERGY_TOL=  9.99999999999999999999999999999999974E-0026,
 WAVEFUNCTION_TOL= -10000.0000000000000000000000000000000      ,
 BOUNDARY_TOL= -1.00000000000000000000000000000000000      ,
 XI_MAX=  12.0000000000000000000000000000000000      ,
 XI_NPTS=120        ,
 XI_MAXORDER=60         ,
 XI_NPTS_GUESS=400        ,
 ETA_MAX=  12.0000000000000000000000000000000000      ,
 ETA_NPTS=120        ,
 ETA_MAXORDER=60         ,
 ETA_MAXORDER2=6          ,
 ETA_POINTS2=9          ,
 ETA_ORDER2=8          ,
 NONAD_POINTS=7          ,
 NONAD_ORDER=6          ,
 ASYMP_ORDER=200        ,
 BASE_CHANNEL=2          ,
 N_CHANNELS=1          ,
 MAIN_CHANNEL=1          ,
 FILE_BOUND="('gh010-0_020-quad-b-',i0,'.table')                                                                                                                                                                                                                            ",
 FILE_CONTINUUM="('gh010-0_020-quad-c-',i0,'.table')                                                                                                                                                                                                                            ",
 FILE_COUPLING="(""coupling_"",a,"".table"")                                                                                                                                                                                                                                       ",
 FILE_TOTAL_MODE="wavefunction                                                                                                                                                                                                                                                   ",
 FILE_TOTAL="gh010-0_020-quad.table                                                                                                                                                                                                                                         ",
 FOURIER_CENTRE= -1.00000000000000000000000000000000000      ,
 FOURIER_WIDTH= -1.00000000000000000000000000000000000      ,
 FILE_CARTESIAN="gh010-0_020-cartesian-quad.table                                                                                                                                                                                                                               ",
 CARTESIAN_DX= 0.250000000000000000000000000000000000      ,
 CARTESIAN_PHI=  0.00000000000000000000000000000000000      ,
 CARTESIAN_NPTS=-40        ,40         , 2*0          ,-100       ,60         ,
 
 CARTESIAN_REF= 2*0.00000000000000000000000000000000000        , 0.500000000000000000000000000000000000      ,
 CART_INTERP_POINTS=9          ,
 CART_LAPLACE_ORDER=3          ,
 FILE_BOHM="                                                                                                                                                                                                                                                               ",
 FILE_HUSIMI="                                                                                                                                                                                                                                                               ",
 HUSIMI_NDIM=1          ,
 HUSIMI_COORD=3          ,1          ,
 HUSIMI_WIDTH=  2.50662827463100050241576528481104528      ,
 HUSIMI_DETAIL=T,
 /
 ====== end simulation parameters ====== 

Search for the resonance position (outgoing boundary), F=0.020, M=0, NB=1, NC=0

Asymptotic continuum solutions are used from point eta =     12.00000000000000     
Effective potential u = -r*v(r)-Q and its derivatives at the matching point:
   Order    o! (d^o/d x^o) u(x^2/2)
   -----    -----------------------
       0      0.000000000000000      
       1      0.000000000000000      
       2      0.000000000000000      
       3      0.000000000000000      
       4      0.000000000000000      
       5      0.000000000000000      
       6      0.000000000000000      
       7      0.000000000000000      
       8      0.000000000000000      
       9      0.000000000000000      
      10      0.000000000000000      
      11      0.000000000000000      
      12      0.000000000000000      
      13      0.000000000000000      
      14      0.000000000000000      
      15      0.000000000000000      
      16      0.000000000000000      
      17      0.000000000000000      
      18      0.000000000000000      
      19      0.000000000000000      
      20      0.000000000000000      
      21      0.000000000000000      
      22      0.000000000000000      
      23      0.000000000000000      
      24      0.000000000000000      
      25      0.000000000000000      
      26      0.000000000000000      
      27      0.000000000000000      
      28      0.000000000000000      
      29      0.000000000000000      
      30      0.000000000000000      
      31      0.000000000000000      
      32      0.000000000000000      
      33      0.000000000000000      
      34      0.000000000000000      
      35      0.000000000000000      
      36      0.000000000000000      
      37      0.000000000000000      
      38      0.000000000000000      
      39      0.000000000000000      
      40      0.000000000000000      
      41      0.000000000000000      
      42      0.000000000000000      
      43      0.000000000000000      
      44      0.000000000000000      
      45      0.000000000000000      
      46      0.000000000000000      
      47      0.000000000000000      
      48      0.000000000000000      
      49      0.000000000000000      
      50      0.000000000000000      
      51      0.000000000000000      
      52      0.000000000000000      
      53      0.000000000000000      
      54      0.000000000000000      
      55      0.000000000000000      
      56      0.000000000000000      
      57      0.000000000000000      
      58      0.000000000000000      
      59      0.000000000000000      
      60      0.000000000000000      
      61      0.000000000000000      
      62      0.000000000000000      
      63      0.000000000000000      
      64      0.000000000000000      
      65      0.000000000000000      
      66      0.000000000000000      
      67      0.000000000000000      
      68      0.000000000000000      
      69      0.000000000000000      
      70      0.000000000000000      
      71      0.000000000000000      
      72      0.000000000000000      
      73      0.000000000000000      
      74      0.000000000000000      
      75      0.000000000000000      
      76      0.000000000000000      
      77      0.000000000000000      
      78      0.000000000000000      
      79      0.000000000000000      
      80      0.000000000000000      
      81      0.000000000000000      
      82      0.000000000000000      
      83      0.000000000000000      
      84      0.000000000000000      
      85      0.000000000000000      
      86      0.000000000000000      
      87      0.000000000000000      
      88      0.000000000000000      
      89      0.000000000000000      
      90      0.000000000000000      
      91      0.000000000000000      
      92      0.000000000000000      
      93      0.000000000000000      
      94      0.000000000000000      
      95      0.000000000000000      
      96      0.000000000000000      
      97      0.000000000000000      
      98      0.000000000000000      
      99      0.000000000000000      
     100      0.000000000000000      
     101      0.000000000000000      
     102      0.000000000000000      
     103      0.000000000000000      
     104      0.000000000000000      
     105      0.000000000000000      
     106      0.000000000000000      
     107      0.000000000000000      
     108      0.000000000000000      
     109      0.000000000000000      
     110      0.000000000000000      
     111      0.000000000000000      
     112      0.000000000000000      
     113      0.000000000000000      
     114      0.000000000000000      
     115      0.000000000000000      
     116      0.000000000000000      
     117      0.000000000000000      
     118      0.000000000000000      
     119      0.000000000000000      
     120      0.000000000000000      
     121      0.000000000000000      
     122      0.000000000000000      
     123      0.000000000000000      
     124      0.000000000000000      
     125      0.000000000000000      
     126      0.000000000000000      
     127      0.000000000000000      
     128      0.000000000000000      
     129      0.000000000000000      
     130      0.000000000000000      
     131      0.000000000000000      
     132      0.000000000000000      
     133      0.000000000000000      
     134      0.000000000000000      
     135      0.000000000000000      
     136      0.000000000000000      
     137      0.000000000000000      
     138      0.000000000000000      
     139      0.000000000000000      
     140      0.000000000000000      
     141      0.000000000000000      
     142      0.000000000000000      
     143      0.000000000000000      
     144      0.000000000000000      
     145      0.000000000000000      
     146      0.000000000000000      
     147      0.000000000000000      
     148      0.000000000000000      
     149      0.000000000000000      
     150      0.000000000000000      
     151      0.000000000000000      
     152      0.000000000000000      
     153      0.000000000000000      
     154      0.000000000000000      
     155      0.000000000000000      
     156      0.000000000000000      
     157      0.000000000000000      
     158      0.000000000000000      
     159      0.000000000000000      
     160      0.000000000000000      
     161      0.000000000000000      
     162      0.000000000000000      
     163      0.000000000000000      
     164      0.000000000000000      
     165      0.000000000000000      
     166      0.000000000000000      
     167      0.000000000000000      
     168      0.000000000000000      
     169      0.000000000000000      
     170      0.000000000000000      
     171      0.000000000000000      
     172      0.000000000000000      
     173      0.000000000000000      
     174      0.000000000000000      
     175      0.000000000000000      
     176      0.000000000000000      
     177      0.000000000000000      
     178      0.000000000000000      
     179      0.000000000000000      
     180      0.000000000000000      
     181      0.000000000000000      
     182      0.000000000000000      
     183      0.000000000000000      
     184      0.000000000000000      
     185      0.000000000000000      
     186      0.000000000000000      
     187      0.000000000000000      
     188      0.000000000000000      
     189      0.000000000000000      
     190      0.000000000000000      
     191      0.000000000000000      
     192      0.000000000000000      
     193      0.000000000000000      
     194      0.000000000000000      
     195      0.000000000000000      
     196      0.000000000000000      
     197      0.000000000000000      
     198      0.000000000000000      
     199      0.000000000000000      
     200      0.000000000000000      

Max =      0.000000000000000      

Solving for energy =  -0.8898378551261540859000000E-001 -0.1544575804442223926000000E-001

At energy = -0.8898378551261540859000000E-1 -0.1544575804442223926000000E-1 incoming = 0.86020535339208638050E-19 0.19626634516512804014E-18 (main) 0.45920010744521220977E-37 (total)
Solving for energy =  -0.8898378551261540858999990E-001 -0.1544575804442223926000000E-001

At energy = -0.8898378551261540858999990E-1 -0.1544575804442223926000000E-1 incoming = 0.86023950240719679327E-19 0.19626898506654427509E-18 (main) 0.45921634514069195039E-37 (total)
Solving for energy =  -0.8898378551261540859000010E-001 -0.1544575804442223926000000E-001

At energy = -0.8898378551261540859000010E-1 -0.1544575804442223926000000E-1 incoming = 0.86017120437689595973E-19 0.19626370526373087093E-18 (main) 0.45918387012240617962E-37 (total)
Solving for energy =  -0.8898378551261540859000000E-001 -0.1544575804442223925999990E-001

At energy = -0.8898378551261540859000000E-1 -0.1544575804442223925999990E-1 incoming = 0.86017895437817767335E-19 0.19626976006661865385E-18 (main) 0.45920897052159405080E-37 (total)
Solving for energy =  -0.8898378551261540859000000E-001 -0.1544575804442223926000010E-001

At energy = -0.8898378551261540859000000E-1 -0.1544575804442223926000010E-1 incoming = 0.86023175240598657615E-19 0.19626293026363742644E-18 (main) 0.45919124474144153525E-37 (total)
Solving for energy =  -0.8898378551261540859000000E-001 -0.1544575804442223926000000E-001

At energy = -0.8898378551261540859000000E-1 -0.1544575804442223926000000E-1 incoming = 0.86020535339208638050E-19 0.19626634516512804014E-18 (main) 0.45920010744521220977E-37 (total)
Solving for energy =  -0.1225111450205804855216958      -0.3374593569183370662419810E-001

At energy = -0.1225111450205804855216958 -0.3374593569183370662419810E-1 incoming = 1.8622489655123751799 -2.6632542704877093757 (main) 10.560894518822932577 (total)
Solving for energy =  -0.3473537827569096322855529E-001  0.1416455138925060409524790E-001

At energy = -0.3473537827569096322855529E-1 0.1416455138925060409524790E-1 incoming = 1.2293010375317349987 0.28049006975561789720E-1 (main) 1.5119677876689152538 (total)
Solving for energy =  -0.6542719407410796275251348E-001 -0.2587906593586556003622323E-002

At energy = -0.6542719407410796275251348E-1 -0.2587906593586556003622323E-2 incoming = 0.67539078219970201685 0.44073316866903176003 (main) 0.65039843464537052532 (total)
Solving for energy =  -0.7950565716867377421838177E-001 -0.1027232849301688622855428E-001

At energy = -0.7950565716867377421838177E-1 -0.1027232849301688622855428E-1 incoming = 0.24576188893272596760 0.31511965510891399139 (main) 0.15969930308774243823 (total)
Solving for energy =  -0.8533651914932776636406182E-001 -0.1345497728043945377305420E-001

At energy = -0.8533651914932776636406182E-1 -0.1345497728043945377305420E-1 incoming = 0.82612072279063456686E-1 0.14717770839336405435 (main) 0.28486032334163308842E-1 (total)
Solving for energy =  -0.8760987291364619400697936E-001 -0.1469583782994247255042325E-001

At energy = -0.8760987291364619400697936E-1 -0.1469583782994247255042325E-1 incoming = 0.28744336075955535865E-1 0.59429699817612597519E-1 (main) 0.43581260768590217005E-2 (total)
Solving for energy =  -0.8847080909056647899831055E-001 -0.1516576105717966399049933E-001

At energy = -0.8847080909056647899831055E-1 -0.1516576105717966399049933E-1 incoming = 0.10358766525992240833E-1 0.22761111053742324828E-1 (main) 0.62537222034080840240E-3 (total)
Solving for energy =  -0.8879291576894637363175381E-001 -0.1534157595946474621144364E-001

At energy = -0.8879291576894637363175381E-1 -0.1534157595946474621144364E-1 incoming = 0.38002724154225883692E-2 0.85490033204023433390E-2 (main) 0.87527528203672125552E-4 (total)
Solving for energy =  -0.8891285871523093462804567E-001 -0.1540704419963558155217384E-001

At energy = -0.8891285871523093462804567E-1 -0.1540704419963558155217384E-1 incoming = 0.14045868057494107680E-2 0.31878773377495595930E-2 (main) 0.12135426015422552626E-4 (total)
Solving for energy =  -0.8895744210929975885185721E-001 -0.1543137907251425858957104E-001

At energy = -0.8895744210929975885185721E-1 -0.1543137907251425858957104E-1 incoming = 0.52063417980705610321E-3 0.11855625224471989916E-2 (main) 0.16766184438147312379E-5 (total)
Solving for energy =  -0.8897400290580552555858320E-001 -0.1544041842194367496537282E-001

At energy = -0.8897400290580552555858320E-1 -0.1544041842194367496537282E-1 incoming = 0.19319165714817308871E-3 0.44046920435031494776E-3 (main) 0.23133613637265676659E-6 (total)
Solving for energy =  -0.8898015299252819145624801E-001 -0.1544377531259129768127469E-001

At energy = -0.8898015299252819145624801E-1 -0.1544377531259129768127469E-1 incoming = 0.71716683336652296648E-4 0.16358607720499743559E-3 (main) 0.31903687324129042800E-7 (total)
Solving for energy =  -0.8898243670325603465461055E-001 -0.1544502182626336008434985E-001

At energy = -0.8898243670325603465461055E-1 -0.1544502182626336008434985E-1 incoming = 0.26626713743300713070E-4 0.60745989209909425849E-4 (main) 0.43990570898581114630E-8 (total)
Solving for energy =  -0.8898328468406685434983600E-001 -0.1544548467808668693442166E-001

At energy = -0.8898328468406685434983600E-1 -0.1544548467808668693442166E-1 incoming = 0.98864255145294558086E-5 0.22556243802609366097E-4 (main) 0.60652554393709245073E-9 (total)
Solving for energy =  -0.8898359954981287435131961E-001 -0.1544565654068403468763600E-001

At energy = -0.8898359954981287435131961E-1 -0.1544565654068403468763600E-1 incoming = 0.36708790435965609589E-5 0.83754422017526463575E-5 (main) 0.83623385027615618625E-10 (total)
Solving for energy =  -0.8898371646279852606948628E-001 -0.1544572035508630538908434E-001

At energy = -0.8898371646279852606948628E-1 -0.1544572035508630538908434E-1 incoming = 0.13630262192334105813E-5 0.31098945625495169285E-5 (main) 0.11529284664492776705E-10 (total)
Solving for energy =  -0.8898375987375174527981762E-001 -0.1544574405000792802047329E-001

At energy = -0.8898375987375174527981762E-1 -0.1544574405000792802047329E-1 incoming = 0.50610379384478242815E-6 0.11547353278681515806E-5 (main) 0.15895547275708495604E-11 (total)
Solving for energy =  -0.8898377599265947864357014E-001 -0.1544575284816201267820514E-001

At energy = -0.8898377599265947864357014E-1 -0.1544575284816201267820514E-1 incoming = 0.18792105369454227481E-6 0.42876450017504911932E-6 (main) 0.21915331903202673703E-12 (total)
Solving for energy =  -0.8898378197776471680735867E-001 -0.1544575611500111674870687E-001

At energy = -0.8898378197776471680735867E-1 -0.1544575611500111674870687E-1 incoming = 0.69776865608287419885E-7 0.15920438748982945041E-6 (main) 0.30214847970128767741E-13 (total)
Solving for energy =  -0.8898378420009156914458557E-001 -0.1544575732800973971295484E-001

At energy = -0.8898378420009156914458557E-1 -0.1544575732800973971295484E-1 incoming = 0.25908814336367088540E-7 0.59114114171572933953E-7 (main) 0.41657451546061007619E-14 (total)
Solving for energy =  -0.8898378502526276947623235E-001 -0.1544575777841143484225390E-001

At energy = -0.8898378502526276947623235E-1 -0.1544575777841143484225390E-1 incoming = 0.96201898883983566918E-8 0.21949635788087439672E-7 (main) 0.57433456471853090542E-15 (total)
Solving for energy =  -0.8898378533165671899229261E-001 -0.1544575794564988691611484E-001

At energy = -0.8898378533165671899229261E-1 -0.1544575794564988691611484E-1 incoming = 0.35720683379838818154E-8 0.81501094810655821258E-8 (main) 0.79183956764582024101E-16 (total)
Solving for energy =  -0.8898378544542371889432267E-001 -0.1544575800774712150822711E-001

At energy = -0.8898378544542371889432267E-1 -0.1544575800774712150822711E-1 incoming = 0.13263430821526360972E-8 0.30262134981279366904E-8 (main) 0.10917154107825877870E-16 (total)
Solving for energy =  -0.8898378548766649250325722E-001 -0.1544575803080441777932874E-001

At energy = -0.8898378548766649250325722E-1 -0.1544575803080441777932874E-1 incoming = 0.49248385252224579531E-9 0.11236619746872398807E-8 (main) 0.15051565783531804647E-17 (total)
Solving for energy =  -0.8898378550335163777893676E-001 -0.1544575803936581209080740E-001

At energy = -0.8898378550335163777893676E-1 -0.1544575803936581209080740E-1 incoming = 0.18286395770230870714E-9 0.41722642275218653034E-9 (main) 0.20751711486913802197E-18 (total)
Solving for energy =  -0.8898378550917568201757258E-001 -0.1544575804254473956250700E-001

At energy = -0.8898378550917568201757258E-1 -0.1544575804254473956250700E-1 incoming = 0.67899133906764957866E-10 0.15492015548687116128E-9 (main) 0.28610546961365135549E-19 (total)
Solving for energy =  -0.8898378551133820526453341E-001 -0.1544575804372510569234309E-001

At energy = -0.8898378551133820526453341E-1 -0.1544575804372510569234309E-1 incoming = 0.25211596902686339765E-10 0.57523333334841873922E-10 (main) 0.39445584963348737846E-20 (total)
Solving for energy =  -0.8898378551214117079877001E-001 -0.1544575804416338690914419E-001

At energy = -0.8898378551214117079877001E-1 -0.1544575804416338690914419E-1 incoming = 0.93613067385155010538E-11 0.21358963102578115403E-10 (main) 0.54383936866986908113E-21 (total)
Solving for energy =  -0.8898378551243931957015096E-001 -0.1544575804432612491063615E-001

At energy = -0.8898378551243931957015096E-1 -0.1544575804432612491063615E-1 incoming = 0.34759426266738850084E-11 0.79307870562554321850E-11 (main) 0.74979560475597250797E-22 (total)
Solving for energy =  -0.8898378551255002505635850E-001 -0.1544575804438655108477789E-001

At energy = -0.8898378551255002505635850E-1 -0.1544575804438655108477789E-1 incoming = 0.12906507253188243556E-11 0.29447770478261121416E-11 (main) 0.10337491156169479752E-22 (total)
Solving for energy =  -0.8898378551259113106065181E-001 -0.1544575804440898790032145E-001

At energy = -0.8898378551259113106065181E-1 -0.1544575804440898790032145E-1 incoming = 0.47923097227967672510E-12 0.10934239140742730086E-11 (main) 0.14252381806616274452E-23 (total)
Solving for energy =  -0.8898378551260639411261829E-001 -0.1544575804441731890420984E-001

At energy = -0.8898378551260639411261829E-1 -0.1544575804441731890420984E-1 incoming = 0.17794306872029242383E-12 0.40599881463671963152E-12 (main) 0.19649877319201613893E-24 (total)
Solving for energy =  -0.8898378551261206142957931E-001 -0.1544575804442041228551671E-001

At energy = -0.8898378551261206142957931E-1 -0.1544575804442041228551671E-1 incoming = 0.66071992755797036703E-13 0.15075131013794847026E-12 (main) 0.27091465735030021325E-25 (total)
Solving for energy =  -0.8898378551261416575849120E-001 -0.1544575804442156088753851E-001

At energy = -0.8898378551261416575849120E-1 -0.1544575804442156088753851E-1 incoming = 0.24533193854122643070E-13 0.55975474041585142561E-13 (main) 0.37351312948641331599E-26 (total)
Solving for energy =  -0.8898378551261494711591304E-001 -0.1544575804442198737443863E-001

At energy = -0.8898378551261494711591304E-1 -0.1544575804442198737443863E-1 incoming = 0.91094411162684934857E-14 0.20784300966643621300E-13 (main) 0.51496908412278594744E-27 (total)
Solving for energy =  -0.8898378551261523724138592E-001 -0.1544575804442214573309769E-001

At energy = -0.8898378551261523724138592E-1 -0.1544575804442214573309769E-1 incoming = 0.33824544241017392235E-14 0.77174823196284967977E-14 (main) 0.71000531284903871958E-28 (total)
Solving for energy =  -0.8898378551261534496774477E-001 -0.1544575804442220453318017E-001

At energy = -0.8898378551261534496774477E-1 -0.1544575804442220453318017E-1 incoming = 0.12559695711800705942E-14 0.28656477646855788099E-14 (main) 0.97893966749777048784E-29 (total)
Solving for energy =  -0.8898378551261538496757063E-001 -0.1544575804442222636621235E-001

At energy = -0.8898378551261538496757063E-1 -0.1544575804442222636621235E-1 incoming = 0.46638543684109239237E-15 0.10641152582315090578E-14 (main) 0.13498566584985677866E-29 (total)
Solving for energy =  -0.8898378551261539981988797E-001 -0.1544575804442223447302571E-001

At energy = -0.8898378551261539981988797E-1 -0.1544575804442223447302571E-1 incoming = 0.17320530703990398202E-15 0.39518903351013538773E-15 (main) 0.18617445059346232233E-30 (total)
Solving for energy =  -0.8898378551261540533469525E-001 -0.1544575804442223748316293E-001

At energy = -0.8898378551261540533469525E-1 -0.1544575804442223748316293E-1 incoming = 0.64344724902952853285E-16 0.14681033786243782402E-15 (main) 0.25693518926119825991E-31 (total)
Solving for energy =  -0.8898378551261540738239586E-001 -0.1544575804442223860085563E-001

At energy = -0.8898378551261540738239586E-1 -0.1544575804442223860085563E-1 incoming = 0.23923751110383564769E-16 0.54584956091304614182E-16 (main) 0.35518632986812315520E-32 (total)
Solving for energy =  -0.8898378551261540814272665E-001 -0.1544575804442223901586560E-001

At energy = -0.8898378551261540814272665E-1 -0.1544575804442223901586560E-1 incoming = 0.89150575110409557910E-17 0.20340791064785663245E-16 (main) 0.49322603156643203753E-33 (total)
Solving for energy =  -0.8898378551261540842504473E-001 -0.1544575804442223916996277E-001

At energy = -0.8898378551261540842504473E-1 -0.1544575804442223916996277E-1 incoming = 0.33421862409193129747E-17 0.76256055503082542514E-17 (main) 0.69320068877882421111E-34 (total)
Solving for energy =  -0.8898378551261540852987213E-001 -0.1544575804442223922718052E-001

At energy = -0.8898378551261540852987213E-1 -0.1544575804442223922718052E-1 incoming = 0.12729259160428639988E-17 0.29043357356588720840E-17 (main) 0.10055506453158726148E-34 (total)
Solving for energy =  -0.8898378551261540856879555E-001 -0.1544575804442223924842601E-001

At energy = -0.8898378551261540856879555E-1 -0.1544575804442223924842601E-1 incoming = 0.50458979547527762482E-18 0.11512831642009460828E-17 (main) 0.15800637858703250838E-35 (total)
Solving for energy =  -0.8898378551261540858324819E-001 -0.1544575804442223925631467E-001

At energy = -0.8898378551261540858324819E-1 -0.1544575804442223925631467E-1 incoming = 0.21929925611110552049E-18 0.50035800233881471557E-18 (main) 0.29845029423537356436E-36 (total)
Solving for energy =  -0.8898378551261540858861459E-001 -0.1544575804442223925924380E-001

At energy = -0.8898378551261540858861459E-1 -0.1544575804442223925924380E-1 incoming = 0.11336815425094394221E-18 0.25866327324533651415E-18 (main) 0.79759027324257439570E-37 (total)
Solving for energy =  -0.8898378551261540859060718E-001 -0.1544575804442223926033142E-001

At energy = -0.8898378551261540859060718E-1 -0.1544575804442223926033142E-1 incoming = 0.74034924462379849271E-19 0.16891971208926801779E-18 (main) 0.34015039172471489932E-37 (total)
Solving for energy =  -0.8898378551261540859134705E-001 -0.1544575804442223926073526E-001

At energy = -0.8898378551261540859134705E-1 -0.1544575804442223926073526E-1 incoming = 0.59430120599969393127E-19 0.13559707075917503464E-18 (main) 0.21918504832995627624E-37 (total)
Solving for energy =  -0.8898378551261540859184723E-001 -0.1544575804442223926100827E-001

At energy = -0.8898378551261540859184723E-1 -0.1544575804442223926100827E-1 incoming = 0.49556845662332606157E-19 0.11306998976581992062E-18 (main) 0.15240703537642875629E-37 (total)
Solving for energy =  -0.8898378551261540859230767E-001 -0.1544575804442223926125959E-001

At energy = -0.8898378551261540859230767E-1 -0.1544575804442223926125959E-1 incoming = 0.40467901232240025516E-19 0.92332454488621306942E-19 (main) 0.10162933182035658708E-37 (total)
Solving for energy =  -0.8898378551261540859266435E-001 -0.1544575804442223926145428E-001

At energy = -0.8898378551261540859266435E-1 -0.1544575804442223926145428E-1 incoming = 0.33427048087192860893E-19 0.76267889279743390411E-19 (main) 0.69341584790107006752E-38 (total)
Solving for energy =  -0.8898378551261540859296776E-001 -0.1544575804442223926161989E-001

At energy = -0.8898378551261540859296776E-1 -0.1544575804442223926161989E-1 incoming = 0.27437900204024244203E-19 0.62602917900217283737E-19 (main) 0.46719636972273392635E-38 (total)
Solving for energy =  -0.8898378551261540859321286E-001 -0.1544575804442223926175367E-001

At energy = -0.8898378551261540859321286E-1 -0.1544575804442223926175367E-1 incoming = 0.22599736382556188230E-19 0.51564057040626521108E-19 (main) 0.31696000630500193666E-38 (total)
Solving for energy =  -0.8898378551261540859341652E-001 -0.1544575804442223926186483E-001

At energy = -0.8898378551261540859341652E-1 -0.1544575804442223926186483E-1 incoming = 0.18579452143173683613E-19 0.42391288202611468783E-19 (main) 0.21422173574173474768E-38 (total)
Solving for energy =  -0.8898378551261540859358315E-001 -0.1544575804442223926195579E-001

At energy = -0.8898378551261540859358315E-1 -0.1544575804442223926195579E-1 incoming = 0.15290225777862566249E-19 0.34886517069916669663E-19 (main) 0.14508600776076000935E-38 (total)
Solving for energy =  -0.8898378551261540859372065E-001 -0.1544575804442223926203083E-001

At energy = -0.8898378551261540859372065E-1 -0.1544575804442223926203083E-1 incoming = 0.12576134682695682910E-19 0.28693987204184989964E-19 (main) 0.98150406523123318201E-39 (total)
Solving for energy =  -0.8898378551261540859383357E-001 -0.1544575804442223926209247E-001

At energy = -0.8898378551261540859383357E-1 -0.1544575804442223926209247E-1 incoming = 0.10347045576481398298E-19 0.23608048530917300414E-19 (main) 0.66440130759992977833E-39 (total)
Solving for energy =  -0.8898378551261540859392655E-001 -0.1544575804442223926214322E-001

At energy = -0.8898378551261540859392655E-1 -0.1544575804442223926214322E-1 incoming = 0.85115955591326902564E-20 0.19420245450265991070E-19 (main) 0.44959319231082426031E-39 (total)
Solving for energy =  -0.8898378551261540859400301E-001 -0.1544575804442223926218495E-001

At energy = -0.8898378551261540859400301E-1 -0.1544575804442223926218495E-1 incoming = 0.70023933652084849075E-20 0.15976816570515159516E-19 (main) 0.30429218056900359296E-39 (total)
Solving for energy =  -0.8898378551261540859406592E-001 -0.1544575804442223926221929E-001

At energy = -0.8898378551261540859406592E-1 -0.1544575804442223926221929E-1 incoming = 0.57604920569328277032E-20 0.13143267263527122438E-19 (main) 0.20592874309848993363E-39 (total)
Solving for energy =  -0.8898378551261540859411767E-001 -0.1544575804442223926224754E-001

At energy = -0.8898378551261540859411767E-1 -0.1544575804442223926224754E-1 incoming = 0.47389810528463099762E-20 0.10812565316102520550E-19 (main) 0.13936951013421952073E-39 (total)
Solving for energy =  -0.8898378551261540859416025E-001 -0.1544575804442223926227078E-001

At energy = -0.8898378551261540859416025E-1 -0.1544575804442223926227078E-1 incoming = 0.38985544451279500269E-20 0.88950295054502715601E-20 (main) 0.94320276664457800968E-40 (total)
Solving for energy =  -0.8898378551261540859419527E-001 -0.1544575804442223926228990E-001

At energy = -0.8898378551261540859419527E-1 -0.1544575804442223926228990E-1 incoming = 0.32071992279050814798E-20 0.73176182542297591210E-20 (main) 0.63833663802111538366E-40 (total)
Solving for energy =  -0.8898378551261540859422408E-001 -0.1544575804442223926230562E-001

At energy = -0.8898378551261540859422408E-1 -0.1544575804442223926230562E-1 incoming = 0.26384340074028758388E-20 0.60199110325239021332E-20 (main) 0.43200662850922992163E-40 (total)
Solving for energy =  -0.8898378551261540859424779E-001 -0.1544575804442223926231856E-001

At energy = -0.8898378551261540859424779E-1 -0.1544575804442223926231856E-1 incoming = 0.21705392544407947120E-20 0.49523520854722021666E-20 (main) 0.29237031833549270961E-40 (total)
Solving for energy =  -0.8898378551261540859426729E-001 -0.1544575804442223926232921E-001

At energy = -0.8898378551261540859426729E-1 -0.1544575804442223926232921E-1 incoming = 0.17856175059557236748E-20 0.40741061681413117815E-20 (main) 0.19786770946862621499E-40 (total)
Solving for energy =  -0.8898378551261540859428333E-001 -0.1544575804442223926233796E-001

At energy = -0.8898378551261540859428333E-1 -0.1544575804442223926233796E-1 incoming = 0.14689585943284820339E-20 0.33516102390516278614E-20 (main) 0.13391130546367219908E-40 (total)
Solving for energy =  -0.8898378551261540859429653E-001 -0.1544575804442223926234516E-001

At energy = -0.8898378551261540859429653E-1 -0.1544575804442223926234516E-1 incoming = 0.12084549949492911206E-20 0.27572395039786406027E-20 (main) 0.90627331571182712958E-41 (total)
Solving for energy =  -0.8898378551261540859430738E-001 -0.1544575804442223926235109E-001

At energy = -0.8898378551261540859430738E-1 -0.1544575804442223926235109E-1 incoming = 0.99414904260828970871E-21 0.22682743352049529109E-20 (main) 0.61334007786684501073E-41 (total)
Solving for energy =  -0.8898378551261540859431631E-001 -0.1544575804442223926235597E-001

At energy = -0.8898378551261540859431631E-1 -0.1544575804442223926235597E-1 incoming = 0.81784772148584025624E-21 0.18660213679934521367E-20 (main) 0.41509106413477350524E-41 (total)
Solving for energy =  -0.8898378551261540859432366E-001 -0.1544575804442223926235998E-001

At energy = -0.8898378551261540859432366E-1 -0.1544575804442223926235998E-1 incoming = 0.67281151047211829412E-21 0.15351035627650824612E-20 (main) 0.28092182770378228124E-41 (total)
Solving for energy =  -0.8898378551261540859432971E-001 -0.1544575804442223926236328E-001

At energy = -0.8898378551261540859432971E-1 -0.1544575804442223926236328E-1 incoming = 0.55349581589138552067E-21 0.12628702529546471623E-20 (main) 0.19011988940070050460E-41 (total)
Solving for energy =  -0.8898378551261540859433468E-001 -0.1544575804442223926236599E-001

At energy = -0.8898378551261540859433468E-1 -0.1544575804442223926236599E-1 incoming = 0.45533942874623338772E-21 0.10389144837306963597E-20 (main) 0.12866772998763655034E-41 (total)
Solving for energy =  -0.8898378551261540859433877E-001 -0.1544575804442223926236822E-001

At energy = -0.8898378551261540859433877E-1 -0.1544575804442223926236822E-1 incoming = 0.37458996790076952629E-21 0.85467473996858083755E-21 (main) 0.87078655519226081507E-42 (total)
Solving for energy =  -0.8898378551261540859434213E-001 -0.1544575804442223926237006E-001

At energy = -0.8898378551261540859434213E-1 -0.1544575804442223926237006E-1 incoming = 0.30816051794356825380E-21 0.70310784759486278943E-21 (main) 0.58932355016872905135E-42 (total)
Solving for energy =  -0.8898378551261540859434490E-001 -0.1544575804442223926237157E-001

At energy = -0.8898378551261540859434490E-1 -0.1544575804442223926237157E-1 incoming = 0.25351158277819387110E-21 0.57841963661074154011E-21 (main) 0.39883739861960733835E-42 (total)
Solving for energy =  -0.8898378551261540859434718E-001 -0.1544575804442223926237281E-001

At energy = -0.8898378551261540859434718E-1 -0.1544575804442223926237281E-1 incoming = 0.20855402204290199623E-21 0.47584347840848014887E-21 (main) 0.26992179605415296537E-42 (total)
Solving for energy =  -0.8898378551261540859434905E-001 -0.1544575804442223926237384E-001

At energy = -0.8898378551261540859434905E-1 -0.1544575804442223926237384E-1 incoming = 0.17156917883059076563E-21 0.39145804767552265789E-21 (main) 0.18267538621453500470E-42 (total)
Solving for energy =  -0.8898378551261540859435059E-001 -0.1544575804442223926237468E-001

At energy = -0.8898378551261540859435059E-1 -0.1544575804442223926237468E-1 incoming = 0.14114318170269583687E-21 0.32203742420354860091E-21 (main) 0.12362950032881652311E-42 (total)
Solving for energy =  -0.8898378551261540859435186E-001 -0.1544575804442223926237537E-001

At energy = -0.8898378551261540859435186E-1 -0.1544575804442223926237537E-1 incoming = 0.11611289286337279697E-21 0.26492776734329972859E-21 (main) 0.83668925798606639539E-43 (total)
Solving for energy =  -0.8898378551261540859435291E-001 -0.1544575804442223926237594E-001

At energy = -0.8898378551261540859435291E-1 -0.1544575804442223926237594E-1 incoming = 0.95521444294898841104E-22 0.21794586591440517090E-21 (main) 0.56624746789363340058E-43 (total)
Solving for energy =  -0.8898378551261540859435376E-001 -0.1544575804442223926237641E-001

At energy = -0.8898378551261540859435376E-1 -0.1544575804442223926237641E-1 incoming = 0.78581657481538172632E-22 0.17929567621281361212E-21 (main) 0.38322016401155881198E-43 (total)
Solving for energy =  -0.8898378551261540859435447E-001 -0.1544575804442223926237679E-001

At energy = -0.8898378551261540859435447E-1 -0.1544575804442223926237679E-1 incoming = 0.64645951358356886607E-22 0.14749966295622362110E-21 (main) 0.25935249599226611325E-43 (total)
Solving for energy =  -0.8898378551261540859435505E-001 -0.1544575804442223926237711E-001

At energy = -0.8898378551261540859435505E-1 -0.1544575804442223926237711E-1 incoming = 0.53181585976703872156E-22 0.12134231508412986349E-21 (main) 0.17552238516973795747E-43 (total)
Solving for energy =  -0.8898378551261540859435553E-001 -0.1544575804442223926237737E-001

At energy = -0.8898378551261540859435553E-1 -0.1544575804442223926237737E-1 incoming = 0.43750296822449688501E-22 0.99823678537761106149E-22 (main) 0.11878855268862718602E-43 (total)
Solving for energy =  -0.8898378551261540859435592E-001 -0.1544575804442223926237758E-001

At energy = -0.8898378551261540859435592E-1 -0.1544575804442223926237758E-1 incoming = 0.35991540729780818413E-22 0.82121130233384633036E-22 (main) 0.80392710349119912004E-44 (total)
Solving for energy =  -0.8898378551261540859435625E-001 -0.1544575804442223926237776E-001

At energy = -0.8898378551261540859435625E-1 -0.1544575804442223926237776E-1 incoming = 0.29608712757382793142E-22 0.67557929699676928009E-22 (main) 0.54407497364556925057E-44 (total)
Solving for energy =  -0.8898378551261540859435651E-001 -0.1544575804442223926237791E-001

At energy = -0.8898378551261540859435651E-1 -0.1544575804442223926237791E-1 incoming = 0.24357807551288245711E-22 0.55577349030114433607E-22 (main) 0.36821445139207564586E-44 (total)
Solving for energy =  -0.8898378551261540859435673E-001 -0.1544575804442223926237803E-001

At energy = -0.8898378551261540859435673E-1 -0.1544575804442223926237803E-1 incoming = 0.20038091335063759849E-22 0.45721389581066251992E-22 (main) 0.24919705695759909554E-44 (total)
Solving for energy =  -0.8898378551261540859435691E-001 -0.1544575804442223926237812E-001

At energy = -0.8898378551261540859435691E-1 -0.1544575804442223926237812E-1 incoming = 0.16484428188431590316E-22 0.37613273702869822094E-22 (main) 0.16864947313465565003E-44 (total)
Solving for energy =  -0.8898378551261540859435706E-001 -0.1544575804442223926237821E-001

At energy = -0.8898378551261540859435706E-1 -0.1544575804442223926237821E-1 incoming = 0.13560967252264525804E-22 0.30943040978376250309E-22 (main) 0.11413716178064627370E-44 (total)
Solving for energy =  -0.8898378551261540859435718E-001 -0.1544575804442223926237827E-001

At energy = -0.8898378551261540859435718E-1 -0.1544575804442223926237827E-1 incoming = 0.11155949209609401287E-22 0.25455699004257392920E-22 (main) 0.77244781456273545068E-45 (total)
Solving for energy =  -0.8898378551261540859435728E-001 -0.1544575804442223926237833E-001

At energy = -0.8898378551261540859435728E-1 -0.1544575804442223926237833E-1 incoming = 0.91774340534357039063E-23 0.20941475346906745260E-22 (main) 0.52277068551026428126E-45 (total)
Solving for energy =  -0.9233652146341191628709114E-001 -0.1727577580916338599856030E-001

At energy = -0.9233652146341191628709114E-1 -0.1727577580916338599856030E-1 incoming = -0.54941356846534024442E-1 -0.16581028085685742510 (main) 0.30511601929968131009E-1 (total)
Solving for energy =  -0.8898378551261540859435769E-001 -0.1544575804442223926237855E-001

At energy = -0.8898378551261540859435769E-1 -0.1544575804442223926237855E-1 incoming = 0.11088713455301240261E-23 0.25320654342234516593E-23 (main) 0.76409510241269845103E-47 (total)
Solving for energy =  -0.8931905910769505936363103E-001 -0.1562875982089635393599672E-001

At energy = -0.8931905910769505936363103E-1 -0.1562875982089635393599672E-1 incoming = -0.65160101682370322645E-2 -0.15247011374436751980E-1 (main) 0.27492974436477209021E-3 (total)
Solving for energy =  -0.8901731287212337367128502E-001 -0.1546405822206965072974037E-001

At energy = -0.8901731287212337367128502E-1 -0.1546405822206965072974037E-1 incoming = -0.66080764750485046305E-3 -0.15114886108159790302E-2 (main) 0.27212645676273128233E-5 (total)
Solving for energy =  -0.8898713824856620510205042E-001 -0.1544758806218698040911473E-001

At energy = -0.8898713824856620510205042E-1 -0.1544758806218698040911473E-1 incoming = -0.66171855661359193637E-4 -0.15101688922388822657E-3 (main) 0.27184815312527882736E-7 (total)
Solving for energy =  -0.8898412078621048824512696E-001 -0.1544594104619871337705217E-001

At energy = -0.8898412078621048824512696E-1 -0.1544594104619871337705217E-1 incoming = -0.66180955034792949669E-5 -0.15100369359645697528E-4 (main) 0.27182034289089947597E-9 (total)
Solving for energy =  -0.8898381903997491655943462E-001 -0.1544577634459988667384591E-001

At energy = -0.8898381903997491655943462E-1 -0.1544577634459988667384591E-1 incoming = -0.66181864874996051274E-6 -0.15100237404932135396E-5 (main) 0.27181756206863395173E-11 (total)
Solving for energy =  -0.8898378886535135939086538E-001 -0.1544575987444000400352529E-001

At energy = -0.8898378886535135939086538E-1 -0.1544575987444000400352529E-1 incoming = -0.66181955858044993966E-7 -0.15100224209476388870E-6 (main) 0.27181728398841899412E-13 (total)
Solving for energy =  -0.8898378584788900367400846E-001 -0.1544575822742401573649322E-001

At energy = -0.8898378584788900367400846E-1 -0.1544575822742401573649322E-1 incoming = -0.66181964956340164726E-8 -0.15100222889930968063E-7 (main) 0.27181725618041753305E-15 (total)
Solving for energy =  -0.8898378554614276810232277E-001 -0.1544575806272241690979002E-001

At energy = -0.8898378554614276810232277E-1 -0.1544575806272241690979002E-1 incoming = -0.66181965866169485866E-9 -0.15100222757976404983E-8 (main) 0.27181725339961677599E-17 (total)
Solving for energy =  -0.8898378551596814454515420E-001 -0.1544575804625225702711970E-001

At energy = -0.8898378551596814454515420E-1 -0.1544575804625225702711970E-1 incoming = -0.66181965957151429004E-10 -0.15100222744780723083E-9 (main) 0.27181725312152858110E-19 (total)
Solving for energy =  -0.8898378551295068218943734E-001 -0.1544575804460524103885266E-001

At energy = -0.8898378551295068218943734E-1 -0.1544575804460524103885266E-1 incoming = -0.66181965966239743264E-11 -0.15100222743458898823E-10 (main) 0.27181725309363854969E-21 (total)
Solving for energy =  -0.8898378551264893595386565E-001 -0.1544575804444053944002596E-001

At energy = -0.8898378551264893595386565E-1 -0.1544575804444053944002596E-1 incoming = -0.66181965967049774254E-12 -0.15100222743304155694E-11 (main) 0.27181725309003742712E-23 (total)
Solving for energy =  -0.8898378551261876133030849E-001 -0.1544575804442406928014329E-001

At energy = -0.8898378551261876133030849E-1 -0.1544575804442406928014329E-1 incoming = -0.66181965966142773002E-13 -0.15100222743063074351E-12 (main) 0.27181725308155612063E-25 (total)
Solving for energy =  -0.8898378551261574386795277E-001 -0.1544575804442242226415502E-001

At energy = -0.8898378551261574386795277E-1 -0.1544575804442242226415502E-1 incoming = -0.66181965956172029189E-14 -0.15100222740782895927E-13 (main) 0.27181725299949604791E-27 (total)
Solving for energy =  -0.8898378551261544212171720E-001 -0.1544575804442225756255620E-001

At energy = -0.8898378551261544212171720E-1 -0.1544575804442225756255620E-1 incoming = -0.66181965856374519641E-15 -0.15100222717994175082E-14 (main) 0.27181725217917061945E-29 (total)
Solving for energy =  -0.8898378551261541194709364E-001 -0.1544575804442224109239631E-001

At energy = -0.8898378551261541194709364E-1 -0.1544575804442224109239631E-1 incoming = -0.66181964858390385778E-16 -0.15100222490108274154E-15 (main) 0.27181724397594392728E-31 (total)
Solving for energy =  -0.8898378551261540892963128E-001 -0.1544575804442223944538033E-001

At energy = -0.8898378551261540892963128E-1 -0.1544575804442223944538033E-1 incoming = -0.66181954878548544970E-17 -0.15100220211249372049E-16 (main) 0.27181716194368638576E-33 (total)
Solving for energy =  -0.8898378551261540862788505E-001 -0.1544575804442223928067873E-001

At energy = -0.8898378551261540862788505E-1 -0.1544575804442223928067873E-1 incoming = -0.66181855080127428534E-18 -0.15100197422660286999E-17 (main) 0.27181634162178626137E-35 (total)
Solving for energy =  -0.8898378551261540859771042E-001 -0.1544575804442223926420857E-001

At energy = -0.8898378551261540859771042E-1 -0.1544575804442223926420857E-1 incoming = -0.66180857095916502491E-19 -0.15099969536771152415E-18 (main) 0.27180813847091802805E-37 (total)
Solving for energy =  -0.8898378551261540859469296E-001 -0.1544575804442223926256155E-001

At energy = -0.8898378551261540859469296E-1 -0.1544575804442223926256155E-1 incoming = -0.66170877253861715589E-20 -0.15097690677874495405E-19 (main) 0.27172611377023477836E-39 (total)
Solving for energy =  -0.8898378551261540859439122E-001 -0.1544575804442223926239685E-001

At energy = -0.8898378551261540859439122E-1 -0.1544575804442223926239685E-1 incoming = -0.66071078832326513929E-21 -0.15074902088932438387E-20 (main) 0.27090654757157464191E-41 (total)
Solving for energy =  -0.8898378551261540859436104E-001 -0.1544575804442223926238038E-001

At energy = -0.8898378551261540859436104E-1 -0.1544575804442223926238038E-1 incoming = -0.65073094604615816360E-22 -0.14847016199253118963E-21 (main) 0.26277896643509733098E-43 (total)
Solving for energy =  -0.8898378551261540859435802E-001 -0.1544575804442223926237873E-001

At energy = -0.8898378551261540859435802E-1 -0.1544575804442223926237873E-1 incoming = -0.55093252424369577220E-23 -0.12568157320027636522E-22 (main) 0.18831124304791730568E-45 (total)
Solving for energy =  -0.8898378551261540859435765E-001 -0.1544575804442223926237853E-001

At energy = -0.8898378551261540859435765E-1 -0.1544575804442223926237853E-1 incoming = 0.19157276013064166996E-23 0.43730064218148180852E-23 (main) 0.22793197407640875737E-46 (total)
Solving for energy =  -0.8898378551261540859435772E-001 -0.1544575804442223926237857E-001

At energy = -0.8898378551261540859435772E-1 -0.1544575804442223926237857E-1 incoming = 0.44705167401725237061E-24 0.10220431684673935199E-23 (main) 0.12444274374524966102E-47 (total)
Solving for energy =  -0.8898378551261540859435775E-001 -0.1544575804442223926237858E-001

At energy = -0.8898378551261540859435775E-1 -0.1544575804442223926237858E-1 incoming = -0.14858601224890804978E-24 -0.33697687643277892530E-24 (main) 0.13563121828642500968E-48 (total)
Solving for energy =  -0.8898378551261540859435778E-001 -0.1544575804442223926237860E-001

At energy = -0.8898378551261540859435778E-1 -0.1544575804442223926237860E-1 incoming = -0.68465992651790307181E-24 -0.15600949250139628686E-23 (main) 0.29026553900338228598E-47 (total)
Solving for energy =  -0.8898378551261540859435775E-001 -0.1544575804442223926237858E-001

At energy = -0.8898378551261540859435775E-1 -0.1544575804442223926237858E-1 incoming = -0.89022232080713908821E-25 -0.20107488828481916597E-24 (main) 0.48356068503384996516E-49 (total)
On the linear search step 1 displacement is 0.496463557952E-20 function = 0.483560685033849965164323E-49
Solving for energy =  -0.8898378551261540859435765E-001 -0.1544575804442223926237858E-001

At energy = -0.8898378551261540859435765E-1 -0.1544575804442223926237858E-1 incoming = 0.33794866438826884226E-23 0.25611383072056917789E-23 (main) 0.17980359404817913356E-46 (total)
Solving for energy =  -0.8898378551261540859435785E-001 -0.1544575804442223926237858E-001

At energy = -0.8898378551261540859435785E-1 -0.1544575804442223926237858E-1 incoming = -0.34503163679860802752E-23 -0.27186644694288437014E-23 (main) 0.19295819536527472744E-46 (total)
Solving for energy =  -0.8898378551261540859435775E-001 -0.1544575804442223926237848E-001

At energy = -0.8898378551261540859435775E-1 -0.1544575804442223926237848E-1 incoming = -0.26753162542842482723E-23 0.33361384333342966612E-23 (main) 0.18287136706807715930E-46 (total)
Solving for energy =  -0.8898378551261540859435775E-001 -0.1544575804442223926237868E-001

At energy = -0.8898378551261540859435775E-1 -0.1544575804442223926237868E-1 incoming = 0.26044865538427938201E-23 -0.34936645792153910984E-23 (main) 0.18989042401212167896E-46 (total)
Solving for energy =  -0.8898378551261540859435775E-001 -0.1544575804442223926237858E-001

At energy = -0.8898378551261540859435775E-1 -0.1544575804442223926237858E-1 incoming = -0.35414834985163216440E-25 -0.78763081792495023120E-25 (main) 0.74578335904776015410E-50 (total)
Solving for energy =  -0.8898378551261540859344928E-001 -0.1544575804442223926404313E-001

At energy = -0.8898378551261540859344928E-1 -0.1544575804442223926404313E-1 incoming = 0.74965718100460288020E-19 -0.32860219166240789154E-19 (main) 0.66996528939710577582E-38 (total)
Solving for energy =  -0.8898378551261540859582768E-001 -0.1544575804442223925968528E-001

At energy = -0.8898378551261540859582768E-1 -0.1544575804442223925968528E-1 incoming = -0.12129717259487784739E-18 0.53168745284341521485E-19 (main) 0.17539919554622774280E-37 (total)
Solving for energy =  -0.8898378551261540859450474E-001 -0.1544575804442223926210925E-001

At energy = -0.8898378551261540859450474E-1 -0.1544575804442223926210925E-1 incoming = -0.12129749132849417080E-19 0.53168036416568619400E-20 (main) 0.17539921498979685439E-39 (total)
Solving for energy =  -0.8898378551261540859426690E-001 -0.1544575804442223926254504E-001

At energy = -0.8898378551261540859426690E-1 -0.1544575804442223926254504E-1 incoming = 0.74965399366915120653E-20 -0.32860928033982368962E-20 (main) 0.66996516934956463330E-40 (total)
Solving for energy =  -0.8898378551261540859437245E-001 -0.1544575804442223926235165E-001

At energy = -0.8898378551261540859437245E-1 -0.1544575804442223926235165E-1 incoming = -0.12130067866369049982E-20 0.53160947739520517617E-21 (main) 0.17539941008835931294E-41 (total)
Solving for energy =  -0.8898378551261540859434866E-001 -0.1544575804442223926239523E-001

At energy = -0.8898378551261540859434866E-1 -0.1544575804442223926239523E-1 incoming = 0.74962212032176709698E-21 -0.32868016711016852364E-21 (main) 0.66996397552727017338E-42 (total)
Solving for energy =  -0.8898378551261540859435922E-001 -0.1544575804442223926237589E-001

At energy = -0.8898378551261540859435922E-1 -0.1544575804442223926237589E-1 incoming = -0.12133255204176703608E-21 0.53090060969584235030E-22 (main) 0.17540142758722277523E-43 (total)
Solving for energy =  -0.8898378551261540859435684E-001 -0.1544575804442223926238025E-001

At energy = -0.8898378551261540859435684E-1 -0.1544575804442223926238025E-1 incoming = 0.74930338662117995390E-22 -0.32938903483404443574E-22 (main) 0.66995270147087282063E-44 (total)
Solving for energy =  -0.8898378551261540859435789E-001 -0.1544575804442223926237831E-001

At energy = -0.8898378551261540859435789E-1 -0.1544575804442223926237831E-1 incoming = -0.12165128574150303033E-22 0.52381193221195236708E-23 (main) 0.17542824725837008311E-45 (total)
Solving for energy =  -0.8898378551261540859435766E-001 -0.1544575804442223926237875E-001

At energy = -0.8898378551261540859435766E-1 -0.1544575804442223926237875E-1 incoming = 0.74611605050220560124E-23 -0.33647771169148888203E-23 (main) 0.66990641128215053311E-46 (total)
Solving for energy =  -0.8898378551261540859435776E-001 -0.1544575804442223926237855E-001

At energy = -0.8898378551261540859435776E-1 -0.1544575804442223926237855E-1 incoming = -0.12483862129361226398E-23 0.45292517425984526959E-24 (main) 0.17636093501273053413E-47 (total)
Solving for energy =  -0.8898378551261540859435774E-001 -0.1544575804442223926237860E-001

At energy = -0.8898378551261540859435774E-1 -0.1544575804442223926237860E-1 incoming = 0.71424268718459000622E-24 -0.40736448217250671817E-24 (main) 0.67608843753233863692E-48 (total)
On the linear search step 2 displacement is 0.306831544165E-26 function = 0.745783359047760154103089E-50
Solving for energy =  -0.8898378551261540859435765E-001 -0.1544575804442223926237858E-001

At energy = -0.8898378551261540859435765E-1 -0.1544575804442223926237858E-1 incoming = 0.32581895177823773681E-23 0.26143071394839326146E-23 (main) 0.17450400753343623067E-46 (total)
Solving for energy =  -0.8898378551261540859435785E-001 -0.1544575804442223926237858E-001

At energy = -0.8898378551261540859435785E-1 -0.1544575804442223926237858E-1 incoming = -0.35716134854046732906E-23 -0.26654956521308222271E-23 (main) 0.19861289960652835648E-46 (total)
Solving for energy =  -0.8898378551261540859435775E-001 -0.1544575804442223926237848E-001

At energy = -0.8898378551261540859435775E-1 -0.1544575804442223926237848E-1 incoming = -0.27966133684684757438E-23 0.33893072574415087543E-23 (main) 0.19308450018042276179E-46 (total)
Solving for energy =  -0.8898378551261540859435775E-001 -0.1544575804442223926237868E-001

At energy = -0.8898378551261540859435775E-1 -0.1544575804442223926237868E-1 incoming = 0.24831894263806446419E-23 -0.34404957578318552529E-23 (main) 0.18003240786947626961E-46 (total)
Solving for energy =  -0.8898378551261540859435775E-001 -0.1544575804442223926237858E-001

At energy = -0.8898378551261540859435775E-1 -0.1544575804442223926237858E-1 incoming = -0.15671198066189730007E-24 -0.25594233172196702196E-25 (main) 0.25213709654647647406E-49 (total)
Solving for energy =  -0.8898378551261540859435775E-001 -0.1544575804442223926237858E-001

At energy = -0.8898378551261540859435775E-1 -0.1544575804442223926237858E-1 incoming = -0.15671199274821064850E-24 -0.25594268579987920124E-25 (main) 0.25213715255259783749E-49 (total)
Solving for energy =  -0.8898378551261540859435775E-001 -0.1544575804442223926237858E-001

At energy = -0.8898378551261540859435775E-1 -0.1544575804442223926237858E-1 incoming = -0.15671201215440391217E-24 -0.25594261770797301292E-25 (main) 0.25213720989074135707E-49 (total)
Solving for energy =  -0.8898378551261540859435775E-001 -0.1544575804442223926237858E-001

At energy = -0.8898378551261540859435775E-1 -0.1544575804442223926237858E-1 incoming = -0.15671197129926019918E-24 -0.25594259047121053759E-25 (main) 0.25213708044671290311E-49 (total)
On the linear search step 3 displacement is 0.559957934228E-34 function = 0.252137080446712903106930E-49
Optimization of outgoing solution converged.
Solving for energy =  -0.8898378551261540859435775E-001 -0.1544575804442223926237858E-001

    Bound solutions for channel 1 (2)

    I                        eta  maxpt  stop                  Re[zeta1]                  Im[zeta1]                  Re[Psi-N]                  Im[Psi-N] 
   ---                      ----- -----  ----                 -----------                -----------                -----------                -----------
     1      0.000000000000000       110    93      3.437217025656119         0.1365509468445424        -0.2551696289849589E-017    0.1042960703817418E-017
     2     0.1008403361344538       110    93      3.437217025656119         0.1365509468445424        -0.2551696289849589E-017    0.1042960703817418E-017
     3     0.2016806722689076       110    93      3.437217025656119         0.1365509468445424        -0.2551696289849589E-017    0.1042960703817418E-017
     4     0.3025210084033613       110    93      3.437217025656119         0.1365509468445424        -0.2551696289849589E-017    0.1042960703817418E-017
     5     0.4033613445378151       110    93      3.437217025656119         0.1365509468445424        -0.2551696289849589E-017    0.1042960703817418E-017
     6     0.5042016806722689       110    93      3.437217025656119         0.1365509468445424        -0.2551696289849589E-017    0.1042960703817418E-017
     7     0.6050420168067227       110    93      3.437217025656119         0.1365509468445424        -0.2551696289849589E-017    0.1042960703817418E-017
     8     0.7058823529411765       110    93      3.437217025656119         0.1365509468445424        -0.2551696289849589E-017    0.1042960703817418E-017
     9     0.8067226890756303       110    93      3.437217025656119         0.1365509468445424        -0.2551696289849589E-017    0.1042960703817418E-017
    10     0.9075630252100840       110    93      3.437217025656119         0.1365509468445424        -0.2551696289849589E-017    0.1042960703817418E-017
    11      1.008403361344538       110    93      3.437217025656119         0.1365509468445424        -0.2551696289849589E-017    0.1042960703817418E-017
    12      1.109243697478992       110    93      3.437217025656119         0.1365509468445424        -0.2551696289849589E-017    0.1042960703817418E-017
    13      1.210084033613445       110    93      3.437217025656119         0.1365509468445424        -0.2551696289849589E-017    0.1042960703817418E-017
    14      1.310924369747899       110    93      3.437217025656119         0.1365509468445424        -0.2551696289849589E-017    0.1042960703817418E-017
    15      1.411764705882353       110    93      3.437217025656119         0.1365509468445424        -0.2551696289849589E-017    0.1042960703817418E-017
    16      1.512605042016807       110    93      3.437217025656119         0.1365509468445424        -0.2551696289849589E-017    0.1042960703817418E-017
    17      1.613445378151261       110    93      3.437217025656119         0.1365509468445424        -0.2551696289849589E-017    0.1042960703817418E-017
    18      1.714285714285714       110    93      3.437217025656119         0.1365509468445424        -0.2551696289849589E-017    0.1042960703817418E-017
    19      1.815126050420168       110    93      3.437217025656119         0.1365509468445424        -0.2551696289849589E-017    0.1042960703817418E-017
    20      1.915966386554622       110    93      3.437217025656119         0.1365509468445424        -0.2551696289849589E-017    0.1042960703817418E-017
    21      2.016806722689076       110    93      3.437217025656119         0.1365509468445424        -0.2551696289849589E-017    0.1042960703817418E-017
    22      2.117647058823529       110    93      3.437217025656119         0.1365509468445424        -0.2551696289849589E-017    0.1042960703817418E-017
    23      2.218487394957983       110    93      3.437217025656119         0.1365509468445424        -0.2551696289849589E-017    0.1042960703817418E-017
    24      2.319327731092437       110    93      3.437217025656119         0.1365509468445424        -0.2551696289849589E-017    0.1042960703817418E-017
    25      2.420168067226891       110    93      3.437217025656119         0.1365509468445424        -0.2551696289849589E-017    0.1042960703817418E-017
    26      2.521008403361345       110    93      3.437217025656119         0.1365509468445424        -0.2551696289849589E-017    0.1042960703817418E-017
    27      2.621848739495798       110    93      3.437217025656119         0.1365509468445424        -0.2551696289849589E-017    0.1042960703817418E-017
    28      2.722689075630252       110    93      3.437217025656119         0.1365509468445424        -0.2551696289849589E-017    0.1042960703817418E-017
    29      2.823529411764706       110    93      3.437217025656119         0.1365509468445424        -0.2551696289849589E-017    0.1042960703817418E-017
    30      2.924369747899160       110    93      3.437217025656119         0.1365509468445424        -0.2551696289849589E-017    0.1042960703817418E-017
    31      3.025210084033613       110    93      3.437217025656119         0.1365509468445424        -0.2551696289849589E-017    0.1042960703817418E-017
    32      3.126050420168067       110    93      3.437217025656119         0.1365509468445424        -0.2551696289849589E-017    0.1042960703817418E-017
    33      3.226890756302521       110    93      3.437217025656119         0.1365509468445424        -0.2551696289849589E-017    0.1042960703817418E-017
    34      3.327731092436975       110    93      3.437217025656119         0.1365509468445424        -0.2551696289849589E-017    0.1042960703817418E-017
    35      3.428571428571429       110    93      3.437217025656119         0.1365509468445424        -0.2551696289849589E-017    0.1042960703817418E-017
    36      3.529411764705882       110    93      3.437217025656119         0.1365509468445424        -0.2551696289849589E-017    0.1042960703817418E-017
    37      3.630252100840336       110    93      3.437217025656119         0.1365509468445424        -0.2551696289849589E-017    0.1042960703817418E-017
    38      3.731092436974790       110    93      3.437217025656119         0.1365509468445424        -0.2551696289849589E-017    0.1042960703817418E-017
    39      3.831932773109244       110    93      3.437217025656119         0.1365509468445424        -0.2551696289849589E-017    0.1042960703817418E-017
    40      3.932773109243697       110    93      3.437217025656119         0.1365509468445424        -0.2551696289849589E-017    0.1042960703817418E-017
    41      4.033613445378151       110    93      3.437217025656119         0.1365509468445424        -0.2551696289849589E-017    0.1042960703817418E-017
    42      4.134453781512605       110    93      3.437217025656119         0.1365509468445424        -0.2551696289849589E-017    0.1042960703817418E-017
    43      4.235294117647059       110    93      3.437217025656119         0.1365509468445424        -0.2551696289849589E-017    0.1042960703817418E-017
    44      4.336134453781513       110    93      3.437217025656119         0.1365509468445424        -0.2551696289849589E-017    0.1042960703817418E-017
    45      4.436974789915966       110    93      3.437217025656119         0.1365509468445424        -0.2551696289849589E-017    0.1042960703817418E-017
    46      4.537815126050420       110    93      3.437217025656119         0.1365509468445424        -0.2551696289849589E-017    0.1042960703817418E-017
    47      4.638655462184874       110    93      3.437217025656119         0.1365509468445424        -0.2551696289849589E-017    0.1042960703817418E-017
    48      4.739495798319328       110    93      3.437217025656119         0.1365509468445424        -0.2551696289849589E-017    0.1042960703817418E-017
    49      4.840336134453782       110    93      3.437217025656119         0.1365509468445424        -0.2551696289849589E-017    0.1042960703817418E-017
    50      4.941176470588235       110    93      3.437217025656119         0.1365509468445424        -0.2551696289849589E-017    0.1042960703817418E-017
    51      5.042016806722689       110    93      3.437217025656119         0.1365509468445424        -0.2551696289849589E-017    0.1042960703817418E-017
    52      5.142857142857143       110    93      3.437217025656119         0.1365509468445424        -0.2551696289849589E-017    0.1042960703817418E-017
    53      5.243697478991597       110    93      3.437217025656119         0.1365509468445424        -0.2551696289849589E-017    0.1042960703817418E-017
    54      5.344537815126050       110    93      3.437217025656119         0.1365509468445424        -0.2551696289849589E-017    0.1042960703817418E-017
    55      5.445378151260504       110    93      3.437217025656119         0.1365509468445424        -0.2551696289849589E-017    0.1042960703817418E-017
    56      5.546218487394958       110    93      3.437217025656119         0.1365509468445424        -0.2551696289849589E-017    0.1042960703817418E-017
    57      5.647058823529412       110    93      3.437217025656119         0.1365509468445424        -0.2551696289849589E-017    0.1042960703817418E-017
    58      5.747899159663866       110    93      3.437217025656119         0.1365509468445424        -0.2551696289849589E-017    0.1042960703817418E-017
    59      5.848739495798319       110    93      3.437217025656119         0.1365509468445424        -0.2551696289849589E-017    0.1042960703817418E-017
    60      5.949579831932773       110    93      3.437217025656119         0.1365509468445424        -0.2551696289849589E-017    0.1042960703817418E-017
    61      6.050420168067227       110    93      3.437217025656119         0.1365509468445424        -0.2551696289849589E-017    0.1042960703817418E-017
    62      6.151260504201681       110    93      3.437217025656119         0.1365509468445424        -0.2551696289849589E-017    0.1042960703817418E-017
    63      6.252100840336134       110    93      3.437217025656119         0.1365509468445424        -0.2551696289849589E-017    0.1042960703817418E-017
    64      6.352941176470588       110    93      3.437217025656119         0.1365509468445424        -0.2551696289849589E-017    0.1042960703817418E-017
    65      6.453781512605042       110    93      3.437217025656119         0.1365509468445424        -0.2551696289849589E-017    0.1042960703817418E-017
    66      6.554621848739496       110    93      3.437217025656119         0.1365509468445424        -0.2551696289849589E-017    0.1042960703817418E-017
    67      6.655462184873950       110    93      3.437217025656119         0.1365509468445424        -0.2551696289849589E-017    0.1042960703817418E-017
    68      6.756302521008403       110    93      3.437217025656119         0.1365509468445424        -0.2551696289849589E-017    0.1042960703817418E-017
    69      6.857142857142857       110    93      3.437217025656119         0.1365509468445424        -0.2551696289849589E-017    0.1042960703817418E-017
    70      6.957983193277311       110    93      3.437217025656119         0.1365509468445424        -0.2551696289849589E-017    0.1042960703817418E-017
    71      7.058823529411765       110    93      3.437217025656119         0.1365509468445424        -0.2551696289849589E-017    0.1042960703817418E-017
    72      7.159663865546218       110    93      3.437217025656119         0.1365509468445424        -0.2551696289849589E-017    0.1042960703817418E-017
    73      7.260504201680672       110    93      3.437217025656119         0.1365509468445424        -0.2551696289849589E-017    0.1042960703817418E-017
    74      7.361344537815126       110    93      3.437217025656119         0.1365509468445424        -0.2551696289849589E-017    0.1042960703817418E-017
    75      7.462184873949580       110    93      3.437217025656119         0.1365509468445424        -0.2551696289849589E-017    0.1042960703817418E-017
    76      7.563025210084034       110    93      3.437217025656119         0.1365509468445424        -0.2551696289849589E-017    0.1042960703817418E-017
    77      7.663865546218487       110    93      3.437217025656119         0.1365509468445424        -0.2551696289849589E-017    0.1042960703817418E-017
    78      7.764705882352941       110    93      3.437217025656119         0.1365509468445424        -0.2551696289849589E-017    0.1042960703817418E-017
    79      7.865546218487395       110    93      3.437217025656119         0.1365509468445424        -0.2551696289849589E-017    0.1042960703817418E-017
    80      7.966386554621849       110    93      3.437217025656119         0.1365509468445424        -0.2551696289849589E-017    0.1042960703817418E-017
    81      8.067226890756303       110    93      3.437217025656119         0.1365509468445424        -0.2551696289849589E-017    0.1042960703817418E-017
    82      8.168067226890756       110    93      3.437217025656119         0.1365509468445424        -0.2551696289849589E-017    0.1042960703817418E-017
    83      8.268907563025210       110    93      3.437217025656119         0.1365509468445424        -0.2551696289849589E-017    0.1042960703817418E-017
    84      8.369747899159664       110    93      3.437217025656119         0.1365509468445424        -0.2551696289849589E-017    0.1042960703817418E-017
    85      8.470588235294118       110    93      3.437217025656119         0.1365509468445424        -0.2551696289849589E-017    0.1042960703817418E-017
    86      8.571428571428571       110    93      3.437217025656119         0.1365509468445424        -0.2551696289849589E-017    0.1042960703817418E-017
    87      8.672268907563025       110    93      3.437217025656119         0.1365509468445424        -0.2551696289849589E-017    0.1042960703817418E-017
    88      8.773109243697479       110    93      3.437217025656119         0.1365509468445424        -0.2551696289849589E-017    0.1042960703817418E-017
    89      8.873949579831933       110    93      3.437217025656119         0.1365509468445424        -0.2551696289849589E-017    0.1042960703817418E-017
    90      8.974789915966387       110    93      3.437217025656119         0.1365509468445424        -0.2551696289849589E-017    0.1042960703817418E-017
    91      9.075630252100840       110    93      3.437217025656119         0.1365509468445424        -0.2551696289849589E-017    0.1042960703817418E-017
    92      9.176470588235294       110    93      3.437217025656119         0.1365509468445424        -0.2551696289849589E-017    0.1042960703817418E-017
    93      9.277310924369748       110    93      3.437217025656119         0.1365509468445424        -0.2551696289849589E-017    0.1042960703817418E-017
    94      9.378151260504202       110    93      3.437217025656119         0.1365509468445424        -0.2551696289849589E-017    0.1042960703817418E-017
    95      9.478991596638655       110    93      3.437217025656119         0.1365509468445424        -0.2551696289849589E-017    0.1042960703817418E-017
    96      9.579831932773109       110    93      3.437217025656119         0.1365509468445424        -0.2551696289849589E-017    0.1042960703817418E-017
    97      9.680672268907563       110    93      3.437217025656119         0.1365509468445424        -0.2551696289849589E-017    0.1042960703817418E-017
    98      9.781512605042017       110    93      3.437217025656119         0.1365509468445424        -0.2551696289849589E-017    0.1042960703817418E-017
    99      9.882352941176471       110    93      3.437217025656119         0.1365509468445424        -0.2551696289849589E-017    0.1042960703817418E-017
   100      9.983193277310924       110    93      3.437217025656119         0.1365509468445424        -0.2551696289849589E-017    0.1042960703817418E-017
   101      10.08403361344538       110    93      3.437217025656119         0.1365509468445424        -0.2551696289849589E-017    0.1042960703817418E-017
   102      10.18487394957983       110    93      3.437217025656119         0.1365509468445424        -0.2551696289849589E-017    0.1042960703817418E-017
   103      10.28571428571429       110    93      3.437217025656119         0.1365509468445424        -0.2551696289849589E-017    0.1042960703817418E-017
   104      10.38655462184874       110    93      3.437217025656119         0.1365509468445424        -0.2551696289849589E-017    0.1042960703817418E-017
   105      10.48739495798319       110    93      3.437217025656119         0.1365509468445424        -0.2551696289849589E-017    0.1042960703817418E-017
   106      10.58823529411765       110    93      3.437217025656119         0.1365509468445424        -0.2551696289849589E-017    0.1042960703817418E-017
   107      10.68907563025210       110    93      3.437217025656119         0.1365509468445424        -0.2551696289849589E-017    0.1042960703817418E-017
   108      10.78991596638655       110    93      3.437217025656119         0.1365509468445424        -0.2551696289849589E-017    0.1042960703817418E-017
   109      10.89075630252101       110    93      3.437217025656119         0.1365509468445424        -0.2551696289849589E-017    0.1042960703817418E-017
   110      10.99159663865546       110    93      3.437217025656119         0.1365509468445424        -0.2551696289849589E-017    0.1042960703817418E-017
   111      11.09243697478992       110    93      3.437217025656119         0.1365509468445424        -0.2551696289849589E-017    0.1042960703817418E-017
   112      11.19327731092437       110    93      3.437217025656119         0.1365509468445424        -0.2551696289849589E-017    0.1042960703817418E-017
   113      11.29411764705882       110    93      3.437217025656119         0.1365509468445424        -0.2551696289849589E-017    0.1042960703817418E-017
   114      11.39495798319328       110    93      3.437217025656119         0.1365509468445424        -0.2551696289849589E-017    0.1042960703817418E-017
   115      11.49579831932773       110    93      3.437217025656119         0.1365509468445424        -0.2551696289849589E-017    0.1042960703817418E-017
   116      11.59663865546218       110    93      3.437217025656119         0.1365509468445424        -0.2551696289849589E-017    0.1042960703817418E-017
   117      11.69747899159664       110    93      3.437217025656119         0.1365509468445424        -0.2551696289849589E-017    0.1042960703817418E-017
   118      11.79831932773109       110    93      3.437217025656119         0.1365509468445424        -0.2551696289849589E-017    0.1042960703817418E-017
   119      11.89915966386555       110    93      3.437217025656119         0.1365509468445424        -0.2551696289849589E-017    0.1042960703817418E-017
   120      12.00000000000000       110    93      3.437217025656119         0.1365509468445424        -0.2551696289849589E-017    0.1042960703817418E-017


    Overlaps of bound channel solutions

  IPT              ETA   I   J        Re[(I,J)]-delta(I,J)                  Im[(I,J)] 
 -----            ----- --- ---      ----------------------                -----------
     1       0.00000000   1   1     0.1925929944387236E-033   -0.4617973128314245E-035

    Asymptotic solutions at ETA =    12.000000    

  Chan          Outgoing                      Grad Outgoing                           Incoming                      Grad Incoming                          Wronskian                 
  ----          --------                      -------------                           --------                      -------------                          ---------                 
     1    0.82957713E-02  -0.28921162         5.7092652       0.15502869        0.56433117E-03   0.24753870E-01    0.48855195      -0.16142364E-01    0.37615819E-36   0.28284271    


    Asymptotic amplitudes

  Chan                Re[in/out]               Im[in/out]              Re[outgoing]             Im[outgoing]              Re[incoming]             Im[incoming]
  ----                ----------               ----------              ------------             ------------              ------------             ------------
     1    -0.51937759964898E-026    0.84553784260060E-025    -0.18814183435292          1.8649566785402         -0.15671197810845E-024   -0.25594271303664E-025

            Located solution at energy =   -0.8898378551261540859435774841594643E-001  -0.1544575804442223926237857839465041E-001
Outgoing amplitude in the main channel =   -0.1881418343529194437383192299372947         1.864956678540236166927431121725069     
Incoming amplitude in the main channel =   -0.1567119781084508180113086955237795E-024  -0.2559427130366416765662310119647595E-025


Using solutions to generate wavefunction for plotting


At energy = -0.8898378551261540859435775E-1 -0.1544575804442223926237858E-1 incoming = -0.15671197810845081801E-24 -0.25594271303664167657E-25 (main) 0.25213710806229135517E-49 (total)

Optimized solution (min) is at the energy =   -0.8898378551261540859435774841594643E-001  -0.1544575804442223926237857839465041E-001
   Outgoing amplitude in the main channel =   -0.1881418343529194437383192299372947         1.864956678540236166927431121725069     
   Incoming amplitude in the main channel =   -0.1567119781084508180113086955237795E-024  -0.2559427130366416765662310119647595E-025


              Timing data at 2022/09/23 20:29:03

                                                       Total time (seconds)           Self time (seconds)
 Timer                                   Calls         --------------------           -------------------
 -----                                   -----           Real           CPU            Real           CPU

 start                                      1.          698.9        1777.0             0.0           0.0
 Outgoing solution (min)                    1.          698.9        1777.0             0.0           0.0
 Solve single energy                      155.          698.9        1777.0             6.8          53.5
 Guess zeta1                              155.          186.5         186.9           186.5         186.9
 Bound solutions                          155.          497.2        1484.9           497.2        1484.9
 Continuum direction                      155.            7.9          45.6             0.0           0.0
 Continuum outbound                       155.            7.8          44.8             7.8          44.8

 (  5 timers contributing less than 1% are not shown)

