Version: Plain vanilla, built on balrog at Tue Aug 30 02:36:54 PM CEST 2022

Compiler: GCC version 12.1.1 20220721 [revision 4f15d2234608e82159d030dadb17af678cfad626]
Build flags: -cpp -I . -D_REENTRANT -D __BUILD_ID__="Plain vanilla, built on balrog at Tue Aug 30 02:36:54 PM CEST 2022" -mtune=generic -march=x86-64 -O -fopenmp -fpre-include=/usr/include/finclude/math-vector-fortran.h

  Integer kind = 4 (9 decimals)
     Real kind = 8 (15 decimals)
Aux. real kind = 8 (15 decimals)


    $Id: $
    $Id: accuracy.f90,v 1.45 2021/04/26 15:44:44 ps Exp $
    $Id: constants.f90,v 1.7 2021/04/26 15:44:44 ps Exp $
    $Id: $
    $Id: $
    $Id: $
    $Id: find_root.f90,v 1.15 2021/08/10 13:17:38 ps Exp ps $
    $Id: lapack.f90,v 1.10 2021/04/26 15:44:44 ps Exp $
    $Id: math.f90,v 1.13 2022/02/19 18:54:26 ps Exp $
    $Id: $
    $Id: sort_tools.f90,v 1.3 2021/04/26 15:44:44 ps Exp $
    $Id: timer.f90,v 1.5 2021/04/26 15:44:44 ps Exp $
    $Id: $
    $Id: $
    $Id: $
    $Id: $
    $Id: $
    $Id: $
    $Id: $
    $Id: $
    $Id: $
 ===== begin simulation parameters ===== 
&GT
 VERBOSE=1          ,
 COMMENT="Helium 1-electron model, 2c, minflux solution for F=0.15, M=0, NB=0, NC=0                                                                                                                                                                                      ",
 OMP_NUM_THREADS=0          ,
 TASK="minflux real                                                                                                                                                                                                                                                   ",
 BOUNDARY="asymptotic                                                                                                                                                                                                                                                     ",
 BOUNDARY_SOLUTION="incoming                                                                                                                                                                                                                                                       ",
 BOUNDARY_INDEX=1          ,
 BOUNDARY_PHASE=(1.0000000000000000,0.0000000000000000),
 OUTGOING_SOLVER="min                                                                                                                                                                                                                                                            ",
 MVAL=0          ,
 EFIELD= 0.14999999999999999     ,
 ZNUC=  1.0000000000000000     ,
 POTENTIAL="[Tong05] He                                                                                                                                                                                                                                                    ",
 POT_PARAM_REAL= 6*0.0000000000000000       ,
 POT_PARAM_INT= 3*0          ,
 ENERGY_SINGLE=(-0.50000000000000000,0.0000000000000000),
 ENERGY_GUESS=(-0.91347440000000002,0.0000000000000000),
 ENERGY_STEP=  1.0000000000000000E-002,
 ZETA_TOL= -1.0000000000000000     ,
 ZETA_STAB_COS= 0.90000000000000002     ,
 ENERGY_TOL=  1.0000000000000000E-010,
 WAVEFUNCTION_TOL= -10000.000000000000     ,
 BOUNDARY_TOL= -1.0000000000000000     ,
 XI_MAX=  6.0000000000000000     ,
 XI_NPTS=60         ,
 XI_MAXORDER=60         ,
 XI_NPTS_GUESS=120        ,
 ETA_MAX=  10.000000000000000     ,
 ETA_NPTS=100        ,
 ETA_MAXORDER=60         ,
 ETA_MAXORDER2=6          ,
 ETA_POINTS2=9          ,
 ETA_ORDER2=8          ,
 NONAD_POINTS=7          ,
 NONAD_ORDER=6          ,
 ASYMP_ORDER=200        ,
 BASE_CHANNEL=1          ,
 N_CHANNELS=2          ,
 MAIN_CHANNEL=1          ,
 FILE_BOUND="('ghe000-0_150-2c-minflux-dble-b-',i0,'.table')                                                                                                                                                                                                                ",
 FILE_CONTINUUM="('ghe000-0_150-2c-minflux-dble-c-',i0,'.table')                                                                                                                                                                                                                ",
 FILE_COUPLING="                                                                                                                                                                                                                                                               ",
 FILE_TOTAL_MODE="reverse outgoing                                                                                                                                                                                                                                               ",
 FILE_TOTAL="ghe000-0_150-2c-minflux-dble.table                                                                                                                                                                                                                             ",
 FOURIER_CENTRE= -1.0000000000000000     ,
 FOURIER_WIDTH= -1.0000000000000000     ,
 FILE_CARTESIAN="ghe000-0_150-2c-minflux-cartesian-dble.table                                                                                                                                                                                                                   ",
 CARTESIAN_DX= 0.25000000000000000     ,
 CARTESIAN_PHI=  0.0000000000000000     ,
 CARTESIAN_NPTS=-30        ,30         , 2*0          ,-80        ,40         ,
 
 CARTESIAN_REF= 2*0.0000000000000000       , 0.50000000000000000     ,
 CART_INTERP_POINTS=9          ,
 CART_LAPLACE_ORDER=3          ,
 FILE_BOHM="ghe000-0_150-2c-minflux-bohm-dble.table                                                                                                                                                                                                                        ",
 FILE_HUSIMI="                                                                                                                                                                                                                                                               ",
 HUSIMI_NDIM=1          ,
 HUSIMI_COORD=3          ,1          ,
 HUSIMI_WIDTH=  2.5066282746310002     ,
 HUSIMI_DETAIL=T,
 /
 ====== end simulation parameters ====== 

Helium 1-electron model, 2c, minflux solution for F=0.15, M=0, NB=0, NC=0

Asymptotic continuum solutions are used from point eta =     10.00000000000000     
Effective potential u = -r*v(r)-Q and its derivatives at the matching point:
   Order    o! (d^o/d x^o) u(x^2/2)
   -----    -----------------------
       0    -0.8715371474302437E-0011
       1     0.4182433850882450E-0010
       2    -0.9825593397623145E-0010
       3     0.1504517425994736E-0009
       4    -0.1686474803401270E-0009
       5     0.1473293715018383E-0009
       6    -0.1042410062213967E-0009
       7     0.6126554863841645E-0010
       8    -0.3042348935263969E-0010
       9     0.1290670099507550E-0010
      10    -0.4706074697671761E-0011
      11     0.1476126643607933E-0011
      12    -0.3959460891141221E-0012
      13     0.8922847559085166E-0013
      14    -0.1614835264593646E-0013
      15     0.2037393593709963E-0014
      16    -0.4903607320681624E-0016
      17    -0.6325061631138135E-0016
      18     0.2251293768250051E-0016
      19    -0.4919321327122112E-0017
      20     0.7713636713948294E-0018
      21    -0.7901758687506446E-0019
      22     0.1024006850464699E-0020
      23     0.1695320457350918E-0020
      24    -0.4483907628855041E-0021
      25     0.7025937665425434E-0022
      26    -0.6712501070743136E-0023
      27     0.3717563264669298E-0025
      28     0.1322879334785716E-0024
      29    -0.2943221291686547E-0025
      30     0.3455331883280287E-0026
      31    -0.8331567777235741E-0028
      32    -0.6293768406673259E-0028
      33     0.1635447494866597E-0028
      34    -0.2297626745334056E-0029
      35     0.1598293275721947E-0030
      36     0.1340019489589478E-0031
      37    -0.6570543216271293E-0032
      38     0.1307824742978620E-0032
      39    -0.1919680889086197E-0033
      40     0.2252609782191715E-0034
      41    -0.1710646513506397E-0035
      42    -0.1226804202774935E-0036
      43     0.9146869469687275E-0037
      44    -0.2384699733190169E-0037
      45     0.4113993624379818E-0038
      46    -0.4382883697412986E-0039
      47    -0.1480739446144061E-0043
      48     0.1212209614731774E-0040
      49    -0.3071633470012126E-0041
      50     0.4444673683755978E-0042
      51    -0.2974230719539090E-0043
      52    -0.3944925290016918E-0044
      53     0.1636536603938789E-0044
      54    -0.2798367790079784E-0045
      55     0.2465847305411962E-0046
      56     0.9464453517629706E-0048
      57    -0.7607174255406337E-0048
      58     0.1390729442982691E-0048
      59    -0.1299331163301207E-0049
      60    -0.1542328435657194E-0051
      61     0.3600324978719311E-0051
      62    -0.6723464876943749E-0052
      63     0.7702910307726227E-0053
      64     0.5425928697842651E-0055
      65     0.5336162674805642E-0055
      66     0.3491194463388294E-0055
      67     0.1445431426742453E-0056
      68    -0.1467337321709211E-0056
      69     0.4493444900898368E-0057
      70     0.1084430536935106E-0057
      71    -0.9555502582425066E-0059
      72     0.7559206348442636E-0060
      73     0.5645922519033205E-0060
      74     0.6857647097101617E-0061
      75     0.1405165520826448E-0062
      76    -0.1654130828106835E-0061
      77    -0.6488474184627829E-0062
      78    -0.1532575248859834E-0062
      79    -0.1130387026593335E-0063
      80    -0.1245694257514057E-0063
      81    -0.1408060185764889E-0064
      82    -0.4245891988289296E-0066
      83     0.3098931799948555E-0066
      84     0.7881650530802296E-0067
      85     0.6288360196245102E-0067
      86     0.1144734637297509E-0067
      87     0.5629230766482608E-0069
      88     0.7965851980345128E-0070
      89     0.3585109639923310E-0070
      90    -0.5264654558693378E-0071
      91    -0.7536166153091861E-0071
      92    -0.2029580484424550E-0071
      93    -0.1658043635232993E-0072
      94    -0.3589236570937898E-0073
      95    -0.3906166846093845E-0074
      96     0.9143513263902896E-0075
      97     0.3108704913902503E-0075
      98     0.1481002878372407E-0075
      99     0.1388714290028766E-0076
     100     0.5793972530791472E-0077
     101     0.6618308823995099E-0078
     102     0.6833162903271745E-0079
     103    -0.2042622688381104E-0079
     104    -0.2195802945884517E-0080
     105    -0.1809073137265408E-0081
     106    -0.1226970007171561E-0081
     107    -0.3833006213360254E-0082
     108    -0.1382169615741381E-0083
     109     0.2179744946435777E-0084
     110    -0.1162989466698051E-0084
     111    -0.7731964461714829E-0086
     112     0.2102299059518550E-0086
     113    -0.9407205587333201E-0088
     114    -0.1982971648682406E-0087
     115     0.2958311552754659E-0088
     116    -0.2822099826735839E-0089
     117    -0.1376037716655289E-0089
     118    -0.2175102265924106E-0090
     119    -0.1018238132776441E-0091
     120    -0.1011834601699854E-0091
     121    -0.4220926194504744E-0093
     122    -0.7487120281445639E-0094
     123     0.5515970644091402E-0095
     124    -0.1449420164568788E-0095
     125    -0.3458361475751640E-0096
     126     0.3907270366187044E-0097
     127    -0.4196313308081142E-0098
     128    -0.1109069830915011E-0098
     129    -0.1475208014497863E-0099
     130     0.9704111111182905E-0100
     131     0.5840393657477227E-0101
     132     0.1812499073148836E-0101
     133    -0.1641981570322017E-0102
     134    -0.3960388357090985E-0103
     135    -0.2106246370472273E-0103
     136    -0.1107887779531308E-0104
     137     0.8392268289277821E-0106
     138    -0.5938934817080529E-0106
     139     0.6892040162540246E-0107
     140    -0.2519862060670028E-0108
     141     0.1474883105162879E-0108
     142    -0.1545256769963768E-0109
     143    -0.1093166334637109E-0110
     144     0.6102449241609619E-0113
     145    -0.5283553696699094E-0112
     146    -0.6532356213223612E-0113
     147    -0.4318378127121783E-0114
     148     0.7174519221984495E-0115
     149    -0.1056223620414261E-0115
     150    -0.2815657467129348E-0116
     151    -0.1542111122548703E-0117
     152    -0.8168275615618258E-0118
     153    -0.6876639688301748E-0120
     154    -0.1358422180294693E-0121
     155     0.1661197078857832E-0120
     156    -0.1385540766545536E-0121
     157     0.1328362139934020E-0122
     158     0.4316097307757830E-0123
     159     0.3822057721693643E-0124
     160     0.4086702262982698E-0126
     161     0.5514149831813871E-0126
     162     0.1021045329586578E-0126
     163    -0.2161913977196761E-0127
     164     0.1517837460834331E-0128
     165     0.5937673178219093E-0130
     166    -0.5531651366941316E-0130
     167     0.1172395177035679E-0131
     168    -0.1335067401595849E-0131
     169     0.4785296891656883E-0133
     170    -0.2315918568058881E-0134
     171     0.2822410887805635E-0135
     172    -0.2682221811775038E-0136
     173     0.6391587543209753E-0137
     174     0.4694887718462402E-0137
     175     0.4806470757094412E-0140
     176     0.1771221729773933E-0139
     177     0.2114933082222347E-0140
     178     0.9594334390700576E-0141
     179    -0.7202102467018228E-0142
     180    -0.1466717053502083E-0142
     181    -0.6463117781271426E-0144
     182     0.4742804844115240E-0144
     183    -0.3417575422675554E-0145
     184    -0.3378792537571198E-0146
     185    -0.2277640878023877E-0147
     186    -0.1422634252735322E-0148
     187    -0.6074455555787075E-0148
     188    -0.2607244208765031E-0148
     189    -0.1422356644206876E-0148
     190    -0.6832073123134456E-0149
     191    -0.3138261442609497E-0149
     192    -0.1344694282359399E-0149
     193    -0.5431758342455562E-0150
     194    -0.2071428934630134E-0150
     195    -0.7477756784773328E-0151
     196    -0.2560513571231414E-0151
     197    -0.8333365386146258E-0152
     198    -0.2582431630280035E-0152
     199    -0.7632616406056286E-0153
     200    -0.2154846583713660E-0153

Max =     0.1686474803401270E-0009


WARNING: Short-range potential is not negligible at the asymptotic matching point.
WARNING: Diagnostic =     0.1686474803401270E-0009

Solving for energy =  -0.9134744000000000196948235        0.000000000000000000000000     

 Refined boundary conditions:

 Chann                                  Re[Ci]                                 Im[Ci]
 -----                                  ------                                 ------
     1         0.999619167370645156367459              0.00000000000000000000000     
     2        -0.275956559120835026588381E-001        0.817282441852196959818491E-022


At energy = -.9134744000000000196948235 .000000000000000000000000 incoming = -.36920715024712047296E-2 0.76628413067255166102E-2 (main) 0.72351101654767610376E-4 (total)
Solving for energy =  -0.9134743999000000114207864        0.000000000000000000000000     

 Refined boundary conditions:

 Chann                                  Re[Ci]                                 Im[Ci]
 -----                                  ------                                 ------
     1         0.999619167370635608449447              0.00000000000000000000000     
     2        -0.275956559124349992684344E-001        0.515088312018187305603803E-023


At energy = -.9134743999000000114207864 .000000000000000000000000 incoming = -.36920654366907374073E-2 0.76628417402733479263E-2 (main) 0.72351063508479832530E-4 (total)
Solving for energy =  -0.9134744001000000279688606        0.000000000000000000000000     

 Refined boundary conditions:

 Chann                                  Re[Ci]                                 Im[Ci]
 -----                                  ------                                 ------
     1         0.999619167370654926330076              0.00000000000000000000000     
     2        -0.275956559117307327622104E-001        0.526934578567599735298167E-023


At energy = -.9134744001000000279688606 .000000000000000000000000 incoming = -.36920775683007434759E-2 0.76628408731742930424E-2 (main) 0.72351139801441974059E-4 (total)
Solving for energy =  -0.9134744000000000196948235        0.000000000000000000000000     

 Refined boundary conditions:

 Chann                                  Re[Ci]                                 Im[Ci]
 -----                                  ------                                 ------
     1         0.999619167370645156367459              0.00000000000000000000000     
     2        -0.275956559120835026588381E-001        0.817282441852196959818491E-022


At energy = -.9134744000000000196948235 .000000000000000000000000 incoming = -.36920715024712047296E-2 0.76628413067255166102E-2 (main) 0.72351101654767610376E-4 (total)
Solving for energy =  -0.9096547398874987866435049        0.000000000000000000000000     

 Refined boundary conditions:

 Chann                                  Re[Ci]                                 Im[Ci]
 -----                                  ------                                 ------
     1         0.999618786000419090598257              0.00000000000000000000000     
     2        -0.276094671272079303370184E-001       -0.592261137196811980380133E-023


At energy = -.9096547398874987866435049 .000000000000000000000000 incoming = 0.21993213260151089905 0.22524557551537250505E-1 (main) 0.48877531753979193418E-1 (total)
Solving for energy =  -0.9196547398874993506368014        0.000000000000000000000000     

 Refined boundary conditions:

 Chann                                  Re[Ci]                                 Im[Ci]
 -----                                  ------                                 ------
     1         0.999619797087231365395610              0.00000000000000000000000     
     2        -0.275728357497485795923886E-001       -0.539388511983594890615143E-023


At energy = -.9196547398874993506368014 .000000000000000000000000 incoming = -0.40076522065623115809 -.23913309699736751829E-1 (main) 0.16118482587529614491 (total)
Solving for energy =  -0.9132091913170844454938901        0.000000000000000000000000     

 Refined boundary conditions:

 Chann                                  Re[Ci]                                 Im[Ci]
 -----                                  ------                                 ------
     1         0.999619140587928112218208              0.00000000000000000000000     
     2        -0.275966260664603675600848E-001        0.152565688053776138568764E-022


At energy = -.9132091913170844454938901 .000000000000000000000000 incoming = 0.12355333901850666656E-1 0.88042366375451486249E-2 (main) 0.23017462568943056005E-3 (total)
Solving for energy =  -0.9134137230789675099273950        0.000000000000000000000000     

 Refined boundary conditions:

 Chann                                  Re[Ci]                                 Im[Ci]
 -----                                  ------                                 ------
     1         0.999619161252315202581542              0.00000000000000000000000     
     2        -0.275958775402783511310201E-001        0.982174574155627438021053E-023


At energy = -.9134137230789675099273950 .000000000000000000000000 incoming = -.13594994385861850652E-4 0.79254655735139355882E-2 (main) 0.62813781103770080483E-4 (total)
Solving for energy =  -0.9134226938462753908609670        0.000000000000000000000000     

 Refined boundary conditions:

 Chann                                  Re[Ci]                                 Im[Ci]
 -----                                  ------                                 ------
     1         0.999619162157004415014683              0.00000000000000000000000     
     2        -0.275958447692482740365438E-001        0.436749225175495913438134E-023


At energy = -.9134226938462753908609670 .000000000000000000000000 incoming = -.55717703560301723355E-3 0.78866934716956983015E-2 (main) 0.62510952889801687572E-4 (total)
Solving for energy =  -0.9134227791739801816106592        0.000000000000000000000000     

 Refined boundary conditions:

 Chann                                  Re[Ci]                                 Im[Ci]
 -----                                  ------                                 ------
     1         0.999619162165609309589343              0.00000000000000000000000     
     2        -0.275958444575481048888221E-001        0.868030299151909946633516E-023


At energy = -.9134227791739801816106592 .000000000000000000000000 incoming = -.56234788840388706503E-3 0.78863245886264827372E-2 (main) 0.62510923239544042402E-4 (total)
Solving for energy =  -0.9134227835516830484863249        0.000000000000000000000000     

 Refined boundary conditions:

 Chann                                  Re[Ci]                                 Im[Ci]
 -----                                  ------                                 ------
     1         0.999619162166052177553865              0.00000000000000000000000     
     2        -0.275958444415088204049180E-001        0.994883567425854962140097E-023


At energy = -.9134227835516830484863249 .000000000000000000000000 incoming = -.56261317714230863613E-3 0.78863056631824478976E-2 (main) 0.62510923167361805543E-4 (total)
Solving for energy =  -0.9134279451965147123004840        0.000000000000000000000000     

 Refined boundary conditions:

 Chann                                  Re[Ci]                                 Im[Ci]
 -----                                  ------                                 ------
     1         0.999619162686571693932081              0.00000000000000000000000     
     2        -0.275958255864376424126849E-001        0.368037288768602098335643E-024


At energy = -.9134279451965147123004840 .000000000000000000000000 incoming = -.87542378023106905399E-3 0.78639879358450761465E-2 (main) 0.62609237620130138847E-4 (total)
Solving for energy =  -0.9134232997161662037655105        0.000000000000000000000000     

 Refined boundary conditions:

 Chann                                  Re[Ci]                                 Im[Ci]
 -----                                  ------                                 ------
     1         0.999619162218104428951904              0.00000000000000000000000     
     2        -0.275958425559886637301599E-001        0.269377957433490221736319E-023


At energy = -.9134232997161662037655105 .000000000000000000000000 incoming = -.59389288527869708162E-3 0.78840741774642425499E-2 (main) 0.62511906069866052401E-4 (total)
Solving for energy =  -0.9134228351681313862187039        0.000000000000000000000000     

 Refined boundary conditions:

 Chann                                  Re[Ci]                                 Im[Ci]
 -----                                  ------                                 ------
     1         0.999619162171256570026401              0.00000000000000000000000     
     2        -0.275958442529878958393574E-001        0.558729041293780663375725E-023


At energy = -.9134228351681313862187039 .000000000000000000000000 incoming = -.56574113441703146373E-3 0.78860825174819505073E-2 (main) 0.62510932980668968404E-4 (total)
Solving for energy =  -0.9134227887133278267484116        0.000000000000000000000000     

 Refined boundary conditions:

 Chann                                  Re[Ci]                                 Im[Ci]
 -----                                  ------                                 ------
     1         0.999619162166572317040902              0.00000000000000000000000     
     2        -0.275958444226691856915323E-001        0.108109357363203370436829E-024


At energy = -.9134227887133278267484116 .000000000000000000000000 incoming = -.56292597273702616335E-3 0.78862833486409763400E-2 (main) 0.62510923263930568187E-4 (total)
Solving for energy =  -0.9134227840678474930058428        0.000000000000000000000000     

 Refined boundary conditions:

 Chann                                  Re[Ci]                                 Im[Ci]
 -----                                  ------                                 ------
     1         0.999619162166103913946813              0.00000000000000000000000     
     2        -0.275958444396300489609430E-001        0.682511200989632925216187E-023


At energy = -.9134227840678474930058428 .000000000000000000000000 incoming = -.56264445681001749519E-3 0.78863034317208993706E-2 (main) 0.62510923168172070484E-4 (total)
Solving for energy =  -0.9134227831139127840032188        0.000000000000000000000000     

 Refined boundary conditions:

 Chann                                  Re[Ci]                                 Im[Ci]
 -----                                  ------                                 ------
     1         0.999619162166007657610578              0.00000000000000000000000     
     2        -0.275958444431210862812787E-001        0.179290879186588038502430E-022


At energy = -.9134227831139127840032188 .000000000000000000000000 incoming = -.56258664820913839404E-3 0.78863075557311680674E-2 (main) 0.62510923168211386365E-4 (total)
Solving for energy =  -0.9134227836032994263248952        0.000000000000000000000000     

 Refined boundary conditions:

 Chann                                  Re[Ci]                                 Im[Ci]
 -----                                  ------                                 ------
     1         0.999619162166056174356754              0.00000000000000000000000     
     2        -0.275958444413595266331285E-001        0.639101178863092312988656E-023


At energy = -.9134227836032994263248952 .000000000000000000000000 incoming = -.56261630520936683521E-3 0.78863054400293772228E-2 (main) 0.62510923167354663361E-4 (total)
Solving for energy =  -0.9134227836497542662996807        0.000000000000000000000000     

 Refined boundary conditions:

 Chann                                  Re[Ci]                                 Im[Ci]
 -----                                  ------                                 ------
     1         0.999619162166061725471877              0.00000000000000000000000     
     2        -0.275958444411626736825216E-001        0.869090285129732459311976E-023


At energy = -.9134227836497542662996807 .000000000000000000000000 incoming = -.56261912021555917501E-3 0.78863052392091938236E-2 (main) 0.62510923167360626473E-4 (total)
Solving for energy =  -0.9134227835981377774388079        0.000000000000000000000000     

 Refined boundary conditions:

 Chann                                  Re[Ci]                                 Im[Ci]
 -----                                  ------                                 ------
     1         0.999619162166056174356754              0.00000000000000000000000     
     2        -0.275958444413648418258589E-001        0.266876433914744812300882E-022


At energy = -.9134227835981377774388079 .000000000000000000000000 incoming = -.56261599224374510102E-3 0.78863054623557471423E-2 (main) 0.62510923167349676031E-4 (total)
Solving for energy =  -0.9134227835934923822591713        0.000000000000000000000000     

 Refined boundary conditions:

 Chann                                  Re[Ci]                                 Im[Ci]
 -----                                  ------                                 ------
     1         0.999619162166054842089125              0.00000000000000000000000     
     2        -0.275958444414073911232776E-001        0.349331335372611511588991E-022


At energy = -.9134227835934923822591713 .000000000000000000000000 incoming = -.56261571081588069004E-3 0.78863054824325796999E-2 (main) 0.62510923167353009953E-4 (total)
On the linear search step 1 displacement is 0.5161640135E-4 function = 0.6251092317E-4
Solving for energy =  -0.9134227834986540228712215        0.000000000000000000000000     

 Refined boundary conditions:

 Chann                                  Re[Ci]                                 Im[Ci]
 -----                                  ------                                 ------
     1         0.999619162166045738260323              0.00000000000000000000000     
     2        -0.275958444417349832433750E-001        0.242597100415743227500820E-022


At energy = -.9134227834986540228712215 .000000000000000000000000 incoming = -.56260996350878875183E-3 0.78863058924397693578E-2 (main) 0.62510923167386742193E-4 (total)
Solving for energy =  -0.9134227836986540394192957        0.000000000000000000000000     

 Refined boundary conditions:

 Chann                                  Re[Ci]                                 Im[Ci]
 -----                                  ------                                 ------
     1         0.999619162166065500230161              0.00000000000000000000000     
     2        -0.275958444410210890218593E-001        0.288399661918067283832799E-023


At energy = -.9134227836986540394192957 .000000000000000000000000 incoming = -.56262208359748140316E-3 0.78863050278043574787E-2 (main) 0.62510923167390875714E-4 (total)
Solving for energy =  -0.9134227835986540311452586        0.000000000000000000000000     

 Refined boundary conditions:

 Chann                                  Re[Ci]                                 Im[Ci]
 -----                                  ------                                 ------
     1         0.999619162166056396401359              0.00000000000000000000000     
     2        -0.275958444413555541163685E-001        0.416484647884066635182509E-022


At energy = -.9134227835986540311452586 .000000000000000000000000 incoming = -.56261602354860853342E-3 0.78863054601225491408E-2 (main) 0.62510923167349947082E-4 (total)
Solving for energy =  -0.9134030678875194597665654        0.000000000000000000000000     

 Refined boundary conditions:

 Chann                                  Re[Ci]                                 Im[Ci]
 -----                                  ------                                 ------
     1         0.999619160177681154166862              0.00000000000000000000000     
     2        -0.275959164672530642137271E-001        0.377624773851208090529628E-022


At energy = -.9134030678875194597665654 .000000000000000000000000 incoming = 0.63193650659863461264E-3 0.79714928126641410033E-2 (main) 0.63944664672137312622E-4 (total)
Solving for energy =  -0.9134546842893821461117909        0.000000000000000000000000     

 Refined boundary conditions:

 Chann                                  Re[Ci]                                 Im[Ci]
 -----                                  ------                                 ------
     1         0.999619165382811813991282              0.00000000000000000000000     
     2        -0.275957279188385889989732E-001        0.284623312897196106996038E-023


At energy = -.9134546842893821461117909 .000000000000000000000000 incoming = -.24963711730982608185E-2 0.77482723274356251134E-2 (main) 0.66268146300087018056E-4 (total)
Solving for energy =  -0.9134227776954534361308902        0.000000000000000000000000     

 Refined boundary conditions:

 Chann                                  Re[Ci]                                 Im[Ci]
 -----                                  ------                                 ------
     1         0.999619162165460983793253              0.00000000000000000000000     
     2        -0.275958444629223823008068E-001        0.206637016555637204187641E-023


At energy = -.9134227776954534361308902 .000000000000000000000000 incoming = -.56225828974535286935E-3 0.78863309805081386467E-2 (main) 0.62510923295874457452E-4 (total)
Solving for energy =  -0.9134259736677268204374514        0.000000000000000000000000     

 Refined boundary conditions:

 Chann                                  Re[Ci]                                 Im[Ci]
 -----                                  ------                                 ------
     1         0.999619162487756840462794              0.00000000000000000000000     
     2        -0.275958327882210412151931E-001        0.275517374960075589244038E-023


At energy = -.9134259736677268204374514 .000000000000000000000000 incoming = -.75593988776102686872E-3 0.78725131112970213321E-2 (main) 0.62548475185370677873E-4 (total)
Solving for energy =  -0.9134231026055613655856291        0.000000000000000000000000     

 Refined boundary conditions:

 Chann                                  Re[Ci]                                 Im[Ci]
 -----                                  ------                                 ------
     1         0.999619162198226662852107              0.00000000000000000000000     
     2        -0.275958432760334375355438E-001        0.842950469704185838283777E-024


At energy = -.9134231026055613655856291 .000000000000000000000000 incoming = -.58194789353510135467E-3 0.78849263348656217776E-2 (main) 0.62511298670216866136E-4 (total)
Solving for energy =  -0.9134228154993447867937562        0.000000000000000000000000     

 Refined boundary conditions:

 Chann                                  Re[Ci]                                 Im[Ci]
 -----                                  ------                                 ------
     1         0.999619162169273378637513              0.00000000000000000000000     
     2        -0.275958443248217645538123E-001        0.781051162190217470176689E-023


At energy = -.9134228154993447867937562 .000000000000000000000000 incoming = -.56454920536357794131E-3 0.78861675486944417951E-2 (main) 0.62510926922650637176E-4 (total)
Solving for energy =  -0.9134227867887231289145689        0.000000000000000000000000     

 Refined boundary conditions:

 Chann                                  Re[Ci]                                 Im[Ci]
 -----                                  ------                                 ------
     1         0.999619162166377694944686              0.00000000000000000000000     
     2        -0.275958444297177210580152E-001        0.231550878996370147736333E-023


At energy = -.9134227867887231289145689 .000000000000000000000000 incoming = -.56280934168583820424E-3 0.78862916689901516043E-2 (main) 0.62510923204935617877E-4 (total)
Solving for energy =  -0.9134227830083340160527428        0.000000000000000000000000     

 Refined boundary conditions:

 Chann                                  Re[Ci]                                 Im[Ci]
 -----                                  ------                                 ------
     1         0.999619162165996555380332              0.00000000000000000000000     
     2        -0.275958444435240382586194E-001        0.491568646943185341544771E-023


At energy = -.9134227830083340160527428 .000000000000000000000000 incoming = -.56258025019403651995E-3 0.78863080121594295729E-2 (main) 0.62510923168633046143E-4 (total)
Solving for energy =  -0.9134227839176609631266501        0.000000000000000000000000     

 Refined boundary conditions:

 Chann                                  Re[Ci]                                 Im[Ci]
 -----                                  ------                                 ------
     1         0.999619162166089259002888              0.00000000000000000000000     
     2        -0.275958444401620331398739E-001        0.788040935304370846811827E-023


At energy = -.9134227839176609631266501 .000000000000000000000000 incoming = -.56263535541255021641E-3 0.78863040810058463587E-2 (main) 0.62510923167730854410E-4 (total)
Solving for energy =  -0.9134227835396220296360070        0.000000000000000000000000     

 Refined boundary conditions:

 Chann                                  Re[Ci]                                 Im[Ci]
 -----                                  ------                                 ------
     1         0.999619162166050179152421              0.00000000000000000000000     
     2        -0.275958444415761831869371E-001        0.106642736443733561438733E-022


At energy = -.9134227835396220296360070 .000000000000000000000000 incoming = -.56261244625435984004E-3 0.78863057153233401958E-2 (main) 0.62510923167364366971E-4 (total)
Solving for energy =  -0.9134227836305547354456280        0.000000000000000000000000     

 Refined boundary conditions:

 Chann                                  Re[Ci]                                 Im[Ci]
 -----                                  ------                                 ------
     1         0.999619162166059505025828              0.00000000000000000000000     
     2        -0.275958444412420476898884E-001        0.256153132577251498459888E-022


At energy = -.9134227836305547354456280 .000000000000000000000000 incoming = -.56261795681232604910E-3 0.78863053222053801361E-2 (main) 0.62510923167358566489E-4 (total)
Solving for energy =  -0.9134227835927508643010242        0.000000000000000000000000     

 Refined boundary conditions:

 Chann                                  Re[Ci]                                 Im[Ci]
 -----                                  ------                                 ------
     1         0.999619162166054620044520              0.00000000000000000000000     
     2        -0.275958444414163735214363E-001        0.434031738079725777763399E-024


At energy = -.9134227835927508643010242 .000000000000000000000000 incoming = -.56261566581784143264E-3 0.78863054856426195727E-2 (main) 0.62510923167351112599E-4 (total)
On the linear search step 2 displacement is 0.3190114839E-11 function = 0.6251092317E-4
Optimization of outgoing solution converged.
Solving for energy =  -0.9134227836018441459842165        0.000000000000000000000000     

    Bound solutions for channel 1 (1)

    I                        eta  maxpt  stop                  Re[zeta1]                  Im[zeta1]                  Re[Psi-N]                  Im[Psi-N] 
   ---                      ----- -----  ----                 -----------                -----------                -----------                -----------
     1      0.000000000000000        49    46     0.3576458700894096          0.000000000000000         0.2724401926269563E-008     0.000000000000000     
     2     0.1010101010101010        49    46     0.3855542420798015          0.000000000000000         0.2776941862365607E-008     0.000000000000000     
     3     0.2020202020202020        49    47     0.4675227586015269          0.000000000000000         0.1542954125621949E-009     0.000000000000000     
     4     0.3030303030303030        49    46     0.5984550384688944          0.000000000000000         0.3585248383487204E-008     0.000000000000000     
     5     0.4040404040404040        49    47     0.7704124572741421          0.000000000000000         0.3988555965928077E-009     0.000000000000000     
     6     0.5050505050505051        49    46     0.9733710727379399          0.000000000000000         0.4656476011925607E-008     0.000000000000000     
     7     0.6060606060606061        49    46      1.196140963354246          0.000000000000000         0.2812992212650333E-008     0.000000000000000     
     8     0.7070707070707071        49    46      1.427333623745972          0.000000000000000         0.4738493463240374E-008     0.000000000000000     
     9     0.8080808080808081        49    47      1.656263407590053          0.000000000000000        -0.8635484322886363E-008     0.000000000000000     
    10     0.9090909090909091        49    46      1.873686930034154          0.000000000000000         0.3535842205130557E-008     0.000000000000000     
    11      1.010101010101010        49    46      2.072316164787487          0.000000000000000         0.2568981118535294E-008     0.000000000000000     
    12      1.111111111111111        49    46      2.247079867157449          0.000000000000000         0.2949309549172251E-008     0.000000000000000     
    13      1.212121212121212        49    46      2.395145511214421          0.000000000000000         0.4093897220222868E-008     0.000000000000000     
    14      1.313131313131313        50    47      2.515742685586385          0.000000000000000        -0.3269103265237758E-008     0.000000000000000     
    15      1.414141414141414        50    46      2.609844734802205          0.000000000000000         0.4639597011282673E-008     0.000000000000000     
    16      1.515151515151515        50    47      2.679768542277956          0.000000000000000        -0.1127335672112167E-009     0.000000000000000     
    17      1.616161616161616        50    46      2.728746199100521          0.000000000000000         0.5538797664096235E-008     0.000000000000000     
    18      1.717171717171717        50    46      2.760511466818097          0.000000000000000         0.5081049260855392E-008     0.000000000000000     
    19      1.818181818181818        50    46      2.778932115164692          0.000000000000000         0.4510462363486440E-008     0.000000000000000     
    20      1.919191919191919        50    47      2.787708350066095          0.000000000000000         0.5562058929395566E-008     0.000000000000000     
    21      2.020202020202020        50    46      2.790148138878542          0.000000000000000         0.5124944963882172E-008     0.000000000000000     
    22      2.121212121212121        50    47      2.789022126660261          0.000000000000000         0.5450907226751489E-008     0.000000000000000     
    23      2.222222222222222        50    47      2.786493880030215          0.000000000000000         0.5108169852982160E-008     0.000000000000000     
    24      2.323232323232323        50    46      2.784115543487405          0.000000000000000         0.5819799477708720E-008     0.000000000000000     
    25      2.424242424242424        50    47      2.782874991496092          0.000000000000000        -0.1214099435331801E-007     0.000000000000000     
    26      2.525252525252525        50    47      2.783278505254411          0.000000000000000         0.1034537719318782E-007     0.000000000000000     
    27      2.626262626262626        50    47      2.785452947075760          0.000000000000000         0.3700875745111430E-008     0.000000000000000     
    28      2.727272727272727        50    47      2.789253088857078          0.000000000000000         0.2319160947597240E-008     0.000000000000000     
    29      2.828282828282828        50    47      2.794362668635577          0.000000000000000         0.1711937844116818E-008     0.000000000000000     
    30      2.929292929292929        50    47      2.800381282049573          0.000000000000000         0.4585259185001603E-008     0.000000000000000     
    31      3.030303030303030        50    47      2.806892771938597          0.000000000000000        -0.5459086338029471E-008     0.000000000000000     
    32      3.131313131313131        50    47      2.813513897912695          0.000000000000000         0.1070873205025548E-007     0.000000000000000     
    33      3.232323232323232        50    47      2.819924466675654          0.000000000000000         0.6091119679049595E-009     0.000000000000000     
    34      3.333333333333333        50    47      2.825881680660927          0.000000000000000         0.5132948602569487E-008     0.000000000000000     
    35      3.434343434343434        50    47      2.831222259487691          0.000000000000000         0.1925576116484819E-008     0.000000000000000     
    36      3.535353535353535        50    47      2.835856043037073          0.000000000000000        -0.3469346145509728E-008     0.000000000000000     
    37      3.636363636363636        50    46      2.839754478068713          0.000000000000000         0.4654438771727854E-008     0.000000000000000     
    38      3.737373737373737        50    47      2.842936806854985          0.000000000000000        -0.4112865153460953E-009     0.000000000000000     
    39      3.838383838383838        50    47      2.845456076355653          0.000000000000000         0.1462191028172020E-007     0.000000000000000     
    40      3.939393939393939        50    47      2.847386391248467          0.000000000000000         0.1347689662144639E-009     0.000000000000000     
    41      4.040404040404041        50    47      2.848812222820995          0.000000000000000         0.5604783294913695E-008     0.000000000000000     
    42      4.141414141414141        50    46      2.849820099453286          0.000000000000000         0.4612412780958109E-008     0.000000000000000     
    43      4.242424242424242        50    46      2.850492654401040          0.000000000000000         0.4802120226862987E-008     0.000000000000000     
    44      4.343434343434343        50    47      2.850904783491921          0.000000000000000        -0.6083538595739819E-009     0.000000000000000     
    45      4.444444444444445        50    47      2.851121548029724          0.000000000000000         0.1319602028680956E-007     0.000000000000000     
    46      4.545454545454545        50    47      2.851197420794602          0.000000000000000        -0.2077152781363673E-008     0.000000000000000     
    47      4.646464646464646        50    46      2.851176489976826          0.000000000000000         0.4401407412289879E-008     0.000000000000000     
    48      4.747474747474747        50    47      2.851093285008658          0.000000000000000        -0.9901861893379260E-008     0.000000000000000     
    49      4.848484848484849        50    47      2.850973952190464          0.000000000000000        -0.2479085701747470E-008     0.000000000000000     
    50      4.949494949494950        50    47      2.850837574416348          0.000000000000000         0.6963176686152438E-008     0.000000000000000     
    51      5.050505050505050        50    46      2.850697490399045          0.000000000000000         0.7038898399910229E-008     0.000000000000000     
    52      5.151515151515151        50    47      2.850562520434729          0.000000000000000        -0.5426400587932504E-009     0.000000000000000     
    53      5.252525252525253        50    47      2.850438046461113          0.000000000000000         0.7500488377441977E-008     0.000000000000000     
    54      5.353535353535354        50    47      2.850326924224740          0.000000000000000        -0.3704968249359853E-008     0.000000000000000     
    55      5.454545454545454        50    47      2.850230226065614          0.000000000000000        -0.1079374265109257E-008     0.000000000000000     
    56      5.555555555555555        50    46      2.850147825875069          0.000000000000000         0.5765258648133274E-008     0.000000000000000     
    57      5.656565656565657        50    47      2.850078844982105          0.000000000000000        -0.2138685529323709E-008     0.000000000000000     
    58      5.757575757575758        50    47      2.850021980719191          0.000000000000000         0.2648882443662278E-008     0.000000000000000     
    59      5.858585858585858        50    47      2.849975739592602          0.000000000000000         0.8484058849766510E-009     0.000000000000000     
    60      5.959595959595959        50    47      2.849938595422034          0.000000000000000         0.2413075291546666E-008     0.000000000000000     
    61      6.060606060606061        50    47      2.849909090325683          0.000000000000000         0.1438527221733562E-007     0.000000000000000     
    62      6.161616161616162        50    47      2.849885893573549          0.000000000000000         0.1306122370505472E-009     0.000000000000000     
    63      6.262626262626262        50    46      2.849867830481502          0.000000000000000         0.5596099811167723E-008     0.000000000000000     
    64      6.363636363636363        50    47      2.849853890891599          0.000000000000000         0.8039680174471519E-008     0.000000000000000     
    65      6.464646464646465        50    47      2.849843224492894          0.000000000000000        -0.9004696380430325E-009     0.000000000000000     
    66      6.565656565656566        50    47      2.849835128322487          0.000000000000000         0.5293020534992581E-008     0.000000000000000     
    67      6.666666666666667        50    47      2.849829030242634          0.000000000000000         0.5432103982250791E-010     0.000000000000000     
    68      6.767676767676767        50    47      2.849824470984010          0.000000000000000        -0.1054978294811767E-008     0.000000000000000     
    69      6.868686868686869        50    46      2.849821086432225          0.000000000000000         0.4956549513758898E-008     0.000000000000000     
    70      6.969696969696970        50    46      2.849818591164421          0.000000000000000         0.6388171841747573E-008     0.000000000000000     
    71      7.070707070707071        50    46      2.849816763767419          0.000000000000000         0.4784737439291719E-008     0.000000000000000     
    72      7.171717171717171        50    47      2.849815434144825          0.000000000000000        -0.1002226143143064E-008     0.000000000000000     
    73      7.272727272727272        50    46      2.849814472810582          0.000000000000000         0.4851928974184300E-008     0.000000000000000     
    74      7.373737373737374        50    47      2.849813782039941          0.000000000000000         0.1893627998986649E-009     0.000000000000000     
    75      7.474747474747475        50    47      2.849813288681284          0.000000000000000        -0.2520914395730264E-008     0.000000000000000     
    76      7.575757575757575        50    47      2.849812938404781          0.000000000000000         0.5434523197312080E-008     0.000000000000000     
    77      7.676767676767676        50    47      2.849812691162208          0.000000000000000         0.7742447558849065E-009     0.000000000000000     
    78      7.777777777777778        50    47      2.849812517646244          0.000000000000000         0.2499272635016578E-008     0.000000000000000     
    79      7.878787878787879        50    46      2.849812396559863          0.000000000000000         0.5214774620291257E-008     0.000000000000000     
    80      7.979797979797979        50    46      2.849812312532087          0.000000000000000         0.3641290313747212E-008     0.000000000000000     
    81      8.080808080808081        50    47      2.849812254542390          0.000000000000000        -0.8086768158052052E-008     0.000000000000000     
    82      8.181818181818182        50    47      2.849812214740381          0.000000000000000         0.1908881361350285E-008     0.000000000000000     
    83      8.282828282828282        50    47      2.849812187569216          0.000000000000000        -0.8490276218126694E-009     0.000000000000000     
    84      8.383838383838384        50    47      2.849812169119852          0.000000000000000         0.2509414227989724E-008     0.000000000000000     
    85      8.484848484848484        50    47      2.849812156659140          0.000000000000000         0.1572391884284315E-008     0.000000000000000     
    86      8.585858585858587        50    47      2.849812148287529          0.000000000000000        -0.4793636815004607E-008     0.000000000000000     
    87      8.686868686868687        50    47      2.849812142692593          0.000000000000000        -0.1239727850104501E-009     0.000000000000000     
    88      8.787878787878787        50    46      2.849812138972842          0.000000000000000         0.5649575468031710E-008     0.000000000000000     
    89      8.888888888888889        50    47      2.849812136512601          0.000000000000000         0.1548274840887146E-007     0.000000000000000     
    90      8.989898989898990        50    47      2.849812134893792          0.000000000000000         0.3933122797784148E-008     0.000000000000000     
    91      9.090909090909090        50    47      2.849812133834102          0.000000000000000        -0.1512437042362297E-008     0.000000000000000     
    92      9.191919191919192        50    46      2.849812133143963          0.000000000000000         0.5409176034425169E-008     0.000000000000000     
    93      9.292929292929292        50    47      2.849812132696794          0.000000000000000        -0.1271349876458740E-008     0.000000000000000     
    94      9.393939393939394        50    46      2.849812132408525          0.000000000000000         0.5575460941147808E-008     0.000000000000000     
    95      9.494949494949495        50    47      2.849812132223636          0.000000000000000        -0.1319992949862607E-008     0.000000000000000     
    96      9.595959595959595        50    47      2.849812132105650          0.000000000000000         0.1053366269279639E-009     0.000000000000000     
    97      9.696969696969697        50    47      2.849812132030739          0.000000000000000         0.3972259310229430E-008     0.000000000000000     
    98      9.797979797979798        50    47      2.849812131983418          0.000000000000000        -0.9035834497126281E-008     0.000000000000000     
    99      9.898989898989900        50    47      2.849812131953674          0.000000000000000        -0.1260924958994624E-007     0.000000000000000     
   100      10.00000000000000        50    47      2.849812131935070          0.000000000000000         0.3350969260139411E-009     0.000000000000000     


    Bound solutions for channel 2 (2)

    I                        eta  maxpt  stop                  Re[zeta1]                  Im[zeta1]                  Re[Psi-N]                  Im[Psi-N] 
   ---                      ----- -----  ----                 -----------                -----------                -----------                -----------
     1      0.000000000000000        52    49      7.781220340769648          0.000000000000000        -0.4137154455861448E-008     0.000000000000000     
     2     0.1010101010101010        52    48      7.794845390575738          0.000000000000000        -0.8145960954000818E-008     0.000000000000000     
     3     0.2020202020202020        52    49      7.834871750590473          0.000000000000000        -0.2281300801406072E-008     0.000000000000000     
     4     0.3030303030303030        52    49      7.898840198283831          0.000000000000000         0.4034793863225940E-008     0.000000000000000     
     5     0.4040404040404040        52    49      7.982928368020811          0.000000000000000        -0.5516299235340627E-008     0.000000000000000     
     6     0.5050505050505051        52    49      8.082319367022672          0.000000000000000        -0.7119939095401864E-009     0.000000000000000     
     7     0.6060606060606061        52    49      8.191637833080470          0.000000000000000         0.3474956060127675E-008     0.000000000000000     
     8     0.7070707070707071        52    49      8.305396752445208          0.000000000000000        -0.5296911095030081E-008     0.000000000000000     
     9     0.8080808080808081        52    49      8.418406403164822          0.000000000000000         0.2375528517775650E-008     0.000000000000000     
    10     0.9090909090909091        52    49      8.526111107633350          0.000000000000000        -0.3843579244135549E-008     0.000000000000000     
    11      1.010101010101010        52    49      8.624834642775779          0.000000000000000        -0.1237150952030572E-007     0.000000000000000     
    12      1.111111111111111        52    49      8.711927372783858          0.000000000000000         0.3156724553561795E-008     0.000000000000000     
    13      1.212121212121212        52    49      8.785816537376919          0.000000000000000         0.2013388592875996E-008     0.000000000000000     
    14      1.313131313131313        52    49      8.845967026237719          0.000000000000000        -0.5099581177761325E-008     0.000000000000000     
    15      1.414141414141414        52    49      8.892765219707506          0.000000000000000        -0.8027761054670182E-008     0.000000000000000     
    16      1.515151515151515        52    49      8.927343744559382          0.000000000000000        -0.9776474974447567E-008     0.000000000000000     
    17      1.616161616161616        52    49      8.951369468928537          0.000000000000000        -0.8381704781073838E-008     0.000000000000000     
    18      1.717171717171717        52    49      8.966819286165844          0.000000000000000        -0.8278386979556177E-008     0.000000000000000     
    19      1.818181818181818        52    49      8.975767218242272          0.000000000000000        -0.9622369784460954E-008     0.000000000000000     
    20      1.919191919191919        52    49      8.980202154256579          0.000000000000000        -0.6456718332823465E-008     0.000000000000000     
    21      2.020202020202020        52    49      8.981889110678352          0.000000000000000        -0.5553718201305525E-008     0.000000000000000     
    22      2.121212121212121        52    49      8.982279669908205          0.000000000000000         0.2415968168054747E-008     0.000000000000000     
    23      2.222222222222222        52    49      8.982470553290687          0.000000000000000        -0.4279881754152660E-008     0.000000000000000     
    24      2.323232323232323        52    49      8.983204050406245          0.000000000000000        -0.7362125264434323E-008     0.000000000000000     
    25      2.424242424242424        52    49      8.984900710159065          0.000000000000000        -0.6366005224217268E-008     0.000000000000000     
    26      2.525252525252525        52    49      8.987713325619255          0.000000000000000        -0.6599348424685901E-008     0.000000000000000     
    27      2.626262626262626        52    49      8.991591534260975          0.000000000000000        -0.3282311755915852E-008     0.000000000000000     
    28      2.727272727272727        52    49      8.996347857659051          0.000000000000000        -0.4075474978003261E-008     0.000000000000000     
    29      2.828282828282828        52    49      9.001718215167175          0.000000000000000         0.5230643186624158E-009     0.000000000000000     
    30      2.929292929292929        52    49      9.007412395299676          0.000000000000000         0.8353643979142183E-008     0.000000000000000     
    31      3.030303030303030        52    49      9.013152281348816          0.000000000000000        -0.7329872220492895E-008     0.000000000000000     
    32      3.131313131313131        52    49      9.018697551531261          0.000000000000000         0.7761100681350237E-008     0.000000000000000     
    33      3.232323232323232        52    49      9.023859980231205          0.000000000000000         0.9781388748450825E-009     0.000000000000000     
    34      3.333333333333333        52    49      9.028508333697552          0.000000000000000        -0.4859336428565267E-008     0.000000000000000     
    35      3.434343434343434        52    49      9.032566236533441          0.000000000000000        -0.1807977472387831E-008     0.000000000000000     
    36      3.535353535353535        52    49      9.036005386130491          0.000000000000000        -0.6807080609075580E-008     0.000000000000000     
    37      3.636363636363636        52    50      9.038836229887350          0.000000000000000         0.4656647034286721E-007     0.000000000000000     
    38      3.737373737373737        52    49      9.041097809173005          0.000000000000000        -0.1946140222625005E-008     0.000000000000000     
    39      3.838383838383838        52    49      9.042848010611911          0.000000000000000        -0.9756441578290974E-009     0.000000000000000     
    40      3.939393939393939        52    49      9.044155020261382          0.000000000000000        -0.1976889531436570E-007     0.000000000000000     
    41      4.040404040404041        52    49      9.045090394460743          0.000000000000000         0.1015262924419987E-007     0.000000000000000     
    42      4.141414141414141        52    49      9.045723864402953          0.000000000000000        -0.5666053134449462E-008     0.000000000000000     
    43      4.242424242424242        52    49      9.046119783835378          0.000000000000000        -0.4656007384638991E-008     0.000000000000000     
    44      4.343434343434343        52    49      9.046335002696249          0.000000000000000        -0.4789610887299419E-008     0.000000000000000     
    45      4.444444444444445        52    49      9.046417889180782          0.000000000000000         0.9443555967971104E-008     0.000000000000000     
    46      4.545454545454545        52    49      9.046408211518910          0.000000000000000        -0.2530495480077267E-008     0.000000000000000     
    47      4.646464646464646        52    49      9.046337612063668          0.000000000000000        -0.5110399716242911E-008     0.000000000000000     
    48      4.747474747474747        52    49      9.046230445984662          0.000000000000000        -0.1260383796058738E-007     0.000000000000000     
    49      4.848484848484849        52    49      9.046104804019683          0.000000000000000        -0.5001751086551787E-008     0.000000000000000     
    50      4.949494949494950        52    49      9.045973585748444          0.000000000000000        -0.2317807427606594E-009     0.000000000000000     
    51      5.050505050505050        52    49      9.045845532036635          0.000000000000000        -0.1508009532140986E-008     0.000000000000000     
    52      5.151515151515151        52    49      9.045726160303053          0.000000000000000        -0.1790900712898484E-007     0.000000000000000     
    53      5.252525252525253        52    49      9.045618573413414          0.000000000000000        -0.9696936667808890E-008     0.000000000000000     
    54      5.353535353535354        52    49      9.045524132709570          0.000000000000000        -0.8150916381063268E-008     0.000000000000000     
    55      5.454545454545454        52    49      9.045442998951742          0.000000000000000        -0.4677887746067483E-008     0.000000000000000     
    56      5.555555555555555        52    49      9.045374553038501          0.000000000000000         0.6811474301553266E-008     0.000000000000000     
    57      5.656565656565657        52    49      9.045317712541179          0.000000000000000        -0.8979172088275910E-008     0.000000000000000     
    58      5.757575757575758        52    49      9.045271161483992          0.000000000000000         0.7310396898774566E-008     0.000000000000000     
    59      5.858585858585858        52    49      9.045233510364145          0.000000000000000        -0.5826124447951782E-008     0.000000000000000     
    60      5.959595959595959        52    49      9.045203401876250          0.000000000000000        -0.8466740720380576E-008     0.000000000000000     
    61      6.060606060606061        52    49      9.045179575722470          0.000000000000000         0.2473863375533065E-009     0.000000000000000     
    62      6.161616161616162        52    49      9.045160903631583          0.000000000000000        -0.2051649036266715E-007     0.000000000000000     
    63      6.262626262626262        52    49      9.045146403516311          0.000000000000000        -0.1706536153700942E-008     0.000000000000000     
    64      6.363636363636363        52    49      9.045135239710243          0.000000000000000        -0.1406943481127032E-008     0.000000000000000     
    65      6.464646464646465        52    49      9.045126714513064          0.000000000000000        -0.3892938380032752E-008     0.000000000000000     
    66      6.565656565656566        52    49      9.045120254853181          0.000000000000000         0.4340605784381269E-010     0.000000000000000     
    67      6.666666666666667        52    49      9.045115396741718          0.000000000000000        -0.3575843602336857E-008     0.000000000000000     
    68      6.767676767676767        52    49      9.045111769311202          0.000000000000000        -0.5101105876663155E-009     0.000000000000000     
    69      6.868686868686869        52    49      9.045109079570295          0.000000000000000         0.5250171217664165E-008     0.000000000000000     
    70      6.969696969696970        52    49      9.045107098524330          0.000000000000000        -0.5216579120214861E-008     0.000000000000000     
    71      7.070707070707071        52    49      9.045105648973307          0.000000000000000        -0.3347117829881222E-008     0.000000000000000     
    72      7.171717171717171        52    49      9.045104595071777          0.000000000000000        -0.1387215709204590E-007     0.000000000000000     
    73      7.272727272727272        52    49      9.045103833591348          0.000000000000000        -0.3239870474761906E-008     0.000000000000000     
    74      7.373737373737374        52    49      9.045103286742595          0.000000000000000         0.4530660132607848E-009     0.000000000000000     
    75      7.474747474747475        52    49      9.045102896372194          0.000000000000000         0.2008531349708846E-008     0.000000000000000     
    76      7.575757575757575        52    50      9.045102619337799          0.000000000000000         0.4530196347623568E-007     0.000000000000000     
    77      7.676767676767676        52    49      9.045102423868352          0.000000000000000        -0.5104376778780638E-008     0.000000000000000     
    78      7.777777777777778        52    49      9.045102286733037          0.000000000000000        -0.3695934183359610E-008     0.000000000000000     
    79      7.878787878787879        52    49      9.045102191062512          0.000000000000000        -0.6537657225315756E-008     0.000000000000000     
    80      7.979797979797979        52    49      9.045102124688945          0.000000000000000        -0.1337232647718871E-007     0.000000000000000     
    81      8.080808080808081        52    49      9.045102078893011          0.000000000000000        -0.1247997227696385E-007     0.000000000000000     
    82      8.181818181818182        52    49      9.045102047466413          0.000000000000000         0.3046482096827873E-008     0.000000000000000     
    83      8.282828282828282        52    49      9.045102026016364          0.000000000000000        -0.1337693037411532E-008     0.000000000000000     
    84      8.383838383838384        52    49      9.045102011453769          0.000000000000000        -0.1870303690623701E-007     0.000000000000000     
    85      8.484848484848484        52    49      9.045102001619426          0.000000000000000        -0.7281171599889294E-008     0.000000000000000     
    86      8.585858585858587        52    49      9.045101995013020          0.000000000000000        -0.1673627496368772E-007     0.000000000000000     
    87      8.686868686868687        52    49      9.045101990598233          0.000000000000000        -0.4220554470312209E-008     0.000000000000000     
    88      8.787878787878787        52    49      9.045101987663323          0.000000000000000        -0.1627277268229911E-007     0.000000000000000     
    89      8.888888888888889        52    49      9.045101985722319          0.000000000000000        -0.9634715922332152E-009     0.000000000000000     
    90      8.989898989898990        52    49      9.045101984445225          0.000000000000000        -0.1560910437978505E-007     0.000000000000000     
    91      9.090909090909090        52    49      9.045101983609277          0.000000000000000        -0.5738094307366953E-008     0.000000000000000     
    92      9.191919191919192        52    49      9.045101983064876          0.000000000000000        -0.2372931568119738E-008     0.000000000000000     
    93      9.292929292929292        52    49      9.045101982712149          0.000000000000000        -0.2879113474518892E-008     0.000000000000000     
    94      9.393939393939394        52    49      9.045101982484763          0.000000000000000        -0.1770277546739493E-007     0.000000000000000     
    95      9.494949494949495        52    49      9.045101982338942          0.000000000000000         0.7730866892078654E-008     0.000000000000000     
    96      9.595959595959595        52    49      9.045101982245876          0.000000000000000        -0.2619132181293112E-008     0.000000000000000     
    97      9.696969696969697        52    49      9.045101982186788          0.000000000000000        -0.1388567514641491E-007     0.000000000000000     
    98      9.797979797979798        52    49      9.045101982149474          0.000000000000000         0.9048989201161249E-008     0.000000000000000     
    99      9.898989898989900        52    49      9.045101982126010          0.000000000000000        -0.2278337976963093E-008     0.000000000000000     
   100      10.00000000000000        52    49      9.045101982111332          0.000000000000000        -0.1591252772628405E-007     0.000000000000000     


    Overlaps of bound channel solutions

  IPT              ETA   I   J        Re[(I,J)]-delta(I,J)                  Im[(I,J)] 
 -----            ----- --- ---      ----------------------                -----------
     4       0.30303030   1   2    -0.1296573681093866E-014     0.000000000000000     
     4       0.30303030   2   1    -0.1296573681135926E-014     0.000000000000000     
     6       0.50505051   1   2    -0.2475466593593294E-014     0.000000000000000     
     6       0.50505051   2   1    -0.2475466596242912E-014     0.000000000000000     
     8       0.70707071   1   2    -0.2294878477155986E-014     0.000000000000000     
     8       0.70707071   2   1    -0.2294878132597005E-014     0.000000000000000     
     8       0.70707071   2   2     0.8881784197001252E-015     0.000000000000000     
     9       0.80808081   1   1     0.8881784197001252E-015     0.000000000000000     
     9       0.80808081   1   2     0.3974726357355347E-014     0.000000000000000     
     9       0.80808081   2   1     0.3974726346587985E-014     0.000000000000000     
    11       1.01010101   1   1     0.8881784197001252E-015     0.000000000000000     
    11       1.01010101   1   2     0.1438364708236044E-014     0.000000000000000     
    11       1.01010101   2   1     0.1438364707899563E-014     0.000000000000000     
    12       1.11111111   1   2     0.1494095529236919E-014     0.000000000000000     
    12       1.11111111   2   1     0.1494092772895908E-014     0.000000000000000     
    14       1.31313131   1   2     0.2489045554922175E-014     0.000000000000000     
    14       1.31313131   2   1     0.2489092586790580E-014     0.000000000000000     
    16       1.51515152   1   2     0.1067830146126696E-014     0.000000000000000     
    16       1.51515152   2   1     0.1067829457351585E-014     0.000000000000000     
    19       1.81818182   1   2     0.9738034881933765E-015     0.000000000000000     
    19       1.81818182   2   1     0.9738475055088513E-015     0.000000000000000     
    20       1.91919192   1   2    -0.2170939456054304E-014     0.000000000000000     
    20       1.91919192   2   1    -0.2171027660986823E-014     0.000000000000000     
    22       2.12121212   1   2    -0.2257722030749098E-014     0.000000000000000     
    22       2.12121212   2   1    -0.2257722025850506E-014     0.000000000000000     
    23       2.22222222   1   2    -0.2051693727309626E-014     0.000000000000000     
    23       2.22222222   2   1    -0.2051688214394833E-014     0.000000000000000     
    24       2.32323232   1   2    -0.8962482872138975E-015     0.000000000000000     
    24       2.32323232   2   1    -0.8962482871929099E-015     0.000000000000000     
    24       2.32323232   2   2     0.1110223024625157E-014     0.000000000000000     
    25       2.42424242   1   2     0.7953445636575053E-014     0.000000000000000     
    25       2.42424242   2   1     0.7930864830303817E-014     0.000000000000000     
    26       2.52525253   1   1    -0.9992007221626409E-015     0.000000000000000     
    26       2.52525253   1   2    -0.4859627828466226E-014     0.000000000000000     
    26       2.52525253   2   1    -0.4859627827245202E-014     0.000000000000000     
    27       2.62626263   1   2    -0.1143440726236626E-014     0.000000000000000     
    27       2.62626263   2   1    -0.1142735070625263E-014     0.000000000000000     
    30       2.92929293   1   2    -0.1548072936319868E-014     0.000000000000000     
    30       2.92929293   2   1    -0.1548072931020309E-014     0.000000000000000     
    31       3.03030303   1   2     0.4203802406994814E-014     0.000000000000000     
    31       3.03030303   2   1     0.4203802406973338E-014     0.000000000000000     
    32       3.13131313   1   2    -0.5151874843258301E-014     0.000000000000000     
    32       3.13131313   2   1    -0.5151875187814076E-014     0.000000000000000     
    34       3.33333333   1   2    -0.2073723862849424E-014     0.000000000000000     
    34       3.33333333   2   1    -0.2073723927453796E-014     0.000000000000000     
    36       3.53535354   1   2     0.2972801965287018E-014     0.000000000000000     
    36       3.53535354   2   1     0.2972801986820438E-014     0.000000000000000     
    38       3.73737374   1   2     0.1290452512262438E-014     0.000000000000000     
    38       3.73737374   2   1     0.1290452403245097E-014     0.000000000000000     
    39       3.83838384   1   2    -0.7329032689612188E-014     0.000000000000000     
    39       3.83838384   2   1    -0.7329054909421913E-014     0.000000000000000     
    40       3.93939394   1   2     0.1048645162464662E-014     0.000000000000000     
    40       3.93939394   2   1     0.1093806798560083E-014     0.000000000000000     
    41       4.04040404   1   2    -0.2236779980827791E-014     0.000000000000000     
    41       4.04040404   2   1    -0.2236779888590186E-014     0.000000000000000     
    42       4.14141414   1   2     0.9552233448721696E-015     0.000000000000000     
    42       4.14141414   2   1     0.9553116150818564E-015     0.000000000000000     
    44       4.34343434   1   2     0.1463220114914384E-014     0.000000000000000     
    44       4.34343434   2   1     0.1463218738142396E-014     0.000000000000000     
    45       4.44444444   1   2    -0.6611145195859695E-014     0.000000000000000     
    45       4.44444444   2   1    -0.6611145195859358E-014     0.000000000000000     
    46       4.54545455   1   2     0.2275035462830965E-014     0.000000000000000     
    46       4.54545455   2   1     0.2275035472294470E-014     0.000000000000000     
    47       4.64646465   1   2     0.1363021390186984E-014     0.000000000000000     
    47       4.64646465   2   1     0.1363021390313082E-014     0.000000000000000     
    48       4.74747475   1   2     0.6765478741461830E-014     0.000000000000000     
    48       4.74747475   2   1     0.6765478744154658E-014     0.000000000000000     
    49       4.84848485   1   2     0.2384894474701692E-014     0.000000000000000     
    49       4.84848485   2   1     0.2384894474076100E-014     0.000000000000000     
    50       4.94949495   1   2    -0.3006532885327069E-014     0.000000000000000     
    50       4.94949495   2   1    -0.3006532885327419E-014     0.000000000000000     
    51       5.05050505   1   2    -0.2891651021594696E-014     0.000000000000000     
    51       5.05050505   2   1    -0.2891650850706103E-014     0.000000000000000     
    52       5.15151515   1   2     0.1361307903143076E-014     0.000000000000000     
    52       5.15151515   2   1     0.1361285852918153E-014     0.000000000000000     
    53       5.25252525   1   2    -0.3437264069028025E-014     0.000000000000000     
    53       5.25252525   2   1    -0.3437241839796935E-014     0.000000000000000     
    53       5.25252525   2   2     0.8881784197001252E-015     0.000000000000000     
    54       5.35353535   1   2     0.3264257632917202E-014     0.000000000000000     
    54       5.35353535   2   1     0.3264257466023090E-014     0.000000000000000     
    55       5.45454545   1   2     0.1721106067610795E-014     0.000000000000000     
    55       5.45454545   2   1     0.1721095048555595E-014     0.000000000000000     
    56       5.55555556   1   2    -0.8670588473907767E-015     0.000000000000000     
    56       5.55555556   2   1    -0.8672352814807897E-015     0.000000000000000     
    57       5.65656566   1   2     0.2504036004463306E-014     0.000000000000000     
    57       5.65656566   2   1     0.2504036004463306E-014     0.000000000000000     
    59       5.85858586   1   1     0.1110223024625157E-014     0.000000000000000     
    61       6.06060606   1   2    -0.7280198590482208E-014     0.000000000000000     
    61       6.06060606   2   1    -0.7280198568941865E-014     0.000000000000000     
    62       6.16161616   1   2     0.1166337017248541E-014     0.000000000000000     
    62       6.16161616   2   1     0.1166337017244516E-014     0.000000000000000     
    64       6.36363636   1   2    -0.3552440181090251E-014     0.000000000000000     
    64       6.36363636   2   1    -0.3552451206959555E-014     0.000000000000000     
    65       6.46464646   1   2     0.1450984862592593E-014     0.000000000000000     
    65       6.46464646   2   1     0.1450986247522625E-014     0.000000000000000     
    66       6.56565657   1   2    -0.2021976063581789E-014     0.000000000000000     
    66       6.56565657   2   1    -0.2021976063580423E-014     0.000000000000000     
    67       6.66666667   1   2     0.9106910832923311E-015     0.000000000000000     
    67       6.66666667   2   1     0.9106917723198037E-015     0.000000000000000     
    68       6.76767677   1   2     0.1462170977217168E-014     0.000000000000000     
    68       6.76767677   2   1     0.1462170955593096E-014     0.000000000000000     
    70       6.96969697   1   2    -0.1923098613461800E-014     0.000000000000000     
    70       6.96969697   2   1    -0.1923098610691053E-014     0.000000000000000     
    71       7.07070707   1   1     0.8881784197001252E-015     0.000000000000000     
    72       7.17171717   1   2     0.1696006624170717E-014     0.000000000000000     
    72       7.17171717   2   1     0.1696006624060309E-014     0.000000000000000     
    74       7.37373737   1   2     0.9434733818475798E-015     0.000000000000000     
    74       7.37373737   2   1     0.9434733991500660E-015     0.000000000000000     
    75       7.47474747   1   2     0.2572586412693475E-014     0.000000000000000     
    75       7.47474747   2   1     0.2572587101847044E-014     0.000000000000000     
    76       7.57575758   1   2    -0.2084163187437284E-014     0.000000000000000     
    76       7.57575758   2   1    -0.2084163188699075E-014     0.000000000000000     
    80       7.97979798   1   2     0.2689998670931759E-014     0.000000000000000     
    80       7.97979798   2   1     0.2689998670933075E-014     0.000000000000000     
    81       8.08080808   1   2     0.5906560786522121E-014     0.000000000000000     
    81       8.08080808   2   1     0.5905854942516444E-014     0.000000000000000     
    81       8.08080808   2   2     0.8881784197001252E-015     0.000000000000000     
    83       8.28282828   1   2     0.1564619233353927E-014     0.000000000000000     
    83       8.28282828   2   1     0.1564619233329293E-014     0.000000000000000     
    86       8.58585859   1   2     0.3931559085787080E-014     0.000000000000000     
    86       8.58585859   2   1     0.3931559105965381E-014     0.000000000000000     
    87       8.68686869   1   2     0.9943218287789157E-015     0.000000000000000     
    87       8.68686869   2   1     0.1016902636038317E-014     0.000000000000000     
    88       8.78787879   1   1     0.1110223024625157E-014     0.000000000000000     
    89       8.88888889   1   2    -0.8065949126333764E-014     0.000000000000000     
    89       8.88888889   2   1    -0.8065949126333434E-014     0.000000000000000     
    90       8.98989899   1   2    -0.1284286490431137E-014     0.000000000000000     
    90       8.98989899   2   1    -0.1284287184952648E-014     0.000000000000000     
    91       9.09090909   1   2     0.1865208559194941E-014     0.000000000000000     
    91       9.09090909   2   1     0.1865208559215971E-014     0.000000000000000     
    91       9.09090909   2   2     0.8881784197001252E-015     0.000000000000000     
    93       9.29292929   1   2     0.1629931221679704E-014     0.000000000000000     
    93       9.29292929   2   1     0.1629898149708316E-014     0.000000000000000     
    95       9.49494949   1   2     0.1885703682957455E-014     0.000000000000000     
    95       9.49494949   2   1     0.1885698170127825E-014     0.000000000000000     
    96       9.59595960   1   2     0.1224608383853229E-014     0.000000000000000     
    96       9.59595960   2   1     0.1224586332199489E-014     0.000000000000000     
    97       9.69696970   1   2    -0.1260168930124309E-014     0.000000000000000     
    97       9.69696970   2   1    -0.1260168934162103E-014     0.000000000000000     
    98       9.79797980   1   2     0.6249412823668315E-014     0.000000000000000     
    98       9.79797980   2   1     0.6249368893478616E-014     0.000000000000000     
    99       9.89898990   1   2     0.8445569635410428E-014     0.000000000000000     
    99       9.89898990   2   1     0.8445569612655950E-014     0.000000000000000     
   100      10.00000000   1   2     0.9125242592909873E-015     0.000000000000000     
   100      10.00000000   2   1     0.9125254437014954E-015     0.000000000000000     

Setting same-channel gradient coupling to zero


    Asymptotic solutions at ETA =    10.000000    

  Chan          Outgoing                      Grad Outgoing                           Incoming                      Grad Incoming                          Wronskian                 
  ----          --------                      -------------                           --------                      -------------                          ---------                 
     1    0.77740699E-01  -0.67989078E-01     2.4604487        2.8301096        0.77740699E-01   0.67989078E-01     2.4604487       -2.8301096         0.0000000       0.77459667    
     2    0.10289711       0.10171660E-01   -0.37952002        3.7264215        0.10289711      -0.10171660E-01   -0.37952002       -3.7264215         0.0000000       0.77459667    


Choosing solution # 2 for the boundary


 Boundary choice     2 eigenvalue =     0.98987249297717         0.14195931690597      abs =     1.0000000000046     

 Guess eigenvector and amplitudes:

 Chann                                  Re[Ci]                                 Im[Ci]                                  Re[In]                                 Im[In]                                 Re[out]                                Im[out]
 -----                                  ------                                 ------                                  ------                                 ------                                 -------                                -------
     1         0.999619162166057395602081              0.00000000000000000000000             -0.562616216869260554744869E-003        0.788630544635202102021765E-002         0.562616216869260554744869E-003        0.788630544635202102021765E-002
     2        -0.275958444413231668290720E-001        0.656914969195827848577685E-019         0.170274466881892294622958E-005       -0.238677150150579109322280E-004        -0.170274466881892294622958E-005       -0.238677150150579109322280E-004

Optimization of boundary amplitudes converged after 1 iterations

 Refined boundary conditions:

 Chann                                  Re[Ci]                                 Im[Ci]
 -----                                  ------                                 ------
     1         0.999619162166057284579779              0.00000000000000000000000     
     2        -0.275958444413234270375934E-001        0.446914280094712664569092E-022


    Asymptotic amplitudes

  Chan                Re[in/out]               Im[in/out]              Re[outgoing]             Im[outgoing]              Re[incoming]             Im[incoming]
  ----                ----------               ----------              ------------             ------------              ------------             ------------
     1     0.98987249297257         0.14195931690546          0.56261621687955E-003    0.78863054463305E-002    -0.56261621687955E-003    0.78863054463305E-002
     2     0.98987249213398         0.14195932275253         -0.17027444224810E-005   -0.23867712396287E-004     0.17027444224805E-005   -0.23867712396286E-004

    Asymptotic solutions at ETA =    10.000000    

  Chan          Outgoing                      Grad Outgoing                           Incoming                      Grad Incoming                          Wronskian                 
  ----          --------                      -------------                           --------                      -------------                          ---------                 
     1    0.77740699E-01  -0.67989078E-01     2.4604487        2.8301096        0.77740699E-01   0.67989078E-01     2.4604487       -2.8301096         0.0000000       0.77459667    
     2    0.10289711       0.10171660E-01   -0.37952002        3.7264215        0.10289711      -0.10171660E-01   -0.37952002       -3.7264215         0.0000000       0.77459667    


At energy = -.9134227836018441459842165 .000000000000000000000000 incoming = -.56261621687955407859E-3 0.78863054463305225922E-2 (main) 0.62510923167351925751E-4 (total)

    Outgoing solution is at the energy =   -0.9134227836018441459842165386362467         0.000000000000000000000000000000000     
Outgoing amplitude in the main channel =    0.5626162168795540785906639236202409E-003   0.7886305446330522592179868013317900E-002
Incoming amplitude in the main channel =   -0.5626162168795540785906639236202409E-003   0.7886305446330522592179868013317900E-002


              Timing data at 2022/09/01 19:42:23

                                                       Total time (seconds)           Self time (seconds)
 Timer                                   Calls         --------------------           -------------------
 -----                                   -----           Real           CPU            Real           CPU

 start                                      1.          638.8         493.3             0.0           0.0
 Outgoing solution (min)                    1.          638.7         492.6             0.0           0.0
 Solve single energy                       37.          638.7         492.6             6.0          20.3
 Guess zeta1                               37.            3.4           6.7             3.4           6.7
 Bound solutions                           74.          495.3         389.8           495.3         389.8
 Channel coupling                          37.           13.3          47.5            13.3          47.5
 Continuum direction                       37.          117.2          24.7             0.1           0.0
 Continuum outbound                       370.          115.6          20.7           115.6          20.7

 (  5 timers contributing less than 1% are not shown)

