Version: Plain vanilla, built on balrog.mbi-berlin.de at Fri Sep 23 06:33:15 PM CEST 2022

Compiler: GCC version 12.2.1 20220830 [revision e927d1cf141f221c5a32574bde0913307e140984]
Build flags: -cpp -I . -D_REENTRANT -D __BUILD_ID__="Plain vanilla, built on balrog.mbi-berlin.de at Fri Sep 23 06:33:15 PM CEST 2022" -mtune=generic -march=x86-64 -O -fopenmp -fpre-include=/usr/include/finclude/math-vector-fortran.h

  Integer kind = 4 (9 decimals)
     Real kind = 8 (15 decimals)
Aux. real kind = 8 (15 decimals)


    $Id: $
    $Id: accuracy.f90,v 1.45 2021/04/26 15:44:44 ps Exp $
    $Id: constants.f90,v 1.7 2021/04/26 15:44:44 ps Exp $
    $Id: $
    $Id: $
    $Id: $
    $Id: find_root.f90,v 1.15 2021/08/10 13:17:38 ps Exp ps $
    $Id: lapack.f90,v 1.10 2021/04/26 15:44:44 ps Exp $
    $Id: math.f90,v 1.13 2022/02/19 18:54:26 ps Exp $
    $Id: $
    $Id: sort_tools.f90,v 1.3 2021/04/26 15:44:44 ps Exp $
    $Id: timer.f90,v 1.5 2021/04/26 15:44:44 ps Exp $
    $Id: $
    $Id: $
    $Id: $
    $Id: $
    $Id: $
    $Id: $
    $Id: $
    $Id: $
    $Id: $
 ===== begin simulation parameters ===== 
&GT
 VERBOSE=1          ,
 COMMENT="Yukawa potential: 3c, outgoing resonance search, F=0.050, M=0, NB=0, NC=0                                                                                                                                                                                      ",
 OMP_NUM_THREADS=0          ,
 TASK="energy                                                                                                                                                                                                                                                         ",
 BOUNDARY="asymptotic                                                                                                                                                                                                                                                     ",
 BOUNDARY_SOLUTION="outgoing                                                                                                                                                                                                                                                       ",
 BOUNDARY_INDEX=1          ,
 BOUNDARY_PHASE=(1.0000000000000000,0.0000000000000000),
 OUTGOING_SOLVER="root                                                                                                                                                                                                                                                           ",
 MVAL=0          ,
 EFIELD=  5.0000000000000003E-002,
 ZNUC=  0.0000000000000000     ,
 POTENTIAL="yukawa                                                                                                                                                                                                                                                         ",
 POT_PARAM_REAL= -1.9079200000000001     ,  1.0000000000000000     , 4*0.0000000000000000       ,
 POT_PARAM_INT=-1         , 2*0          ,
 ENERGY_SINGLE=(-0.50079140665979005,-7.07333870513327937E-008),
 ENERGY_GUESS=(-0.50000000000000000,0.0000000000000000),
 ENERGY_STEP= 0.10000000000000001     ,
 ZETA_TOL= -1.0000000000000000     ,
 ZETA_STAB_COS= 0.90000000000000002     ,
 ENERGY_TOL=  1.0000000000000000E-010,
 WAVEFUNCTION_TOL= -10000.000000000000     ,
 BOUNDARY_TOL= -1.0000000000000000     ,
 XI_MAX=  12.000000000000000     ,
 XI_NPTS=120        ,
 XI_MAXORDER=60         ,
 XI_NPTS_GUESS=400        ,
 ETA_MAX=  12.000000000000000     ,
 ETA_NPTS=120        ,
 ETA_MAXORDER=60         ,
 ETA_MAXORDER2=6          ,
 ETA_POINTS2=9          ,
 ETA_ORDER2=8          ,
 NONAD_POINTS=7          ,
 NONAD_ORDER=6          ,
 ASYMP_ORDER=200        ,
 BASE_CHANNEL=1          ,
 N_CHANNELS=3          ,
 MAIN_CHANNEL=1          ,
 FILE_BOUND="('gyu000-0_050-3c-out-dble-b-',i0,'.table')                                                                                                                                                                                                                    ",
 FILE_CONTINUUM="('gyu000-0_050-3c-out-dble-c-',i0,'.table')                                                                                                                                                                                                                    ",
 FILE_COUPLING="                                                                                                                                                                                                                                                               ",
 FILE_TOTAL_MODE="wavefunction                                                                                                                                                                                                                                                   ",
 FILE_TOTAL="gyu000-0_050-3c-out-dble.table                                                                                                                                                                                                                                 ",
 FOURIER_CENTRE= -1.0000000000000000     ,
 FOURIER_WIDTH= -1.0000000000000000     ,
 FILE_CARTESIAN="gyu000-0_050-3c-out-cartesian-dble.table                                                                                                                                                                                                                       ",
 CARTESIAN_DX= 0.25000000000000000     ,
 CARTESIAN_PHI=  0.0000000000000000     ,
 CARTESIAN_NPTS=-30        ,30         , 2*0          ,-80        ,40         ,
 
 CARTESIAN_REF= 2*0.0000000000000000       , 0.50000000000000000     ,
 CART_INTERP_POINTS=9          ,
 CART_LAPLACE_ORDER=3          ,
 FILE_BOHM="                                                                                                                                                                                                                                                               ",
 FILE_HUSIMI="                                                                                                                                                                                                                                                               ",
 HUSIMI_NDIM=1          ,
 HUSIMI_COORD=3          ,1          ,
 HUSIMI_WIDTH=  2.5066282746310002     ,
 HUSIMI_DETAIL=T,
 /
 ====== end simulation parameters ====== 

Yukawa potential: 3c, outgoing resonance search, F=0.050, M=0, NB=0, NC=0

Asymptotic continuum solutions are used from point eta =     12.00000000000000     
Effective potential u = -r*v(r)-Q and its derivatives at the matching point:
   Order    o! (d^o/d x^o) u(x^2/2)
   -----    -----------------------
       0     0.1026496477842753E-0030
       1    -0.1231795773411304E-0029
       2     0.7339449816575684E-0029
       3    -0.2894720067516565E-0028
       4     0.8500673957135300E-0028
       5    -0.1982267348362140E-0027
       6     0.3822856797438689E-0027
       7    -0.6270287745843159E-0027
       8     0.8927574519084947E-0027
       9    -0.1120673405368616E-0026
      10     0.1255532341251500E-0026
      11    -0.1267792244513573E-0026
      12     0.1163164549409288E-0026
      13    -0.9761678729536808E-0027
      14     0.7536321375739010E-0027
      15    -0.5378278518622086E-0027
      16     0.3562688802983140E-0027
      17    -0.2198469830422058E-0027
      18     0.1267719397893372E-0027
      19    -0.6849559444367257E-0028
      20     0.3475875967673891E-0028
      21    -0.1660045341319969E-0028
      22     0.7474849149167687E-0029
      23    -0.3178162451164302E-0029
      24     0.1277629177700750E-0029
      25    -0.4861355072497128E-0030
      26     0.1752306503575503E-0030
      27    -0.5987527026076807E-0031
      28     0.1940259259896883E-0031
      29    -0.5963994514727841E-0032
      30     0.1738844719264874E-0032
      31    -0.4807142618152280E-0033
      32     0.1259289507045210E-0033
      33    -0.3122524686807961E-0034
      34     0.7316882697216454E-0035
      35    -0.1616495585777847E-0035
      36     0.3355851202756069E-0036
      37    -0.6514934752100197E-0037
      38     0.1174229078406981E-0037
      39    -0.1942516459675124E-0038
      40     0.2891976680121333E-0039
      41    -0.3726476997710861E-0040
      42     0.3761418201388717E-0041
      43    -0.1830755808042853E-0042
      44    -0.3555707330620455E-0043
      45     0.1355022838452568E-0043
      46    -0.2761865203117349E-0044
      47     0.4168537960812277E-0045
      48    -0.4667470729243355E-0046
      49     0.2923266216406102E-0047
      50     0.2318981226310058E-0048
      51    -0.1118816786162440E-0048
      52     0.2136065835433528E-0049
      53    -0.2725571798892642E-0050
      54     0.2100648131432224E-0051
      55     0.3739388411064051E-0053
      56    -0.4553501627608916E-0053
      57     0.8925840098498716E-0054
      58    -0.1065982073520080E-0054
      59     0.6540703854093967E-0056
      60     0.4539636470020327E-0057
      61    -0.2078099873552949E-0057
      62     0.3261059032699189E-0058
      63    -0.4754133440336892E-0059
      64     0.2997574179123596E-0060
      65    -0.4004967121524784E-0061
      66    -0.1890055204081212E-0061
      67    -0.2242160639125208E-0062
      68     0.1794935423229619E-0062
      69    -0.1542157153449932E-0063
      70    -0.1201820419169297E-0063
      71     0.3829927974467203E-0065
      72     0.3733938908191524E-0065
      73    -0.3596333831981663E-0067
      74     0.4493776390315871E-0067
      75     0.5976149049195952E-0068
      76     0.6063713303945856E-0068
      77    -0.4313660832013303E-0070
      78    -0.2539389926693193E-0069
      79     0.9064993294565489E-0070
      80    -0.1090805728186527E-0070
      81     0.2892436932744735E-0071
      82    -0.6912379159360974E-0072
      83     0.2208802049701741E-0072
      84    -0.3580414062651185E-0073
      85     0.8042415766538456E-0074
      86    -0.1319746846855926E-0074
      87     0.3165140380255564E-0075
      88    -0.5168346775339652E-0076
      89     0.1120929506580823E-0076
      90    -0.1118437834094442E-0077
      91     0.2186089789387590E-0078
      92    -0.2870748775739724E-0079
      93     0.5701936569574254E-0080
      94    -0.4151738879800374E-0082
      95     0.8221010356787109E-0082
      96    -0.1930025369682368E-0083
      97     0.3176077971721920E-0083
      98     0.7577120068906295E-0084
      99    -0.3772814627465928E-0085
     100     0.3069855137169847E-0085
     101    -0.5066974142233041E-0086
     102     0.1516416691430309E-0086
     103    -0.1279683209716470E-0087
     104     0.4088429267085231E-0088
     105    -0.7131818041998972E-0089
     106     0.3595016843562609E-0090
     107    -0.1748898131390965E-0091
     108     0.8520998496939403E-0092
     109    -0.2889520882592365E-0093
     110    -0.8368242889228796E-0093
     111     0.1230483478986037E-0094
     112     0.2656144498040269E-0094
     113    -0.2763506396483397E-0095
     114    -0.9226625041048399E-0096
     115     0.1465805690771392E-0097
     116     0.1006876977231343E-0097
     117    -0.5455771570848893E-0098
     118    -0.4538838968594506E-0099
     119     0.1490891084811377E-0099
     120    -0.1349013680135588E-0100
     121    -0.5524979543448254E-0101
     122    -0.1731131473620597E-0102
     123     0.7112831948792628E-0103
     124     0.7246296593377288E-0104
     125    -0.2269745541704179E-0104
     126    -0.5246187105043968E-0106
     127     0.1459248545625440E-0106
     128     0.4659360982539326E-0108
     129    -0.2049087188857372E-0108
     130    -0.6097901934699997E-0109
     131    -0.1210729249994324E-0110
     132     0.3395890677949707E-0110
     133    -0.1377991889534758E-0111
     134    -0.2801577322691536E-0112
     135    -0.3617581339629108E-0113
     136     0.4268642670799400E-0114
     137     0.5697803845998484E-0115
     138     0.5572902014129059E-0116
     139    -0.4057590738720980E-0117
     140    -0.6496089824192968E-0118
     141    -0.2554664141320171E-0118
     142     0.3240615667032686E-0119
     143     0.3971409504718264E-0121
     144    -0.8540156548374503E-0121
     145    -0.4582192469922478E-0122
     146     0.1520534254489701E-0122
     147     0.1692906336919365E-0123
     148    -0.1335046892899291E-0124
     149    -0.5465125112624941E-0125
     150    -0.5013618832260387E-0127
     151     0.1976513983071791E-0127
     152    -0.1948142513499482E-0128
     153     0.4072710532511390E-0129
     154    -0.1238027934168344E-0129
     155     0.8710743950348163E-0131
     156    -0.6028972174306620E-0132
     157     0.2155576710032632E-0132
     158    -0.4325030578780166E-0134
     159    -0.1347069749391959E-0134
     160    -0.3182108600109898E-0135
     161     0.8186958382863282E-0137
     162     0.4877616710765460E-0137
     163    -0.4134255558646027E-0138
     164     0.8350992940200125E-0139
     165    -0.9730899953775018E-0141
     166     0.1643500609168044E-0140
     167     0.1178606530737553E-0141
     168    -0.3596391680143114E-0143
     169     0.2987035304141562E-0143
     170     0.1166195018761700E-0144
     171    -0.4362907357123347E-0145
     172    -0.2024226249700467E-0145
     173    -0.1258741293005102E-0145
     174    -0.8480555356184101E-0146
     175    -0.5161755919999109E-0146
     176    -0.2795825779976321E-0146
     177    -0.1380224538282072E-0146
     178    -0.6257376469716362E-0147
     179    -0.2621764462844957E-0147
     180    -0.1020164754382369E-0147
     181    -0.3702803069404685E-0148
     182    -0.1258399240172720E-0148
     183    -0.4017726757558702E-0149
     184    -0.1208639643786486E-0149
     185    -0.3434877443049907E-0150
     186    -0.9243797129062017E-0151
     187    -0.2360704549378979E-0151
     188    -0.5732267754880934E-0152
     189    -0.1325781411546727E-0152
     190    -0.2925363607364587E-0153
     191    -0.6167295017381554E-0154
     192    -0.1243970836479293E-0154
     193    -0.2403669370246652E-0155
     194    -0.4454472944813506E-0156
     195    -0.7925865011061642E-0157
     196    -0.1355391268156556E-0157
     197    -0.2229767638575281E-0158
     198    -0.3531943356910190E-0159
     199    -0.5391191408467627E-0160
     200    -0.7936113851229166E-0161

Max =     0.1267792244513573E-0026


    Bound solutions for channel 1 (1)

    I                        eta  maxpt  stop                  Re[zeta1]                  Im[zeta1]                  Re[Psi-N]                  Im[Psi-N] 
   ---                      ----- -----  ----                 -----------                -----------                -----------                -----------
     1      0.000000000000000        57    52     -3.591882989100242         0.7621291038573228E-007    0.1188264264311004E-007    0.4277693363199990E-014
     2     0.1008403361344538        57    51     -3.561344599520512         0.7636294915001370E-007    0.5318510072080082E-008   -0.3158088611625151E-014
     3     0.2016806722689076        57    52     -3.470730585001151         0.7681282689976288E-007    0.8769570177643085E-008    0.2186921714430937E-014
     4     0.3025210084033614        58    52     -3.322989462922502         0.7756170019460509E-007    0.1343475358454815E-008   -0.2350209146755015E-014
     5     0.4033613445378151        58    52     -3.122856390007222         0.7860773812071546E-007    0.4083155655743228E-008   -0.1431228487798809E-014
     6     0.5042016806722689        58    52     -2.876598627039457         0.7994748983676071E-007    0.2241892842980967E-008   -0.2629371202069836E-014
     7     0.6050420168067228        58    52     -2.591685944875780         0.8157501799749686E-007    0.5828745823654347E-008   -0.1067719254661803E-014
     8     0.7058823529411765        58    53     -2.276409847892585         0.8348083549234895E-007    0.4306435887799187E-008    0.9225628647997965E-016
     9     0.8067226890756303        58    53     -1.939478522264628         0.8565071781800291E-007    0.4251051639573657E-008    0.1076140885220173E-014
    10     0.9075630252100840        58    53     -1.589615124313042         0.8806451046647025E-007    0.2852893495959399E-008   -0.1520367557513140E-014
    11      1.008403361344538        58    53     -1.235185390683203         0.9069510325442371E-007    0.2566871471264819E-008   -0.2424329137221573E-014
    12      1.109243697478992        58    54    -0.8838767707195495         0.9350778754489974E-007    0.2157681512773858E-008   -0.7084154360295923E-015
    13      1.210084033613446        58    54    -0.5424457439482290         0.9646022743098946E-007    0.1775417537658602E-008   -0.1387652720949420E-014
    14      1.310924369747899        58    58    -0.2165432614253313         0.9950324070282453E-007    0.9107236346112065E-009    0.7767048517763614E-015
    15      1.411764705882353        58    58     0.8937894864210003E-001    0.1025824870884212E-006    0.3251016119031733E-007    0.2465941231361962E-013
    16      1.512605042016807        58    56     0.3720853488430284         0.1056410067952890E-006    0.2292090883451925E-008    0.1116026051644371E-014
    17      1.613445378151261        58    55     0.6295067543845464         0.1086223737555123E-006   -0.2709788070402958E-008   -0.4358990753133785E-014
    18      1.714285714285714        58    55     0.8606376726146300         0.1114740757379396E-006    0.1476639315297426E-008   -0.1423577744351985E-014
    19      1.815126050420168        58    55      1.065396810990411         0.1141506582299901E-006    0.3521204123715986E-008   -0.3114588652117674E-015
    20      1.915966386554622        58    55      1.244466720530746         0.1166161990345993E-006    0.4258796392879274E-008    0.1149190869673950E-015
    21      2.016806722689076        59    55      1.399126856820935         0.1188458084354064E-006    0.4029481101883873E-009   -0.3133276153382792E-014
    22      2.117647058823529        59    55      1.531091587109402         0.1208260357489830E-006    0.1810223853514922E-008   -0.2377847842651283E-014
    23      2.218487394957983        59    55      1.642361493041010         0.1225542528331793E-006    0.4319231348844120E-008   -0.8003817998532850E-015
    24      2.319327731092437        59    55      1.735093250757919         0.1240372316303654E-006    0.4766115472019152E-008   -0.4309243072824507E-015
    25      2.420168067226891        59    55      1.811490755414663         0.1252892108368925E-006    0.1509276651588242E-008   -0.3327795948659812E-014
    26      2.521008403361344        59    55      1.873718135604628         0.1263297554440780E-006    0.1632088171224624E-008   -0.3222491110070855E-014
    27      2.621848739495798        59    56      1.923833863231668         0.1271816689058580E-006    0.1233338412701089E-007    0.6081037717819034E-014
    28      2.722689075630252        59    55      1.963744213355560         0.1278691449632915E-006    0.6187930455484149E-008    0.5412154780075728E-015
    29      2.823529411764706        59    56      1.995173752780744         0.1284162669805901E-006    0.7889904432695974E-008    0.4727958937466881E-014
    30      2.924369747899160        59    56      2.019650236392175         0.1288458927818608E-006    0.9399172539124074E-008    0.5777979521901100E-014
    31      3.025210084033613        59    55      2.038501193601575         0.1291789105515825E-006    0.3413416328462071E-008   -0.2381641450009792E-014
    32      3.126050420168067        59    55      2.052859544042378         0.1294338181881832E-006    0.2063761466145168E-008   -0.3440368315265646E-014
    33      3.226890756302521        59    55      2.063675756280972         0.1296265623325055E-006    0.4439354007637272E-008   -0.1808154534015494E-014
    34      3.327731092436975        59    56      2.071734326094789         0.1297705699886494E-006    0.1136113685827292E-007    0.7629368319965492E-014
    35      3.428571428571429        59    56      2.077672673254407         0.1298769107565589E-006   -0.4663154662789856E-008   -0.4016178075763699E-014
    36      3.529411764705882        59    55      2.082000909298705         0.1299545373451437E-006    0.3923792518243684E-008   -0.2095645200388536E-014
    37      3.630252100840336        59    55      2.085121286533745         0.1300105633417606E-006    0.3612974072717141E-008   -0.2369778414038901E-014
    38      3.731092436974790        59    55      2.087346477098422         0.1300505482753834E-006    0.2404276810486704E-008   -0.7022450149665468E-014
    39      3.831932773109244        59    55      2.088916132632802         0.1300787697490086E-006    0.5105847282224083E-008   -0.1400693083228543E-014
    40      3.932773109243698        59    55      2.090011428539660         0.1300984703598017E-006    0.1921584795737901E-008   -0.3844664147209362E-014
    41      4.033613445378151        59    55      2.090767497115491         0.1301120731981970E-006    0.1674414526990551E-008   -0.3946555558420581E-014
    42      4.134453781512605        59    56      2.091283801495315         0.1301213640754534E-006    0.8369495339294885E-008    0.4461792271716812E-014
    43      4.235294117647059        59    55      2.091632602054808         0.1301276415393659E-006    0.4748687865168306E-008   -0.1566453246176348E-014
    44      4.336134453781512        59    56      2.091865725866025         0.1301318375004340E-006    0.6989086718657753E-008    0.3140144805535082E-014
    45      4.436974789915967        59    55      2.092019876398433         0.1301346121936796E-006    0.1800652210189457E-008   -0.3816892870713999E-014
    46      4.537815126050420        59    56      2.092120723322419         0.1301364274967926E-006    0.8555575159023328E-008    0.4611632244418158E-014
    47      4.638655462184874        59    55      2.092185998682789         0.1301376025203010E-006    0.4621199966110039E-008   -0.1616976391635467E-014
    48      4.739495798319328        59    55      2.092227802325780         0.1301383550408379E-006    0.2527552678761962E-008   -0.3229724334906718E-014
    49      4.840336134453782        59    56      2.092254291348435         0.1301388318829396E-006   -0.3916842893845335E-008   -0.5624208704085875E-014
    50      4.941176470588236        59    56      2.092270899179709         0.1301391308507148E-006    0.1244595902305371E-007    0.6671236836234897E-014
    51      5.042016806722689        59    55      2.092281202159881         0.1301393163217370E-006    0.2056626253288603E-008   -0.3385829360588232E-014
    52      5.142857142857143        59    55      2.092287526614494         0.1301394301728712E-006    0.3802072838300270E-008   -0.2262398801577277E-014
    53      5.243697478991597        59    55      2.092291368111377         0.1301394993265719E-006    0.3557655539086841E-008   -0.2468638615620425E-014
    54      5.344537815126051        59    55      2.092293676992662         0.1301395408905343E-006    0.5408293584244767E-008   -0.9950599951984816E-015
    55      5.445378151260504        59    56      2.092295050188881         0.1301395656105179E-006   -0.2327462799990448E-008   -0.3113868020060549E-014
    56      5.546218487394958        59    55      2.092295858352500         0.1301395801589107E-006    0.2959083353975504E-008   -0.2792185910421666E-014
    57      5.647058823529412        59    56      2.092296329012410         0.1301395886316338E-006   -0.7314497968186266E-008   -0.7832350959272420E-014
    58      5.747899159663866        59    55      2.092296600257288         0.1301395935145289E-006    0.2462075200771599E-008   -0.3235490855881742E-014
    59      5.848739495798320        59    55      2.092296754949077         0.1301395962992592E-006    0.4914086511028096E-008   -0.1342918532530157E-014
    60      5.949579831932773        59    56      2.092296842252053         0.1301395978708698E-006   -0.3924368109528365E-008   -0.5315703289510165E-014
    61      6.050420168067227        59    55      2.092296891010665         0.1301395987486129E-006    0.2301250874753307E-008   -0.4787682900393399E-014
    62      6.151260504201681        59    55      2.092296917959398         0.1301395992337382E-006    0.2755325149270360E-008   -0.3047582728579602E-014
    63      6.252100840336134        59    55      2.092296932699286         0.1301395994990827E-006    0.4251643462662628E-008   -0.1985106279744082E-014
    64      6.352941176470589        59    56      2.092296940677811         0.1301395996427103E-006   -0.7490565650395924E-008   -0.6147748491908274E-014
    65      6.453781512605042        59    55      2.092296944951738         0.1301395997196489E-006    0.2306183026617237E-008   -0.3335557005535604E-014
    66      6.554621848739496        59    55      2.092296947217485         0.1301395997604364E-006    0.2274892360328615E-008   -0.3413885446288374E-014
    67      6.655462184873950        59    55      2.092296948406203         0.1301395997818354E-006    0.6099424104143406E-008   -0.5865968950644427E-015
    68      6.756302521008403        59    56      2.092296949023413         0.1301395997929465E-006   -0.7478588882505615E-008   -0.8698682215159325E-014
    69      6.857142857142858        59    56      2.092296949340571         0.1301395997986560E-006   -0.5848504469312114E-008   -0.8340470564442815E-014
    70      6.957983193277311        59    55      2.092296949501861         0.1301395998015593E-006    0.3029694101812062E-008   -0.2876744800933474E-014
    71      7.058823529411764        59    55      2.092296949583039         0.1301395998030206E-006    0.3486980600671224E-008   -0.2515814734341266E-014
    72      7.159663865546219        59    55      2.092296949623475         0.1301395998037485E-006    0.3072224710155547E-008   -0.2829079648146368E-014
    73      7.260504201680672        59    55      2.092296949643409         0.1301395998041074E-006    0.2767246644363584E-008   -0.3115365420493749E-014
    74      7.361344537815127        59    55      2.092296949653135         0.1301395998042825E-006    0.4280874985760195E-008   -0.1897795436860139E-014
    75      7.462184873949580        59    55      2.092296949657831         0.1301395998043670E-006    0.2235172681958996E-008   -0.3431559155423526E-014
    76      7.563025210084033        59    55      2.092296949660075         0.1301395998044074E-006    0.2836969412566756E-008   -0.2976028266552160E-014
    77      7.663865546218488        59    55      2.092296949661137         0.1301395998044265E-006    0.1291782225771417E-008   -0.4137243091842923E-014
    78      7.764705882352941        59    55      2.092296949661634         0.1301395998044353E-006    0.2708557655848011E-008   -0.2703074763188249E-014
    79      7.865546218487395        59    55      2.092296949661864         0.1301395998044396E-006    0.5102657451616919E-008   -0.1258920151942857E-014
    80      7.966386554621849        59    55      2.092296949661970         0.1301395998044416E-006    0.3136170779178338E-008   -0.2976190196097787E-014
    81      8.067226890756302        59    55      2.092296949662018         0.1301395998044424E-006    0.1824038943715083E-008   -0.3759584172265571E-014
    82      8.168067226890756        59    55      2.092296949662038         0.1301395998044427E-006    0.5312636366462355E-008   -0.1061082430016121E-014
    83      8.268907563025211        59    55      2.092296949662049         0.1301395998044429E-006    0.2276694614812732E-008   -0.3456997003528235E-014
    84      8.369747899159664        59    55      2.092296949662053         0.1301395998044429E-006    0.3690962280759410E-008   -0.1997946433379057E-014
    85      8.470588235294118        59    55      2.092296949662054         0.1301395998044430E-006    0.3710111409028565E-008   -0.2350918669176557E-014
    86      8.571428571428571        59    55      2.092296949662055         0.1301395998044430E-006    0.3368993073632929E-008   -0.2513083540788207E-014
    87      8.672268907563025        59    55      2.092296949662056         0.1301395998044430E-006    0.2330785344346258E-008   -0.3318327393014145E-014
    88      8.773109243697480        59    55      2.092296949662056         0.1301395998044430E-006    0.3435028099774676E-008   -0.2564363031982151E-014
    89      8.873949579831933        59    56      2.092296949662057         0.1301395998044431E-006   -0.2390734536319668E-008   -0.3939084630308486E-014
    90      8.974789915966387        59    55      2.092296949662057         0.1301395998044430E-006    0.1790299082887396E-008   -0.3703378710967807E-014
    91      9.075630252100840        59    55      2.092296949662057         0.1301395998044430E-006    0.1790299082887396E-008   -0.3703378710967807E-014
    92      9.176470588235293        59    55      2.092296949662057         0.1301395998044430E-006    0.1790299082887396E-008   -0.3703378710967807E-014
    93      9.277310924369749        59    55      2.092296949662057         0.1301395998044430E-006    0.1790299082887396E-008   -0.3703378710967807E-014
    94      9.378151260504202        59    55      2.092296949662057         0.1301395998044430E-006    0.1790299082887396E-008   -0.3703378710967807E-014
    95      9.478991596638656        59    55      2.092296949662057         0.1301395998044430E-006    0.1790299082887396E-008   -0.3703378710967807E-014
    96      9.579831932773109        59    55      2.092296949662057         0.1301395998044430E-006    0.1790299082887396E-008   -0.3703378710967807E-014
    97      9.680672268907564        59    55      2.092296949662057         0.1301395998044430E-006    0.1790299082887396E-008   -0.3703378710967807E-014
    98      9.781512605042018        59    55      2.092296949662057         0.1301395998044430E-006    0.1790299082887396E-008   -0.3703378710967807E-014
    99      9.882352941176471        59    55      2.092296949662057         0.1301395998044430E-006    0.1790299082887396E-008   -0.3703378710967807E-014
   100      9.983193277310924        59    55      2.092296949662057         0.1301395998044430E-006    0.1790299082887396E-008   -0.3703378710967807E-014
   101      10.08403361344538        59    55      2.092296949662057         0.1301395998044430E-006    0.1790299082887396E-008   -0.3703378710967807E-014
   102      10.18487394957983        59    55      2.092296949662057         0.1301395998044430E-006    0.1790299082887396E-008   -0.3703378710967807E-014
   103      10.28571428571429        59    55      2.092296949662057         0.1301395998044430E-006    0.1790299082887396E-008   -0.3703378710967807E-014
   104      10.38655462184874        59    55      2.092296949662057         0.1301395998044430E-006    0.1790299082887396E-008   -0.3703378710967807E-014
   105      10.48739495798319        59    55      2.092296949662057         0.1301395998044430E-006    0.1790299082887396E-008   -0.3703378710967807E-014
   106      10.58823529411765        59    55      2.092296949662057         0.1301395998044430E-006    0.1790299082887396E-008   -0.3703378710967807E-014
   107      10.68907563025210        59    55      2.092296949662057         0.1301395998044430E-006    0.1790299082887396E-008   -0.3703378710967807E-014
   108      10.78991596638656        59    55      2.092296949662057         0.1301395998044430E-006    0.1790299082887396E-008   -0.3703378710967807E-014
   109      10.89075630252101        59    55      2.092296949662057         0.1301395998044430E-006    0.1790299082887396E-008   -0.3703378710967807E-014
   110      10.99159663865546        59    55      2.092296949662057         0.1301395998044430E-006    0.1790299082887396E-008   -0.3703378710967807E-014
   111      11.09243697478992        59    55      2.092296949662057         0.1301395998044430E-006    0.1790299082887396E-008   -0.3703378710967807E-014
   112      11.19327731092437        59    55      2.092296949662057         0.1301395998044430E-006    0.1790299082887396E-008   -0.3703378710967807E-014
   113      11.29411764705882        59    55      2.092296949662057         0.1301395998044430E-006    0.1790299082887396E-008   -0.3703378710967807E-014
   114      11.39495798319328        59    55      2.092296949662057         0.1301395998044430E-006    0.1790299082887396E-008   -0.3703378710967807E-014
   115      11.49579831932773        59    55      2.092296949662057         0.1301395998044430E-006    0.1790299082887396E-008   -0.3703378710967807E-014
   116      11.59663865546218        59    55      2.092296949662057         0.1301395998044430E-006    0.1790299082887396E-008   -0.3703378710967807E-014
   117      11.69747899159664        59    55      2.092296949662057         0.1301395998044430E-006    0.1790299082887396E-008   -0.3703378710967807E-014
   118      11.79831932773109        59    55      2.092296949662057         0.1301395998044430E-006    0.1790299082887396E-008   -0.3703378710967807E-014
   119      11.89915966386555        59    55      2.092296949662057         0.1301395998044430E-006    0.1790299082887396E-008   -0.3703378710967807E-014
   120      12.00000000000000        59    55      2.092296949662057         0.1301395998044430E-006    0.1790299082887396E-008   -0.3703378710967807E-014


    Bound solutions for channel 2 (2)

    I                        eta  maxpt  stop                  Re[zeta1]                  Im[zeta1]                  Re[Psi-N]                  Im[Psi-N] 
   ---                      ----- -----  ----                 -----------                -----------                -----------                -----------
     1      0.000000000000000        60    57      3.260891002796099         0.2765771394868319E-006    0.2560293850964457E-009    0.3828629002751554E-014
     2     0.1008403361344538        60    57      3.279006572282566         0.2769690559260218E-006    0.2267309327089746E-008    0.4840409748691515E-014
     3     0.2016806722689076        61    57      3.332719157744589         0.2781366251249202E-006   -0.4507359634447435E-008    0.6995033370434838E-014
     4     0.3025210084033614        61    57      3.420167282487730         0.2800552028707525E-006   -0.5761477514421400E-008   -0.3432190133405084E-015
     5     0.4033613445378151        61    57      3.538380786751829         0.2826834430871807E-006   -0.2098982047520696E-008    0.2450315928619168E-014
     6     0.5042016806722689        61    57      3.683465747052442         0.2859631375158529E-006    0.4792801419160688E-008    0.7613265459460551E-014
     7     0.6050420168067228        61    57      3.850838007090726         0.2898194498898624E-006   -0.4741767547470311E-008    0.1194824163745191E-014
     8     0.7058823529411765        61    57      4.035483759717624         0.2941619102181185E-006   -0.2143324020240383E-008    0.3538521124028756E-014
     9     0.8067226890756303        61    57      4.232224378001304         0.2988865012172270E-006   -0.5860318080393565E-008    0.1054203345403698E-014
    10     0.9075630252100840        61    57      4.435964255740115         0.3038790377761864E-006   -0.6791299363569618E-008    0.1750584079385132E-014
    11      1.008403361344538        61    57      4.641904461086352         0.3090198184884843E-006   -0.7489250059283874E-008    0.1375486595265517E-014
    12      1.109243697478992        61    57      4.845710774947630         0.3141892539484367E-006   -0.4244988407711886E-008    0.4492023709619763E-014
    13      1.210084033613446        61    57      5.043631112470848         0.3192739168933578E-006   -0.6019278906386596E-008    0.2765667462965728E-013
    14      1.310924369747899        61    58      5.232563269160575         0.3241722928499385E-006   -0.2125260040832979E-008    0.1024849651003493E-013
    15      1.411764705882353        61    58      5.410078459893890         0.3287994976592279E-006    0.1053243598031915E-008    0.5569423877881184E-014
    16      1.512605042016807        61    58      5.574408739943025         0.3330903862602544E-006   -0.5205909118725332E-008    0.5345530604208123E-014
    17      1.613445378151261        61    58      5.724407154172940         0.3370007656672902E-006    0.8523283798960810E-009    0.3590714546118427E-014
    18      1.714285714285714        61    58      5.859488829414567         0.3405067614256465E-006   -0.1407899670815276E-007   -0.5882058808994670E-014
    19      1.815126050420168        61    58      5.979559879747312         0.3436026772492943E-006    0.4084461823380389E-008    0.8876481419474680E-014
    20      1.915966386554622        61    58      6.084939546609771         0.3462978628899604E-006   -0.5505247567730850E-008    0.3066784382363689E-014
    21      2.016806722689076        62    58      6.176279818422930         0.3486131428075427E-006    0.3155277485420761E-008    0.8429343767756188E-014
    22      2.117647058823529        62    58      6.254485965127395         0.3505772809117547E-006   -0.2783384581864426E-008    0.4090618594112752E-014
    23      2.218487394957983        62    58      6.320640882089740         0.3522238145055184E-006   -0.1020931688221028E-007   -0.1943295872003951E-014
    24      2.319327731092437        62    58      6.375935694188842         0.3535884362588520E-006   -0.4136650525466675E-008    0.3783895331001601E-014
    25      2.420168067226891        62    58      6.421608586338174         0.3547069742566134E-006   -0.9441112555034380E-008   -0.1580344970005363E-015
    26      2.521008403361344        62    58      6.458893244541154         0.3556139335900066E-006   -0.3710521976597306E-008    0.4420752552364018E-014
    27      2.621848739495798        62    58      6.488977633023729         0.3563415179341032E-006   -0.1169315309502132E-008   -0.1455905557648698E-012
    28      2.722689075630252        62    58      6.512973164846794         0.3569190358442019E-006   -0.5252840352056003E-008    0.3224166665177649E-014
    29      2.823529411764706        62    58      6.531893721637883         0.3573726015605369E-006   -0.5382929001418122E-008    0.3525807646261189E-014
    30      2.924369747899160        62    58      6.546643502000380         0.3577250535167244E-006   -0.4091454635100371E-008    0.4483558675599884E-014
    31      3.025210084033613        62    58      6.558012359034258         0.3579960287629265E-006   -0.3561675367059322E-008   -0.5573082126399827E-013
    32      3.126050420168067        62    58      6.566677128671417         0.3582021448480844E-006   -0.5897324692059767E-008   -0.1591855590749362E-012
    33      3.226890756302521        62    58      6.573207434417918         0.3583572513657115E-006   -0.7321030040446157E-008    0.2139957843520728E-014
    34      3.327731092436975        62    58      6.578074550250058         0.3584727216121439E-006   -0.4667541869970618E-008    0.4018976060770735E-014
    35      3.428571428571429        62    58      6.581662076759738         0.3585577612921287E-006   -0.7353335540999397E-008    0.2546602281410623E-014
    36      3.529411764705882        62    59      6.584277402278966         0.3586197165380466E-006   -0.2226082292558699E-007   -0.2128216949513625E-013
    37      3.630252100840336        62    58      6.586163151584720         0.3586643680993958E-006   -0.2519004362089671E-008    0.5603900141781257E-014
    38      3.731092436974790        62    58      6.587508047512945         0.3586962025763947E-006   -0.1607416963519195E-008    0.7107305616720356E-014
    39      3.831932773109244        62    59      6.588456810078446         0.3587186550611059E-006    0.2055081928538289E-007    0.2078280107518761E-013
    40      3.932773109243698        62    58      6.589118884706249         0.3587343204783642E-006   -0.1055919730295829E-007   -0.3980330315805056E-015
    41      4.033613445378151        62    58      6.589575922556132         0.3587451332549854E-006   -0.7778283195532010E-008    0.1941581065844667E-014
    42      4.134453781512605        62    58      6.589888032385700         0.3587525166848299E-006   -0.5261150513181355E-008    0.3767724061638999E-014
    43      4.235294117647059        62    58      6.590098888431920         0.3587575045349489E-006   -0.5911811860450543E-008    0.3265296378269463E-014
    44      4.336134453781512        62    58      6.590239817440702         0.3587608381235959E-006   -0.1948709554755574E-008    0.5628544529057636E-014
    45      4.436974789915967        62    59      6.590333005879928         0.3587630423854348E-006    0.1967263415455230E-007    0.1808612196325002E-013
    46      4.537815126050420        62    58      6.590393971051797         0.3587644844212640E-006   -0.3725137849203453E-008   -0.9981039830264534E-014
    47      4.638655462184874        62    58      6.590433432209043         0.3587654178035793E-006   -0.4493760299022718E-008   -0.4836808777850496E-013
    48      4.739495798319328        62    58      6.590458703973609         0.3587660155575209E-006   -0.8968834750858452E-008   -0.9721635423880445E-014
    49      4.840336134453782        62    58      6.590474717535560         0.3587663943252491E-006   -0.5764480620480624E-008    0.2226216076450619E-014
    50      4.941176470588236        62    58      6.590484757572134         0.3587666318009343E-006   -0.5475399375166010E-008    0.3323842339057783E-014
    51      5.042016806722689        62    58      6.590490986100699         0.3587667791232671E-006   -0.2261620930404237E-008    0.5918008966448236E-014
    52      5.142857142857143        62    58      6.590494809466188         0.3587668695565907E-006   -0.7186952654768682E-008    0.2546525763706358E-014
    53      5.243697478991597        62    58      6.590497131792840         0.3587669244860983E-006   -0.6502526020063470E-008    0.2571089261208188E-014
    54      5.344537815126051        62    59      6.590498527596956         0.3587669575007497E-006   -0.2522253506575577E-007   -0.1479075378390364E-013
    55      5.445378151260504        62    58      6.590499357744918         0.3587669771360542E-006   -0.6859760255289541E-009    0.7448152954356622E-014
    56      5.546218487394958        62    58      6.590499846309766         0.3587669886919677E-006   -0.4177978458581996E-008    0.4336409186057232E-014
    57      5.647058823529412        62    58      6.590500130841124         0.3587669954219239E-006   -0.7082577677636935E-008    0.4015962683152938E-014
    58      5.747899159663866        62    58      6.590500294818709         0.3587669993004473E-006   -0.7585835572499816E-008    0.2169439396039793E-014
    59      5.848739495798320        62    58      6.590500388335633         0.3587670015123815E-006   -0.3658171889489732E-008    0.4679534801743657E-014
    60      5.949579831932773        62    58      6.590500441113519         0.3587670027607248E-006   -0.3609245095536839E-008    0.4923149726035267E-014
    61      6.050420168067227        62    59      6.590500470589902         0.3587670034579202E-006   -0.2568407599945784E-007   -0.2857453065811828E-013
    62      6.151260504201681        62    58      6.590500486881417         0.3587670038432719E-006   -0.4904394354698011E-008    0.2191345899442270E-013
    63      6.252100840336134        62    59      6.590500495792230         0.3587670040540283E-006    0.2154980811843399E-007    0.2178102304651453E-013
    64      6.352941176470589        62    58      6.590500500615540         0.3587670041681124E-006   -0.2468117817140877E-008    0.5737086153485467E-014
    65      6.453781512605042        62    58      6.590500503199284         0.3587670042292226E-006   -0.1093282352427351E-007   -0.5080110289251549E-014
    66      6.554621848739496        62    58      6.590500504569015         0.3587670042616229E-006   -0.5318197935627222E-008    0.3339011939234240E-014
    67      6.655462184873950        62    58      6.590500505287639         0.3587670042786203E-006   -0.5456536564121484E-008    0.3345251581804700E-014
    68      6.756302521008403        62    58      6.590500505660764         0.3587670042874459E-006   -0.6546797506662597E-008    0.2832383053978025E-014
    69      6.857142857142858        62    58      6.590500505852497         0.3587670042919810E-006   -0.7387020825959727E-008    0.2217981893993433E-014
    70      6.957983193277311        62    58      6.590500505950004         0.3587670042942872E-006   -0.5226779876047599E-008    0.3751793802112694E-014
    71      7.058823529411764        62    59      6.590500505999083         0.3587670042954481E-006    0.1186542481877799E-007    0.1222553626087989E-013
    72      7.159663865546219        62    58      6.590500506023524         0.3587670042960292E-006   -0.5937073087771731E-008    0.9132927713211787E-014
    73      7.260504201680672        62    58      6.590500506035578         0.3587670042963113E-006    0.1019534904426853E-008    0.8414671881717688E-014
    74      7.361344537815127        62    58      6.590500506041455         0.3587670042964504E-006   -0.4350071086858452E-008    0.4638391179599478E-014
    75      7.462184873949580        62    58      6.590500506044293         0.3587670042965174E-006   -0.7037164015360338E-008    0.2504411692812556E-014
    76      7.563025210084033        62    58      6.590500506045651         0.3587670042965421E-006   -0.4762703139200662E-008   -0.9904195023032001E-014
    77      7.663865546218488        62    58      6.590500506046292         0.3587670042965641E-006   -0.6012327627364587E-008    0.2113511610150668E-014
    78      7.764705882352941        62    58      6.590500506046593         0.3587670042965718E-006   -0.6769233984237919E-008    0.2473424017984054E-014
    79      7.865546218487395        62    58      6.590500506046729         0.3587670042965749E-006   -0.1069314823467407E-007   -0.4254374712943212E-015
    80      7.966386554621849        62    58      6.590500506046796         0.3587670042965766E-006   -0.5666074602818442E-008    0.3315832691963314E-014
    81      8.067226890756302        62    58      6.590500506046824         0.3587670042965773E-006   -0.6976260264691990E-008    0.2606333974312655E-014
    82      8.168067226890756        62    58      6.590500506046837         0.3587670042965816E-006   -0.7688473953176371E-008    0.9494290037755642E-014
    83      8.268907563025211        62    58      6.590500506046844         0.3587670042966263E-006   -0.5005846639492434E-008    0.9476226198664519E-013
    84      8.369747899159664        62    58      6.590500506046848         0.3587670042965781E-006   -0.1110549074991256E-008    0.7194611248130225E-014
    85      8.470588235294118        62    58      6.590500506046848         0.3587670042965778E-006   -0.5929174508617750E-008    0.3173118839802791E-014
    86      8.571428571428571        62    58      6.590500506046849         0.3587670042965784E-006   -0.3136071894310106E-008    0.6228909496962363E-014
    87      8.672268907563025        62    58      6.590500506046848         0.3587670042965225E-006   -0.5257231321131922E-008   -0.9985550676790233E-013
    88      8.773109243697480        62    59      6.590500506046844         0.3587670042965762E-006   -0.2398480082959970E-007   -0.2253187084971365E-013
    89      8.873949579831933        62    58      6.590500506046852         0.3587670042965768E-006    0.1487474698651983E-008    0.6607172724634525E-014
    90      8.974789915966387        62    58      6.590500506046850         0.3587670042998390E-006   -0.2249646090875536E-008    0.6103671568119155E-011
    91      9.075630252100840        62    58      6.590500506046850         0.3587670042998390E-006   -0.2249646090875536E-008    0.6103671568119155E-011
    92      9.176470588235293        62    58      6.590500506046850         0.3587670042998390E-006   -0.2249646090875536E-008    0.6103671568119155E-011
    93      9.277310924369749        62    58      6.590500506046850         0.3587670042998390E-006   -0.2249646090875536E-008    0.6103671568119155E-011
    94      9.378151260504202        62    58      6.590500506046850         0.3587670042998390E-006   -0.2249646090875536E-008    0.6103671568119155E-011
    95      9.478991596638656        62    58      6.590500506046850         0.3587670042998390E-006   -0.2249646090875536E-008    0.6103671568119155E-011
    96      9.579831932773109        62    58      6.590500506046850         0.3587670042998390E-006   -0.2249646090875536E-008    0.6103671568119155E-011
    97      9.680672268907564        62    58      6.590500506046850         0.3587670042998390E-006   -0.2249646090875536E-008    0.6103671568119155E-011
    98      9.781512605042018        62    58      6.590500506046850         0.3587670042998390E-006   -0.2249646090875536E-008    0.6103671568119155E-011
    99      9.882352941176471        62    58      6.590500506046850         0.3587670042998390E-006   -0.2249646090875536E-008    0.6103671568119155E-011
   100      9.983193277310924        62    58      6.590500506046850         0.3587670042998390E-006   -0.2249646090875536E-008    0.6103671568119155E-011
   101      10.08403361344538        62    58      6.590500506046850         0.3587670042998390E-006   -0.2249646090875536E-008    0.6103671568119155E-011
   102      10.18487394957983        62    58      6.590500506046850         0.3587670042998390E-006   -0.2249646090875536E-008    0.6103671568119155E-011
   103      10.28571428571429        62    58      6.590500506046850         0.3587670042998390E-006   -0.2249646090875536E-008    0.6103671568119155E-011
   104      10.38655462184874        62    58      6.590500506046850         0.3587670042998390E-006   -0.2249646090875536E-008    0.6103671568119155E-011
   105      10.48739495798319        62    58      6.590500506046850         0.3587670042998390E-006   -0.2249646090875536E-008    0.6103671568119155E-011
   106      10.58823529411765        62    58      6.590500506046850         0.3587670042998390E-006   -0.2249646090875536E-008    0.6103671568119155E-011
   107      10.68907563025210        62    58      6.590500506046850         0.3587670042998390E-006   -0.2249646090875536E-008    0.6103671568119155E-011
   108      10.78991596638656        62    58      6.590500506046850         0.3587670042998390E-006   -0.2249646090875536E-008    0.6103671568119155E-011
   109      10.89075630252101        62    58      6.590500506046850         0.3587670042998390E-006   -0.2249646090875536E-008    0.6103671568119155E-011
   110      10.99159663865546        62    58      6.590500506046850         0.3587670042998390E-006   -0.2249646090875536E-008    0.6103671568119155E-011
   111      11.09243697478992        62    58      6.590500506046850         0.3587670042998390E-006   -0.2249646090875536E-008    0.6103671568119155E-011
   112      11.19327731092437        62    58      6.590500506046850         0.3587670042998390E-006   -0.2249646090875536E-008    0.6103671568119155E-011
   113      11.29411764705882        62    58      6.590500506046850         0.3587670042998390E-006   -0.2249646090875536E-008    0.6103671568119155E-011
   114      11.39495798319328        62    58      6.590500506046850         0.3587670042998390E-006   -0.2249646090875536E-008    0.6103671568119155E-011
   115      11.49579831932773        62    58      6.590500506046850         0.3587670042998390E-006   -0.2249646090875536E-008    0.6103671568119155E-011
   116      11.59663865546218        62    58      6.590500506046850         0.3587670042998390E-006   -0.2249646090875536E-008    0.6103671568119155E-011
   117      11.69747899159664        62    58      6.590500506046850         0.3587670042998390E-006   -0.2249646090875536E-008    0.6103671568119155E-011
   118      11.79831932773109        62    58      6.590500506046850         0.3587670042998390E-006   -0.2249646090875536E-008    0.6103671568119155E-011
   119      11.89915966386555        62    58      6.590500506046850         0.3587670042998390E-006   -0.2249646090875536E-008    0.6103671568119155E-011
   120      12.00000000000000        62    58      6.590500506046850         0.3587670042998390E-006   -0.2249646090875536E-008    0.6103671568119155E-011


    Bound solutions for channel 3 (3)

    I                        eta  maxpt  stop                  Re[zeta1]                  Im[zeta1]                  Re[Psi-N]                  Im[Psi-N] 
   ---                      ----- -----  ----                 -----------                -----------                -----------                -----------
     1      0.000000000000000        63    60      9.048025107875192         0.5024700927216625E-006    0.1300652458988194E-007    0.2638986873847110E-014
     2     0.1008403361344538        63    60      9.060442803630819         0.5027916454118488E-006    0.7294202036385344E-008    0.5878545282745093E-015
     3     0.2016806722689076        63    60      9.097305552825338         0.5037443769164333E-006    0.1080719779121122E-007   -0.1633639960594391E-012
     4     0.3025210084033614        63    60      9.157464698432598         0.5052932234530487E-006    0.1157017789053782E-007    0.3165352621092086E-014
     5     0.4033613445378151        63    60      9.239078125155912         0.5073820917396907E-006    0.5028556109954302E-008   -0.2902512107512793E-014
     6     0.5042016806722689        63    60      9.339711367705052         0.5099372319219122E-006    0.6953086841510408E-008   -0.2852059372648296E-013
     7     0.6050420168067228        63    60      9.456465700384580         0.5128716487256950E-006   -0.6760120177036344E-008   -0.9292213281156940E-014
     8     0.7058823529411765        63    60      9.586122365458198         0.5160902164620042E-006   -0.1179269035114918E-008   -0.6882815256627635E-014
     9     0.8067226890756303        63    60      9.725292012740328         0.5194950715240679E-006    0.1741565049220528E-007    0.4905542297006673E-014
    10     0.9075630252100840        63    60      9.870559565472965         0.5229908097253873E-006    0.1096963473300820E-007    0.6575937138587744E-015
    11      1.008403361344538        63    60      10.01861663206083         0.5264890394798926E-006    0.6912659825664012E-008   -0.3719323378979907E-014
    12      1.109243697478992        63    60      10.16637575059354         0.5299119401902265E-006    0.2449213709418997E-008   -0.5783971934452951E-014
    13      1.210084033613446        63    61      10.31106280144409         0.5331946283970330E-006   -0.1467513140820621E-007   -0.1478781095805823E-013
    14      1.310924369747899        63    60      10.45028566302465         0.5362863046254709E-006    0.7998792502038892E-008   -0.3269611861709782E-014
    15      1.411764705882353        63    61      10.58207860233597         0.5391503015759281E-006    0.1416205957372781E-007   -0.1410518681850232E-014
    16      1.512605042016807        63    60      10.70492306547344         0.5417632524559927E-006    0.7504931502833853E-008   -0.4586194484663068E-014
    17      1.613445378151261        63    60      10.81774654947597         0.5441136398218389E-006    0.6776242243785654E-008   -0.6833007757989149E-014
    18      1.714285714285714        64    60      10.91990213154205         0.5461999798258232E-006    0.9736227452014798E-008   -0.4239962558550619E-014
    19      1.815126050420168        64    60      11.01113198141623         0.5480288613450624E-006    0.8796442266059370E-008    0.4622899616760687E-013
    20      1.915966386554622        64    60      11.09151872918520         0.5496130104256088E-006    0.8594129513476513E-008    0.2046716880387477E-013
    21      2.016806722689076        64    60      11.16142884390798         0.5509694993683610E-006    0.8446886571817290E-008   -0.1194714355397410E-012
    22      2.117647058823529        64    61      11.22145216410772         0.5521181732969405E-006   -0.1450335137780314E-008    0.5938663120851683E-012
    23      2.218487394957983        64    60      11.27234141390851         0.5530803285663044E-006    0.9571362916833580E-008   -0.6397418395027996E-014
    24      2.319327731092437        64    61      11.31495498270238         0.5538776482810270E-006   -0.7271491482330166E-008   -0.9740482263585958E-014
    25      2.420168067226891        64    61      11.35020551598122         0.5545313805777024E-006   -0.4843185067567393E-008    0.6806447470924751E-015
    26      2.521008403361344        64    61      11.37901604996133         0.5550617340293495E-006    0.2017285443190660E-008   -0.2245389245095160E-014
    27      2.621848739495798        64    61      11.40228461178799         0.5554874597663060E-006   -0.4452960825654850E-008   -0.8396579889631597E-014
    28      2.722689075630252        64    61      11.42085747533275         0.5558255894501047E-006    0.6468949907798354E-009   -0.7976596026665213E-012
    29      2.823529411764706        64    61      11.43551066238814         0.5560913001544062E-006    0.3842770329832388E-008    0.4525036746892738E-013
    30      2.924369747899160        64    61      11.44693883780251         0.5562978800749964E-006   -0.8483159782454986E-009   -0.7711793024025689E-013
    31      3.025210084033613        64    61      11.45575046906394         0.5564567719490798E-006    0.1904293425521236E-010   -0.1071436614382040E-013
    32      3.126050420168067        64    61      11.46246799229991         0.5565776738698880E-006    0.2478519703330754E-008   -0.3796212853718086E-014
    33      3.226890756302521        64    61      11.46753172216050         0.5566686797268753E-006    0.4413854176032886E-008   -0.2423202054075202E-014
    34      3.327731092436975        64    61      11.47130633152893         0.5567364439719030E-006    0.7556882470193776E-008    0.3081645227664300E-015
    35      3.428571428571429        64    61      11.47408887677679         0.5567863578489361E-006    0.2854765342987071E-008   -0.3419260218426875E-014
    36      3.529411764705882        64    61      11.47611752662150         0.5568227266803281E-006    0.3538716998882233E-008   -0.3858367907332868E-014
    37      3.630252100840336        64    61      11.47758034389018         0.5568489402262260E-006    0.2594777091589595E-008   -0.4260959711511823E-014
    38      3.731092436974790        64    61      11.47862365194440         0.5568676304388875E-006    0.2149875976832813E-008   -0.4236281514635349E-014
    39      3.831932773109244        64    61      11.47935967940305         0.5568808130215472E-006   -0.4566795792976440E-008   -0.7148127149147527E-013
    40      3.932773109243698        64    61      11.47987331162308         0.5568900109888192E-006   -0.1273430867862768E-008   -0.2396759094032902E-013
    41      4.033613445378151        64    61      11.48022788295503         0.5568963598632876E-006    0.6852139328739647E-008   -0.7483354571595858E-015
    42      4.134453781512605        64    61      11.48047002104568         0.5569006952144859E-006    0.6187265966264189E-008   -0.6271719126828271E-014
    43      4.235294117647059        64    61      11.48063360646505         0.5569036239761746E-006   -0.1301849083264099E-008   -0.7261939666095063E-014
    44      4.336134453781512        64    61      11.48074294188006         0.5569055814036701E-006   -0.6979577077497048E-008   -0.1084857103884917E-013
    45      4.436974789915967        64    61      11.48081523946347         0.5569068757153916E-006   -0.8998072509549078E-008   -0.4351721226431687E-013
    46      4.537815126050420        64    61      11.48086253763914         0.5569077224612392E-006    0.2564452113167210E-008   -0.3379075786317746E-014
    47      4.638655462184874        64    61      11.48089315254687         0.5569082705330609E-006    0.5141221185864932E-008   -0.4206462826118447E-015
    48      4.739495798319328        64    61      11.48091275900107         0.5569086215280283E-006    0.7692197031768507E-008    0.1872907595389426E-015
    49      4.840336134453782        64    61      11.48092518272128         0.5569088439367386E-006    0.1638366322849806E-007   -0.1146202464039404E-013
    50      4.941176470588236        64    61      11.48093297203430         0.5569089833802042E-006   -0.1354965905765542E-007   -0.1892284086949532E-013
    51      5.042016806722689        64    61      11.48093780428447         0.5569090698865112E-006    0.4452347948965098E-008   -0.9097359653428575E-014
    52      5.142857142857143        64    61      11.48094077054861         0.5569091229881266E-006    0.5800997743196714E-008   -0.9631838743395362E-015
    53      5.243697478991597        64    61      11.48094257226880         0.5569091552422346E-006    0.2726306840971969E-008   -0.4985309399583235E-014
    54      5.344537815126051        64    61      11.48094365516925         0.5569091746281383E-006    0.3208653155269951E-008   -0.3345020118806866E-014
    55      5.445378151260504        64    61      11.48094429921923         0.5569091861578122E-006    0.2346417512082326E-008   -0.4857842749263121E-014
    56      5.546218487394958        64    61      11.48094467826033         0.5569091929433404E-006    0.8087898517294489E-008    0.8394598150603140E-016
    57      5.647058823529412        64    61      11.48094489900703         0.5569091968951093E-006    0.6094428496825894E-008   -0.1074357606702257E-014
    58      5.747899159663866        64    61      11.48094502622503         0.5569091991725503E-006    0.7054270133106421E-008   -0.1465458915266768E-013
    59      5.848739495798320        64    61      11.48094509877784         0.5569092004713718E-006    0.1297497713426438E-007    0.3883047339164077E-014
    60      5.949579831932773        64    61      11.48094513972428         0.5569092012043877E-006    0.4660036318659632E-008   -0.2132262732037208E-014
    61      6.050420168067227        64    61      11.48094516259282         0.5569092016137762E-006    0.6452347745871126E-008   -0.7585505410398810E-015
    62      6.151260504201681        64    61      11.48094517523219         0.5569092018400441E-006    0.3143275112936154E-008   -0.3396560751264673E-014
    63      6.252100840336134        64    61      11.48094518214542         0.5569092019638037E-006    0.4518203822359302E-008   -0.2500345166796058E-014
    64      6.352941176470589        64    61      11.48094518588747         0.5569092020307930E-006    0.1079340334333172E-008   -0.4512056793298339E-014
    65      6.453781512605042        64    61      11.48094518789201         0.5569092020667017E-006    0.7525236608239944E-008   -0.5337362062099815E-013
    66      6.554621848739496        64    61      11.48094518895468         0.5569092020857020E-006   -0.8808031559751590E-008   -0.1252281602794975E-013
    67      6.655462184873950        64    61      11.48094518951221         0.5569092020956825E-006    0.5951670560102260E-008   -0.1403763022407129E-014
    68      6.756302521008403        64    61      11.48094518980169         0.5569092021008630E-006   -0.9986435665546070E-008   -0.9090944935546971E-014
    69      6.857142857142858        64    61      11.48094518995044         0.5569092021035404E-006   -0.6743505609002013E-008   -0.3901072737555874E-013
    70      6.957983193277311        64    61      11.48094519002609         0.5569092021048989E-006    0.1678464953078706E-010   -0.4400857491797606E-013
    71      7.058823529411764        64    61      11.48094519006415         0.5569092021055646E-006    0.1904837149237628E-007    0.5477677856085770E-014
    72      7.159663865546219        64    61      11.48094519008313         0.5569092021059045E-006   -0.9101800382157448E-008   -0.1539514894668956E-013
    73      7.260504201680672        64    61      11.48094519009247         0.5569092021060709E-006    0.6713475452831508E-008   -0.2212607050604178E-014
    74      7.361344537815127        64    61      11.48094519009704         0.5569092021062223E-006    0.6722749319478449E-008   -0.1581756817810251E-012
    75      7.462184873949580        64    61      11.48094519009924         0.5569092021061913E-006    0.2633871463995508E-008   -0.3424999432683248E-014
    76      7.563025210084033        64    61      11.48094519010029         0.5569092021062102E-006    0.2839991425216975E-008   -0.3519650009325258E-014
    77      7.663865546218488        64    61      11.48094519010079         0.5569092021062204E-006    0.9924961719236135E-008   -0.1127103916621549E-014
    78      7.764705882352941        64    61      11.48094519010102         0.5569092021062241E-006    0.3569379916687446E-008   -0.4792706624906776E-014
    79      7.865546218487395        64    61      11.48094519010113         0.5569092021062251E-006    0.5584935872840411E-008   -0.1162100044915875E-014
    80      7.966386554621849        64    61      11.48094519010118         0.5569092021062258E-006    0.9886855825971655E-008    0.2509595556834398E-014
    81      8.067226890756302        64    61      11.48094519010120         0.5569092021062266E-006   -0.6930950446791260E-009   -0.6136536665831070E-014
    82      8.168067226890756        64    61      11.48094519010121         0.5569092021062258E-006    0.5049835039974859E-008    0.6722439219479320E-017
    83      8.268907563025211        64    61      11.48094519010122         0.5569092021062232E-006    0.3764742203453298E-008    0.5314809473839193E-014
    84      8.369747899159664        64    61      11.48094519010122         0.5569092021062266E-006    0.2640589437156814E-008   -0.3016926148538386E-014
    85      8.470588235294118        64    61      11.48094519010122         0.5569092021062268E-006    0.3659645497685207E-008   -0.2660083006263168E-014
    86      8.571428571428571        64    61      11.48094519010121         0.5569092021062281E-006    0.1810163557371618E-007    0.4589944423725878E-014
    87      8.672268907563025        64    61      11.48094519010122         0.5569092021062422E-006    0.9150885214461481E-008   -0.3356884070202486E-013
    88      8.773109243697480        64    61      11.48094519010122         0.5569092021062311E-006    0.5613039410709834E-010   -0.1527524621516700E-013
    89      8.873949579831933        64    61      11.48094519010121         0.5569092021062246E-006    0.1906122729452570E-007    0.1297952181928157E-013
    90      8.974789915966387        64    61      11.48094519010121         0.5569092021062249E-006    0.1906122729452571E-007    0.1284219698929352E-013
    91      9.075630252100840        64    61      11.48094519010121         0.5569092021062249E-006    0.1906122729452571E-007    0.1284219698929352E-013
    92      9.176470588235293        64    61      11.48094519010121         0.5569092021062249E-006    0.1906122729452571E-007    0.1284219698929352E-013
    93      9.277310924369749        64    61      11.48094519010121         0.5569092021062249E-006    0.1906122729452571E-007    0.1284219698929352E-013
    94      9.378151260504202        64    61      11.48094519010121         0.5569092021062249E-006    0.1906122729452571E-007    0.1284219698929352E-013
    95      9.478991596638656        64    61      11.48094519010121         0.5569092021062249E-006    0.1906122729452571E-007    0.1284219698929352E-013
    96      9.579831932773109        64    61      11.48094519010121         0.5569092021062249E-006    0.1906122729452571E-007    0.1284219698929352E-013
    97      9.680672268907564        64    61      11.48094519010121         0.5569092021062249E-006    0.1906122729452571E-007    0.1284219698929352E-013
    98      9.781512605042018        64    61      11.48094519010121         0.5569092021062249E-006    0.1906122729452571E-007    0.1284219698929352E-013
    99      9.882352941176471        64    61      11.48094519010121         0.5569092021062249E-006    0.1906122729452571E-007    0.1284219698929352E-013
   100      9.983193277310924        64    61      11.48094519010121         0.5569092021062249E-006    0.1906122729452571E-007    0.1284219698929352E-013
   101      10.08403361344538        64    61      11.48094519010121         0.5569092021062249E-006    0.1906122729452571E-007    0.1284219698929352E-013
   102      10.18487394957983        64    61      11.48094519010121         0.5569092021062249E-006    0.1906122729452571E-007    0.1284219698929352E-013
   103      10.28571428571429        64    61      11.48094519010121         0.5569092021062249E-006    0.1906122729452571E-007    0.1284219698929352E-013
   104      10.38655462184874        64    61      11.48094519010121         0.5569092021062249E-006    0.1906122729452571E-007    0.1284219698929352E-013
   105      10.48739495798319        64    61      11.48094519010121         0.5569092021062249E-006    0.1906122729452571E-007    0.1284219698929352E-013
   106      10.58823529411765        64    61      11.48094519010121         0.5569092021062249E-006    0.1906122729452571E-007    0.1284219698929352E-013
   107      10.68907563025210        64    61      11.48094519010121         0.5569092021062249E-006    0.1906122729452571E-007    0.1284219698929352E-013
   108      10.78991596638656        64    61      11.48094519010121         0.5569092021062249E-006    0.1906122729452571E-007    0.1284219698929352E-013
   109      10.89075630252101        64    61      11.48094519010121         0.5569092021062249E-006    0.1906122729452571E-007    0.1284219698929352E-013
   110      10.99159663865546        64    61      11.48094519010121         0.5569092021062249E-006    0.1906122729452571E-007    0.1284219698929352E-013
   111      11.09243697478992        64    61      11.48094519010121         0.5569092021062249E-006    0.1906122729452571E-007    0.1284219698929352E-013
   112      11.19327731092437        64    61      11.48094519010121         0.5569092021062249E-006    0.1906122729452571E-007    0.1284219698929352E-013
   113      11.29411764705882        64    61      11.48094519010121         0.5569092021062249E-006    0.1906122729452571E-007    0.1284219698929352E-013
   114      11.39495798319328        64    61      11.48094519010121         0.5569092021062249E-006    0.1906122729452571E-007    0.1284219698929352E-013
   115      11.49579831932773        64    61      11.48094519010121         0.5569092021062249E-006    0.1906122729452571E-007    0.1284219698929352E-013
   116      11.59663865546218        64    61      11.48094519010121         0.5569092021062249E-006    0.1906122729452571E-007    0.1284219698929352E-013
   117      11.69747899159664        64    61      11.48094519010121         0.5569092021062249E-006    0.1906122729452571E-007    0.1284219698929352E-013
   118      11.79831932773109        64    61      11.48094519010121         0.5569092021062249E-006    0.1906122729452571E-007    0.1284219698929352E-013
   119      11.89915966386555        64    61      11.48094519010121         0.5569092021062249E-006    0.1906122729452571E-007    0.1284219698929352E-013
   120      12.00000000000000        64    61      11.48094519010121         0.5569092021062249E-006    0.1906122729452571E-007    0.1284219698929352E-013


    Overlaps of bound channel solutions

  IPT              ETA   I   J        Re[(I,J)]-delta(I,J)                  Im[(I,J)] 
 -----            ----- --- ---      ----------------------                -----------
     1       0.00000000   1   3     0.1982219441324434E-012    0.1323016176341536E-019
     1       0.00000000   3   1     0.1982219440417733E-012    0.1323016176341584E-019
     3       0.20168067   1   3     0.1332053067470495E-012    0.8506503084901591E-020
     3       0.20168067   3   1     0.1332053012798166E-012    0.8506503085537828E-020
     4       0.30252101   1   3    -0.3162346794630638E-013    0.2345615137919557E-020
     4       0.30252101   3   1    -0.3162342968032601E-013    0.2345615137914585E-020
     5       0.40336134   1   3     0.2426371044676651E-013   -0.3290815182500756E-020
     5       0.40336134   3   1     0.2426371044668570E-013   -0.3290812575839123E-020
     6       0.50420168   1   3    -0.2872347094404703E-013    0.2530897317043692E-020
     6       0.50420168   3   1    -0.2872347111220538E-013    0.2530897317044469E-020
     7       0.60504202   1   3     0.4986768482118756E-013    0.7930304148819520E-020
     7       0.60504202   3   1     0.4986768482120841E-013    0.7930304148830086E-020
     8       0.70588235   1   3     0.3200290729724686E-013    0.2936791685574817E-021
     8       0.70588235   3   1     0.3200290733995570E-013    0.2936791685577912E-021
     9       0.80672269   1   3     0.2847496062149466E-013    0.2161201025416181E-019
     9       0.80672269   3   1     0.2847496056811024E-013    0.2161201025416057E-019
    17       1.61344538   1   3    -0.2499440786023805E-013   -0.3596949162060784E-020
    17       1.61344538   3   1    -0.2499440790361284E-013   -0.3596949818817268E-020
    27       2.62184874   1   3     0.4025559311455621E-013    0.1858797653949549E-021
    27       2.62184874   3   1     0.4025554938205245E-013    0.1859213956134175E-021
    28       2.72268908   1   3     0.2348500724681072E-013    0.9856674709983263E-020
    28       2.72268908   3   1     0.2348500724614863E-013    0.9856674699721525E-020
    29       2.82352941   1   3     0.2427009787903965E-013    0.5995392038911386E-020
    29       2.82352941   3   1     0.2427009787903835E-013    0.5995392038911464E-020
    30       2.92436975   1   3     0.3005501154349273E-013    0.6470284370670601E-020
    30       2.92436975   3   1     0.3005501171499021E-013    0.6470284366056767E-020
    34       3.32773109   1   3     0.3757377824981452E-013    0.9045769606290096E-020
    34       3.32773109   3   1     0.3757377824445425E-013    0.9045769608815797E-020
    35       3.42857143   1   3    -0.2315032017015597E-013    0.3754674194147200E-020
    35       3.42857143   3   1    -0.2315049373294512E-013    0.3754674234876365E-020
    42       4.13445378   1   3     0.2622295463747392E-013    0.4398847192243236E-020
    42       4.13445378   3   1     0.2622295463814115E-013    0.4398847192243234E-020
    44       4.33613445   1   3     0.2098939954062663E-013    0.2730587103697378E-020
    44       4.33613445   3   1     0.2101179059322281E-013    0.2730587185003912E-020
    46       4.53781513   1   3     0.2692309224524461E-013    0.4524849988456495E-020
    46       4.53781513   3   1     0.2692309207441313E-013    0.4524849988435366E-020
    49       4.84033613   1   3    -0.2046743372206411E-013   -0.4092167257218674E-020
    49       4.84033613   3   1    -0.2046743372206407E-013   -0.4092167272492087E-020
    50       4.94117647   1   3     0.4185570496131111E-013    0.2908584309076591E-020
    50       4.94117647   3   1     0.4185570496131022E-013    0.2908584309076596E-020
    57       5.64705882   1   3    -0.3356645205093415E-013   -0.4239810381211248E-020
    57       5.64705882   3   1    -0.3356645205068389E-013   -0.4239810544127597E-020
    60       5.94957983   1   3    -0.2036184551858295E-013   -0.2899675867680711E-020
    60       5.94957983   3   1    -0.2036184518226072E-013   -0.2899675867680692E-020
    64       6.35294118   1   3    -0.3401794168377285E-013    0.2597835196339925E-020
    64       6.35294118   3   1    -0.3401794163514264E-013    0.2597835155610838E-020
    67       6.65546218   1   3     0.2132214972529556E-013    0.4007189815123464E-020
    67       6.65546218   3   1     0.2132213879215911E-013    0.4007189815123464E-020
    68       6.75630252   1   3    -0.3389413854313876E-013   -0.7139711252980954E-020
    68       6.75630252   3   1    -0.3389391988077151E-013   -0.7139711252980944E-020
    69       6.85714286   1   3    -0.2777135435809771E-013   -0.9730886325831901E-020
    69       6.85714286   3   1    -0.2777135525495612E-013   -0.9730886325811933E-020

WARNING: Adiabatic bound solutions are not orthonormal. Max. error =    0.198222E-012   0.132302E-019


Setting same-channel gradient coupling to zero


    Asymptotic solutions at ETA =    12.000000    

  Chan          Outgoing                      Grad Outgoing                           Incoming                      Grad Incoming                          Wronskian                 
  ----          --------                      -------------                           --------                      -------------                          ---------                 
     1   -0.79919709E-01   0.33258244E-01   -0.98525197       -2.3879042       -0.79919150E-01  -0.33258013E-01   -0.98524506        2.3878875        0.13877788E-16   0.44721360    
     2   -0.77470176E-01  -0.38866929E-01     1.1639329       -2.3024324       -0.77469642E-01   0.38866660E-01     1.1639249        2.3024165        0.27755576E-16   0.44721360    
     3   -0.14770369E-01  -0.85527302E-01     2.5400978      -0.43063317       -0.14770270E-01   0.85526719E-01     2.5400805       0.43063020       -0.55511151E-16   0.44721360    


Choosing solution # 1 for the boundary


 Boundary choice     1 eigenvalue =     0.11813308366773E-006   -0.48332151977766E-007 abs =    0.12763785634226E-006

 Guess eigenvector and amplitudes:

 Chann                                  Re[Ci]                                 Im[Ci]                                  Re[In]                                 Im[In]                                 Re[out]                                Im[out]
 -----                                  ------                                 ------                                  ------                                 ------                                 -------                                -------
     1         0.999688058204651119886819              0.00000000000000000000000             -0.513034059679284837329760E-010        0.471089833808946423232555E-010         0.339532591715485665417873E-003       -0.339513217221920626798237E-003
     2        -0.248770878300291937990085E-001       -0.333701042258456061478239E-009        -0.514705789100844413042068E-008        0.475188244308810681104660E-008        -0.331393380292865913361311E-005        0.332175682160595897585154E-005
     3        -0.221738226549181597843652E-002        0.273415781284491438260422E-009        -0.765430741012096405029297E-008        0.675208866596221923828125E-008         0.552536221221089363098145E-007       -0.405852915719151496887207E-007

Optimization of boundary amplitudes converged after 1 iterations

 Refined boundary conditions:

 Chann                                  Re[Ci]                                 Im[Ci]
 -----                                  ------                                 ------
     1         0.999688058204651119886819              0.00000000000000000000000     
     2        -0.248770878300292978824171E-001       -0.333701051045603566844871E-009
     3        -0.221738226549168804258017E-002        0.273415782469442244800930E-009


    Asymptotic amplitudes

  Chan                Re[in/out]               Im[in/out]              Re[outgoing]             Im[outgoing]              Re[incoming]             Im[incoming]
  ----                ----------               ----------              ------------             ------------              ------------             ------------
     1    -0.14087875675857E-006   -0.61335761884697E-008     0.33953259047807E-003   -0.33951321870649E-003    -0.49915359419495E-010    0.45747651142304E-010
     2     0.14608261496627E-002    0.55188092302170E-004    -0.33140475683416E-005    0.33216645389704E-005    -0.50245636782331E-008    0.46694784558399E-008
     3    -0.19470584882762E-003   -0.35728475153401E-001     0.49296495011267E-007   -0.49093602113862E-007    -0.17636378592215E-008   -0.17517297856882E-008

            Located solution at energy =   -0.5007914066597900504262952381395735       -0.7073338705133279372244659542745548E-007
Outgoing amplitude in the main channel =    0.3395325904780702218691001981198951E-003  -0.3395132187064896591745244425197825E-003
Incoming amplitude in the main channel =   -0.4991535941949469251085109696978895E-010   0.4574765114230364653470922352773102E-010


Using solutions to generate wavefunction for plotting


              Timing data at 2022/09/23 18:47:42

                                                       Total time (seconds)           Self time (seconds)
 Timer                                   Calls         --------------------           -------------------
 -----                                   -----           Real           CPU            Real           CPU

 start                                      1.            1.6          40.0             0.0           0.0
 Solve single energy                        1.            1.6          39.7             0.0           0.6
 Guess zeta1                                1.            0.1           3.9             0.1           3.9
 Bound solutions                            3.            1.1          32.0             1.1          32.0
 Channel coupling                           1.            0.0           1.6             0.0           1.6
 Continuum direction                        1.            0.1           0.4             0.0           0.0
 Continuum outbound                        17.            0.1           0.4             0.1           0.4
 Dump total                                 1.            0.1           0.3             0.1           0.3
 Dump Cartesian                             1.            0.1           0.9             0.1           0.9

 (  2 timers contributing less than 1% are not shown)

