Version: Optimized gfortran (quad), built on balrog.mbi-berlin.de at Fri Sep 23 07:37:08 PM CEST 2022

Compiler: GCC version 12.2.1 20220830 [revision e927d1cf141f221c5a32574bde0913307e140984]
Build flags: -cpp -I . -D_REENTRANT -D __BUILD_ID__="Optimized gfortran (quad), built on balrog.mbi-berlin.de at Fri Sep 23 07:37:08 PM CEST 2022" -march=znver2 -mmmx -mpopcnt -msse -msse2 -msse3 -mssse3 -msse4.1 -msse4.2 -mavx -mavx2 -msse4a -mno-fma4 -mno-xop -mfma -mno-avx512f -mbmi -mbmi2 -maes -mpclmul -mno-avx512vl -mno-avx512bw -mno-avx512dq -mno-avx512cd -mno-avx512er -mno-avx512pf -mno-avx512vbmi -mno-avx512ifma -mno-avx5124vnniw -mno-avx5124fmaps -mno-avx512vpopcntdq -mno-avx512vbmi2 -mno-gfni -mno-vpclmulqdq -mno-avx512vnni -mno-avx512bitalg -mno-avx512bf16 -mno-avx512vp2intersect -mno-3dnow -madx -mabm -mno-cldemote -mclflushopt -mclwb -mclzero -mcx16 -mno-enqcmd -mf16c -mfsgsbase -mfxsr -mno-hle -msahf -mno-lwp -mlzcnt -mmovbe -mno-movdir64b -mno-movdiri -mmwaitx -mno-pconfig -mno-pku -mno-prefetchwt1 -mprfchw -mno-ptwrite -mrdpid -mrdrnd -mrdseed -mno-rtm -mno-serialize -mno-sgx -msha -mno-shstk -mno-tbm -mno-tsxldtrk -mno-vaes -mno-waitpkg -mwbnoinvd -mxsave -mxsavec -mxsaveopt -mxsaves -mno-amx-tile -mno-amx-int8 -mno-amx-bf16 -mno-uintr -mno-hreset -mno-kl -mno-widekl -mno-avxvnni -mno-avx512fp16 --param=l1-cache-size=32 --param=l1-cache-line-size=64 --param=l2-cache-size=512 -mtune=znver2 -mrecip -g -O3 -Wall -flto -fprotect-parens -fopenmp -ffast-math -fcx-fortran-rules -fno-realloc-lhs -fbacktrace -fpre-include=/usr/include/finclude/math-vector-fortran.h

  Integer kind = 4 (9 decimals)
     Real kind = 16 (33 decimals)
Aux. real kind = 16 (33 decimals)


    $Id: $
    $Id: accuracy.f90,v 1.45 2021/04/26 15:44:44 ps Exp $
    $Id: constants.f90,v 1.7 2021/04/26 15:44:44 ps Exp $
    $Id: $
    $Id: $
    $Id: $
    $Id: find_root.f90,v 1.15 2021/08/10 13:17:38 ps Exp ps $
    $Id: lapack.f90,v 1.10 2021/04/26 15:44:44 ps Exp $
    $Id: math.f90,v 1.13 2022/02/19 18:54:26 ps Exp $
    $Id: $
    $Id: sort_tools.f90,v 1.3 2021/04/26 15:44:44 ps Exp $
    $Id: timer.f90,v 1.5 2021/04/26 15:44:44 ps Exp $
    $Id: $
    $Id: $
    $Id: $
    $Id: $
    $Id: $
    $Id: $
    $Id: $
    $Id: $
    $Id: $
 ===== begin simulation parameters ===== 
&GT
 VERBOSE=1          ,
 COMMENT="Yukawa potential: 3c, outgoing resonance search, F=0.050, M=0, NB=0, NC=0                                                                                                                                                                                      ",
 OMP_NUM_THREADS=0          ,
 TASK="outgoing                                                                                                                                                                                                                                                       ",
 BOUNDARY="asymptotic                                                                                                                                                                                                                                                     ",
 BOUNDARY_SOLUTION="outgoing                                                                                                                                                                                                                                                       ",
 BOUNDARY_INDEX=1          ,
 BOUNDARY_PHASE=(1.00000000000000000000000000000000000,0.00000000000000000000000000000000000),
 OUTGOING_SOLVER="root                                                                                                                                                                                                                                                           ",
 MVAL=0          ,
 EFIELD=  5.00000000000000000000000000000000024E-0002,
 ZNUC=  0.00000000000000000000000000000000000      ,
 POTENTIAL="yukawa                                                                                                                                                                                                                                                         ",
 POT_PARAM_REAL= -1.90792000000000000000000000000000008      ,  1.00000000000000000000000000000000000      , 4*0.00000000000000000000000000000000000        ,
 POT_PARAM_INT=-1         , 2*0          ,
 ENERGY_SINGLE=(-0.500000000000000000000000000000000000,0.00000000000000000000000000000000000),
 ENERGY_GUESS=(-0.500791409755612215299999999999999988,-7.073337981537992395000000000000000056E-0008),
 ENERGY_STEP=  1.00000000000000000000000000000000005E-0001,
 ZETA_TOL= -1.00000000000000000000000000000000000      ,
 ZETA_STAB_COS= 0.900000000000000000000000000000000019      ,
 ENERGY_TOL=  9.99999999999999999999999999999999965E-0017,
 WAVEFUNCTION_TOL= -10000.0000000000000000000000000000000      ,
 BOUNDARY_TOL= -1.00000000000000000000000000000000000      ,
 XI_MAX=  12.0000000000000000000000000000000000      ,
 XI_NPTS=120        ,
 XI_MAXORDER=60         ,
 XI_NPTS_GUESS=400        ,
 ETA_MAX=  12.0000000000000000000000000000000000      ,
 ETA_NPTS=120        ,
 ETA_MAXORDER=60         ,
 ETA_MAXORDER2=6          ,
 ETA_POINTS2=9          ,
 ETA_ORDER2=8          ,
 NONAD_POINTS=7          ,
 NONAD_ORDER=6          ,
 ASYMP_ORDER=200        ,
 BASE_CHANNEL=1          ,
 N_CHANNELS=3          ,
 MAIN_CHANNEL=1          ,
 FILE_BOUND="('gyu000-0_050-3c-out-quad-b-',i0,'.table')                                                                                                                                                                                                                    ",
 FILE_CONTINUUM="('gyu000-0_050-3c-out-quad-c-',i0,'.table')                                                                                                                                                                                                                    ",
 FILE_COUPLING="                                                                                                                                                                                                                                                               ",
 FILE_TOTAL_MODE="wavefunction                                                                                                                                                                                                                                                   ",
 FILE_TOTAL="gyu000-0_050-3c-out-quad.table                                                                                                                                                                                                                                 ",
 FOURIER_CENTRE= -1.00000000000000000000000000000000000      ,
 FOURIER_WIDTH= -1.00000000000000000000000000000000000      ,
 FILE_CARTESIAN="gyu000-0_050-3c-out-cartesian-quad.table                                                                                                                                                                                                                       ",
 CARTESIAN_DX= 0.250000000000000000000000000000000000      ,
 CARTESIAN_PHI=  0.00000000000000000000000000000000000      ,
 CARTESIAN_NPTS=-30        ,30         , 2*0          ,-80        ,40         ,
 
 CARTESIAN_REF= 2*0.00000000000000000000000000000000000        , 0.500000000000000000000000000000000000      ,
 CART_INTERP_POINTS=9          ,
 CART_LAPLACE_ORDER=3          ,
 FILE_BOHM="                                                                                                                                                                                                                                                               ",
 FILE_HUSIMI="                                                                                                                                                                                                                                                               ",
 HUSIMI_NDIM=1          ,
 HUSIMI_COORD=3          ,1          ,
 HUSIMI_WIDTH=  2.50662827463100050241576528481104528      ,
 HUSIMI_DETAIL=T,
 /
 ====== end simulation parameters ====== 

Yukawa potential: 3c, outgoing resonance search, F=0.050, M=0, NB=0, NC=0

Asymptotic continuum solutions are used from point eta =     12.00000000000000     
Effective potential u = -r*v(r)-Q and its derivatives at the matching point:
   Order    o! (d^o/d x^o) u(x^2/2)
   -----    -----------------------
       0     0.1026496477842753E-0030
       1    -0.1231795773411304E-0029
       2     0.7339449816575684E-0029
       3    -0.2894720067516564E-0028
       4     0.8500673957135299E-0028
       5    -0.1982267348362140E-0027
       6     0.3822856797438692E-0027
       7    -0.6270287745843167E-0027
       8     0.8927574519084914E-0027
       9    -0.1120673405368620E-0026
      10     0.1255532341251495E-0026
      11    -0.1267792244513574E-0026
      12     0.1163164549409283E-0026
      13    -0.9761678729536787E-0027
      14     0.7536321375739187E-0027
      15    -0.5378278518622230E-0027
      16     0.3562688802982974E-0027
      17    -0.2198469830421968E-0027
      18     0.1267719397893369E-0027
      19    -0.6849559444367610E-0028
      20     0.3475875967673882E-0028
      21    -0.1660045341319951E-0028
      22     0.7474849149166150E-0029
      23    -0.3178162451164969E-0029
      24     0.1277629177700562E-0029
      25    -0.4861355072496708E-0030
      26     0.1752306503575188E-0030
      27    -0.5987527026076128E-0031
      28     0.1940259259898630E-0031
      29    -0.5963994514726703E-0032
      30     0.1738844719257804E-0032
      31    -0.4807142618182887E-0033
      32     0.1259289507050519E-0033
      33    -0.3122524686794951E-0034
      34     0.7316882697363006E-0035
      35    -0.1616495585725902E-0035
      36     0.3355851203152172E-0036
      37    -0.6514934751504605E-0037
      38     0.1174229078592988E-0037
      39    -0.1942516459387500E-0038
      40     0.2891976681680031E-0039
      41    -0.3726476972264724E-0040
      42     0.3761418297708661E-0041
      43    -0.1830755779036441E-0042
      44    -0.3555707642874846E-0043
      45     0.1355023322330279E-0043
      46    -0.2761863527193153E-0044
      47     0.4168538107024477E-0045
      48    -0.4667462919242125E-0046
      49     0.2923300808298107E-0047
      50     0.2319003898568793E-0048
      51    -0.1118844213055031E-0048
      52     0.2135985895786842E-0049
      53    -0.2725167663941848E-0050
      54     0.2100398705450696E-0051
      55     0.3721622134563875E-0053
      56    -0.4548202431425645E-0053
      57     0.8922246849569099E-0054
      58    -0.1061809273802978E-0054
      59     0.6473668535706169E-0056
      60     0.4749484158637299E-0057
      61    -0.1995581889519824E-0057
      62     0.3096370728322676E-0058
      63    -0.2730258705503789E-0059
      64     0.2811558098154231E-0061
      65     0.3681341128808125E-0061
      66    -0.7119341158159353E-0062
      67     0.7256519792512088E-0063
      68    -0.2336003813022283E-0064
      69    -0.6454080024471520E-0065
      70     0.1440128548912587E-0065
      71    -0.1524994727109792E-0066
      72     0.5414793383599490E-0068
      73     0.1198930850791580E-0068
      74    -0.2675941026094384E-0069
      75     0.2682931174028905E-0070
      76    -0.7152320825530266E-0072
      77    -0.2369678798656191E-0072
      78     0.4562623898641626E-0073
      79    -0.3930974531283303E-0074
      80     0.1931819236229595E-0076
      81     0.4566859534488775E-0076
      82    -0.6918796786597051E-0077
      83     0.4500839288465991E-0078
      84     0.1806892429091573E-0079
      85    -0.7846012003967103E-0080
      86     0.8846886018217813E-0081
      87    -0.3184196802193272E-0082
      88    -0.5711193017706290E-0083
      89     0.1127823418365708E-0083
      90    -0.8691875558586665E-0085
      91    -0.9318500148973021E-0087
      92     0.1066314736546775E-0086
      93    -0.1275691056376529E-0087
      94     0.4941643948297156E-0089
      95     0.7186250335808661E-0090
      96    -0.1413035870258029E-0090
      97     0.1007235060739029E-0091
      98     0.2085242842030595E-0093
      99    -0.1270165866661659E-0093
     100     0.1315674750842483E-0094
     101    -0.3055879674931406E-0096
     102    -0.9303619451510056E-0097
     103     0.1380604132786798E-0097
     104    -0.6984260055470860E-0099
     105    -0.5166600414305273E-0100
     106     0.1243790729756630E-0100
     107    -0.9120458706172574E-0102
     108    -0.1382738603952392E-0103
     109     0.9889671378551467E-0104
     110    -0.9531672726805926E-0105
     111     0.1394884439263913E-0106
     112     0.7015862920036699E-0107
     113    -0.8685014434669248E-0108
     114     0.2987967012469063E-0109
     115     0.4434453389069448E-0110
     116    -0.7163126088460553E-0111
     117     0.3557176362735627E-0112
     118     0.2453057864023399E-0113
     119    -0.5463978232239441E-0114
     120     0.3418974464459020E-0115
     121     0.1126006302439777E-0116
     122    -0.3905707899755941E-0117
     123     0.2898034974735889E-0118
     124     0.3595773125413042E-0120
     125    -0.2659576758161150E-0120
     126     0.2247468837777639E-0121
     127     0.2198859011341750E-0124
     128    -0.1758182673703100E-0123
     129     0.1603155034075763E-0124
     130    -0.2004251232550750E-0126
     131    -0.7773685454463453E-0127
     132     0.8200848876447546E-0128
     133    -0.1343069279675908E-0129
     134    -0.4000579670993905E-0130
     135     0.1250606584771902E-0130
     136    -0.1118763265829925E-0131
     137    -0.8497241966032916E-0133
     138     0.1263986099215961E-0133
     139     0.7646715226771841E-0135
     140    -0.2856021480806772E-0135
     141     0.7243974817263040E-0137
     142    -0.2057887900175114E-0137
     143     0.3779358337048599E-0138
     144    -0.8868114667537026E-0139
     145     0.7485206371144266E-0140
     146    -0.1218069311500024E-0140
     147    -0.5562504693805730E-0142
     148    -0.2516370796128462E-0142
     149     0.3301915581626728E-0143
     150    -0.7599077587920055E-0144
     151     0.2253651210119326E-0145
     152     0.2129343706884797E-0146
     153     0.5077031482027188E-0148
     154    -0.8619913463539240E-0148
     155     0.1219113407872780E-0148
     156     0.1246381280743448E-0149
     157    -0.3694082070709269E-0150
     158    -0.8567843153610365E-0152
     159     0.1754949423213705E-0152
     160    -0.8976349091988998E-0154
     161    -0.2626823504488436E-0154
     162     0.9801184401318749E-0156
     163     0.3894274544857601E-0156
     164    -0.1091964001885915E-0156
     165    -0.6974765512216520E-0158
     166    -0.4185324105856845E-0159
     167    -0.2528323187083209E-0160
     168     0.2791802487172418E-0161
     169     0.2096110922004052E-0161
     170    -0.2244093860803643E-0162
     171    -0.2810852659883942E-0163
     172     0.2431939866310413E-0164
     173    -0.4709236513094472E-0165
     174     0.1080674396542242E-0166
     175     0.5781716010960584E-0167
     176    -0.3243666888194774E-0168
     177    -0.1160003551824836E-0168
     178    -0.1275990194103481E-0170
     179     0.1343528589169039E-0170
     180    -0.2208012448966129E-0171
     181    -0.1571630723510833E-0172
     182     0.1646380852868687E-0173
     183     0.1465145934346837E-0174
     184    -0.4110353911061308E-0175
     185     0.1422524615111580E-0177
     186     0.2974327655257032E-0177
     187     0.3026697791282253E-0178
     188    -0.4729076962101878E-0179
     189    -0.1166999466745778E-0180
     190     0.7497169918840757E-0181
     191     0.6001870705512530E-0183
     192    -0.3552152766648820E-0183
     193     0.8422490595581101E-0184
     194     0.5499284851149126E-0185
     195     0.5437875414515535E-0186
     196    -0.4421506646246198E-0187
     197     0.8392122478587623E-0188
     198    -0.5050291443699904E-0189
     199    -0.4499973231598612E-0190
     200    -0.3889306954488791E-0192

Max =     0.1267792244513574E-0026


WARNING: Short-range potential is not negligible at the asymptotic matching point.
WARNING: Diagnostic =     0.1267792244513574E-0026

Solving for energy =  -0.5007914097556122153000000      -0.7073337981537992395000000E-007

WARNING: Adiabatic bound solutions are not orthonormal. Max. error =   -0.624853E-030  -0.442919E-037


 Refined boundary conditions:

 Chann                                  Re[Ci]                                 Im[Ci]
 -----                                  ------                                 ------
     1         0.999688058206483078129282              0.00000000000000000000000     
     2        -0.248770877571853431192917E-001       -0.333701280802403386543517E-009
     3        -0.221738225676136325189874E-002        0.273415812219601010905326E-009


At energy = -0.5007914097556122153000000 -0.7073337981537992395000000E-7 incoming = -0.13136508497189173095E-12 0.13137165272788598413E-12 (main) 0.18579180047845235177E-12 (total)
Solving for energy =  -0.5007914097556121153000000      -0.7073337981537992395000000E-007

WARNING: Adiabatic bound solutions are not orthonormal. Max. error =    0.395407E-030   0.205990E-037


 Refined boundary conditions:

 Chann                                  Re[Ci]                                 Im[Ci]
 -----                                  ------                                 ------
     1         0.999688058206483078128252              0.00000000000000000000000     
     2        -0.248770877571853431215514E-001       -0.333701280802406743942618E-009
     3        -0.221738225676136369117202E-002        0.273415812219601123305056E-009


At energy = -0.5007914097556121153000000 -0.7073337981537992395000000E-7 incoming = -0.21309312924392533835E-12 0.21310397877604105768E-12 (main) 0.30138125620307241808E-12 (total)
Solving for energy =  -0.5007914097556123153000000      -0.7073337981537992395000000E-007

WARNING: Adiabatic bound solutions are not orthonormal. Max. error =    0.389589E-017   0.162662E-022


 Refined boundary conditions:

 Chann                                  Re[Ci]                                 Im[Ci]
 -----                                  ------                                 ------
     1         0.999688058206483077213731              0.00000000000000000000000     
     2        -0.248770877571853802277715E-001       -0.333701280802559101901245E-009
     3        -0.221738225676135969567805E-002        0.273415812219614264107390E-009


At energy = -0.5007914097556123153000000 -0.7073337981537992395000000E-7 incoming = 0.19095855889747132554E-12 -0.19096831408117449727E-12 (main) 0.27007597796950281875E-12 (total)
Solving for energy =  -0.5007914097556122153000000      -0.7073337971537992395000000E-007

WARNING: Adiabatic bound solutions are not orthonormal. Max. error =    0.968292E-030   0.647397E-037


 Refined boundary conditions:

 Chann                                  Re[Ci]                                 Im[Ci]
 -----                                  ------                                 ------
     1         0.999688058206483078140547              0.00000000000000000000000     
     2        -0.248770877571853426662900E-001       -0.333701280330629389363342E-009
     3        -0.221738225676136325535290E-002        0.273415811833056861971529E-009


At energy = -0.5007914097556122153000000 -0.7073337971537992395000000E-7 incoming = -0.37301846642390840808E-12 -0.10697864006278469924E-12 (main) 0.38807420395929307749E-12 (total)
Solving for energy =  -0.5007914097556122153000000      -0.7073337991537992395000000E-007

WARNING: Adiabatic bound solutions are not orthonormal. Max. error =   -0.933600E-030  -0.572377E-037


 Refined boundary conditions:

 Chann                                  Re[Ci]                                 Im[Ci]
 -----                                  ------                                 ------
     1         0.999688058206483078130350              0.00000000000000000000000     
     2        -0.248770877571853430702451E-001       -0.333701281274176599316035E-009
     3        -0.221738225676136332065561E-002        0.273415812606145068894627E-009


At energy = -0.5007914097556122153000000 -0.7073337991537992395000000E-7 incoming = 0.18847241996807817785E-12 0.29153390157426931077E-12 (main) 0.34716765216902557188E-12 (total)
Solving for energy =  -0.5007914097556122803238631      -0.7073337981537995129054941E-007

WARNING: Adiabatic bound solutions are not orthonormal. Max. error =    0.349154E-030   0.582755E-037


 Refined boundary conditions:

 Chann                                  Re[Ci]                                 Im[Ci]
 -----                                  ------                                 ------
     1         0.999688058206483078133474              0.00000000000000000000000     
     2        -0.248770877571853429689863E-001       -0.333701280802401077653069E-009
     3        -0.221738225676136304833822E-002        0.273415812219600835239463E-009


At energy = -0.5007914097556122803238631 -0.7073337981537995129054941E-7 incoming = 0.20881812168586341575E-13 -0.20882888928175674972E-13 (main) 0.29533513589686504174E-13 (total)
Optimization converged after 1 iterations. Final residue =      0.43611421E-027
Optimization of outgoing solution converged.
Solving for energy =  -0.5007914097556122803238631      -0.7073337981537995129054941E-007

    Bound solutions for channel 1 (1)

    I                        eta  maxpt  stop                  Re[zeta1]                  Im[zeta1]                  Re[Psi-N]                  Im[Psi-N] 
   ---                      ----- -----  ----                 -----------                -----------                -----------                -----------
     1      0.000000000000000        86    71     -3.591882985764593         0.7621290250938365E-007    0.2704666884961821E-017   -0.2505555172670055E-023
     2     0.1008403361344538        86    71     -3.561344596178297         0.7636294125786493E-007    0.1453767341135983E-017   -0.3922269266694501E-023
     3     0.2016806722689076        86    71     -3.470730581639246         0.7681281896023055E-007    0.3783819208423587E-017   -0.1737868459032523E-023
     4     0.3025210084033613        86    71     -3.322989459527822         0.7756169217616946E-007    0.1435744685703788E-017   -0.4748740081042608E-023
     5     0.4033613445378151        86    72     -3.122856386566759         0.7860772999200832E-007    0.7351425686607669E-017    0.6895949214515539E-023
     6     0.5042016806722689        86    72     -2.876598623540357         0.7994748156672113E-007    0.2122975181197981E-017    0.2210452382629355E-024
     7     0.6050420168067227        86    72     -2.591685941305446         0.8157500955561941E-007   -0.2432986657891976E-017   -0.5105135316202826E-023
     8     0.7058823529411765        86    72     -2.276409844238838         0.8348082684904798E-007    0.1814395803757502E-017   -0.9987808292929065E-024
     9     0.8067226890756303        86    72     -1.939478518515911         0.8565070894510687E-007    0.8558745724344115E-018   -0.2349948941339303E-023
    10     0.9075630252100840        86    73     -1.589615120458680         0.8806450133784717E-007    0.3267027212842199E-017    0.2703418446251526E-023
    11      1.008403361344538        87    73     -1.235185386713706         0.9069509384672612E-007    0.4449291605215255E-017    0.3716612034102852E-023
    12      1.109243697478992        87    74    -0.8838767666269492         0.9350777783838438E-007   -0.1870389034512377E-016   -0.2284303014148083E-022
    13      1.210084033613445        87    73    -0.5424457397264082         0.9646021741035078E-007    0.6776221099274763E-018   -0.1437698441630831E-023
    14      1.310924369747899        87    74    -0.2165432570703250         0.9950323035795303E-007    0.5000481998332465E-017    0.5204786420133205E-023
    15      1.411764705882353        87    74     0.8937895313187715E-001    0.1025824764149874E-006    0.6325696764651541E-018    0.1144108114366124E-024
    16      1.512605042016807        87    74     0.3720853534666696         0.1056409957950587E-006    0.1434226184524652E-017    0.8818291979340541E-024
    17      1.613445378151261        87    74     0.6295067591386737         0.1086223624363217E-006    0.2587067875507169E-017    0.2289126900974546E-023
    18      1.714285714285714        87    74     0.8606376774935693         0.1114740641133034E-006    0.5792526771170620E-019   -0.1148909749506943E-023
    19      1.815126050420168        87    74      1.065396815986498         0.1141506463183636E-006    0.3416474983389498E-017    0.2991320058491941E-023
    20      1.915966386554622        87    74      1.244466725634744         0.1166161868583655E-006   -0.6547198975234698E-018   -0.2573140787828671E-023
    21      2.016806722689076        87    74      1.399126862022517         0.1188457960196933E-006    0.3682142495936416E-017    0.2577288155776789E-023
    22      2.117647058823529        87    74      1.531091592397654         0.1208260231204300E-006    0.1933479213103147E-017    0.4185529921632921E-024
    23      2.218487394957983        87    74      1.642361498404902         0.1225542400187657E-006    0.6758758276246799E-017    0.6308377849897079E-023
    24      2.319327731092437        87    74      1.735093256186717         0.1240372186563887E-006    0.1785743051082827E-017   -0.2442258474830846E-025
    25      2.420168067226891        87    74      1.811490760898256         0.1252891977281540E-006    0.9933505313174145E-018   -0.1289638914797741E-023
    26      2.521008403361345        87    74      1.873718141133763         0.1263297422233006E-006    0.3900821546153423E-017    0.2396513742801349E-023
    27      2.621848739495798        87    74      1.923833868798090         0.1271816555933284E-006    0.4748298799224857E-017    0.3118609145587970E-023
    28      2.722689075630252        87    74      1.963744218952071         0.1278691315767052E-006   -0.1490371818797930E-017   -0.2369812083539720E-023
    29      2.823529411764706        87    74      1.995173758401201         0.1284162535350565E-006    0.9028162477240138E-018   -0.1667504916484984E-023
    30      2.924369747899160        87    74      2.019650242031436         0.1288458792900334E-006    0.7100250427106017E-018   -0.1900057223309295E-023
    31      3.025210084033613        87    74      2.038501199255410         0.1291788970238675E-006    0.1707359107637084E-017   -0.8307052124266091E-024
    32      3.126050420168067        87    74      2.052859549707370         0.1294338046329961E-006   -0.1218055565188098E-017   -0.4551674580746679E-023
    33      3.226890756302521        87    74      2.063675761954400         0.1296265487565447E-006    0.9416828946095566E-018   -0.1806110163444893E-023
    34      3.327731092436975        87    74      2.071734331774521         0.1297705563971672E-006    0.5331338166586127E-018   -0.2292395949055360E-023
    35      3.428571428571429        87    74      2.077672678938791         0.1298768971536147E-006    0.1949233493928648E-018   -0.2650676483355351E-023
    36      3.529411764705882        87    74      2.082000914986488         0.1299545237338320E-006    0.8862974603079373E-018   -0.1928722894706350E-023
    37      3.630252100840336        87    74      2.085121292223980         0.1300105497244099E-006   -0.3420214383319827E-018   -0.3429879190950747E-023
    38      3.731092436974790        87    74      2.087346482790407         0.1300505346537214E-006   -0.2462825282702902E-017   -0.5948117209008248E-023
    39      3.831932773109244        87    74      2.088916138326023         0.1300787561243057E-006    0.1212646744107436E-017   -0.1267981161282150E-023
    40      3.932773109243697        87    74      2.090011434233742         0.1300984567329751E-006   -0.9900878269607309E-019   -0.3052618548348124E-023
    41      4.033613445378151        87    74      2.090767502810168         0.1301120595699043E-006    0.1061048311154531E-017   -0.1474321361615985E-023
    42      4.134453781512605        87    74      2.091283807190400         0.1301213504461591E-006    0.5729952079324308E-017    0.4510528000175320E-023
    43      4.235294117647059        87    75      2.091632607750168         0.1301276279093949E-006   -0.2286180659865088E-016   -0.2586741166079841E-022
    44      4.336134453781513        87    74      2.091865731561569         0.1301318238700108E-006    0.2251151452743584E-017   -0.1018843516440455E-024
    45      4.436974789915966        87    74      2.092019882094097         0.1301345985629572E-006    0.2594498074556078E-017   -0.4149739054165253E-023
    46      4.537815126050420        87    74      2.092120729018163         0.1301364138658746E-006    0.7193581278679174E-018   -0.2092498941851413E-023
    47      4.638655462184874        87    74      2.092186004378584         0.1301375888892563E-006    0.1155147322637167E-017   -0.1399086092248879E-023
    48      4.739495798319328        87    74      2.092227808021608         0.1301383414097121E-006    0.3140416718735146E-017    0.4849796564074107E-024
    49      4.840336134453782        87    74      2.092254297044283         0.1301388182517623E-006    0.4079990751200846E-017    0.2042802942592639E-023
    50      4.941176470588235        87    74      2.092270904875572         0.1301391172195053E-006    0.2407375098641617E-017    0.7028796769445785E-025
    51      5.042016806722689        87    74      2.092281207855751         0.1301393026905077E-006    0.4035874620210729E-020   -0.2934568188220239E-023
    52      5.142857142857143        87    74      2.092287532310369         0.1301394165416296E-006   -0.8645448297129698E-019   -0.2885006763018841E-023
    53      5.243697478991597        87    74      2.092291373807255         0.1301394856953228E-006    0.2187536544118664E-017   -0.4268804677653139E-024
    54      5.344537815126050        87    74      2.092293682688542         0.1301395272592808E-006    0.2150891722813037E-017   -0.2967284293388541E-024
    55      5.445378151260504        87    74      2.092295055884762         0.1301395519792617E-006    0.2884192846122611E-017    0.2003259062094583E-022
    56      5.546218487394958        87    74      2.092295864048381         0.1301395665276529E-006   -0.1191889248719410E-017   -0.4257837531729436E-023
    57      5.647058823529412        87    74      2.092296334708291         0.1301395750003750E-006    0.6346431242868507E-018   -0.2132938459402472E-023
    58      5.747899159663866        87    74      2.092296605953170         0.1301395798832696E-006   -0.6329926718986381E-018   -0.3790714801737712E-023
    59      5.848739495798319        87    74      2.092296760644960         0.1301395826679996E-006    0.3519954534982261E-017    0.5856221978022860E-024
    60      5.949579831932773        87    74      2.092296847947934         0.1301395842396100E-006    0.6448185883684803E-018   -0.2183071400941508E-023
    61      6.050420168067227        87    74      2.092296896706547         0.1301395851173526E-006    0.3822404172564649E-017    0.1814213610308183E-023
    62      6.151260504201681        87    75      2.092296923655281         0.1301395856024783E-006   -0.2416306145901350E-016   -0.1659699903732668E-022
    63      6.252100840336134        87    74      2.092296938395168         0.1301395858678227E-006   -0.1274031557970704E-017   -0.4477100366378167E-023
    64      6.352941176470588        87    74      2.092296946373692         0.1301395860114505E-006   -0.3321240835251489E-017   -0.6640787684919880E-023
    65      6.453781512605042        87    74      2.092296950647620         0.1301395860883889E-006    0.8949612290858237E-018   -0.1801131141339146E-023
    66      6.554621848739496        87    74      2.092296952913368         0.1301395861291764E-006   -0.5937575334728205E-019   -0.2885370991856379E-023
    67      6.655462184873950        87    74      2.092296954102086         0.1301395861505755E-006   -0.8304181731988834E-018   -0.4060528658072858E-023
    68      6.756302521008403        87    74      2.092296954719295         0.1301395861616864E-006   -0.2866971723844743E-017   -0.6347094500219466E-023
    69      6.857142857142857        87    74      2.092296955036452         0.1301395861673958E-006    0.1096315169023514E-017   -0.1542709012499727E-023
    70      6.957983193277311        87    74      2.092296955197743         0.1301395861702993E-006    0.2471113116448319E-017    0.1248784392007766E-024
    71      7.058823529411765        87    74      2.092296955278922         0.1301395861717607E-006    0.2609490082722136E-017    0.3521132366017326E-024
    72      7.159663865546218        87    74      2.092296955319357         0.1301395861724886E-006    0.3420100933671663E-018   -0.2422800305917337E-023
    73      7.260504201680672        87    74      2.092296955339291         0.1301395861728474E-006    0.2005521321998530E-017   -0.5430133545934701E-024
    74      7.361344537815126        87    74      2.092296955349017         0.1301395861730225E-006   -0.6329394157386974E-018   -0.3782370417077381E-023
    75      7.462184873949580        87    74      2.092296955353713         0.1301395861731070E-006   -0.2207343043979865E-017   -0.5705214430947966E-023
    76      7.563025210084034        87    74      2.092296955355958         0.1301395861731474E-006    0.5037271246463461E-018   -0.2283183893563520E-023
    77      7.663865546218487        87    74      2.092296955357019         0.1301395861731666E-006    0.2023359909786917E-017   -0.4618216549348743E-024
    78      7.764705882352941        87    74      2.092296955357516         0.1301395861731755E-006    0.1392945428013827E-017   -0.1167173530229160E-023
    79      7.865546218487395        87    74      2.092296955357747         0.1301395861731796E-006    0.4710389228319635E-017    0.2966145043424152E-023
    80      7.966386554621849        87    74      2.092296955357852         0.1301395861731815E-006    0.1755606045476502E-018   -0.2667716762740845E-023
    81      8.067226890756303        87    74      2.092296955357900         0.1301395861731824E-006    0.1193427282671489E-017   -0.4387757405063956E-023
    82      8.168067226890756        87    74      2.092296955357922         0.1301395861731828E-006    0.1651943557497872E-017   -0.8814873261144196E-024
    83      8.268907563025210        87    74      2.092296955357931         0.1301395861731830E-006    0.3332332811149908E-017    0.1315281524791450E-023
    84      8.369747899159664        87    74      2.092296955357935         0.1301395861731830E-006   -0.5401635379492068E-018   -0.3669227262264059E-023
    85      8.470588235294118        87    74      2.092296955357937         0.1301395861731831E-006    0.9061411816209756E-018   -0.1734475962863304E-023
    86      8.571428571428571        87    74      2.092296955357938         0.1301395861731831E-006    0.2851084107681776E-017    0.7119415714945927E-024
    87      8.672268907563025        87    74      2.092296955357938         0.1301395861731831E-006    0.8613409767465641E-018   -0.2062151889291659E-023
    88      8.773109243697479        87    74      2.092296955357939         0.1301395861731831E-006    0.3027045856657574E-017    0.9217942892873807E-024
    89      8.873949579831933        87    74      2.092296955357939         0.1301395861731831E-006    0.8964222393008876E-018   -0.1824737904664425E-023
    90      8.974789915966387        87    74      2.092296955357939         0.1301395861731831E-006    0.3913999351472589E-018   -0.2541680037292608E-023
    91      9.075630252100840        87    74      2.092296955357939         0.1301395861731831E-006    0.2332066995724306E-017   -0.1462831634157301E-021
    92      9.176470588235294        87    74      2.092296955357939         0.1301395861731831E-006    0.1592837266154052E-017   -0.1004724377126689E-023
    93      9.277310924369748        87    75      2.092296955357939         0.1301395861731831E-006   -0.1840580239416215E-016   -0.2396808969538053E-022
    94      9.378151260504202        87    74      2.092296955357939         0.1301395861731831E-006   -0.1006309080567336E-018   -0.1449858276685117E-023
    95      9.478991596638655        87    74      2.092296955357939         0.1301395861731831E-006    0.1301312474087622E-017   -0.1444011598598614E-023
    96      9.579831932773109        87    74      2.092296955357939         0.1301395861731831E-006    0.2343444217882930E-017   -0.1055534491569091E-024
    97      9.680672268907563        87    74      2.092296955357939         0.1301395861731831E-006    0.1290840896352368E-017   -0.1331719490089222E-023
    98      9.781512605042017        87    74      2.092296955357939         0.1301395861731831E-006    0.1927505376977253E-017   -0.5184493666918262E-024
    99      9.882352941176471        87    74      2.092296955357939         0.1301395861731831E-006    0.2921465530048353E-017    0.7157096946347940E-024
   100      9.983193277310924        87    74      2.092296955357939         0.1301395861731831E-006    0.1552036615707065E-017   -0.1069396566122921E-023
   101      10.08403361344538        87    74      2.092296955357939         0.1301395861731831E-006    0.1711123826093082E-017   -0.7996854080432058E-024
   102      10.18487394957983        87    74      2.092296955357939         0.1301395861731831E-006    0.4321365236911662E-017   -0.7541003796355846E-024
   103      10.28571428571429        87    74      2.092296955357939         0.1301395861731831E-006    0.1532672046121857E-017   -0.8033202745440909E-024
   104      10.38655462184874        87    74      2.092296955357939         0.1301395861731831E-006    0.3395247672404138E-017    0.1325892191381538E-023
   105      10.48739495798319        87    74      2.092296955357939         0.1301395861731831E-006   -0.2936081989326820E-018   -0.4087231746128886E-023
   106      10.58823529411765        87    74      2.092296955357939         0.1301395861731831E-006    0.1977260002812451E-017   -0.4039989482056406E-024
   107      10.68907563025210        87    74      2.092296955357939         0.1301395861731831E-006    0.1511476370774774E-017   -0.1102849016963921E-023
   108      10.78991596638655        87    75      2.092296955357939         0.1301395861731831E-006    0.2158550518019876E-016    0.3210406773958478E-022
   109      10.89075630252101        87    74      2.092296955357939         0.1301395861731831E-006    0.2873530419897851E-017    0.1233536055611288E-023
   110      10.99159663865546        87    74      2.092296955357939         0.1301395861731831E-006    0.3318409044082618E-017    0.1052189795719356E-023
   111      11.09243697478992        87    74      2.092296955357939         0.1301395861731831E-006   -0.7439342514766626E-018   -0.5310922733765223E-023
   112      11.19327731092437        87    74      2.092296955357939         0.1301395861731831E-006    0.4177526182314580E-017    0.2342361217208604E-023
   113      11.29411764705882        87    74      2.092296955357939         0.1301395861731831E-006   -0.3369190133815986E-017   -0.7333220179607280E-023
   114      11.39495798319328        87    74      2.092296955357939         0.1301395861731831E-006    0.1280662993543051E-017   -0.1255509286734278E-023
   115      11.49579831932773        87    74      2.092296955357939         0.1301395861731831E-006    0.9860284828931528E-018   -0.1796194182308574E-023
   116      11.59663865546218        87    74      2.092296955357939         0.1301395861731831E-006    0.3847952749661015E-018   -0.2359502037667504E-023
   117      11.69747899159664        87    74      2.092296955357939         0.1301395861731831E-006    0.5676752967607934E-018   -0.2331379858888910E-023
   118      11.79831932773109        87    74      2.092296955357939         0.1301395861731831E-006    0.1592575718722027E-017   -0.9816245131117381E-024
   119      11.89915966386555        87    74      2.092296955357939         0.1301395861731831E-006    0.2658630151244379E-018   -0.2627195103663426E-023
   120      12.00000000000000        87    74      2.092296955357939         0.1301395861731831E-006    0.5212341998193032E-017    0.3296403899583585E-023


    Bound solutions for channel 2 (2)

    I                        eta  maxpt  stop                  Re[zeta1]                  Im[zeta1]                  Re[Psi-N]                  Im[Psi-N] 
   ---                      ----- -----  ----                 -----------                -----------                -----------                -----------
     1      0.000000000000000        88    75      3.260891014901183         0.2765771107539157E-006   -0.6112259543889540E-017   -0.2490212663485392E-023
     2     0.1008403361344538        88    75      3.279006584404802         0.2769690271516105E-006   -0.1809610889463505E-020    0.2841192871965923E-023
     3     0.2016806722689076        88    75      3.332719169917929         0.2781365962268865E-006    0.5382519409942731E-017    0.1381726114101044E-022
     4     0.3025210084033613        88    75      3.420167294745042         0.2800551737695797E-006   -0.5737170658537634E-017   -0.2795338801419138E-023
     5     0.4033613445378151        88    75      3.538380799124171         0.2826834137077236E-006    0.1587209954093723E-017    0.5057917069935949E-023
     6     0.5042016806722689        88    75      3.683465759568327         0.2859631077891358E-006   -0.5532618770661895E-017   -0.2737800479573668E-023
     7     0.6050420168067227        88    75      3.850838019775394         0.2898194197548510E-006    0.1153945401718261E-017    0.5274437021768355E-023
     8     0.7058823529411765        88    75      4.035483772592349         0.2941618796233912E-006   -0.1743822992396753E-017    0.2609763624663086E-023
     9     0.8067226890756303        88    75      4.232224391082815         0.2988864701224276E-006    0.1612503308586604E-017    0.6391997175102169E-023
    10     0.9075630252100840        88    75      4.435964269040135         0.3038790061531152E-006   -0.2297843855480822E-017    0.3164887523206261E-023
    11      1.008403361344538        88    75      4.641904474611372         0.3090197863216927E-006   -0.2147545287242766E-017    0.3985611092275389E-023
    12      1.109243697478992        88    75      4.845710788698902         0.3141892212352110E-006   -0.3290586631895259E-017    0.3750693535098634E-023
    13      1.210084033613445        88    75      5.043631126444663         0.3192738836430402E-006   -0.4148163911762325E-017    0.3692181876643958E-023
    14      1.310924369747899        88    76      5.232563283348779         0.3241722590826916E-006   -0.7745825949107315E-017   -0.8859086830935845E-023
    15      1.411764705882353        88    76      5.410078474284615         0.3287994634041656E-006   -0.7600131418579203E-017   -0.5896648735778071E-023
    16      1.512605042016807        88    76      5.574408754521553         0.3330903515533563E-006   -0.3182968333304313E-017    0.2033070506341304E-024
    17      1.613445378151261        88    76      5.724407168922613         0.3370007305491493E-006   -0.2269316150814491E-017   -0.4888769442607569E-024
    18      1.714285714285714        88    76      5.859488844317694         0.3405067259392809E-006    0.1558416087104600E-016   -0.4455274561977322E-016
    19      1.815126050420168        88    76      5.979559894785933         0.3436026414382173E-006    0.7418046077222790E-017    0.7956346151466160E-023
    20      1.915966386554622        88    76      6.084939561766357         0.3462978267965860E-006    0.3635630528294108E-018    0.1318306061295493E-022
    21      2.016806722689076        88    76      6.176279833680846         0.3486131064719818E-006   -0.7668749131080044E-018    0.4195123529471496E-023
    22      2.117647058823529        88    76      6.254485980471278         0.3505772443709915E-006   -0.1518313619895019E-016   -0.1600864541419066E-016
    23      2.218487394957983        89    76      6.320640897505692         0.3522237777929301E-006   -0.8111818858254091E-017   -0.5630772650423104E-023
    24      2.319327731092437        89    76      6.375935709664517         0.3535883994040016E-006   -0.6116199919547135E-017   -0.3041161565583338E-023
    25      2.420168067226891        89    77      6.421608601862807         0.3547069372852598E-006   -0.4685962264753649E-016   -0.5417276319690406E-022
    26      2.521008403361345        89    76      6.458893260105480         0.3556138965242592E-006   -0.1837429621847768E-017    0.2323974376999300E-023
    27      2.621848739495798        89    76      6.488977648619898         0.3563414807927569E-006    0.2047573344927701E-017    0.1211943369342160E-022
    28      2.722689075630252        89    76      6.512973180468241         0.3569189986427430E-006   -0.1051530791606877E-016   -0.6976780760068187E-023
    29      2.823529411764706        89    76      6.531893737279182         0.3573725643119481E-006   -0.2747295522997795E-017    0.1516196999337557E-023
    30      2.924369747899160        89    76      6.546643517657105         0.3577250162315251E-006   -0.3021205503723808E-017    0.1593446809415431E-023
    31      3.025210084033613        89    76      6.558012374702841         0.3579959914496195E-006   -0.1730459935670326E-017    0.2824100716416242E-023
    32      3.126050420168067        89    76      6.566677144349023         0.3582021075134316E-006   -0.1711478636546222E-016   -0.5232686444843999E-017
    33      3.226890756302521        89    76      6.573207450102313         0.3583572140148717E-006    0.6777583751338572E-017    0.1274472630572143E-022
    34      3.327731092436975        89    77      6.578074565939506         0.3584726842493190E-006   -0.4783884960327396E-016   -0.3868571235246936E-022
    35      3.428571428571429        89    76      6.581662092452909         0.3585577239204778E-006   -0.3911221538693309E-018    0.4537714007000772E-023
    36      3.529411764705882        89    76      6.584277417974852         0.3586196791599680E-006    0.3640057379194185E-017    0.1018829952996375E-022
    37      3.630252100840336        89    76      6.586163167282555         0.3586643307166819E-006   -0.3179224952023655E-017    0.1725003104685292E-023
    38      3.731092436974790        89    76      6.587508063212173         0.3586961651903769E-006   -0.7561423497251083E-018    0.4079784865947571E-023
    39      3.831932773109244        89    76      6.588456825778653         0.3587186176727582E-006   -0.3159598212999870E-018    0.5498445885075113E-023
    40      3.932773109243697        89    76      6.589118900407150         0.3587342830883917E-006   -0.1614031528055455E-016   -0.2941652090952283E-016
    41      4.033613445378151        89    76      6.589575938257504         0.3587450958638907E-006   -0.8681155700392986E-018    0.3196426434615456E-023
    42      4.134453781512605        89    76      6.589888048087394         0.3587524792929691E-006   -0.1890698532585850E-016    0.4186970540151308E-017
    43      4.235294117647059        89    76      6.590098904133833         0.3587574671425706E-006   -0.6261548449033894E-017   -0.3127438636760953E-023
    44      4.336134453781513        89    76      6.590239833142759         0.3587608007308720E-006   -0.1422096388434003E-017    0.3358025498710668E-023
    45      4.436974789915966        89    76      6.590333021582078         0.3587630049924817E-006   -0.8223940184934344E-017   -0.4712526093363508E-023
    46      4.537815126050420        89    76      6.590393986754014         0.3587644470281694E-006   -0.4869814205307620E-017   -0.9135738437431612E-024
    47      4.638655462184874        89    76      6.590433447911301         0.3587653804104080E-006    0.8563610546630534E-018    0.6323347641944233E-023
    48      4.739495798319328        89    76      6.590458719675897         0.3587659781642653E-006   -0.1229712291153955E-017    0.3447629622790830E-023
    49      4.840336134453782        89    76      6.590474733237862         0.3587663569319489E-006   -0.5165976674070466E-017   -0.2527082473723505E-023
    50      4.941176470588235        89    76      6.590484773274446         0.3587665944076090E-006    0.3980458573753636E-017    0.1476763100793511E-022
    51      5.042016806722689        89    76      6.590491001803016         0.3587667417299263E-006   -0.2097730116666531E-017    0.2474783121306372E-023
    52      5.142857142857143        89    76      6.590494825168512         0.3587668321632406E-006    0.6653620724599208E-017    0.9923149244744822E-023
    53      5.243697478991597        89    76      6.590497147495165         0.3587668870927427E-006   -0.4302541951520468E-017   -0.1606927128984330E-024
    54      5.344537815126050        89    76      6.590498543299288         0.3587669201073904E-006    0.7219249375063553E-017    0.3885033237076499E-017
    55      5.445378151260504        89    76      6.590499373447243         0.3587669397426927E-006   -0.7689487179352146E-017   -0.4023580149121956E-023
    56      5.546218487394958        89    77      6.590499862012093         0.3587669512986053E-006   -0.1012056251912124E-015    0.4283651165186552E-016
    57      5.647058823529412        89    76      6.590500146543453         0.3587669580285600E-006   -0.1793932101431158E-016   -0.4075906971868977E-016
    58      5.747899159663866        89    76      6.590500310521038         0.3587669619070838E-006   -0.1132193012579059E-017    0.3355433897597111E-023
    59      5.848739495798319        89    76      6.590500404037961         0.3587669641190178E-006   -0.5212636047126951E-017   -0.2623034935727964E-022
    60      5.949579831932773        89    76      6.590500456815846         0.3587669653673609E-006   -0.3319424293888673E-017    0.1086421618162998E-023
    61      6.050420168067227        89    76      6.590500486292235         0.3587669660645590E-006   -0.6364949433422277E-017   -0.3150828952116015E-023
    62      6.151260504201681        89    76      6.590500502583745         0.3587669664498983E-006   -0.1930389104437442E-017    0.2657523496065983E-023
    63      6.252100840336134        89    76      6.590500511494553         0.3587669666606636E-006   -0.2044507981694330E-017    0.2576288634886342E-023
    64      6.352941176470588        89    77      6.590500516317867         0.3587669667747483E-006    0.4122875016671441E-016    0.6505413343385087E-022
    65      6.453781512605042        89    76      6.590500518901615         0.3587669668358611E-006   -0.4887101621039005E-017   -0.9616675119105672E-024
    66      6.554621848739496        89    76      6.590500520271343         0.3587669668682590E-006   -0.9826865492363199E-017   -0.6539493248473648E-023
    67      6.655462184873950        89    76      6.590500520989967         0.3587669668852564E-006   -0.3031500810463374E-017    0.1016448024996811E-023
    68      6.756302521008403        89    76      6.590500521363093         0.3587669668940819E-006    0.3305478342505794E-017    0.7831201347421695E-023
    69      6.857142857142857        89    77      6.590500521554827         0.3587669668986169E-006   -0.4396738378493438E-016   -0.1219502020166669E-021
    70      6.957983193277311        89    77      6.590500521652333         0.3587669669009232E-006   -0.4841083538927362E-016   -0.1053695027447465E-021
    71      7.058823529411765        89    76      6.590500521701408         0.3587669669020839E-006    0.8772495129191687E-018    0.4464257788118926E-023
    72      7.159663865546218        89    76      6.590500521725853         0.3587669669026621E-006    0.2999116597818407E-017    0.7970438777217469E-023
    73      7.260504201680672        89    76      6.590500521737904         0.3587669669029472E-006   -0.1212287402365479E-016   -0.3007486053384891E-023
    74      7.361344537815126        89    76      6.590500521743783         0.3587669669030862E-006    0.2959039755637917E-018    0.5175299771475305E-023
    75      7.462184873949580        89    76      6.590500521746623         0.3587669669031534E-006   -0.1391613993655803E-017    0.3456861651395120E-023
    76      7.563025210084034        89    76      6.590500521747979         0.3587669669031855E-006    0.5157383152602553E-017    0.1232070310628331E-022
    77      7.663865546218487        89    76      6.590500521748621         0.3587669669032007E-006   -0.8101205719594820E-017   -0.5266472011699966E-023
    78      7.764705882352941        89    89      6.590500521748922         0.3587669669032078E-006   -0.8565663996875166E-007   -0.9959594461066865E-013
    79      7.865546218487395        89    76      6.590500521749061         0.3587669669032111E-006   -0.1564717507754205E-017   -0.3533214487857741E-024
    80      7.966386554621849        89    76      6.590500521749125         0.3587669669032126E-006    0.2004465758376636E-018    0.5198394959095516E-023
    81      8.067226890756303        89    76      6.590500521749154         0.3587669669032133E-006   -0.1935774417401296E-016   -0.8918772798590954E-017
    82      8.168067226890756        89    76      6.590500521749167         0.3587669669032136E-006   -0.1400590173301788E-017    0.3848307154272913E-023
    83      8.268907563025210        89    76      6.590500521749172         0.3587669669032137E-006   -0.6014535548284029E-017    0.3709958420162796E-023
    84      8.369747899159664        89    76      6.590500521749175         0.3587669669032138E-006   -0.7027429791827903E-017   -0.2127064229086187E-022
    85      8.470588235294118        89    76      6.590500521749176         0.3587669669032138E-006    0.5791228736144212E-017    0.1231329231826408E-022
    86      8.571428571428571        89    76      6.590500521749176         0.3587669669032138E-006   -0.3132603434652095E-017    0.1784543669919076E-023
    87      8.672268907563025        89    76      6.590500521749177         0.3587669669032138E-006   -0.1947848255751862E-017    0.2673714275026206E-023
    88      8.773109243697479        89    76      6.590500521749177         0.3587669669032138E-006   -0.1396856821035991E-016    0.1618265293309005E-016
    89      8.873949579831933        89    76      6.590500521749177         0.3587669669032138E-006    0.1379530002439476E-017    0.6631849862337068E-023
    90      8.974789915966387        89    76      6.590500521749177         0.3587669669032138E-006   -0.2341874631431116E-017    0.2311008055463543E-023
    91      9.075630252100840        89    76      6.590500521749177         0.3587669669032138E-006   -0.3732300906422899E-017    0.6481273954766894E-024
    92      9.176470588235294        89    76      6.590500521749177         0.3587669669032138E-006   -0.5065714901527942E-017    0.3108181818339998E-023
    93      9.277310924369748        89    76      6.590500521749177         0.3587669669032138E-006   -0.5485857362768786E-017   -0.3261476129784695E-023
    94      9.378151260504202        89    76      6.590500521749177         0.3587669669032138E-006   -0.1144326395809643E-017    0.3510488191215841E-023
    95      9.478991596638655        89    76      6.590500521749177         0.3587669669032138E-006   -0.2215625738742665E-017    0.2158904898605352E-023
    96      9.579831932773109        89    76      6.590500521749177         0.3587669669032138E-006   -0.3300033836863981E-018    0.4659707583692248E-023
    97      9.680672268907563        89    76      6.590500521749177         0.3587669669032138E-006   -0.4253006119789792E-017   -0.2111859626463672E-025
    98      9.781512605042017        89    76      6.590500521749177         0.3587669669032138E-006    0.2081278269234979E-016   -0.1852884116205944E-016
    99      9.882352941176471        89    76      6.590500521749177         0.3587669669032138E-006   -0.8382048605488421E-018    0.3861819724967253E-023
   100      9.983193277310924        89    76      6.590500521749177         0.3587669669032138E-006   -0.1594024814206668E-016   -0.3106008001482934E-017
   101      10.08403361344538        89    76      6.590500521749177         0.3587669669032138E-006   -0.1985511000077608E-017   -0.3849920501281678E-023
   102      10.18487394957983        89    76      6.590500521749177         0.3587669669032138E-006   -0.7372401930300620E-017   -0.1867953342087882E-023
   103      10.28571428571429        89    76      6.590500521749177         0.3587669669032138E-006   -0.3942054946655272E-017    0.3817650953902255E-024
   104      10.38655462184874        89    76      6.590500521749177         0.3587669669032138E-006   -0.1710296620632490E-016    0.4015328561270730E-016
   105      10.48739495798319        89    76      6.590500521749177         0.3587669669032138E-006   -0.6682275302591425E-017   -0.3610338458523357E-023
   106      10.58823529411765        89    76      6.590500521749177         0.3587669669032138E-006    0.3536153846214943E-017    0.9813192263861488E-023
   107      10.68907563025210        89    76      6.590500521749177         0.3587669669032138E-006   -0.9227921000851410E-017   -0.4464451987156697E-023
   108      10.78991596638655        89    76      6.590500521749177         0.3587669669032138E-006    0.8897178913900284E-017   -0.1763463279326317E-017
   109      10.89075630252101        89    76      6.590500521749177         0.3587669669032138E-006    0.1599815553443376E-016    0.2448490868593269E-016
   110      10.99159663865546        89    76      6.590500521749177         0.3587669669032138E-006   -0.4394274338941525E-017   -0.8877327092302786E-024
   111      11.09243697478992        89    79      6.590500521749177         0.3587669669032138E-006   -0.1001152722676925E-014   -0.1762736332573245E-020
   112      11.19327731092437        89    77      6.590500521749177         0.3587669669032138E-006    0.4577321392578236E-016    0.4182018583895171E-022
   113      11.29411764705882        89    76      6.590500521749177         0.3587669669032138E-006    0.1447050337868569E-017    0.6300054520387647E-023
   114      11.39495798319328        89    89      6.590500521749177         0.3587669669032138E-006   -0.9807343581897008E-007   -0.1317083117796731E-012
   115      11.49579831932773        89    76      6.590500521749177         0.3587669669032138E-006   -0.4906881324848807E-017   -0.1046197471110762E-023
   116      11.59663865546218        89    76      6.590500521749177         0.3587669669032138E-006   -0.7582643893321947E-017   -0.3766867115097745E-023
   117      11.69747899159664        89    76      6.590500521749177         0.3587669669032138E-006    0.2643159861293305E-017    0.1980104059437179E-022
   118      11.79831932773109        89    76      6.590500521749177         0.3587669669032138E-006   -0.3042968342311284E-018    0.4471774955802386E-023
   119      11.89915966386555        89    76      6.590500521749177         0.3587669669032138E-006   -0.1588341446885865E-016    0.4306661154431525E-017
   120      12.00000000000000        89    76      6.590500521749177         0.3587669669032138E-006   -0.8461255153128309E-017   -0.4892037317044910E-023


    Bound solutions for channel 3 (3)

    I                        eta  maxpt  stop                  Re[zeta1]                  Im[zeta1]                  Re[Psi-N]                  Im[Psi-N] 
   ---                      ----- -----  ----                 -----------                -----------                -----------                -----------
     1      0.000000000000000        89    77      9.048025129867047         0.5024700404874103E-006    0.6014133519625431E-017    0.5373748313511462E-023
     2     0.1008403361344538        89    77      9.060442825636745         0.5027915931441018E-006    0.4013421113100505E-017   -0.1648833820758793E-023
     3     0.2016806722689076        89    77      9.097305574872964         0.5037443245493937E-006    0.1851059663139024E-016    0.7708097910652252E-017
     4     0.3025210084033613        89    77      9.157464720548013         0.5052931709248058E-006    0.2200951319347388E-018   -0.5555580555118882E-023
     5     0.4033613445378151        89    77      9.239078147362748         0.5073820389940491E-006    0.1066373863235778E-017   -0.5131474997479556E-023
     6     0.5042016806722689        89    77      9.339711390023722         0.5099371789104881E-006    0.1158021130417044E-017   -0.4812160120013556E-023
     7     0.6050420168067227        89    77      9.456465722831676         0.5128715954092779E-006   -0.8709591987508444E-017    0.3970161977386594E-016
     8     0.7058823529411765        89    77      9.586122388046165         0.5160901628113202E-006   -0.1741073065685262E-016    0.2480273636312125E-016
     9     0.8067226890756303        89    77      9.725292035477325         0.5194950175200938E-006    0.6650596637588749E-017   -0.5111789862264830E-024
    10     0.9075630252100840        89    78      9.870559588362958         0.5229907553590532E-006    0.3369030329411864E-016    0.3880355280360103E-022
    11      1.008403361344538        89    77      10.01861665510393         0.5264889847513189E-006    0.6913882529310390E-018   -0.7880668760036459E-023
    12      1.109243697478992        89    77      10.16637577378644         0.5299118851075980E-006    0.2435371738547377E-017   -0.7123214145065742E-023
    13      1.210084033613445        89    78      10.31106282478068         0.5331945729752232E-006    0.2867713848631712E-016    0.3717347592542650E-022
    14      1.310924369747899        89    77      10.45028568649655         0.5362862488845655E-006    0.5643446326775401E-017   -0.5094769863868421E-023
    15      1.411764705882353        90    78      10.58207862593323         0.5391502455397401E-006   -0.3813722913948644E-017   -0.7940579900554044E-023
    16      1.512605042016807        90    78      10.70492308918505         0.5417631961506909E-006    0.3631725949378882E-017    0.2924040708526701E-023
    17      1.613445378151261        90    78      10.81774657329045         0.5441135832747038E-006    0.1508176365035649E-016    0.4975535597828245E-022
    18      1.714285714285714        90    78      10.91990215544785         0.5461999230642283E-006    0.5021043380443036E-016    0.2824105838977513E-016
    19      1.815126050420168        90    78      11.01113200540208         0.5480288043956864E-006   -0.1069231355621154E-017   -0.4991898827112128E-023
    20      1.915966386554622        90    78      11.09151875324038         0.5496129533136506E-006    0.3594456118049098E-017    0.7878340917946212E-024
    21      2.016806722689076        90    78      11.16142886802253         0.5509694421171734E-006    0.3019499123934905E-016    0.4902436149330686E-017
    22      2.117647058823529        90    78      11.22145218827254         0.5521181159283978E-006    0.1768757916456033E-016    0.1585223220555859E-022
    23      2.218487394957983        90    78      11.27234143811544         0.5530802710989910E-006    0.2239116811295008E-017   -0.2279504993501884E-023
    24      2.319327731092437        90    78      11.31495500694420         0.5538775907321049E-006    0.2867210504650401E-017   -0.1634401454923754E-023
    25      2.420168067226891        90    78      11.35020554025166         0.5545313229619019E-006    0.7659500029960345E-017    0.4740755334321423E-023
    26      2.521008403361345        90    78      11.37901607425498         0.5550616763593070E-006    0.1027738214771397E-017   -0.2819971497420394E-023
    27      2.621848739495798        90    78      11.40228463610027         0.5554874020527380E-006    0.5738800481663599E-017   -0.1587316300864436E-022
    28      2.722689075630252        90    78      11.42085749965983         0.5558255317016321E-006   -0.5899089566857903E-017   -0.1182659558248994E-022
    29      2.823529411764706        90    78      11.43551068672685         0.5560912423791462E-006    0.1702747611988346E-016    0.1568030337712191E-022
    30      2.924369747899160        90    78      11.44693886215027         0.5562978222785774E-006   -0.9671554547649557E-017   -0.1822878005979126E-022
    31      3.025210084033613        90    78      11.45575049341865         0.5564567141364575E-006    0.3451911394548449E-016    0.9294879174154748E-017
    32      3.126050420168067        90    78      11.46246801665992         0.5565776160449181E-006    0.4440609944965009E-017    0.1201107229715441E-023
    33      3.226890756302521        90    78      11.46753174652448         0.5566686218926099E-006   -0.2563249485165680E-016   -0.4948620814952732E-017
    34      3.327731092436975        90    79      11.47130635589588         0.5567363861307169E-006   -0.1016575134690416E-015   -0.1226577154537678E-021
    35      3.428571428571429        90    78      11.47408890114593         0.5567863000026519E-006   -0.9679596478430306E-017   -0.1313236365972190E-022
    36      3.529411764705882        90    78      11.47611755099223         0.5568226688303294E-006    0.3994206461563375E-017   -0.4962673982621251E-024
    37      3.630252100840336        90    78      11.47758036826206         0.5568488823735503E-006   -0.1049475404481161E-016   -0.1811162182657796E-022
    38      3.731092436974790        90    78      11.47862367631710         0.5568675725843032E-006    0.8365196023265302E-018   -0.3192901457146808E-023
    39      3.831932773109244        90    78      11.47935970377632         0.5568807551655889E-006    0.1157152983247223E-016    0.6323039592313626E-023
    40      3.932773109243697        90    78      11.47987333599675         0.5568899531319417E-006    0.6588037074639012E-017    0.4093126654432266E-023
    41      4.033613445378151        90    78      11.48022790732898         0.5568963020057695E-006    0.6809402867868696E-017    0.4451583482763355E-023
    42      4.134453781512605        90    78      11.48047004541983         0.5569006373565229E-006    0.4426320813221452E-017    0.4735681051162468E-024
    43      4.235294117647059        90    78      11.48063363083932         0.5569035661179145E-006   -0.9962385823857886E-017   -0.1590830474794297E-022
    44      4.336134453781513        90    78      11.48074296625441         0.5569055235452103E-006    0.3226334167780442E-016   -0.6390712336218820E-016
    45      4.436974789915966        90    78      11.48081526383788         0.5569068178567857E-006    0.3851959434167209E-018   -0.4178283842678282E-023
    46      4.537815126050420        90    78      11.48086256201359         0.5569076646025610E-006    0.2666134824528055E-017   -0.1290132441877582E-023
    47      4.638655462184874        90    78      11.48089317692134         0.5569082126743272E-006    0.3916298625224852E-017   -0.3438122690190980E-024
    48      4.739495798319328        90    78      11.48091278337556         0.5569085636692581E-006   -0.8082295345971773E-017   -0.1135558026625873E-022
    49      4.840336134453782        90    78      11.48092520709579         0.5569087860779379E-006    0.9157341509750083E-018   -0.3661562193870325E-023
    50      4.941176470588235        90    78      11.48093299640880         0.5569089255213954E-006   -0.8174110956245404E-017   -0.1158444249675356E-022
    51      5.042016806722689        90    78      11.48093782865898         0.5569090120276922E-006   -0.1066187314693662E-016   -0.1775532133077583E-022
    52      5.142857142857143        90    78      11.48094079492312         0.5569090651293054E-006    0.1875682923355644E-019   -0.8424103274767097E-023
    53      5.243697478991597        90    78      11.48094259664331         0.5569090973834094E-006   -0.1017828297552403E-016   -0.1901166462016754E-022
    54      5.344537815126050        90    78      11.48094367954376         0.5569091167693117E-006   -0.1531483366133017E-016   -0.2095394553122337E-022
    55      5.445378151260504        90    78      11.48094432359375         0.5569091282989840E-006    0.1234918112280084E-017   -0.3285701778936489E-023
    56      5.546218487394958        90    78      11.48094470263484         0.5569091350845117E-006    0.6709861747533055E-018   -0.4032853127984349E-023
    57      5.647058823529412        90    78      11.48094492338154         0.5569091390362805E-006    0.8825572252831115E-017    0.7108082030002092E-023
    58      5.747899159663866        90    78      11.48094505059954         0.5569091413137148E-006    0.1213169639597797E-017   -0.2776700507566187E-023
    59      5.848739495798319        90    78      11.48094512315236         0.5569091426125426E-006    0.3401802736510584E-017   -0.4541016240763621E-024
    60      5.949579831932773        90    78      11.48094516409880         0.5569091433455584E-006   -0.2484491763475008E-016   -0.5057159256995537E-017
    61      6.050420168067227        90    78      11.48094518696733         0.5569091437549469E-006   -0.6463158189613059E-017   -0.1205002267438118E-022
    62      6.151260504201681        90    78      11.48094519960670         0.5569091439812146E-006   -0.5495039482894269E-017   -0.9444795921735686E-023
    63      6.252100840336134        90    78      11.48094520651993         0.5569091441049741E-006    0.2537863039368383E-016   -0.9445040088118634E-017
    64      6.352941176470588        90    78      11.48094521026198         0.5569091441719636E-006   -0.1076495372811951E-016   -0.1824959963249518E-022
    65      6.453781512605042        90    78      11.48094521226652         0.5569091442078485E-006    0.8925141555914962E-018   -0.3302501205697352E-023
    66      6.554621848739496        90    78      11.48094521332919         0.5569091442268722E-006   -0.3693963645891194E-017   -0.8709608894057064E-023
    67      6.655462184873950        90    78      11.48094521388672         0.5569091442368530E-006    0.3370437375370373E-016   -0.9316083470864708E-017
    68      6.756302521008403        90    79      11.48094521417620         0.5569091442420352E-006   -0.9715928181624601E-016   -0.1100841152152893E-021
    69      6.857142857142857        90    78      11.48094521432495         0.5569091442446982E-006    0.9920177393976329E-017    0.7712150549635728E-023
    70      6.957983193277311        90    78      11.48094521440060         0.5569091442460524E-006    0.3090720528139742E-016    0.8855929620605545E-017
    71      7.058823529411765        90    78      11.48094521443867         0.5569091442467340E-006    0.1066234160121741E-016    0.9222380890644856E-023
    72      7.159663865546218        90    78      11.48094521445764         0.5569091442470735E-006    0.3363939311254960E-017   -0.8122825610153331E-024
    73      7.260504201680672        90    78      11.48094521446699         0.5569091442472409E-006   -0.8104021000133743E-017   -0.9357225502475042E-023
    74      7.361344537815126        90    78      11.48094521447155         0.5569091442473225E-006    0.2861078454416973E-016    0.2808623166190507E-016
    75      7.462184873949580        90    78      11.48094521447375         0.5569091442473620E-006    0.1330906307692144E-016    0.8578021972129874E-023
    76      7.563025210084034        90    78      11.48094521447480         0.5569091442473808E-006    0.1664356343620238E-017   -0.2282531996834518E-023
    77      7.663865546218487        90    78      11.48094521447530         0.5569091442473897E-006   -0.5708201297102642E-019   -0.4030131479211014E-023
    78      7.764705882352941        90    78      11.48094521447554         0.5569091442473939E-006    0.1230761622002098E-016    0.1862722139339190E-022
    79      7.865546218487395        90    78      11.48094521447564         0.5569091442473958E-006    0.2800664405623717E-017   -0.1648641477847707E-023
    80      7.966386554621849        90    78      11.48094521447569         0.5569091442473967E-006   -0.1241238260107846E-016   -0.2103457303091901E-022
    81      8.067226890756303        90    78      11.48094521447572         0.5569091442473971E-006    0.2245150735467587E-017   -0.1754925095845812E-023
    82      8.168067226890756        90    78      11.48094521447573         0.5569091442473973E-006    0.1074859011058308E-017   -0.3513729798305964E-023
    83      8.268907563025210        90    78      11.48094521447573         0.5569091442473974E-006    0.3674419441796882E-017   -0.1275763738761334E-024
    84      8.369747899159664        90    78      11.48094521447573         0.5569091442473974E-006    0.6456202370533944E-017    0.6455583551534727E-023
    85      8.470588235294118        90    78      11.48094521447573         0.5569091442473974E-006    0.1005453761741769E-016    0.6484007796679470E-023
    86      8.571428571428571        90    78      11.48094521447573         0.5569091442473974E-006    0.2261639744700189E-017   -0.1958703279086782E-023
    87      8.672268907563025        90    78      11.48094521447573         0.5569091442473974E-006    0.3219926670571283E-017   -0.1257302392945775E-023
    88      8.773109243697479        90    78      11.48094521447573         0.5569091442473974E-006    0.1230645876287701E-016    0.7964360832701640E-023
    89      8.873949579831933        90    78      11.48094521447573         0.5569091442473974E-006    0.2893592148395275E-016   -0.8877123899859017E-017
    90      8.974789915966387        90    78      11.48094521447573         0.5569091442473974E-006    0.7096534972683018E-017    0.3071681326187162E-023
    91      9.075630252100840        90    78      11.48094521447573         0.5569091442473974E-006   -0.8794710109009296E-019   -0.5831128026589638E-023
    92      9.176470588235294        90    78      11.48094521447573         0.5569091442473974E-006    0.4757739540511175E-019   -0.3991594175778070E-023
    93      9.277310924369748        90    78      11.48094521447573         0.5569091442473974E-006    0.9986746378146864E-017   -0.4013010660684717E-022
    94      9.378151260504202        90    78      11.48094521447573         0.5569091442473974E-006    0.1177265312375224E-016    0.3595617456827021E-023
    95      9.478991596638655        90    78      11.48094521447573         0.5569091442473974E-006   -0.9035233793005786E-017   -0.1426301658225060E-022
    96      9.579831932773109        90    78      11.48094521447573         0.5569091442473974E-006    0.4593510675173715E-017    0.8563483846886440E-024
    97      9.680672268907563        90    78      11.48094521447573         0.5569091442473974E-006    0.6616199630065226E-017    0.4085344730506371E-023
    98      9.781512605042017        90    78      11.48094521447573         0.5569091442473974E-006    0.3423364029860819E-017   -0.4932857242341200E-024
    99      9.882352941176471        90    78      11.48094521447573         0.5569091442473974E-006    0.2117380881421838E-016    0.2161018657737988E-022
   100      9.983193277310924        90    78      11.48094521447573         0.5569091442473974E-006    0.7273061794818227E-017    0.4161971119397233E-023
   101      10.08403361344538        90    78      11.48094521447573         0.5569091442473974E-006    0.8222490060189284E-017    0.5335038373888448E-023
   102      10.18487394957983        90    78      11.48094521447573         0.5569091442473974E-006    0.3185643704021652E-016    0.2151341694207155E-016
   103      10.28571428571429        90    78      11.48094521447573         0.5569091442473974E-006    0.9924857714360544E-018   -0.2840110202259100E-023
   104      10.38655462184874        90    78      11.48094521447573         0.5569091442473974E-006    0.4956615301477344E-017    0.6141497033588274E-024
   105      10.48739495798319        90    78      11.48094521447573         0.5569091442473974E-006   -0.6238390533251147E-017   -0.1237378594577437E-022
   106      10.58823529411765        90    78      11.48094521447573         0.5569091442473974E-006    0.2634402233913528E-016   -0.1034950455668521E-016
   107      10.68907563025210        90    78      11.48094521447573         0.5569091442473974E-006   -0.5855380876886630E-017   -0.2814669257115141E-022
   108      10.78991596638655        90    78      11.48094521447573         0.5569091442473974E-006    0.1514742206587898E-016   -0.2981650950138166E-022
   109      10.89075630252101        90    78      11.48094521447573         0.5569091442473974E-006   -0.1257507088462566E-017   -0.6843989613202183E-023
   110      10.99159663865546        90    78      11.48094521447573         0.5569091442473974E-006   -0.1698709099860410E-018   -0.4739448736158590E-023
   111      11.09243697478992        90    78      11.48094521447573         0.5569091442473974E-006    0.1307985062200271E-017   -0.2551779464644881E-023
   112      11.19327731092437        90    78      11.48094521447573         0.5569091442473974E-006    0.3187663304111093E-017   -0.9023293894179533E-024
   113      11.29411764705882        90    78      11.48094521447573         0.5569091442473974E-006    0.3311420286476503E-016   -0.1121460504010443E-016
   114      11.39495798319328        90    78      11.48094521447573         0.5569091442473974E-006    0.3645278472625601E-017    0.3097112780299569E-024
   115      11.49579831932773        90    78      11.48094521447573         0.5569091442473974E-006    0.1256107000615731E-016    0.9671235873692661E-023
   116      11.59663865546218        90    78      11.48094521447573         0.5569091442473974E-006    0.8541269546478522E-017    0.1977292810779895E-022
   117      11.69747899159664        90    79      11.48094521447573         0.5569091442473974E-006   -0.9351302400401775E-016   -0.1145113313389211E-021
   118      11.79831932773109        90    78      11.48094521447573         0.5569091442473974E-006    0.1394430004584399E-016    0.1345014614815514E-022
   119      11.89915966386555        90    78      11.48094521447573         0.5569091442473974E-006   -0.1987218862333120E-016    0.4635377249687595E-017
   120      12.00000000000000        90    78      11.48094521447573         0.5569091442473974E-006    0.9313092726354103E-017    0.4987496161549014E-023


    Overlaps of bound channel solutions

  IPT              ETA   I   J        Re[(I,J)]-delta(I,J)                  Im[(I,J)] 
 -----            ----- --- ---      ----------------------                -----------
     2       0.10084034   1   3    -0.2006094837508533E-030    0.5230323806218315E-038
     2       0.10084034   3   1    -0.2006094389286651E-030    0.5230322675759016E-038
     3       0.20168067   1   3     0.1864836901764552E-030   -0.5062851540736495E-037
     3       0.20168067   3   1     0.1864836855094462E-030   -0.5062851540294910E-037
     4       0.30252101   1   3    -0.2854650586277129E-030    0.5730860738669419E-039
     4       0.30252101   3   1    -0.2854697538888265E-030    0.5730860726422659E-039
     5       0.40336134   1   3     0.3491538910320668E-030    0.5827551765518710E-037
     5       0.40336134   3   1     0.3491537224128628E-030    0.5827551766401938E-037
     6       0.50420168   1   3     0.6618312817839206E-031    0.5288407866963595E-038
     6       0.50420168   3   1     0.6618316594805127E-031    0.5288407871371096E-038
     7       0.60504202   1   3    -0.2197493797329198E-030   -0.7067554300521768E-036
     7       0.60504202   3   1    -0.2197492289220122E-030   -0.7067554119648288E-036
     9       0.80672269   1   3    -0.5861583498728438E-031    0.2470288330488486E-037
     9       0.80672269   3   1    -0.5861583475931179E-031    0.2470288326955693E-037
    10       0.90756303   1   3     0.5895962151966108E-031    0.7267612601492241E-038
    10       0.90756303   3   1     0.5895961671797582E-031    0.7267612601492242E-038
    11       1.00840336   1   3     0.8982056155040276E-031    0.8463795072933213E-038
    11       1.00840336   3   1     0.8981092477591435E-031    0.8463795073209769E-038
    12       1.10924370   1   3    -0.1250403885010094E-030   -0.1372609885748548E-037
    12       1.10924370   3   1    -0.1250400994162770E-030   -0.1372610337932254E-037
    14       1.31092437   1   3     0.3758325160675140E-031    0.3057729911590334E-038
    14       1.31092437   3   1     0.3759314034606936E-031    0.3057729911590334E-038
    18       1.71428571   2   3     0.2163818742072354E-031   -0.5638935534553856E-031
    18       1.71428571   3   2     0.2163890790888220E-031   -0.5638935534553803E-031
    21       2.01680672   1   3     0.3640772559474517E-031   -0.2279362007419139E-036
    21       2.01680672   3   1     0.3640777001842313E-031   -0.2279362007416056E-036
    23       2.21848739   1   3     0.7825647884705851E-031    0.1354781031808256E-037
    23       2.21848739   3   1     0.7825583600018229E-031    0.1354781031807825E-037
    26       2.52100840   1   3     0.4078847091102691E-031    0.8052643418467352E-038
    26       2.52100840   3   1     0.4078911662416928E-031    0.8052642286921642E-038
    27       2.62184874   1   3     0.5307900270596166E-031    0.6446007476133616E-038
    27       2.62184874   3   1     0.5307909725531991E-031    0.6446007476153290E-038
    28       2.72268908   1   3    -0.3811969895368503E-031    0.2674853547234766E-037
    28       2.72268908   3   1    -0.3811960408670594E-031    0.2674853547241644E-037
    32       3.12605042   1   3    -0.3608925174927578E-031   -0.7413293609334927E-038
    32       3.12605042   3   1    -0.3608985979853409E-031   -0.7413293609336005E-038
    38       3.73109244   1   3    -0.5569264509498063E-031   -0.7120177638092639E-038
    38       3.73109244   3   1    -0.5569246408893604E-031   -0.7120177638096951E-038
    40       3.93277311   2   3    -0.2458061576224314E-031   -0.5137223767504019E-031
    40       3.93277311   3   2    -0.2458027550377683E-031   -0.5137223767504012E-031
    42       4.13445378   1   3     0.6873668229609922E-031    0.1615801790780104E-037
    42       4.13445378   3   1     0.6873687092247246E-031    0.1615801790559716E-037
    43       4.23529412   1   3    -0.8788375730214346E-031    0.1252035179253921E-038
    43       4.23529412   3   1    -0.8788379334668155E-031    0.1252030675218281E-038
    49       4.84033613   1   3     0.4361371541267342E-031    0.6029129729222924E-038
    49       4.84033613   3   1     0.4361373422264981E-031    0.6029129728670943E-038
    56       5.54621849   1   3    -0.3656490375774887E-031   -0.2359178357624237E-038
    56       5.54621849   2   3    -0.4080112250436445E-031    0.1740590785161296E-031
    56       5.54621849   3   1    -0.3654558809870712E-031   -0.2359178357619996E-038
    56       5.54621849   3   2    -0.4080108365043428E-031    0.1740590785161409E-031
    57       5.64705882   2   3    -0.2752114233471981E-031   -0.7122510948233901E-031
    57       5.64705882   3   2    -0.2752112387340666E-031   -0.7122510948233899E-031
    59       5.84873950   1   3     0.3519639354039109E-031   -0.6838024955348671E-038
    59       5.84873950   3   1     0.3521937050419657E-031   -0.6838024884700290E-038
    61       6.05042017   1   3     0.3969417809379889E-031    0.6828954930818196E-038
    61       6.05042017   3   1     0.3968319533055375E-031    0.6828954930128197E-038
    62       6.15126050   1   3    -0.9276022375477241E-031    0.4196146672318572E-037
    62       6.15126050   3   1    -0.9276030021189712E-031    0.4196146670552661E-037
    63       6.25210084   1   3    -0.3775977914280438E-031    0.7907457042987193E-036
    63       6.25210084   3   1    -0.3775943005286417E-031    0.7907457043031352E-036
    64       6.35294118   1   3    -0.6884273820488377E-031   -0.3281149995640269E-038
    64       6.35294118   3   1    -0.6884277616867682E-031   -0.3281149995640404E-038
    68       6.75630252   1   3    -0.6197326311845638E-031   -0.6353000757051634E-038
    68       6.75630252   3   1    -0.6199273879192060E-031   -0.6353000759121567E-038
    75       7.46218487   1   3    -0.5179131702551289E-031   -0.7532032023692195E-038
    75       7.46218487   3   1    -0.5179132340141062E-031   -0.7532032028090802E-038
    78       7.76470588   2   3    -0.3988944948082554E-031    0.9631799213490618E-038
    78       7.76470588   3   2    -0.3988952431686459E-031    0.9631799211282150E-038
    79       7.86554622   1   3     0.5331738856673212E-031    0.9608937782460854E-038
    79       7.86554622   3   1     0.5331845006745762E-031    0.9608937853115552E-038
    88       8.77310924   2   3    -0.2084176300225942E-031    0.2827945571150309E-031
    88       8.77310924   3   2    -0.2084208667694344E-031    0.2827945571150365E-031
    93       9.27731092   1   3    -0.7100737876619959E-031   -0.1042847178808389E-037
    93       9.27731092   3   1    -0.7100745479414820E-031   -0.1042847175289504E-037
    98       9.78151261   2   3     0.4013378363274798E-031   -0.3237721660954649E-031
    98       9.78151261   3   2     0.4013374600643527E-031   -0.3237721660940179E-031
   102      10.18487395   1   3     0.4729709602344944E-031   -0.1749660244161568E-035
   102      10.18487395   3   1     0.4729706727294330E-031   -0.1749660244161647E-035
   104      10.38655462   2   3    -0.2620344807806911E-031    0.7016444342045137E-031
   104      10.38655462   3   2    -0.2620336808420772E-031    0.7016444342045151E-031
   108      10.78991597   1   3     0.8088641632455189E-031    0.3289949473482001E-037
   108      10.78991597   3   1     0.8088653592014604E-031    0.3289949473482001E-037
   109      10.89075630   2   3     0.3172175397272167E-031    0.4278313626251524E-031
   109      10.89075630   3   2     0.3172209426514222E-031    0.4278313626251524E-031
   112      11.19327731   1   3     0.4513144717936904E-031    0.8960791453705387E-038
   112      11.19327731   3   1     0.4513622630476191E-031    0.8960755279027493E-038
   113      11.29411765   1   3    -0.6957182061131107E-031    0.9508971911653825E-036
   113      11.29411765   3   1    -0.6957152068950732E-031    0.9508971911653825E-036
   114      11.39495798   2   3    -0.4453819670257072E-031    0.6153016451672116E-038
   114      11.39495798   3   2    -0.4453812078336825E-031    0.6153016467126464E-038
   120      12.00000000   1   3     0.6077898757421158E-031    0.6324289535103141E-038
   120      12.00000000   3   1     0.6077923471423436E-031    0.6324289535103410E-038

WARNING: Adiabatic bound solutions are not orthonormal. Max. error =    0.349154E-030   0.582755E-037


Setting same-channel gradient coupling to zero


    Asymptotic solutions at ETA =    12.000000    

  Chan          Outgoing                      Grad Outgoing                           Incoming                      Grad Incoming                          Wronskian                 
  ----          --------                      -------------                           --------                      -------------                          ---------                 
     1   -0.79919704E-01   0.33258257E-01   -0.98525234       -2.3879041       -0.79919145E-01  -0.33258025E-01   -0.98524542        2.3878874        0.96296497E-34   0.44721360    
     2   -0.77470182E-01  -0.38866918E-01     1.1639325       -2.3024326       -0.77469648E-01   0.38866649E-01     1.1639245        2.3024167        0.15648181E-33   0.44721360    
     3   -0.14770382E-01  -0.85527300E-01     2.5400977      -0.43063354       -0.14770282E-01   0.85526717E-01     2.5400804       0.43063058       -0.16851887E-33   0.44721360    


Choosing solution # 1 for the boundary


 Boundary choice     1 eigenvalue =     0.61504986080541E-010   -0.33320175496050E-014 abs =    0.61504986170797E-010

 Guess eigenvector and amplitudes:

 Chann                                  Re[Ci]                                 Im[Ci]                                  Re[In]                                 Im[In]                                 Re[out]                                Im[out]
 -----                                  ------                                 ------                                  ------                                 ------                                 -------                                -------
     1         0.999688058206483078133474            -0.470197740328915003187495E-037         0.208818121685863412626797E-013       -0.208828889281756748137913E-013         0.339532528392755730636452E-003       -0.339513248120854582832241E-003
     2        -0.248770877571853429689863E-001       -0.333701280802401077653069E-009        -0.204106582034722390058983E-015        0.204000937907050837223370E-015        -0.331871684141484360822060E-005        0.331663972116283806536815E-005
     3        -0.221738225676136304833822E-002        0.273415812219600835239463E-009         0.313955046232506883842645E-017       -0.312814332564356907257604E-017         0.510482177056559316536146E-007       -0.508572301419222473612090E-007

Optimization of boundary amplitudes converged after 1 iterations

 Refined boundary conditions:

 Chann                                  Re[Ci]                                 Im[Ci]
 -----                                  ------                                 ------
     1         0.999688058206483078133474              0.00000000000000000000000     
     2        -0.248770877571853429689863E-001       -0.333701280802401077653069E-009
     3        -0.221738225676136304833822E-002        0.273415812219600835239463E-009


    Asymptotic amplitudes

  Chan                Re[in/out]               Im[in/out]              Re[outgoing]             Im[outgoing]              Re[incoming]             Im[incoming]
  ----                ----------               ----------              ------------             ------------              ------------             ------------
     1     0.61504986080541E-010   -0.33320175494784E-014     0.33953252839276E-003   -0.33951324812085E-003     0.20881812168586E-013   -0.20882888928176E-013
     2     0.61504986080541E-010   -0.33320175494784E-014    -0.33187168414148E-005    0.33166397211628E-005    -0.20410658203472E-015    0.20400093790705E-015
     3     0.61504986079739E-010   -0.33320175479770E-014     0.51048217705656E-007   -0.50857230141922E-007     0.31395504621986E-017   -0.31281433254902E-017

            Located solution at energy =   -0.5007914097556122803238630700012530       -0.7073337981537995129054940521888154E-007
Outgoing amplitude in the main channel =    0.3395325283927557306364519637142687E-003  -0.3395132481208545828322414089258505E-003
Incoming amplitude in the main channel =    0.2088181216858634157487520595032460E-013  -0.2088288892817567497177794257938799E-013


Using solutions to generate wavefunction for plotting


At energy = -0.5007914097556122803238631 -0.7073337981537995129054941E-7 incoming = 0.20881812168586341575E-13 -0.20882888928175674972E-13 (main) 0.29533513589686504174E-13 (total)

Optimized solution (root) is at the energy =   -0.5007914097556122803238630700012530       -0.7073337981537995129054940521888154E-007
    Outgoing amplitude in the main channel =    0.3395325283927557306364519637142687E-003  -0.3395132481208545828322414089258505E-003
    Incoming amplitude in the main channel =    0.2088181216858634157487520595032460E-013  -0.2088288892817567497177794257938799E-013


              Timing data at 2022/09/24 01:01:00

                                                       Total time (seconds)           Self time (seconds)
 Timer                                   Calls         --------------------           -------------------
 -----                                   -----           Real           CPU            Real           CPU

 start                                      1.         1257.5       47116.8             0.0           0.0
 Outgoing solution (root)                   1.         1257.1       47099.3             0.0           0.0
 Solve single energy                        7.         1257.1       47099.3             7.2         331.6
 Guess zeta1                                7.           33.2        1346.8            33.2        1346.8
 Bound solutions                           21.         1184.2       44678.9          1184.2       44678.9
 Channel coupling                           7.           15.6         682.4            15.6         682.4
 Continuum direction                        7.           16.4          49.9             0.0           0.0
 Continuum outbound                       105.           16.4          49.1            16.4          49.1

 (  4 timers contributing less than 1% are not shown)

