Version: Plain vanilla, built on balrog at Fri Aug 26 05:57:34 PM CEST 2022

Compiler: GCC version 12.1.1 20220721 [revision 4f15d2234608e82159d030dadb17af678cfad626]
Build flags: -cpp -I . -D_REENTRANT -D __BUILD_ID__="Plain vanilla, built on balrog at Fri Aug 26 05:57:34 PM CEST 2022" -mtune=generic -march=x86-64 -O -fopenmp -fpre-include=/usr/include/finclude/math-vector-fortran.h

  Integer kind = 4 (9 decimals)
     Real kind = 16 (33 decimals)
Aux. real kind = 16 (33 decimals)


    $Id: $
    $Id: accuracy.f90,v 1.45 2021/04/26 15:44:44 ps Exp $
    $Id: constants.f90,v 1.7 2021/04/26 15:44:44 ps Exp $
    $Id: $
    $Id: $
    $Id: $
    $Id: find_root.f90,v 1.15 2021/08/10 13:17:38 ps Exp ps $
    $Id: lapack.f90,v 1.10 2021/04/26 15:44:44 ps Exp $
    $Id: math.f90,v 1.13 2022/02/19 18:54:26 ps Exp $
    $Id: $
    $Id: sort_tools.f90,v 1.3 2021/04/26 15:44:44 ps Exp $
    $Id: timer.f90,v 1.5 2021/04/26 15:44:44 ps Exp $
    $Id: $
    $Id: $
    $Id: $
    $Id: $
    $Id: $
    $Id: $
    $Id: $
    $Id: $
    $Id: $
 ===== begin simulation parameters ===== 
&HT_V2
 VERBOSE=1          ,
 OMP_NUM_THREADS=0          ,
 COMMENT="Search for the resonance position (outgoing boundary), F=0.020, M=0, NB=0, NC=0                                                                                                                                                                                ",
 TASK="outgoing                                                                                                                                                                                                                                                       ",
 MVAL=0          ,
 EFIELD=  2.00000000000000000000000000000000004E-0002,
 ZNUC=  1.00000000000000000000000000000000000      ,
 ENERGY_SINGLE=(-0.500000000000000000000000000000000000,0.00000000000000000000000000000000000),
 ENERGY_GUESS=(-0.500908999999999999999999999999999987,-0.00000000000000000000000000000000000),
 ZETA_GUESS=(2.00000000000000000000000000000000000,0.00000000000000000000000000000000000),
 ZETA_TOL= -1.00000000000000000000000000000000000      ,
 ENERGY_TOL= -1.00000000000000000000000000000000000      ,
 XI2_MAX=  80.0000000000000000000000000000000000      ,
 XI_NPTS=160        ,
 XI_MAXORDER=60         ,
 ETA2_MAX=  120.000000000000000000000000000000000      ,
 ETA_NPTS=240        ,
 ETA_MAXORDER=60         ,
 ASYMP_ORDER=200        ,
 FILE_BOUND="h000-0_020-quad-b.table                                                                                                                                                                                                                                        ",
 FILE_CONTINUUM="h000-0_020-quad-c.table                                                                                                                                                                                                                                        ",
 /
 ====== end simulation parameters ====== 

Search for the resonance position (outgoing boundary), F=0.020, M=0, NB=0, NC=0


Final bound-state solution
     Stop at point = 128 =     7.993708217666090790317824863011727     
             Zeta1 =     2.040108261501221983700190189591138         0.000000000000000000000000000000000     
            Energy =   -0.5009090000000000000000000000000000        -0.000000000000000000000000000000000     
 Wavefunction tail =    0.2271778838112786568199254683223081E-017    0.000000000000000000000000000000000     

Outgoing solution amplitude =   -0.5762818536791510404484887610566608       -0.5762812696344885113521921930828827     
Incoming solution amplitude =    0.5762818536791510404484887610566608       -0.5762812696344885113521921930828827     


Final bound-state solution
     Stop at point = 128 =     7.993708217666090790317824863011727     
             Zeta1 =     2.040108261501221983700190189591115         0.000000000000000000000000000000000     
            Energy =   -0.5009089999999999999999999999999877        -0.000000000000000000000000000000000     
 Wavefunction tail =    0.1956973229705754006433511086178504E-017    0.000000000000000000000000000000000     

Outgoing solution amplitude =   -0.5762818536791510404484887926463083       -0.5762812696344885113521922246726216     
Incoming solution amplitude =    0.5762818536791510404484887926463083       -0.5762812696344885113521922246726216     


Final bound-state solution
     Stop at point = 127 =     7.962174728997997794607397482619088     
             Zeta1 =     2.040108261501221983700190189591164         0.000000000000000000000000000000000     
            Energy =   -0.5009090000000000000000000000000123        -0.000000000000000000000000000000000     
 Wavefunction tail =    0.1768318732595647138452126339623137E-018    0.000000000000000000000000000000000     

Outgoing solution amplitude =   -0.5762818536791510404484887280821611       -0.5762812696344885113521921601082872     
Incoming solution amplitude =    0.5762818536791510404484887280821611       -0.5762812696344885113521921601082872     


Final bound-state solution
     Stop at point = 128 =     7.993708217666090790317824863011727     
             Zeta1 =     2.040108261501221983700190189591138       -0.2374261810868328362547403590824932E-031
            Energy =   -0.5009090000000000000000000000000000        0.1232595164407830945955825883254353E-031
 Wavefunction tail =    0.2271778838112786568199254683223081E-017  -0.3913758390598358736998966480025715E-048

Outgoing solution amplitude =   -0.5762818536791510404484887293828566       -0.5762812696344885113521922247565945     
Incoming solution amplitude =    0.5762818536791510404484887927304652       -0.5762812696344885113521921614091709     


Final bound-state solution
     Stop at point = 128 =     7.993708217666090790317824863011727     
             Zeta1 =     2.040108261501221983700190189591138        0.2374261810868328362547403590824932E-031
            Energy =   -0.5009090000000000000000000000000000       -0.1232595164407830945955825883254353E-031
 Wavefunction tail =    0.2271778838112786568199254683223081E-017   0.3913758390598358736998966480025715E-048

Outgoing solution amplitude =   -0.5762818536791510404484887927304652       -0.5762812696344885113521921614091709     
Incoming solution amplitude =    0.5762818536791510404484887293828566       -0.5762812696344885113521922247565945     


Final bound-state solution
     Stop at point = 127 =     7.962174728997997794607397482619088     
             Zeta1 =     2.040108685340533622713060806750083        0.8454726484187861575127025281880195E-012
            Energy =   -0.5009092200356907423698120868216408       -0.4389261954831302701186324572873533E-012
 Wavefunction tail =    0.4862291331789071828055741662929566E-018  -0.4578616111247768212777541688564931E-028

Outgoing solution amplitude =   -0.1085540144725086265688489864945072E-001  -0.1085172073880295861383155883931275E-001
Incoming solution amplitude =    0.1085314559457656005660319105302673E-001  -0.1085397659135330703743180222281713E-001


Final bound-state solution
     Stop at point = 127 =     7.962174728997997794607397482619088     
             Zeta1 =     2.040108685340533622713060806750083        0.8454726484187861575127025281880195E-012
            Energy =   -0.5009092200356907423698120868216408       -0.4389261954831302701186324572873533E-012
 Wavefunction tail =    0.4862291331789071828055741662929566E-018  -0.4578616111247768212777541688564931E-028

Outgoing solution amplitude =   -0.1085540144725086265688489864945072E-001  -0.1085172073880295861383155883931275E-001
Incoming solution amplitude =    0.1085314559457656005660319105302673E-001  -0.1085397659135330703743180222281713E-001


Final bound-state solution
     Stop at point = 127 =     7.962174728997997794607397482619088     
             Zeta1 =     2.040108685340533622713060806750083        0.8454726484187861575127025281880195E-012
            Energy =   -0.5009092200356907423698120868216408       -0.4389261954831302701186324572873533E-012
 Wavefunction tail =    0.4862291331789071828055741662929566E-018  -0.4578616111247768212777541688564931E-028

Outgoing solution amplitude =   -0.1085540144725086265688489864945072E-001  -0.1085172073880295861383155883931275E-001
Incoming solution amplitude =    0.1085314559457656005660319105302673E-001  -0.1085397659135330703743180222281713E-001


Final bound-state solution
     Stop at point = 126 =     7.930515857181441214609198638071140     
             Zeta1 =     2.040108685340533622713060806750062        0.8454726484187861575127025281880268E-012
            Energy =   -0.5009092200356907423698120868216284       -0.4389261954831302701186324572873533E-012
 Wavefunction tail =   -0.5100818968623902920445416120393048E-018  -0.7245644849483507545981196828751565E-028

Outgoing solution amplitude =   -0.1085540144725086265688492859588984E-001  -0.1085172073880295861383158878575337E-001
Incoming solution amplitude =    0.1085314559457656005660322099946585E-001  -0.1085397659135330703743183216925776E-001


Final bound-state solution
     Stop at point = 128 =     7.993708217666090790317824863011727     
             Zeta1 =     2.040108685340533622713060806750105        0.8454726484187861575127025281880050E-012
            Energy =   -0.5009092200356907423698120868216531       -0.4389261954831302701186324572873533E-012
 Wavefunction tail =    0.9176399873472962626392529191506605E-018  -0.2083394451074206329794849175483995E-028

Outgoing solution amplitude =   -0.1085540144725086265688486760464378E-001  -0.1085172073880295861383152779450398E-001
Incoming solution amplitude =    0.1085314559457656005660316000821979E-001  -0.1085397659135330703743177117800838E-001


Final bound-state solution
     Stop at point = 127 =     7.962174728997997794607397482619088     
             Zeta1 =     2.040108685340533622713060806750082        0.8454726484187861574889599147645069E-012
            Energy =   -0.5009092200356907423698120868216408       -0.4389261954831302701063065056432750E-012
 Wavefunction tail =    0.1467009815484741250482955433253045E-017  -0.1277444421147417424129849174560335E-028

Outgoing solution amplitude =   -0.1085540144725086265688486761094597E-001  -0.1085172073880295861383159114979587E-001
Incoming solution amplitude =    0.1085314559457656005660322336351156E-001  -0.1085397659135330703743177118431419E-001


Final bound-state solution
     Stop at point = 128 =     7.993708217666090790317824863011727     
             Zeta1 =     2.040108685340533622713060806750081        0.8454726484187861575364451416115083E-012
            Energy =   -0.5009092200356907423698120868216408       -0.4389261954831302701309584089314317E-012
 Wavefunction tail =    0.1780798072484868472709093570883114E-017  -0.1270051923909388160879184353376572E-028

Outgoing solution amplitude =   -0.1085540144725086265688493136696885E-001  -0.1085172073880295861383152820784313E-001
Incoming solution amplitude =    0.1085314559457656005660316042155530E-001  -0.1085397659135330703743183494033361E-001


Final bound-state solution
     Stop at point = 128 =     7.993708217666090790317824863011727     
             Zeta1 =     2.040108693790658881509019648043986        0.5342441328601778841697964773261979E-012
            Energy =   -0.5009092244225639847293392288095025       -0.2773522550452802534912189466463398E-012
 Wavefunction tail =    0.1763400995413338161613849801416824E-017  -0.7514879183511910414429143207939463E-029

Outgoing solution amplitude =    0.4181409084279407061379624145997991E-003   0.4209915089909993636765267151582982E-003
Incoming solution amplitude =   -0.4195663555865433837352291110211292E-003   0.4195660618293241666186723151038478E-003


Final bound-state solution
     Stop at point = 128 =     7.993708217666090790317824863011727     
             Zeta1 =     2.040108693790658881509019648043986        0.5342441328601778841697964773261979E-012
            Energy =   -0.5009092244225639847293392288095025       -0.2773522550452802534912189466463398E-012
 Wavefunction tail =    0.1763400995413338161613849801416824E-017  -0.7514879183511910414429143207939463E-029

Outgoing solution amplitude =    0.4181409084279407061379624145997991E-003   0.4209915089909993636765267151582982E-003
Incoming solution amplitude =   -0.4195663555865433837352291110211292E-003   0.4195660618293241666186723151038478E-003


Final bound-state solution
     Stop at point = 128 =     7.993708217666090790317824863011727     
             Zeta1 =     2.040108693790658881509019648043986        0.5342441328601778841697964773261979E-012
            Energy =   -0.5009092244225639847293392288095025       -0.2773522550452802534912189466463398E-012
 Wavefunction tail =    0.1763400995413338161613849801416824E-017  -0.7514879183511910414429143207939463E-029

Outgoing solution amplitude =    0.4181409084279407061379624145997991E-003   0.4209915089909993636765267151582982E-003
Incoming solution amplitude =   -0.4195663555865433837352291110211292E-003   0.4195660618293241666186723151038478E-003


Final bound-state solution
     Stop at point = 127 =     7.962174728997997794607397482619088     
             Zeta1 =     2.040108693790658881509019648043963        0.5342441328601778841697964773262073E-012
            Energy =   -0.5009092244225639847293392288094902       -0.2773522550452802534912189466463398E-012
 Wavefunction tail =    0.1501806225921362501629367889534246E-017  -0.2240689098378967689712427246108730E-028

Outgoing solution amplitude =    0.4181409084279407061379310634452351E-003   0.4209915089909993636764953640037994E-003
Incoming solution amplitude =   -0.4195663555865433837351977598665634E-003   0.4195660618293241666186409639493500E-003


Final bound-state solution
     Stop at point = 128 =     7.993708217666090790317824863011727     
             Zeta1 =     2.040108693790658881509019648044010        0.5342441328601778841697964773261929E-012
            Energy =   -0.5009092244225639847293392288095148       -0.2773522550452802534912189466463398E-012
 Wavefunction tail =    0.1409232804761741878876084365074977E-017  -0.1125959101177105546075332750136335E-028

Outgoing solution amplitude =    0.4181409084279407061379940796047786E-003   0.4209915089909993636765583801632168E-003
Incoming solution amplitude =   -0.4195663555865433837352607760261103E-003   0.4195660618293241666187039801087638E-003

WARNING: Wronskian deviates from the exact solution [2*I*sqrt(efield)] by  0.529768E-033
WARNING: Incoming and outgoing amplitudes are inaccurate

Final bound-state solution
     Stop at point = 160 =     8.944271909999158785636694674925105     
             Zeta1 =     2.040108693790658881509019648044008        0.5342441328601778841460538639961151E-012
            Energy =   -0.5009092244225639847293392288095025       -0.2773522550452802534788929950022615E-012
 Wavefunction tail =   -0.8620160965298374639946512238176171E-011  -0.6917924791509883009000259316936362E-022

Outgoing solution amplitude =    0.4181409084279407061380075400302334E-003   0.4209915089909993636765084915715338E-003
Incoming solution amplitude =   -0.4195663555865433837352108874344619E-003   0.4195660618293241666187174405343210E-003

WARNING: Wronskian deviates from the exact solution [2*I*sqrt(efield)] by  0.529844E-033
WARNING: Incoming and outgoing amplitudes are inaccurate

Final bound-state solution
     Stop at point = 128 =     7.993708217666090790317824863011727     
             Zeta1 =     2.040108693790658881509019648043986        0.5342441328601778841935390906562361E-012
            Energy =   -0.5009092244225639847293392288095025       -0.2773522550452802535035448982904181E-012
 Wavefunction tail =    0.1763400995413338161613706151148529E-017   0.7402243883116364117808450843720672E-028

Outgoing solution amplitude =    0.4181409084279407061379307400912470E-003   0.4209915089909993636765583896669166E-003
Incoming solution amplitude =   -0.4195663555865433837352607855296795E-003   0.4195660618293241666186406405952273E-003


Final bound-state solution
     Stop at point = 128 =     7.993708217666090790317824863011727     
             Zeta1 =     2.040108693474498738433874318743479        0.5341343677926533167515880577878927E-012
            Energy =   -0.5009092242584297935657914843602495       -0.2772952705901647876008986479224151E-012
 Wavefunction tail =    0.2487379784345893671282612870380188E-017  -0.3255413577915761455790527829112824E-029

Outgoing solution amplitude =   -0.3641372561296213879315089136691576E-005  -0.7910644349931074412805646479144753E-006
Incoming solution amplitude =    0.2216218296497579385510518273819265E-005  -0.2216218699818772625408305654507357E-005


Final bound-state solution
     Stop at point = 128 =     7.993708217666090790317824863011727     
             Zeta1 =     2.040108693474498738433874318743479        0.5341343677926533167515880577878927E-012
            Energy =   -0.5009092242584297935657914843602495       -0.2772952705901647876008986479224151E-012
 Wavefunction tail =    0.2487379784345893671282612870380188E-017  -0.3255413577915761455790527829112824E-029

Outgoing solution amplitude =   -0.3641372561296213879315089136691576E-005  -0.7910644349931074412805646479144753E-006
Incoming solution amplitude =    0.2216218296497579385510518273819265E-005  -0.2216218699818772625408305654507357E-005


Final bound-state solution
     Stop at point = 128 =     7.993708217666090790317824863011727     
             Zeta1 =     2.040108693474498738433874318743479        0.5341343677926533167515880577878927E-012
            Energy =   -0.5009092242584297935657914843602495       -0.2772952705901647876008986479224151E-012
 Wavefunction tail =    0.2487379784345893671282612870380188E-017  -0.3255413577915761455790527829112824E-029

Outgoing solution amplitude =   -0.3641372561296213879315089136691576E-005  -0.7910644349931074412805646479144753E-006
Incoming solution amplitude =    0.2216218296497579385510518273819265E-005  -0.2216218699818772625408305654507357E-005


Final bound-state solution
     Stop at point = 127 =     7.962174728997997794607397482619088     
             Zeta1 =     2.040108693474498738433874318743458        0.5341343677926533167515880577879000E-012
            Energy =   -0.5009092242584297935657914843602372       -0.2772952705901647876008986479224151E-012
 Wavefunction tail =   -0.1923399263522095300912556485250460E-018  -0.3108425438063942430093350512392433E-028

Outgoing solution amplitude =   -0.3641372561296213879345229965252258E-005  -0.7910644349931074413107054764763647E-006
Incoming solution amplitude =    0.2216218296497579385540659102381633E-005  -0.2216218699818772625438446483067329E-005


Final bound-state solution
     Stop at point = 127 =     7.962174728997997794607397482619088     
             Zeta1 =     2.040108693474498738433874318743505        0.5341343677926533167515880577878871E-012
            Energy =   -0.5009092242584297935657914843602618       -0.2772952705901647876008986479224151E-012
 Wavefunction tail =    0.5958934916706137063817012494190803E-018  -0.2471180780605329925690691818843898E-028

Outgoing solution amplitude =   -0.3641372561296213879282451959723319E-005  -0.7910644349931074412479274709449436E-006
Incoming solution amplitude =    0.2216218296497579385477881096849229E-005  -0.2216218699818772625375668477539823E-005


Final bound-state solution
     Stop at point = 127 =     7.962174728997997794607397482619088     
             Zeta1 =     2.040108693474498738433874318743480        0.5341343677926533167278454444543200E-012
            Energy =   -0.5009092242584297935657914843602495       -0.2772952705901647875885726962783368E-012
 Wavefunction tail =    0.1462911212002465183655926578223101E-017  -0.2695813704501679829954624424353322E-028

Outgoing solution amplitude =   -0.3641372561296213879282672297576396E-005  -0.7910644349931074413114968248718030E-006
Incoming solution amplitude =    0.2216218296497579385541450450775890E-005  -0.2216218699818772625375888815391680E-005


Final bound-state solution
     Stop at point = 118 =     7.672543550107870635184677062846004     
             Zeta1 =     2.040108693474498738433874318744901        0.5341343677926533167753306711220444E-012
            Energy =   -0.5009092242584297935657914843602495       -0.2772952705901647876132245995664935E-012
 Wavefunction tail =    0.1488836914298471093624107543667441E-019  -0.8161623762638806636884233769885896E-027

Outgoing solution amplitude =   -0.3641372561296213878436514631132531E-005  -0.7910644349931074403386411262450318E-006
Incoming solution amplitude =    0.2216218296497579384568594752161021E-005  -0.2216218699818772624529731148944878E-005


Final bound-state solution
     Stop at point = 160 =     8.944271909999158785636694674925105     
             Zeta1 =     2.040108693476175086294584759466283        0.5341342165664571543064941254731180E-012
            Energy =   -0.5009092242593000677171443053611817       -0.2772951920814675108966438555234441E-012
 Wavefunction tail =   -0.9164720470157275567665175067174718E-011  -0.7817547322765881202904041848108726E-022

Outgoing solution amplitude =   -0.1404992857376690264519497477539785E-005   0.1445314865508181800904629206126874E-005
Incoming solution amplitude =   -0.2016100405072181665695540434982633E-007   0.2016100403759456423656677343800409E-007


Final bound-state solution
     Stop at point = 160 =     8.944271909999158785636694674925105     
             Zeta1 =     2.040108693476175086294584759466283        0.5341342165664571543064941254731180E-012
            Energy =   -0.5009092242593000677171443053611817       -0.2772951920814675108966438555234441E-012
 Wavefunction tail =   -0.9164720470157275567665175067174718E-011  -0.7817547322765881202904041848108726E-022

Outgoing solution amplitude =   -0.1404992857376690264519497477539785E-005   0.1445314865508181800904629206126874E-005
Incoming solution amplitude =   -0.2016100405072181665695540434982633E-007   0.2016100403759456423656677343800409E-007


Final bound-state solution
     Stop at point = 160 =     8.944271909999158785636694674925105     
             Zeta1 =     2.040108693476175086294584759466283        0.5341342165664571543064941254731180E-012
            Energy =   -0.5009092242593000677171443053611817       -0.2772951920814675108966438555234441E-012
 Wavefunction tail =   -0.9164720470157275567665175067174718E-011  -0.7817547322765881202904041848108726E-022

Outgoing solution amplitude =   -0.1404992857376690264519497477539785E-005   0.1445314865508181800904629206126874E-005
Incoming solution amplitude =   -0.2016100405072181665695540434982633E-007   0.2016100403759456423656677343800409E-007


Final bound-state solution
     Stop at point = 128 =     7.993708217666090790317824863011727     
             Zeta1 =     2.040108693476175086294584759466236        0.5341342165664571543064941254731104E-012
            Energy =   -0.5009092242593000677171443053611694       -0.2772951920814675108966438555234441E-012
 Wavefunction tail =    0.2410079591473962100524260845699846E-017  -0.2786590174562997436086429999768304E-029

Outgoing solution amplitude =   -0.1404992857376690264565813905913314E-005   0.1445314865508181800858312777751998E-005
Incoming solution amplitude =   -0.2016100405072181661063897597410903E-007   0.2016100403759456419025034506564336E-007


Final bound-state solution
     Stop at point = 127 =     7.962174728997997794607397482619088     
             Zeta1 =     2.040108693476175086294584759466285        0.5341342165664571543064941254730989E-012
            Energy =   -0.5009092242593000677171443053611940       -0.2772951920814675108966438555234441E-012
 Wavefunction tail =    0.1323456797219094764260329062655359E-017  -0.1950110440400542473615013156676946E-028

Outgoing solution amplitude =   -0.1404992857376690264501848065905213E-005   0.1445314865508181800922278617761911E-005
Incoming solution amplitude =   -0.2016100405072181667460481598571325E-007   0.2016100403759456425421618507159923E-007


Final bound-state solution
     Stop at point = 128 =     7.993708217666090790317824863011727     
             Zeta1 =     2.040108693476175086294584759466260        0.5341342165664571542827515121395441E-012
            Energy =   -0.5009092242593000677171443053611817       -0.2772951920814675108843179038793658E-012
 Wavefunction tail =    0.2852225477487730016618129922783099E-017  -0.1028355387365309926373552754410075E-029

Outgoing solution amplitude =   -0.1404992857376690264502679326546707E-005   0.1445314865508181800858098341041128E-005
Incoming solution amplitude =   -0.2016100405072181661042453926515720E-007   0.2016100403759456425338492443203054E-007


Final bound-state solution
     Stop at point = 128 =     7.993708217666090790317824863011727     
             Zeta1 =     2.040108693476175086294584759466260        0.5341342165664571543302367388066658E-012
            Energy =   -0.5009092242593000677171443053611817       -0.2772951920814675109089698071675224E-012
 Wavefunction tail =    0.2111631573602404974207719882279227E-017  -0.5486191942485006032434311772878366E-029

Outgoing solution amplitude =   -0.1404992857376690264565807564325869E-005   0.1445314865508181800921668135418708E-005
Incoming solution amplitude =   -0.2016100405072181667399433364059332E-007   0.2016100403759456419025668665117361E-007


Final bound-state solution
     Stop at point = 127 =     7.962174728997997794607397482619088     
             Zeta1 =     2.040108693476160119714817476316236        0.5341342165622081344259931466549741E-012
            Energy =   -0.5009092242592922978336905742003329       -0.2772951920792597046456731003178631E-012
 Wavefunction tail =    0.1712738820355225478009185896901741E-017  -0.1724409403150398875015193813309523E-028

Outgoing solution amplitude =   -0.1424959448432031466230651616862656E-005   0.1425348274440928394179319134252015E-005
Incoming solution amplitude =   -0.1944129829365997197442646121064093E-009   0.1944129829293119977479959838200931E-009


Final bound-state solution
     Stop at point = 127 =     7.962174728997997794607397482619088     
             Zeta1 =     2.040108693476160119714817476316236        0.5341342165622081344259931466549741E-012
            Energy =   -0.5009092242592922978336905742003329       -0.2772951920792597046456731003178631E-012
 Wavefunction tail =    0.1712738820355225478009185896901741E-017  -0.1724409403150398875015193813309523E-028

Outgoing solution amplitude =   -0.1424959448432031466230651616862656E-005   0.1425348274440928394179319134252015E-005
Incoming solution amplitude =   -0.1944129829365997197442646121064093E-009   0.1944129829293119977479959838200931E-009


Final bound-state solution
     Stop at point = 127 =     7.962174728997997794607397482619088     
             Zeta1 =     2.040108693476160119714817476316236        0.5341342165622081344259931466549741E-012
            Energy =   -0.5009092242592922978336905742003329       -0.2772951920792597046456731003178631E-012
 Wavefunction tail =    0.1712738820355225478009185896901741E-017  -0.1724409403150398875015193813309523E-028

Outgoing solution amplitude =   -0.1424959448432031466230651616862656E-005   0.1425348274440928394179319134252015E-005
Incoming solution amplitude =   -0.1944129829365997197442646121064093E-009   0.1944129829293119977479959838200931E-009


Final bound-state solution
     Stop at point = 126 =     7.930515857181441214609198638071140     
             Zeta1 =     2.040108693476160119714817476316215        0.5341342165622081344259931466549805E-012
            Energy =   -0.5009092242592922978336905742003206       -0.2772951920792597046456731003178631E-012
 Wavefunction tail =    0.3219845657170769310833433586619383E-018  -0.3943817666640096898817324557538003E-028

Outgoing solution amplitude =   -0.1424959448432031466260474828372470E-005   0.1425348274440928394149495922741358E-005
Incoming solution amplitude =   -0.1944129829365996899210531006070922E-009   0.1944129829293119679247844750649539E-009


Final bound-state solution
     Stop at point = 127 =     7.962174728997997794607397482619088     
             Zeta1 =     2.040108693476160119714817476316260        0.5341342165622081344259931466549685E-012
            Energy =   -0.5009092242592922978336905742003452       -0.2772951920792597046456731003178631E-012
 Wavefunction tail =    0.1879747834966759559153195081572101E-017  -0.1636200292236976553221625808298960E-028

Outgoing solution amplitude =   -0.1424959448432031466198948326451217E-005   0.1425348274440928394211022424664354E-005
Incoming solution amplitude =   -0.1944129829365997514475550252876264E-009   0.1944129829293120294512863941945491E-009


Final bound-state solution
     Stop at point = 128 =     7.993708217666090790317824863011727     
             Zeta1 =     2.040108693476160119714817476316236        0.5341342165622081344022505333214205E-012
            Energy =   -0.5009092242592922978336905742003329       -0.2772951920792597046333471486737848E-012
 Wavefunction tail =    0.1662295015536924485856847218522638E-017  -0.2181436553849040548279972289630268E-028

Outgoing solution amplitude =   -0.1424959448432031466199238440922082E-005   0.1425348274440928394147383294114275E-005
Incoming solution amplitude =   -0.1944129829365996878084244754361379E-009   0.1944129829293120291611719252392352E-009


Final bound-state solution
     Stop at point = 127 =     7.962174728997997794607397482619088     
             Zeta1 =     2.040108693476160119714817476316236        0.5341342165622081344497357599885419E-012
            Energy =   -0.5009092242592922978336905742003329       -0.2772951920792597046579990519619414E-012
 Wavefunction tail =    0.1712738820355225478009199741910191E-017  -0.2527217623357482075485747679905464E-028

Outgoing solution amplitude =   -0.1424959448432031466262326124901844E-005   0.1425348274440928394210993642291154E-005
Incoming solution amplitude =   -0.1944129829365997514187726501742937E-009   0.1944129829293119660734879437894728E-009


Final bound-state solution
     Stop at point = 126 =     7.930515857181441214609198638071140     
             Zeta1 =     2.040108693476159969669808037594297        0.5341342165622120141954475495142521E-012
            Energy =   -0.5009092242592922199379886649799407       -0.2772951920792616994523159247246064E-012
 Wavefunction tail =    0.1451330599472862418902513503305778E-017  -0.3265650059577253302751263548405577E-028

Outgoing solution amplitude =   -0.1425159620240879432570655615486490E-005   0.1425148102632085003340068731758953E-005
Incoming solution amplitude =    0.5758825912112472113286508995324264E-011  -0.5758825911887944957787969427483128E-011


Final bound-state solution
     Stop at point = 126 =     7.930515857181441214609198638071140     
             Zeta1 =     2.040108693476159969669808037594297        0.5341342165622120141954475495142521E-012
            Energy =   -0.5009092242592922199379886649799407       -0.2772951920792616994523159247246064E-012
 Wavefunction tail =    0.1451330599472862418902513503305778E-017  -0.3265650059577253302751263548405577E-028

Outgoing solution amplitude =   -0.1425159620240879432570655615486490E-005   0.1425148102632085003340068731758953E-005
Incoming solution amplitude =    0.5758825912112472113286508995324264E-011  -0.5758825911887944957787969427483128E-011


Final bound-state solution
     Stop at point = 126 =     7.930515857181441214609198638071140     
             Zeta1 =     2.040108693476159969669808037594297        0.5341342165622120141954475495142521E-012
            Energy =   -0.5009092242592922199379886649799407       -0.2772951920792616994523159247246064E-012
 Wavefunction tail =    0.1451330599472862418902513503305778E-017  -0.3265650059577253302751263548405577E-028

Outgoing solution amplitude =   -0.1425159620240879432570655615486490E-005   0.1425148102632085003340068731758953E-005
Incoming solution amplitude =    0.5758825912112472113286508995324264E-011  -0.5758825911887944957787969427483128E-011


Final bound-state solution
     Stop at point = 128 =     7.993708217666090790317824863011727     
             Zeta1 =     2.040108693476159969669808037594270        0.5341342165622120141954475495142627E-012
            Energy =   -0.5009092242592922199379886649799284       -0.2772951920792616994523159247246064E-012
 Wavefunction tail =    0.2788569067069431269447413696329608E-017  -0.1157796587768849324529883768638616E-028

Outgoing solution amplitude =   -0.1425159620240879432604086434013609E-005   0.1425148102632085003306637913230891E-005
Incoming solution amplitude =    0.5758825912112505544105037899953933E-011  -0.5758825911887978388606495465690291E-011


Final bound-state solution
     Stop at point = 128 =     7.993708217666090790317824863011727     
             Zeta1 =     2.040108693476159969669808037594318        0.5341342165622120141954475495142449E-012
            Energy =   -0.5009092242592922199379886649799530       -0.2772951920792616994523159247246064E-012
 Wavefunction tail =    0.1385726496753254149240058850187532E-017  -0.1032006984403993041101363414589916E-028

Outgoing solution amplitude =   -0.1425159620240879432540264382217829E-005   0.1425148102632085003370459965028475E-005
Incoming solution amplitude =    0.5758825912112441722053238628588932E-011  -0.5758825911887914566554701827166555E-011

WARNING: Wronskian deviates from the exact solution [2*I*sqrt(efield)] by  0.521993E-033
WARNING: Incoming and outgoing amplitudes are inaccurate

Final bound-state solution
     Stop at point = 128 =     7.993708217666090790317824863011727     
             Zeta1 =     2.040108693476159969669808037594295        0.5341342165622120141717049361806899E-012
            Energy =   -0.5009092242592922199379886649799407       -0.2772951920792616994399899730805281E-012
 Wavefunction tail =    0.1160380260854052517663662299667548E-017  -0.1194006208807932770851440854746886E-028

Outgoing solution amplitude =   -0.1425159620240879432540189617201946E-005   0.1425148102632085003307185713965141E-005
Incoming solution amplitude =    0.5758825912112504996304301733844791E-011  -0.5758825911887914491789684036004339E-011

WARNING: Wronskian deviates from the exact solution [2*I*sqrt(efield)] by  0.526759E-033
WARNING: Incoming and outgoing amplitudes are inaccurate

Final bound-state solution
     Stop at point = 128 =     7.993708217666090790317824863011727     
             Zeta1 =     2.040108693476159969669808037594295        0.5341342165622120142191901628478120E-012
            Energy =   -0.5009092242592922199379886649799407       -0.2772951920792616994646418763686847E-012
 Wavefunction tail =    0.1160380260854052517663662024645988E-017  -0.1170155287034263064637620576700445E-028

Outgoing solution amplitude =   -0.1425159620240879432603538633280709E-005   0.1425148102632085003370534730043011E-005
Incoming solution amplitude =    0.5758825912112441647288226006208350E-011  -0.5758825911887977840805764480457412E-011

WARNING: Wronskian deviates from the exact solution [2*I*sqrt(efield)] by  0.585262E-033
WARNING: Incoming and outgoing amplitudes are inaccurate

Final bound-state solution
     Stop at point = 129 =     8.025117801208306266240249022325238     
             Zeta1 =     2.040108693476159973954520704619779        0.5341342165622119067874244401315223E-012
            Energy =   -0.5009092242592922221623925416952474       -0.2772951920792616442447321642589743E-012
 Wavefunction tail =    0.1990607013023098041943950383842531E-017   0.3478689047374832966116523252580293E-028

Outgoing solution amplitude =   -0.1425153904098182251572811312355302E-005   0.1425153818774782062709285921106559E-005
Incoming solution amplitude =    0.4268321490114819531026986889976381E-013  -0.4268321490016677413564405478726289E-013


Final bound-state solution
     Stop at point = 129 =     8.025117801208306266240249022325238     
             Zeta1 =     2.040108693476159973954520704619779        0.5341342165622119067874244401315223E-012
            Energy =   -0.5009092242592922221623925416952474       -0.2772951920792616442447321642589743E-012
 Wavefunction tail =    0.1990607013023098041943950383842531E-017   0.3478689047374832966116523252580293E-028

Outgoing solution amplitude =   -0.1425153904098182251572811312355302E-005   0.1425153818774782062709285921106559E-005
Incoming solution amplitude =    0.4268321490114819531026986889976381E-013  -0.4268321490016677413564405478726289E-013


Final bound-state solution
     Stop at point = 129 =     8.025117801208306266240249022325238     
             Zeta1 =     2.040108693476159973954520704619779        0.5341342165622119067874244401315223E-012
            Energy =   -0.5009092242592922221623925416952474       -0.2772951920792616442447321642589743E-012
 Wavefunction tail =    0.1990607013023098041943950383842531E-017   0.3478689047374832966116523252580293E-028

Outgoing solution amplitude =   -0.1425153904098182251572811312355302E-005   0.1425153818774782062709285921106559E-005
Incoming solution amplitude =    0.4268321490114819531026986889976381E-013  -0.4268321490016677413564405478726289E-013


Final bound-state solution
     Stop at point = 127 =     7.962174728997997794607397482619088     
             Zeta1 =     2.040108693476159973954520704619756        0.5341342165622119067874244401315555E-012
            Energy =   -0.5009092242592922221623925416952351       -0.2772951920792616442447321642589743E-012
 Wavefunction tail =    0.1699302806561821242808679741171349E-017  -0.3355351165387884067952229830876371E-028

Outgoing solution amplitude =   -0.1425153904098182251603973304713964E-005   0.1425153818774782062678123928747051E-005
Incoming solution amplitude =    0.4268321490117935730263023170316625E-013  -0.4268321490019793612800166131838928E-013


Final bound-state solution
     Stop at point = 128 =     7.993708217666090790317824863011727     
             Zeta1 =     2.040108693476159973954520704619803        0.5341342165622119067874244401315299E-012
            Energy =   -0.5009092242592922221623925416952597       -0.2772951920792616442447321642589743E-012
 Wavefunction tail =    0.1320384842968915410795593612636899E-017  -0.1043442370672794236817141133556422E-028

Outgoing solution amplitude =   -0.1425153904098182251540905108742989E-005   0.1425153818774782062741192124719791E-005
Incoming solution amplitude =    0.4268321490111628910665579844774589E-013  -0.4268321490013486793203282104885171E-013


Final bound-state solution
     Stop at point = 122 =     7.802595923450995168182764086928665     
             Zeta1 =     2.040108693476159973954520704619852        0.5341342165622119067636818267980514E-012
            Energy =   -0.5009092242592922221623925416952474       -0.2772951920792616442324062126148960E-012
 Wavefunction tail =    0.2465279386912275664510825661982595E-018  -0.1944306525719868331253591146781359E-027

Outgoing solution amplitude =   -0.1425153904098182251494603932158254E-005   0.1425153818774782062724144285226776E-005
Incoming solution amplitude =    0.4268321490113333694614859507839306E-013  -0.4268321490008856675544649080833928E-013


Final bound-state solution
     Stop at point = 126 =     7.930515857181441214609198638071140     
             Zeta1 =     2.040108693476159973954520704619782        0.5341342165622119068111670534650970E-012
            Energy =   -0.5009092242592922221623925416952474       -0.2772951920792616442570581159030526E-012
 Wavefunction tail =    0.1365465144243943580103145290962707E-017  -0.3199712120303667474512981739121735E-028

Outgoing solution amplitude =   -0.1425153904098182251602796567026263E-005   0.1425153818774782062742649682513977E-005
Incoming solution amplitude =    0.4268321490111483154886351932888749E-013  -0.4268321490019675939031587328532794E-013

WARNING: Wronskian deviates from the exact solution [2*I*sqrt(efield)] by  0.503555E-033
WARNING: Incoming and outgoing amplitudes are inaccurate

Final bound-state solution
     Stop at point = 127 =     7.962174728997997794607397482619088     
             Zeta1 =     2.040108693476159973986657697016132        0.5341342165622119057285973977231055E-012
            Energy =   -0.5009092242592922221790764260132222       -0.2772951920792616436991922817261396E-012
 Wavefunction tail =    0.5786164992637256515343884836923580E-018  -0.2597861534550254731748378150123642E-028

Outgoing solution amplitude =   -0.1425153861224914270048073407260312E-005   0.1425153861648050042646116190671151E-005
Incoming solution amplitude =   -0.1900530799283542643588846625752355E-015   0.1900530799087413998054074454128777E-015


Final bound-state solution
     Stop at point = 127 =     7.962174728997997794607397482619088     
             Zeta1 =     2.040108693476159973986657697016132        0.5341342165622119057285973977231055E-012
            Energy =   -0.5009092242592922221790764260132222       -0.2772951920792616436991922817261396E-012
 Wavefunction tail =    0.5786164992637256515343884836923580E-018  -0.2597861534550254731748378150123642E-028

Outgoing solution amplitude =   -0.1425153861224914270048073407260312E-005   0.1425153861648050042646116190671151E-005
Incoming solution amplitude =   -0.1900530799283542643588846625752355E-015   0.1900530799087413998054074454128777E-015


Final bound-state solution
     Stop at point = 127 =     7.962174728997997794607397482619088     
             Zeta1 =     2.040108693476159973986657697016132        0.5341342165622119057285973977231055E-012
            Energy =   -0.5009092242592922221790764260132222       -0.2772951920792616436991922817261396E-012
 Wavefunction tail =    0.5786164992637256515343884836923580E-018  -0.2597861534550254731748378150123642E-028

Outgoing solution amplitude =   -0.1425153861224914270048073407260312E-005   0.1425153861648050042646116190671151E-005
Incoming solution amplitude =   -0.1900530799283542643588846625752355E-015   0.1900530799087413998054074454128777E-015


Final bound-state solution
     Stop at point = 128 =     7.993708217666090790317824863011727     
             Zeta1 =     2.040108693476159973986657697016107        0.5341342165622119057285973977231102E-012
            Energy =   -0.5009092242592922221790764260132099       -0.2772951920792616436991922817261396E-012
 Wavefunction tail =    0.1851346402124973089470313536250871E-017  -0.7376713875913973132074563969633662E-029

Outgoing solution amplitude =   -0.1425153861224914270080549019293771E-005   0.1425153861648050042613640578636770E-005
Incoming solution amplitude =   -0.1900530798958786523236564540189887E-015   0.1900530798762657877730224442136300E-015


Final bound-state solution
     Stop at point = 128 =     7.993708217666090790317824863011727     
             Zeta1 =     2.040108693476159973986657697016155        0.5341342165622119057285973977230982E-012
            Energy =   -0.5009092242592922221790764260132345       -0.2772951920792616436991922817261396E-012
 Wavefunction tail =    0.1821033435313571635302948342740518E-017  -0.7249495768007305708069501413066552E-029

Outgoing solution amplitude =   -0.1425153861224914270017244675463500E-005   0.1425153861648050042676944922468839E-005
Incoming solution amplitude =   -0.1900530799591829961574093647018681E-015   0.1900530799395701316011537965127201E-015


Final bound-state solution
     Stop at point = 127 =     7.962174728997997794607397482619088     
             Zeta1 =     2.040108693476159973986657697016131        0.5341342165622119057048547843895432E-012
            Energy =   -0.5009092242592922221790764260132222       -0.2772951920792616436868663300820612E-012
 Wavefunction tail =    0.1717843543062970817194573324662398E-017  -0.1716580807791127139067044067825340E-028

Outgoing solution amplitude =   -0.1425153861224914270016980311843303E-005   0.1425153861648050042613860270009826E-005
Incoming solution amplitude =   -0.1900530798960983436986309662379043E-015   0.1900530799398344952232620755149646E-015


Final bound-state solution
     Stop at point = 127 =     7.962174728997997794607397482619088     
             Zeta1 =     2.040108693476159973986657697016131        0.5341342165622119057523400110566654E-012
            Energy =   -0.5009092242592922221790764260132222       -0.2772951920792616437115182333702179E-012
 Wavefunction tail =    0.1717843543062970817194572966046796E-017  -0.1698261657675295803918319436599007E-028

Outgoing solution amplitude =   -0.1425153861224914270080329327921840E-005   0.1425153861648050042677209286087921E-005
Incoming solution amplitude =   -0.1900530799594473597745826370611373E-015   0.1900530798764854791430401957263715E-015


Final bound-state solution
     Stop at point = 128 =     7.993708217666090790317824863011727     
             Zeta1 =     2.040108693476159973986515136284393        0.5341342165622119057276075159544607E-012
            Energy =   -0.5009092242592922221790024157658642       -0.2772951920792616436986599805332463E-012
 Wavefunction tail =    0.1798776296080676863590781149164759E-017  -0.7759200997393740946599276461515646E-029

Outgoing solution amplitude =   -0.1425153861415101465533802705807066E-005   0.1425153861457862847152257433532106E-005
Incoming solution amplitude =    0.1341155705603242890415160119637560E-018  -0.1341155705591016844692604734461712E-018


Final bound-state solution
     Stop at point = 128 =     7.993708217666090790317824863011727     
             Zeta1 =     2.040108693476159973986515136284393        0.5341342165622119057276075159544607E-012
            Energy =   -0.5009092242592922221790024157658642       -0.2772951920792616436986599805332463E-012
 Wavefunction tail =    0.1798776296080676863590781149164759E-017  -0.7759200997393740946599276461515646E-029

Outgoing solution amplitude =   -0.1425153861415101465533802705807066E-005   0.1425153861457862847152257433532106E-005
Incoming solution amplitude =    0.1341155705603242890415160119637560E-018  -0.1341155705591016844692604734461712E-018


Final bound-state solution
     Stop at point = 128 =     7.993708217666090790317824863011727     
             Zeta1 =     2.040108693476159973986515136284393        0.5341342165622119057276075159544607E-012
            Energy =   -0.5009092242592922221790024157658642       -0.2772951920792616436986599805332463E-012
 Wavefunction tail =    0.1798776296080676863590781149164759E-017  -0.7759200997393740946599276461515646E-029

Outgoing solution amplitude =   -0.1425153861415101465533802705807066E-005   0.1425153861457862847152257433532106E-005
Incoming solution amplitude =    0.1341155705603242890415160119637560E-018  -0.1341155705591016844692604734461712E-018


Final bound-state solution
     Stop at point = 126 =     7.930515857181441214609198638071140     
             Zeta1 =     2.040108693476159973986515136284373        0.5341342165622119057276075159544657E-012
            Energy =   -0.5009092242592922221790024157658519       -0.2772951920792616436986599805332463E-012
 Wavefunction tail =    0.4455536791713023207591959729773568E-018  -0.3741102970685501160147418929326383E-028

Outgoing solution amplitude =   -0.1425153861415101465563483247972639E-005   0.1425153861457862847122576891365694E-005
Incoming solution amplitude =    0.1341156002408664562931548082196703E-018  -0.1341156002396438489833776973492380E-018


Final bound-state solution
     Stop at point = 129 =     8.025117801208306266240249022325238     
             Zeta1 =     2.040108693476159973986515136284416        0.5341342165622119057276075159544544E-012
            Energy =   -0.5009092242592922221790024157658765       -0.2772951920792616436986599805332463E-012
 Wavefunction tail =    0.3665028488814801554751288268520730E-017   0.1155394558904675988010712559427667E-028

Outgoing solution amplitude =   -0.1425153861415101465502836249488058E-005   0.1425153861457862847183223889851990E-005
Incoming solution amplitude =    0.1341155395938679683201006700062365E-018  -0.1341155395926453665331769397530138E-018


Final bound-state solution
     Stop at point = 128 =     7.993708217666090790317824863011727     
             Zeta1 =     2.040108693476159973986515136284393        0.5341342165622119057038649026208995E-012
            Energy =   -0.5009092242592922221790024157658642       -0.2772951920792616436863340288891680E-012
 Wavefunction tail =    0.1798776296080676863590781063097858E-017  -0.7680910004179199149265080888235081E-029

Outgoing solution amplitude =   -0.1425153861415101465502128197750281E-005   0.1425153861457862847120582925510576E-005
Incoming solution amplitude =    0.1341156022348323095015966419129244E-018  -0.1341155388845936268409017739913103E-018


Final bound-state solution
     Stop at point = 126 =     7.930515857181441214609198638071140     
             Zeta1 =     2.040108693476159973986515136284398        0.5341342165622119057513501292880234E-012
            Energy =   -0.5009092242592922221790024157658642       -0.2772951920792616437109859321773246E-012
 Wavefunction tail =   -0.1014720425620843577112386281946716E-017  -0.4886881286421752650401375219942418E-028

Outgoing solution amplitude =   -0.1425153861415101465562333253005788E-005   0.1425153861457862847187075902411798E-005
Incoming solution amplitude =    0.1341155357418554104184243716870974E-018  -0.1341155990896488840541743382911326E-018


Final bound-state solution
     Stop at point = 126 =     7.930515857181441214609198638071140     
             Zeta1 =     2.040108693476159973986515241293851        0.5341342165622119057276033706273920E-012
            Energy =   -0.5009092242592922221790024702814075       -0.2772951920792616436986578420483891E-012
 Wavefunction tail =    0.1143167710238667379248160206465204E-017  -0.3470853207752984369057951024881341E-028

Outgoing solution amplitude =   -0.1425153861414961374684502668355077E-005   0.1425153861458002938001550453252239E-005
Incoming solution amplitude =   -0.5975278736419528927481940902982900E-020   0.5975278736200350762523120861181126E-020

WARNING: Wronskian deviates from the exact solution [2*I*sqrt(efield)] by  0.624776E-033
WARNING: Incoming and outgoing amplitudes are inaccurate

Final bound-state solution
     Stop at point = 126 =     7.930515857181441214609198638071140     
             Zeta1 =     2.040108693476159973986515241293851        0.5341342165622119057276033706273920E-012
            Energy =   -0.5009092242592922221790024702814075       -0.2772951920792616436986578420483891E-012
 Wavefunction tail =    0.1143167710238667379248160206465204E-017  -0.3470853207752984369057951024881341E-028

Outgoing solution amplitude =   -0.1425153861414961374684502668355077E-005   0.1425153861458002938001550453252239E-005
Incoming solution amplitude =   -0.5975278736419528927481940902982900E-020   0.5975278736200350762523120861181126E-020

WARNING: Wronskian deviates from the exact solution [2*I*sqrt(efield)] by  0.624776E-033
WARNING: Incoming and outgoing amplitudes are inaccurate

Final bound-state solution
     Stop at point = 126 =     7.930515857181441214609198638071140     
             Zeta1 =     2.040108693476159973986515241293851        0.5341342165622119057276033706273920E-012
            Energy =   -0.5009092242592922221790024702814075       -0.2772951920792616436986578420483891E-012
 Wavefunction tail =    0.1143167710238667379248160206465204E-017  -0.3470853207752984369057951024881341E-028

Outgoing solution amplitude =   -0.1425153861414961374684502668355077E-005   0.1425153861458002938001550453252239E-005
Incoming solution amplitude =   -0.5975278736419528927481940902982900E-020   0.5975278736200350762523120861181126E-020

WARNING: Wronskian deviates from the exact solution [2*I*sqrt(efield)] by  0.624776E-033
WARNING: Incoming and outgoing amplitudes are inaccurate

Final bound-state solution
     Stop at point = 129 =     8.025117801208306266240249022325238     
             Zeta1 =     2.040108693476159973986515241293824        0.5341342165622119057276033706273974E-012
            Energy =   -0.5009092242592922221790024702813952       -0.2772951920792616436986578420483891E-012
 Wavefunction tail =    0.3702798900447464191367371546327751E-017   0.8947149021825723313451119643138523E-029

Outgoing solution amplitude =   -0.1425153861414961374718421450008752E-005   0.1425153861458002937967631671597603E-005
Incoming solution amplitude =   -0.5975244817637873449765992761509655E-020   0.5975244817418698176068281263401779E-020


Final bound-state solution
     Stop at point = 128 =     7.993708217666090790317824863011727     
             Zeta1 =     2.040108693476159973986515241293872        0.5341342165622119057276033706273858E-012
            Energy =   -0.5009092242592922221790024702814199       -0.2772951920792616436986578420483891E-012
 Wavefunction tail =    0.1745038855646259047135625674446564E-017  -0.9661097291362807754313534265745668E-029

Outgoing solution amplitude =   -0.1425153861414961374654569190234818E-005   0.1425153861458002938031483931373346E-005
Incoming solution amplitude =   -0.5975308669897650876211595991040693E-020   0.5975308669678469966588078366827207E-020


Final bound-state solution
     Stop at point = 127 =     7.962174728997997794607397482619088     
             Zeta1 =     2.040108693476159973986515241293849        0.5341342165622119057038607572938307E-012
            Energy =   -0.5009092242592922221790024702814075       -0.2772951920792616436863318904043108E-012
 Wavefunction tail =    0.1790656542291676401206014207060585E-017  -0.1797796587951634458025384705552189E-028

Outgoing solution amplitude =   -0.1425153861414961374654139255692887E-005   0.1425153861458002937968564849836076E-005
Incoming solution amplitude =   -0.5975245750816113834232777839076763E-020   0.5975309099613013806010554378470965E-020


Final bound-state solution
     Stop at point = 127 =     7.962174728997997794607397482619088     
             Zeta1 =     2.040108693476159973986515241293850        0.5341342165622119057513459839609520E-012
            Energy =   -0.5009092242592922221790024702814075       -0.2772951920792616437109837936924674E-012
 Wavefunction tail =   -0.7296616368541364614965564132575190E-019  -0.2879358566507522183502511763085553E-028

Outgoing solution amplitude =   -0.1425153861414961374716513659724625E-005   0.1425153861458002938032888477960997E-005
Incoming solution amplitude =   -0.5975310074444236616096131337594513E-020   0.5975246725208980375360794798717976E-020

WARNING: Wronskian deviates from the exact solution [2*I*sqrt(efield)] by  0.605334E-033
WARNING: Incoming and outgoing amplitudes are inaccurate

Final bound-state solution
     Stop at point = 128 =     7.993708217666090790317824863011727     
             Zeta1 =     2.040108693476159973986515236850193        0.5341342165622119057276034872542952E-012
            Energy =   -0.5009092242592922221790024679744885       -0.2772951920792616436986579020214248E-012
 Wavefunction tail =    0.1688165873654121305198134425784231E-017  -0.8621562148278739753559679001434652E-029

Outgoing solution amplitude =   -0.1425153861414967302871347939565296E-005   0.1425153861457997009814705322149119E-005
Incoming solution amplitude =   -0.4709189113083419226435379868907651E-022   0.4709189112952785638596482244104744E-022


Final bound-state solution
     Stop at point = 128 =     7.993708217666090790317824863011727     
             Zeta1 =     2.040108693476159973986515236850193        0.5341342165622119057276034872542952E-012
            Energy =   -0.5009092242592922221790024679744885       -0.2772951920792616436986579020214248E-012
 Wavefunction tail =    0.1688165873654121305198134425784231E-017  -0.8621562148278739753559679001434652E-029

Outgoing solution amplitude =   -0.1425153861414967302871347939565296E-005   0.1425153861457997009814705322149119E-005
Incoming solution amplitude =   -0.4709189113083419226435379868907651E-022   0.4709189112952785638596482244104744E-022


Final bound-state solution
     Stop at point = 128 =     7.993708217666090790317824863011727     
             Zeta1 =     2.040108693476159973986515236850193        0.5341342165622119057276034872542952E-012
            Energy =   -0.5009092242592922221790024679744885       -0.2772951920792616436986579020214248E-012
 Wavefunction tail =    0.1688165873654121305198134425784231E-017  -0.8621562148278739753559679001434652E-029

Outgoing solution amplitude =   -0.1425153861414967302871347939565296E-005   0.1425153861457997009814705322149119E-005
Incoming solution amplitude =   -0.4709189113083419226435379868907651E-022   0.4709189112952785638596482244104744E-022


Final bound-state solution
     Stop at point = 127 =     7.962174728997997794607397482619088     
             Zeta1 =     2.040108693476159973986515236850169        0.5341342165622119057276034872543011E-012
            Energy =   -0.5009092242592922221790024679744762       -0.2772951920792616436986579020214248E-012
 Wavefunction tail =    0.2072101585230662151224314331977228E-017  -0.1482543219223986622615773628193652E-028

Outgoing solution amplitude =   -0.1425153861414967302902882487139803E-005   0.1425153861457997009783170774573719E-005
Incoming solution amplitude =   -0.4706035658325795929418189230494405E-022   0.4706035658195443131338315563297931E-022


Final bound-state solution
     Stop at point = 127 =     7.962174728997997794607397482619088     
             Zeta1 =     2.040108693476159973986515236850217        0.5341342165622119057276034872542892E-012
            Energy =   -0.5009092242592922221790024679745008       -0.2772951920792616436986579020214248E-012
 Wavefunction tail =    0.1881721052752513169518127782199991E-017  -0.1609962908638219573862824702227902E-028

Outgoing solution amplitude =   -0.1425153861414967302839564230652888E-005   0.1425153861457997009846489031062429E-005
Incoming solution amplitude =   -0.4712367483974834277870012042919364E-022   0.4712367483843919729811147482274879E-022


Final bound-state solution
     Stop at point = 128 =     7.993708217666090790317824863011727     
             Zeta1 =     2.040108693476159973986515236850193        0.5341342165622119057038608739207339E-012
            Energy =   -0.5009092242592922221790024679744885       -0.2772951920792616436863319503773465E-012
 Wavefunction tail =    0.7401936000075457305557621962544988E-018  -0.1447656951553653741225998938337276E-028

Outgoing solution amplitude =   -0.1425153861414967302839425585284281E-005   0.1425153861457997009783278660351821E-005
Incoming solution amplitude =   -0.4706046446903796884963549081347448E-022   0.4712381348380971215698187120491040E-022


Final bound-state solution
     Stop at point = 126 =     7.930515857181441214609198638071140     
             Zeta1 =     2.040108693476159973986515236850195        0.5341342165622119057513461005878560E-012
            Energy =   -0.5009092242592922221790024679744885       -0.2772951920792616437109838536655031E-012
 Wavefunction tail =    0.1693542709817717074592360116180136E-017  -0.2985192411481395395361344857509271E-028

Outgoing solution amplitude =   -0.1425153861414967302901920139777456E-005   0.1425153861457997009847482138015309E-005
Incoming solution amplitude =   -0.4712466794669931321876592600926021E-022   0.4706131892931484766573372052069320E-022


Final bound-state solution
     Stop at point = 129 =     8.025117801208306266240249022325238     
             Zeta1 =     2.040108693476159973986515236814875        0.5341342165622119057276034883393205E-012
            Energy =   -0.5009092242592922221790024679561540       -0.2772951920792616436986579025801552E-012
 Wavefunction tail =    0.2847774607105552614603772287095510E-017   0.6004782473844543214519097006921012E-029

Outgoing solution amplitude =   -0.1425153861414967349986778920470021E-005   0.1425153861457996962699274342779785E-005
Incoming solution amplitude =    0.2353984978761200528252876708062772E-025  -0.2353984978425903853414688200627774E-025


Final bound-state solution
     Stop at point = 129 =     8.025117801208306266240249022325238     
             Zeta1 =     2.040108693476159973986515236814875        0.5341342165622119057276034883393205E-012
            Energy =   -0.5009092242592922221790024679561540       -0.2772951920792616436986579025801552E-012
 Wavefunction tail =    0.2847774607105552614603772287095510E-017   0.6004782473844543214519097006921012E-029

Outgoing solution amplitude =   -0.1425153861414967349986778920470021E-005   0.1425153861457996962699274342779785E-005
Incoming solution amplitude =    0.2353984978761200528252876708062772E-025  -0.2353984978425903853414688200627774E-025


Final bound-state solution
     Stop at point = 129 =     8.025117801208306266240249022325238     
             Zeta1 =     2.040108693476159973986515236814875        0.5341342165622119057276034883393205E-012
            Energy =   -0.5009092242592922221790024679561540       -0.2772951920792616436986579025801552E-012
 Wavefunction tail =    0.2847774607105552614603772287095510E-017   0.6004782473844543214519097006921012E-029

Outgoing solution amplitude =   -0.1425153861414967349986778920470021E-005   0.1425153861457996962699274342779785E-005
Incoming solution amplitude =    0.2353984978761200528252876708062772E-025  -0.2353984978425903853414688200627774E-025


Final bound-state solution
     Stop at point = 129 =     8.025117801208306266240249022325238     
             Zeta1 =     2.040108693476159973986515236814852        0.5341342165622119057276034883393270E-012
            Energy =   -0.5009092242592922221790024679561417       -0.2772951920792616436986579025801552E-012
 Wavefunction tail =    0.3001514341985651451187555259664529E-017   0.5525435324957037324962518345791704E-029

Outgoing solution amplitude =   -0.1425153861414967350018424809248181E-005   0.1425153861457996962667628454000730E-005
Incoming solution amplitude =    0.5518573856751166943625952860656853E-025  -0.5518573856134788291004415486553758E-025


Final bound-state solution
     Stop at point = 127 =     7.962174728997997794607397482619088     
             Zeta1 =     2.040108693476159973986515236814900        0.5341342165622119057276034883393148E-012
            Energy =   -0.5009092242592922221790024679561664       -0.2772951920792616436986579025801552E-012
 Wavefunction tail =    0.1750866337785517714845896360048701E-017  -0.1685687947249108083097991011720167E-028

Outgoing solution amplitude =   -0.1425153861414967349954367065738363E-005   0.1425153861457996962731686197512364E-005
Incoming solution amplitude =   -0.8872004945811022127770311886316398E-026   0.8872004946324271909890017004701057E-026


Final bound-state solution
     Stop at point = 128 =     7.993708217666090790317824863011727     
             Zeta1 =     2.040108693476159973986515236814876        0.5341342165622119057038608750057596E-012
            Energy =   -0.5009092242592922221790024679561540       -0.2772951920792616436863319509360769E-012
 Wavefunction tail =    0.1276750598674825490408273047409948E-017  -0.1120605138435253971552497109144966E-028

Outgoing solution amplitude =   -0.1425153861414967349954646564176793E-005   0.1425153861457996962668057682994711E-005
Incoming solution amplitude =    0.5475650957161480123129271132977068E-025   0.8592506509809234064684944869964909E-026


Final bound-state solution
     Stop at point = 129 =     8.025117801208306266240249022325238     
             Zeta1 =     2.040108693476159973986515236814875        0.5341342165622119057513461016728817E-012
            Energy =   -0.5009092242592922221790024679561540       -0.2772951920792616437109838542242335E-012
 Wavefunction tail =    0.2847774607105552614603772567130002E-017   0.5761090714157135751219262176914137E-029

Outgoing solution amplitude =   -0.1425153861414967350018453428509206E-005   0.1425153861457996962730948850818919E-005
Incoming solution amplitude =   -0.8134658250452794506946873738942833E-026  -0.5521435782428381448036179212657831E-025


Final bound-state solution
     Stop at point = 128 =     7.993708217666090790317824863011727     
             Zeta1 =     2.040108693476159973986515236814894        0.5341342165622119057276034883397948E-012
            Energy =   -0.5009092242592922221790024679561631       -0.2772951920792616436986579025804036E-012
 Wavefunction tail =    0.1691518370688201130581016224683581E-017  -0.8305481485513488867574077983662035E-029

Outgoing solution amplitude =   -0.1425153861414967349963071210758369E-005   0.1425153861457996962722982052493389E-005
Incoming solution amplitude =   -0.1678599266108405091839956969232914E-027   0.1678599266077559778348657278423778E-027

Optimization converged after 13 iterations. Final residue =      0.28176955E-055
Optimization of outgoing solution converged.

Final bound-state solution
     Stop at point = 128 =     7.993708217666090790317824863011727     
             Zeta1 =     2.040108693476159973986515236814894        0.5341342165622119057276034883397948E-012
            Energy =   -0.5009092242592922221790024679561631       -0.2772951920792616436986579025804036E-012
 Wavefunction tail =    0.1691518370688201130581016224683581E-017  -0.8305481485513488867574077983662035E-029

Outgoing solution amplitude =   -0.1425153861414967349963071210758369E-005   0.1425153861457996962722982052493389E-005
Incoming solution amplitude =   -0.1678599266108405091839956969232914E-027   0.1678599266077559778348657278423778E-027


Outgoing solution is at the energy =   -0.5009092242592922221790024679561631       -0.2772951920792616436986579025804036E-012
                Outgoing amplitude =   -0.1425153861414967349963071210758369E-005   0.1425153861457996962722982052493389E-005
                Incoming amplitude =   -0.1678599266108405091839956969232914E-027   0.1678599266077559778348657278423778E-027


              Timing data at 2022/08/26 18:03:53

                                                       Total time (seconds)           Self time (seconds)
 Timer                                   Calls         --------------------           -------------------
 -----                                   -----           Real           CPU            Real           CPU

 start                                      1.          220.4        3775.0             0.0           0.0
 Outgoing solution                          1.          220.4        3775.0             0.0           0.0
 Bound direction                           91.          217.8        3750.1           217.8        3750.1
 Continuum direction                       91.            2.6          24.9             2.6          24.9

