Version: Plain vanilla, built on balrog at Fri Aug 26 05:59:02 PM CEST 2022

Compiler: GCC version 12.1.1 20220721 [revision 4f15d2234608e82159d030dadb17af678cfad626]
Build flags: -cpp -I . -D_REENTRANT -D __BUILD_ID__="Plain vanilla, built on balrog at Fri Aug 26 05:59:02 PM CEST 2022" -mtune=generic -march=x86-64 -O -fopenmp -fpre-include=/usr/include/finclude/math-vector-fortran.h

  Integer kind = 4 (9 decimals)
     Real kind = 8 (15 decimals)
Aux. real kind = 8 (15 decimals)


    $Id: $
    $Id: accuracy.f90,v 1.45 2021/04/26 15:44:44 ps Exp $
    $Id: constants.f90,v 1.7 2021/04/26 15:44:44 ps Exp $
    $Id: $
    $Id: $
    $Id: $
    $Id: find_root.f90,v 1.15 2021/08/10 13:17:38 ps Exp ps $
    $Id: lapack.f90,v 1.10 2021/04/26 15:44:44 ps Exp $
    $Id: math.f90,v 1.13 2022/02/19 18:54:26 ps Exp $
    $Id: $
    $Id: sort_tools.f90,v 1.3 2021/04/26 15:44:44 ps Exp $
    $Id: timer.f90,v 1.5 2021/04/26 15:44:44 ps Exp $
    $Id: $
    $Id: $
    $Id: $
    $Id: $
    $Id: $
    $Id: $
    $Id: $
    $Id: $
    $Id: $
 ===== begin simulation parameters ===== 
&HT_V2
 VERBOSE=1          ,
 OMP_NUM_THREADS=0          ,
 COMMENT="Search for the resonance position (outgoing boundary), F=0.100, M=0, NB=0, NC=0                                                                                                                                                                                ",
 TASK="outgoing                                                                                                                                                                                                                                                       ",
 MVAL=0          ,
 EFIELD= 0.10000000000000001     ,
 ZNUC=  1.0000000000000000     ,
 ENERGY_SINGLE=(-0.50000000000000000,0.0000000000000000),
 ENERGY_GUESS=(-0.52730600000000005,-7.25750000000000006E-003),
 ZETA_GUESS=(2.0000000000000000,0.0000000000000000),
 ZETA_TOL= -1.0000000000000000     ,
 ENERGY_TOL= -1.0000000000000000     ,
 XI2_MAX=  60.000000000000000     ,
 XI_NPTS=120        ,
 XI_MAXORDER=60         ,
 ETA2_MAX=  120.00000000000000     ,
 ETA_NPTS=240        ,
 ETA_MAXORDER=60         ,
 ASYMP_ORDER=200        ,
 FILE_BOUND="h000-0_100-dble-b.table                                                                                                                                                                                                                                        ",
 FILE_CONTINUUM="h000-0_100-dble-c.table                                                                                                                                                                                                                                        ",
 /
 ====== end simulation parameters ====== 

Search for the resonance position (outgoing boundary), F=0.100, M=0, NB=0, NC=0


Final bound-state solution
     Stop at point = 52 =     5.070925528371099666458121646428481     
             Zeta1 =     2.215469142306573768763655607472174        0.1233838570840181322885165116076678E-001
            Energy =   -0.5273060000000000524522647538105957       -0.7257500000000000062172489379008766E-002
 Wavefunction tail =    0.3816050303197895512485720832893815E-008   0.1723798017114070294648108861747249E-010

Outgoing solution amplitude =   -0.1640410030353672832248435042856727        0.1952996160482305398886637703981251     
Incoming solution amplitude =    0.1719205021066640528062952064658475E-002  -0.8255541663211417996448560074895795E-003


Final bound-state solution
     Stop at point = 53 =     5.120399144105660660386547533562407     
             Zeta1 =     2.215469142306548899767904003965668        0.1233838570840194506783582539810595E-001
            Energy =   -0.5273059999999858415975495518068783       -0.7257500000000000062172489379008766E-002
 Wavefunction tail =    0.6020931970551770101601027649967576E-008   0.1875984879022598314649010712050004E-009

Outgoing solution amplitude =   -0.1640410030355481940667061735439347        0.1952996160480344189913637364952592     
Incoming solution amplitude =    0.1719205021273966221134754661648003E-002  -0.8255541664489361676146361723738210E-003


Final bound-state solution
     Stop at point = 52 =     5.070925528371099666458121646428481     
             Zeta1 =     2.215469142306598637759407210978679        0.1233838570840171955378394841318368E-001
            Energy =   -0.5273060000000142633069799558143131       -0.7257500000000000062172489379008766E-002
 Wavefunction tail =    0.1639948398550417897260776138785611E-008  -0.1424150144332599779748084579353859E-009

Outgoing solution amplitude =   -0.1640410030351898140743571730126860        0.1952996160484228305165288475109264     
Incoming solution amplitude =    0.1719205020860927043621635412762316E-002  -0.8255541661942906875651382314629245E-003


Final bound-state solution
     Stop at point = 52 =     5.070925528371099666458121646428481     
             Zeta1 =     2.215469142306574212852865457534790        0.1233838570837767108223648193643385E-001
            Energy =   -0.5273060000000000524522647538105957       -0.7257499999985789207457287375291344E-002
 Wavefunction tail =    0.2444149480445835710929627471003911E-008  -0.9400397190616083519034662249280829E-010

Outgoing solution amplitude =   -0.1640410030351747427967978865126497        0.1952996160480554022065291519538732     
Incoming solution amplitude =    0.1719205021191186734744182906808874E-002  -0.8255541661156697670273518774308741E-003


Final bound-state solution
     Stop at point = 51 =     5.020964452534338207101427542511374     
             Zeta1 =     2.215469142306575545120495007722639        0.1233838570842602996857628738780477E-001
            Energy =   -0.5273060000000000524522647538105957       -0.7257500000014210916887691382726189E-002
 Wavefunction tail =    0.1831934799866326558985201065844935E-008  -0.3249289042806630765851763111007333E-009

Outgoing solution amplitude =   -0.1640410030355539949820098399868584        0.1952996160484128385093072211020626     
Incoming solution amplitude =    0.1719205020935313504154562380676907E-002  -0.8255541665215884467726725759462170E-003


Final bound-state solution
     Stop at point = 51 =     5.020964452534338207101427542511374     
             Zeta1 =     2.215657902129916756450711545767263        0.1235758236146393754251171515079477E-001
            Energy =   -0.5274169798374809259300377561885398       -0.7269317276701588691201205705283428E-002
 Wavefunction tail =    0.8775008467799891357433608420545931E-009  -0.3340744553032296874507902747684050E-009

Outgoing solution amplitude =   -0.1628197666772178142657878652244108        0.1969435177243621382103810901753604     
Incoming solution amplitude =    0.1494704032647054052192550632760515E-004  -0.1433565527609101347250152719281502E-004


Final bound-state solution
     Stop at point = 51 =     5.020964452534338207101427542511374     
             Zeta1 =     2.215657902129916756450711545767263        0.1235758236146393754251171515079477E-001
            Energy =   -0.5274169798374809259300377561885398       -0.7269317276701588691201205705283428E-002
 Wavefunction tail =    0.8775008467799891357433608420545931E-009  -0.3340744553032296874507902747684050E-009

Outgoing solution amplitude =   -0.1628197666772178142657878652244108        0.1969435177243621382103810901753604     
Incoming solution amplitude =    0.1494704032647054052192550632760515E-004  -0.1433565527609101347250152719281502E-004


Final bound-state solution
     Stop at point = 51 =     5.020964452534338207101427542511374     
             Zeta1 =     2.215657902129916756450711545767263        0.1235758236146393754251171515079477E-001
            Energy =   -0.5274169798374809259300377561885398       -0.7269317276701588691201205705283428E-002
 Wavefunction tail =    0.8775008467799891357433608420545931E-009  -0.3340744553032296874507902747684050E-009

Outgoing solution amplitude =   -0.1628197666772178142657878652244108        0.1969435177243621382103810901753604     
Incoming solution amplitude =    0.1494704032647054052192550632760515E-004  -0.1433565527609101347250152719281502E-004


Final bound-state solution
     Stop at point = 52 =     5.070925528371099666458121646428481     
             Zeta1 =     2.215657902129890999276540242135525        0.1235758236146403815647332180560625E-001
            Energy =   -0.5274169798374667150753225541848224       -0.7269317276701588691201205705283428E-002
 Wavefunction tail =    0.1886168615921059040794420508637200E-008  -0.1218971108112611203839358927248238E-009

Outgoing solution amplitude =   -0.1628197666773993357303140783187700        0.1969435177241647960677539686003001     
Incoming solution amplitude =    0.1494704053829447998715321266338663E-004  -0.1433565540651846806211641011108426E-004


Final bound-state solution
     Stop at point = 52 =     5.070925528371099666458121646428481     
             Zeta1 =     2.215657902129939405000413898960687        0.1235758236146381264242144482068397E-001
            Energy =   -0.5274169798374951367847529581922572       -0.7269317276701588691201205705283428E-002
 Wavefunction tail =    0.1578186361929690384778366637238533E-008  -0.1423754223425597488352999186623647E-009

Outgoing solution amplitude =   -0.1628197666770466456309662817147910        0.1969435177245479617891277257513138     
Incoming solution amplitude =    0.1494704012675897230265874282562066E-004  -0.1433565515474782630592903709398911E-004


Final bound-state solution
     Stop at point = 51 =     5.020964452534338207101427542511374     
             Zeta1 =     2.215657902129917644629131245892495        0.1235758236143976243615050236712705E-001
            Energy =   -0.5274169798374809259300377561885398       -0.7269317276687377836486003701566005E-002
 Wavefunction tail =   -0.3376244768454578323766214676847006E-009  -0.3700820450341566020330669004197426E-009

Outgoing solution amplitude =   -0.1628197666770233031918735377985286        0.1969435177241878887066661718563410     
Incoming solution amplitude =    0.1494704044971176928110079967781942E-004  -0.1433565506952234593291209407972531E-004


Final bound-state solution
     Stop at point = 51 =     5.020964452534338207101427542511374     
             Zeta1 =     2.215657902129916312361501695704646        0.1235758236148809530163816816639155E-001
            Energy =   -0.5274169798374809259300377561885398       -0.7269317276715799545916407709000850E-002
 Wavefunction tail =    0.1243113281996236205308778755593106E-008  -0.3152980696916911451445686322413468E-009

Outgoing solution amplitude =   -0.1628197666774111040943751049780985        0.1969435177245374424259694023930933     
Incoming solution amplitude =    0.1494704020250520701306503473793086E-004  -0.1433565548250607497523818195661605E-004


Final bound-state solution
     Stop at point = 52 =     5.070925528371099666458121646428481     
             Zeta1 =     2.215659921861131476106265836278908        0.1235712825118147860370410029418053E-001
            Energy =   -0.5274181692022292811117267774534412       -0.7269055773172096619749726897907749E-002
 Wavefunction tail =    0.9095784019194287532192238284085850E-009  -0.1862335906595726537463743691599191E-009

Outgoing solution amplitude =   -0.1628014210275000872574224786148989        0.1969563163585483778206253191456199     
Incoming solution amplitude =    0.9392877827585083326535720987457423E-007  -0.3788462854795422151664779854447762E-007


Final bound-state solution
     Stop at point = 52 =     5.070925528371099666458121646428481     
             Zeta1 =     2.215659921861131476106265836278908        0.1235712825118147860370410029418053E-001
            Energy =   -0.5274181692022292811117267774534412       -0.7269055773172096619749726897907749E-002
 Wavefunction tail =    0.9095784019194287532192238284085850E-009  -0.1862335906595726537463743691599191E-009

Outgoing solution amplitude =   -0.1628014210275000872574224786148989        0.1969563163585483778206253191456199     
Incoming solution amplitude =    0.9392877827585083326535720987457423E-007  -0.3788462854795422151664779854447762E-007


Final bound-state solution
     Stop at point = 52 =     5.070925528371099666458121646428481     
             Zeta1 =     2.215659921861131476106265836278908        0.1235712825118147860370410029418053E-001
            Energy =   -0.5274181692022292811117267774534412       -0.7269055773172096619749726897907749E-002
 Wavefunction tail =    0.9095784019194287532192238284085850E-009  -0.1862335906595726537463743691599191E-009

Outgoing solution amplitude =   -0.1628014210275000872574224786148989        0.1969563163585483778206253191456199     
Incoming solution amplitude =    0.9392877827585083326535720987457423E-007  -0.3788462854795422151664779854447762E-007


Final bound-state solution
     Stop at point = 52 =     5.070925528371099666458121646428481     
             Zeta1 =     2.215659921861106607110514232772402        0.1235712825118168330107426555741768E-001
            Energy =   -0.5274181692022150702570115754497238       -0.7269055773172096619749726897907749E-002
 Wavefunction tail =    0.3074684604616457975559872935699367E-008  -0.2700677790311051139518941480887520E-009

Outgoing solution amplitude =   -0.1628014210276807760546802228418528        0.1969563163583537002132572979462566     
Incoming solution amplitude =    0.9392898488840046316940605129752750E-007  -0.3788475511350077653577141166378606E-007


Final bound-state solution
     Stop at point = 51 =     5.020964452534338207101427542511374     
             Zeta1 =     2.215659921861156345102017439785413        0.1235712825118136584667816180171940E-001
            Energy =   -0.5274181692022434919664419794571586       -0.7269055773172096619749726897907749E-002
 Wavefunction tail =    0.1826633141146306330948082631343218E-008  -0.2756283283438675884747282130251590E-009

Outgoing solution amplitude =   -0.1628014210273218131952432941034203        0.1969563163587423615386029496221454     
Incoming solution amplitude =    0.9392857062102251631857170342462804E-007  -0.3788450064390243338419646582614086E-007


Final bound-state solution
     Stop at point = 53 =     5.120399144105660660386547533562407     
             Zeta1 =     2.215659921861129699749426436028443        0.1235712825115730176261941153370572E-001
            Energy =   -0.5274181692022292811117267774534412       -0.7269055773157885765034524894190326E-002
 Wavefunction tail =    0.5092647876169948057665318863615131E-008   0.1943658888097532623875816017283680E-009

Outgoing solution amplitude =   -0.1628014210273128203887438303354429        0.1969563163583669951339771841958282     
Incoming solution amplitude =    0.9392890890079859254064832902245130E-007  -0.3788442621423289693321457215734183E-007


Final bound-state solution
     Stop at point = 52 =     5.070925528371099666458121646428481     
             Zeta1 =     2.215659921861131032017055986216292        0.1235712825120563289338360135616313E-001
            Energy =   -0.5274181692022292811117267774534412       -0.7269055773186307474464928901625171E-002
 Wavefunction tail =    0.2447209340798952481079812915337052E-008  -0.9764274630125364110518344003619511E-010

Outgoing solution amplitude =   -0.1628014210276935991306146433998947        0.1969563163587242093921503283127095     
Incoming solution amplitude =    0.9392865416788774928755933373361597E-007  -0.3788483430473821285588617840262016E-007


Final bound-state solution
     Stop at point = 52 =     5.070925528371099666458121646428481     
             Zeta1 =     2.215659931781233993319801811594516        0.1235712989978410454583457322996765E-001
            Energy =   -0.5274181750331067286552411133015994       -0.7269056770585972937492869050402078E-002
 Wavefunction tail =    0.2984881990549571880351402110775547E-008  -0.7133047731599684754592146687963571E-010

Outgoing solution amplitude =   -0.1628013618583093735647793209864176        0.1969564074986533686040246493575978     
Incoming solution amplitude =    0.9418824752048142844690578295136461E-009  -0.6897995853378959889275940473994837E-009


Final bound-state solution
     Stop at point = 52 =     5.070925528371099666458121646428481     
             Zeta1 =     2.215659931781233993319801811594516        0.1235712989978410454583457322996765E-001
            Energy =   -0.5274181750331067286552411133015994       -0.7269056770585972937492869050402078E-002
 Wavefunction tail =    0.2984881990549571880351402110775547E-008  -0.7133047731599684754592146687963571E-010

Outgoing solution amplitude =   -0.1628013618583093735647793209864176        0.1969564074986533686040246493575978     
Incoming solution amplitude =    0.9418824752048142844690578295136461E-009  -0.6897995853378959889275940473994837E-009


Final bound-state solution
     Stop at point = 52 =     5.070925528371099666458121646428481     
             Zeta1 =     2.215659931781233993319801811594516        0.1235712989978410454583457322996765E-001
            Energy =   -0.5274181750331067286552411133015994       -0.7269056770585972937492869050402078E-002
 Wavefunction tail =    0.2984881990549571880351402110775547E-008  -0.7133047731599684754592146687963571E-010

Outgoing solution amplitude =   -0.1628013618583093735647793209864176        0.1969564074986533686040246493575978     
Incoming solution amplitude =    0.9418824752048142844690578295136461E-009  -0.6897995853378959889275940473994837E-009


Final bound-state solution
     Stop at point = 52 =     5.070925528371099666458121646428481     
             Zeta1 =     2.215659931781210456591679758275859        0.1235712989978421383341355976881459E-001
            Energy =   -0.5274181750330925178005259112978820       -0.7269056770585972937492869050402078E-002
 Wavefunction tail =    0.1204780719679466429330596316993243E-008  -0.1591439504292033385616840467227185E-009

Outgoing solution amplitude =   -0.1628013618584831512237087736139074        0.1969564074984648804900189134059474     
Incoming solution amplitude =    0.9420861145173462780780062440105262E-009  -0.6899231886186993413601959188692289E-009


Final bound-state solution
     Stop at point = 52 =     5.070925528371099666458121646428481     
             Zeta1 =     2.215659931781258418226343565038405        0.1235712989978398658463820680708523E-001
            Energy =   -0.5274181750331209395099563153053168       -0.7269056770585972937492869050402078E-002
 Wavefunction tail =    0.2283254095146148847248522434642999E-008  -0.1008498216441947283810666538097817E-009

Outgoing solution amplitude =   -0.1628013618581297394793949706581770        0.1969564074988479351890902080413071     
Incoming solution amplitude =    0.9416767293922012422282961618112164E-009  -0.6896732172757367254548318421755217E-009


Final bound-state solution
     Stop at point = 52 =     5.070925528371099666458121646428481     
             Zeta1 =     2.215659931781233549230591961531900        0.1235712989975995199087854814479215E-001
            Energy =   -0.5274181750331067286552411133015994       -0.7269056770571762082777667046684655E-002
 Wavefunction tail =    0.2939124173313172108699543980288305E-008  -0.9241736600327530619965052744165337E-010

Outgoing solution amplitude =   -0.1628013618581186927602999503505998        0.1969564074984753998531772367641679     
Incoming solution amplitude =    0.9420091065794841960086795370305987E-009  -0.6895949915175148347808406082491261E-009


Final bound-state solution
     Stop at point = 53 =     5.120399144105660660386547533562407     
             Zeta1 =     2.215659931781233105141382111469284        0.1235712989980826230496102624556443E-001
            Energy =   -0.5274181750331067286552411133015994       -0.7269056770600183792208071054119500E-002
 Wavefunction tail =    0.5801711613257471324847536778496551E-008   0.1581219843496343045728940542696858E-009

Outgoing solution amplitude =   -0.1628013618585039123942692640412133        0.1969564074988274238187102582742227     
Incoming solution amplitude =    0.9417593766063225766747009660702188E-009  -0.6900068122833789708519968986990753E-009


Final bound-state solution
     Stop at point = 52 =     5.070925528371099666458121646428481     
             Zeta1 =     2.215659931898336765243584522977471        0.1235712988941038703583075175629347E-001
            Energy =   -0.5274181751020208253066812176257372       -0.7269056764809811270466877175522313E-002
 Wavefunction tail =    0.2696214625884260173669130719598108E-008  -0.8945791740504096817491033501789440E-010

Outgoing solution amplitude =   -0.1628013609218822710378304918776848        0.1969564083570267964962141604701173     
Incoming solution amplitude =   -0.1704630333894470535589333244999649E-011   0.3322191997768239188852368325260538E-011


Final bound-state solution
     Stop at point = 52 =     5.070925528371099666458121646428481     
             Zeta1 =     2.215659931898336765243584522977471        0.1235712988941038703583075175629347E-001
            Energy =   -0.5274181751020208253066812176257372       -0.7269056764809811270466877175522313E-002
 Wavefunction tail =    0.2696214625884260173669130719598108E-008  -0.8945791740504096817491033501789440E-010

Outgoing solution amplitude =   -0.1628013609218822710378304918776848        0.1969564083570267964962141604701173     
Incoming solution amplitude =   -0.1704630333894470535589333244999649E-011   0.3322191997768239188852368325260538E-011


Final bound-state solution
     Stop at point = 52 =     5.070925528371099666458121646428481     
             Zeta1 =     2.215659931898336765243584522977471        0.1235712988941038703583075175629347E-001
            Energy =   -0.5274181751020208253066812176257372       -0.7269056764809811270466877175522313E-002
 Wavefunction tail =    0.2696214625884260173669130719598108E-008  -0.8945791740504096817491033501789440E-010

Outgoing solution amplitude =   -0.1628013609218822710378304918776848        0.1969564083570267964962141604701173     
Incoming solution amplitude =   -0.1704630333894470535589333244999649E-011   0.3322191997768239188852368325260538E-011


Final bound-state solution
     Stop at point = 52 =     5.070925528371099666458121646428481     
             Zeta1 =     2.215659931898312340337042769533582        0.1235712988941049979285669024875460E-001
            Energy =   -0.5274181751020066144519660156220198       -0.7269056764809811270466877175522313E-002
 Wavefunction tail =    0.2981693741816741723704228551319537E-008  -0.6785340429305686010694256047432685E-010

Outgoing solution amplitude =   -0.1628013609220590462989264324278338        0.1969564083568350887354370115644997     
Incoming solution amplitude =   -0.1498676065544090267873054557381475E-011   0.3195889763736192638549651254381207E-011


Final bound-state solution
     Stop at point = 52 =     5.070925528371099666458121646428481     
             Zeta1 =     2.215659931898361190150126276421361        0.1235712988941027254408133728702524E-001
            Energy =   -0.5274181751020350361613964196294546       -0.7269056764809811270466877175522313E-002
 Wavefunction tail =    0.1845846842207150907693714961569850E-008  -0.1307075431763324599899697516154108E-009

Outgoing solution amplitude =   -0.1628013609217031365528072228698875        0.1969564083572205581695868659153348     
Incoming solution amplitude =   -0.1910014091806207952709366468298309E-011   0.3447945664070821218950997686834579E-011


Final bound-state solution
     Stop at point = 51 =     5.020964452534338207101427542511374     
             Zeta1 =     2.215659931898338097511214073165320        0.1235712988938622407253387081027540E-001
            Energy =   -0.5274181751020208253066812176257372       -0.7269056764795600415751675171804891E-002
 Wavefunction tail =    0.1321289173484111538983729091235701E-008  -0.2913470733246798588469821353780795E-009

Outgoing solution amplitude =   -0.1628013609216867607631940018109162        0.1969564083568541568158849486280815     
Incoming solution amplitude =   -0.1583342008909734579025122192919854E-011   0.3529923625562086634604907929302330E-011


Final bound-state solution
     Stop at point = 52 =     5.070925528371099666458121646428481     
             Zeta1 =     2.215659931898336765243584522977471        0.1235712988943454306023372879508315E-001
            Energy =   -0.5274181751020208253066812176257372       -0.7269056764824022125182079179239736E-002
 Wavefunction tail =    0.2931616045401279703713258244744677E-008  -0.7366252225087580445427551764336059E-010

Outgoing solution amplitude =   -0.1628013609220750057549054190531024        0.1969564083572033219571295603600447     
Incoming solution amplitude =   -0.1829341721511069048337593970630135E-011   0.3116325500254573454395071077173394E-011


Final bound-state solution
     Stop at point = 52 =     5.070925528371099666458121646428481     
             Zeta1 =     2.215659931898021461904590978519991        0.1235712988960688263340159664949169E-001
            Energy =   -0.5274181751018344188608466538426001       -0.7269056764924519860315843544640302E-002
 Wavefunction tail =    0.1039127904316936152519647122705049E-008  -0.1712266581620400382119465814838603E-009

Outgoing solution amplitude =   -0.1628013609257494553883560683971155        0.1969564083559430800463019295420963     
Incoming solution amplitude =   -0.3123544651574333868988001452083739E-013   0.1873907363852814682442943866913058E-013


Final bound-state solution
     Stop at point = 52 =     5.070925528371099666458121646428481     
             Zeta1 =     2.215659931898021461904590978519991        0.1235712988960688263340159664949169E-001
            Energy =   -0.5274181751018344188608466538426001       -0.7269056764924519860315843544640302E-002
 Wavefunction tail =    0.1039127904316936152519647122705049E-008  -0.1712266581620400382119465814838603E-009

Outgoing solution amplitude =   -0.1628013609257494553883560683971155        0.1969564083559430800463019295420963     
Incoming solution amplitude =   -0.3123544651574333868988001452083739E-013   0.1873907363852814682442943866913058E-013


Final bound-state solution
     Stop at point = 52 =     5.070925528371099666458121646428481     
             Zeta1 =     2.215659931898021461904590978519991        0.1235712988960688263340159664949169E-001
            Energy =   -0.5274181751018344188608466538426001       -0.7269056764924519860315843544640302E-002
 Wavefunction tail =    0.1039127904316936152519647122705049E-008  -0.1712266581620400382119465814838603E-009

Outgoing solution amplitude =   -0.1628013609257494553883560683971155        0.1969564083559430800463019295420963     
Incoming solution amplitude =   -0.3123544651574333868988001452083739E-013   0.1873907363852814682442943866913058E-013


Final bound-state solution
     Stop at point = 52 =     5.070925528371099666458121646428481     
             Zeta1 =     2.215659931897996592908839375013486        0.1235712988960699712515101111875993E-001
            Energy =   -0.5274181751018202080061314518388826       -0.7269056764924519860315843544640302E-002
 Wavefunction tail =    0.2069812490348269960524937681597621E-008  -0.1222758473212383342889369634522894E-009

Outgoing solution amplitude =   -0.1628013609259276739393840216507670        0.1969564083557494849063829178703600     
Incoming solution amplitude =    0.1766058948239973872323567407604414E-012  -0.1088797229442349603252744811660654E-012


Final bound-state solution
     Stop at point = 51 =     5.020964452534338207101427542511374     
             Zeta1 =     2.215659931898045442721922881901264        0.1235712988960664844573233978053395E-001
            Energy =   -0.5274181751018486297155618558463175       -0.7269056764924519860315843544640302E-002
 Wavefunction tail =    0.2970093968383441892072530809585859E-008  -0.4194616507163559630281300787552892E-010

Outgoing solution amplitude =   -0.1628013609255738736170115998902475        0.1969564083561332612504202188574709     
Incoming solution amplitude =   -0.2357305247057468512474206912029657E-012   0.1443391409768596080357655830498387E-012


Final bound-state solution
     Stop at point = 53 =     5.120399144105660660386547533562407     
             Zeta1 =     2.215659931898019685547751578269526        0.1235712988958272660899861961070201E-001
            Energy =   -0.5274181751018344188608466538426001       -0.7269056764910309005600641540922879E-002
 Wavefunction tail =    0.5147853099011062893219753367705233E-008   0.1284727731878134403491968841914505E-009

Outgoing solution amplitude =   -0.1628013609255628546534921952115837        0.1969564083557602263141461662598886     
Incoming solution amplitude =    0.1004098372012936584822090124126806E-012   0.2192296074034364089852176099037888E-012


Final bound-state solution
     Stop at point = 52 =     5.070925528371099666458121646428481     
             Zeta1 =     2.215659931898021017815381128457375        0.1235712988963103865780457368828138E-001
            Energy =   -0.5274181751018344188608466538426001       -0.7269056764938730715031045548357724E-002
 Wavefunction tail =    0.2010202540921376310915927662506877E-008  -0.1206602540617661236550852148392832E-009

Outgoing solution amplitude =   -0.1628013609259432170617287738423329        0.1969564083561179401726803916972131     
Incoming solution amplitude =   -0.1548826127371790570625280839793772E-012  -0.1880490176606395652297796103365228E-012


Final bound-state solution
     Stop at point = 52 =     5.070925528371099666458121646428481     
             Zeta1 =     2.215659931898017021012492477893829        0.1235712988960686008199640895099947E-001
            Energy =   -0.5274181751018323094370998660451733       -0.7269056764924497308910655846148074E-002
 Wavefunction tail =    0.2519609720061346755947674321603896E-008  -0.9354982059644570433142163812237553E-010

Outgoing solution amplitude =   -0.1628013609257783211869963224671665        0.1969564083559109946008902625180781     
Incoming solution amplitude =    0.2084557371967416509415398856823975E-014  -0.2128442790324625157629584877971099E-014

Optimization converged after 6 iterations. Final residue =      0.44378241E-029
Optimization of outgoing solution converged.

Final bound-state solution
     Stop at point = 52 =     5.070925528371099666458121646428481     
             Zeta1 =     2.215659931898017021012492477893829        0.1235712988960686008199640895099947E-001
            Energy =   -0.5274181751018323094370998660451733       -0.7269056764924497308910655846148074E-002
 Wavefunction tail =    0.2519609720061346755947674321603896E-008  -0.9354982059644570433142163812237553E-010

Outgoing solution amplitude =   -0.1628013609257783211869963224671665        0.1969564083559109946008902625180781     
Incoming solution amplitude =    0.2084557371967416509415398856823975E-014  -0.2128442790324625157629584877971099E-014


Outgoing solution is at the energy =   -0.5274181751018323094370998660451733       -0.7269056764924497308910655846148074E-002
                Outgoing amplitude =   -0.1628013609257783211869963224671665        0.1969564083559109946008902625180781     
                Incoming amplitude =    0.2084557371967416509415398856823975E-014  -0.2128442790324625157629584877971099E-014


              Timing data at 2022/08/26 17:59:53

                                                       Total time (seconds)           Self time (seconds)
 Timer                                   Calls         --------------------           -------------------
 -----                                   -----           Real           CPU            Real           CPU

 start                                      1.            0.9          44.1             0.0           0.0
 Outgoing solution                          1.            0.9          44.1             0.0           0.2
 Bound direction                           42.            0.9          42.9             0.9          42.9
 Continuum direction                       42.            0.0           1.0             0.0           1.0

