Version: Plain vanilla, built on balrog at Fri Aug 26 05:59:02 PM CEST 2022

Compiler: GCC version 12.1.1 20220721 [revision 4f15d2234608e82159d030dadb17af678cfad626]
Build flags: -cpp -I . -D_REENTRANT -D __BUILD_ID__="Plain vanilla, built on balrog at Fri Aug 26 05:59:02 PM CEST 2022" -mtune=generic -march=x86-64 -O -fopenmp -fpre-include=/usr/include/finclude/math-vector-fortran.h

  Integer kind = 4 (9 decimals)
     Real kind = 8 (15 decimals)
Aux. real kind = 8 (15 decimals)


    $Id: $
    $Id: accuracy.f90,v 1.45 2021/04/26 15:44:44 ps Exp $
    $Id: constants.f90,v 1.7 2021/04/26 15:44:44 ps Exp $
    $Id: $
    $Id: $
    $Id: $
    $Id: find_root.f90,v 1.15 2021/08/10 13:17:38 ps Exp ps $
    $Id: lapack.f90,v 1.10 2021/04/26 15:44:44 ps Exp $
    $Id: math.f90,v 1.13 2022/02/19 18:54:26 ps Exp $
    $Id: $
    $Id: sort_tools.f90,v 1.3 2021/04/26 15:44:44 ps Exp $
    $Id: timer.f90,v 1.5 2021/04/26 15:44:44 ps Exp $
    $Id: $
    $Id: $
    $Id: $
    $Id: $
    $Id: $
    $Id: $
    $Id: $
    $Id: $
    $Id: $
 ===== begin simulation parameters ===== 
&HT_V2
 VERBOSE=1          ,
 OMP_NUM_THREADS=0          ,
 COMMENT="Search for the resonance position (outgoing boundary), F=0.020, M=0, NB=0, NC=0                                                                                                                                                                                ",
 TASK="outgoing                                                                                                                                                                                                                                                       ",
 MVAL=0          ,
 EFIELD=  2.0000000000000000E-002,
 ZNUC=  1.0000000000000000     ,
 ENERGY_SINGLE=(-0.50000000000000000,0.0000000000000000),
 ENERGY_GUESS=(-0.50090900000000005,-0.0000000000000000),
 ZETA_GUESS=(2.0000000000000000,0.0000000000000000),
 ZETA_TOL= -1.0000000000000000     ,
 ENERGY_TOL= -1.0000000000000000     ,
 XI2_MAX=  80.000000000000000     ,
 XI_NPTS=160        ,
 XI_MAXORDER=60         ,
 ETA2_MAX=  120.00000000000000     ,
 ETA_NPTS=240        ,
 ETA_MAXORDER=60         ,
 ASYMP_ORDER=200        ,
 FILE_BOUND="h000-0_020-dble-b.table                                                                                                                                                                                                                                        ",
 FILE_CONTINUUM="h000-0_020-dble-c.table                                                                                                                                                                                                                                        ",
 /
 ====== end simulation parameters ====== 

Search for the resonance position (outgoing boundary), F=0.020, M=0, NB=0, NC=0


Final bound-state solution
     Stop at point = 68 =     5.806090924529116570340647740522400     
             Zeta1 =     2.040108261501221598166466719703749         0.000000000000000000000000000000000     
            Energy =   -0.5009090000000000486579665448516607        -0.000000000000000000000000000000000     
 Wavefunction tail =    0.3763105385538504776159555705126319E-008    0.000000000000000000000000000000000     

Outgoing solution amplitude =   -0.5762818539041582033277677510341164       -0.5762812698594992344425236296956427     
Incoming solution amplitude =    0.5762818539041582033277677510341164       -0.5762812698594992344425236296956427     


Final bound-state solution
     Stop at point = 68 =     5.806090924529116570340647740522400     
             Zeta1 =     2.040108261501194952813875715946779         0.000000000000000000000000000000000     
            Energy =   -0.5009089999999858378032513428479433        -0.000000000000000000000000000000000     
 Wavefunction tail =    0.1772816487976566670621716153178216E-008    0.000000000000000000000000000000000     

Outgoing solution amplitude =   -0.5762818899284711804398284584749490       -0.5762813058839174606973188019765075     
Incoming solution amplitude =    0.5762818899284711804398284584749490       -0.5762813058839174606973188019765075     


Final bound-state solution
     Stop at point = 68 =     5.806090924529116570340647740522400     
             Zeta1 =     2.040108261501249575786687273648567         0.000000000000000000000000000000000     
            Energy =   -0.5009090000000142595126817468553782        -0.000000000000000000000000000000000     
 Wavefunction tail =    0.2646841539468238430449645515662657E-008    0.000000000000000000000000000000000     

Outgoing solution amplitude =   -0.5762818168641866689583252991724294       -0.5762812328194223399080442504782695     
Incoming solution amplitude =    0.5762818168641866689583252991724294       -0.5762812328194223399080442504782695     


Final bound-state solution
     Stop at point = 68 =     5.806090924529116570340647740522400     
             Zeta1 =     2.040108261501221598166466719703749       -0.2737337499316888660673867295676023E-013
            Energy =   -0.5009090000000000486579665448516607        0.1421085471520200371742248535156250E-013
 Wavefunction tail =    0.3763105385538504776159555705126319E-008   0.3457671262656547357518999135318571E-021

Outgoing solution amplitude =   -0.5762818173867483295680358423851430       -0.5762813063768023047472865982854273     
Incoming solution amplitude =    0.5762818904215681881098021221987437       -0.5762812333421953869816434234962799     


Final bound-state solution
     Stop at point = 68 =     5.806090924529116570340647740522400     
             Zeta1 =     2.040108261501221598166466719703749        0.2737337499316888660673867295676023E-013
            Energy =   -0.5009090000000000486579665448516607       -0.1421085471520200371742248535156250E-013
 Wavefunction tail =    0.3763105385538504776159555705126319E-008  -0.3457671262656547357518999135318571E-021

Outgoing solution amplitude =   -0.5762818904215681881098021221987437       -0.5762812333421953869816434234962799     
Incoming solution amplitude =    0.5762818173867483295680358423851430       -0.5762813063768023047472865982854273     


Final bound-state solution
     Stop at point = 65 =     5.674615217055269056345423450693488     
             Zeta1 =     2.040108693305827891606440971372649        0.8414943591699654069061198665354240E-012
            Energy =   -0.5009092241708600345972968170826789       -0.4368608726154572754555921694433972E-012
 Wavefunction tail =    0.3973153443509625281677169429325747E-009  -0.9112189875831168549490823106540236E-019

Outgoing solution amplitude =   -0.2290774968200751267582288006607882E-003  -0.2254071041765554083736999846365734E-003
Incoming solution amplitude =    0.2268322579128076194477509064384435E-003  -0.2276523430813053982396665375631528E-003

WARNING: Wronskian deviates from the exact solution [2*I*sqrt(efield)] by  0.595331E-015
WARNING: Incoming and outgoing amplitudes are inaccurate

Final bound-state solution
     Stop at point = 65 =     5.674615217055269056345423450693488     
             Zeta1 =     2.040108693305827891606440971372649        0.8414943591699654069061198665354240E-012
            Energy =   -0.5009092241708600345972968170826789       -0.4368608726154572754555921694433972E-012
 Wavefunction tail =    0.3973153443509625281677169429325747E-009  -0.9112189875831168549490823106540236E-019

Outgoing solution amplitude =   -0.2290774968200751267582288006607882E-003  -0.2254071041765554083736999846365734E-003
Incoming solution amplitude =    0.2268322579128076194477509064384435E-003  -0.2276523430813053982396665375631528E-003

WARNING: Wronskian deviates from the exact solution [2*I*sqrt(efield)] by  0.595331E-015
WARNING: Incoming and outgoing amplitudes are inaccurate

Final bound-state solution
     Stop at point = 65 =     5.674615217055269056345423450693488     
             Zeta1 =     2.040108693305827891606440971372649        0.8414943591699654069061198665354240E-012
            Energy =   -0.5009092241708600345972968170826789       -0.4368608726154572754555921694433972E-012
 Wavefunction tail =    0.3973153443509625281677169429325747E-009  -0.9112189875831168549490823106540236E-019

Outgoing solution amplitude =   -0.2290774968200751267582288006607882E-003  -0.2254071041765554083736999846365734E-003
Incoming solution amplitude =    0.2268322579128076194477509064384435E-003  -0.2276523430813053982396665375631528E-003

WARNING: Wronskian deviates from the exact solution [2*I*sqrt(efield)] by  0.595331E-015
WARNING: Incoming and outgoing amplitudes are inaccurate

Final bound-state solution
     Stop at point = 68 =     5.806090924529116570340647740522400     
             Zeta1 =     2.040108693305791920380443116300739        0.8414943591699635893705942373242243E-012
            Energy =   -0.5009092241708458237425816150789615       -0.4368608726154572754555921694433972E-012
 Wavefunction tail =    0.3011919057404210485693867518247092E-008  -0.1473224292699681568407333830260429E-019

Outgoing solution amplitude =   -0.2291194329564502456513669370608000E-003  -0.2254490403129796958353603386626673E-003
Incoming solution amplitude =    0.2268741940491859096322435629389247E-003  -0.2276942792177264873049180593511664E-003


Final bound-state solution
     Stop at point = 67 =     5.762598994361079363102362549398094     
             Zeta1 =     2.040108693305848319710094074252993        0.8414943591699421828410701599478727E-012
            Energy =   -0.5009092241708742454520120190863963       -0.4368608726154572754555921694433972E-012
 Wavefunction tail =    0.1067782555122319038981098282309508E-008  -0.3823534565707449931326384759556826E-019

Outgoing solution amplitude =   -0.2290454626846357625950811875981117E-003  -0.2253750700410760642554419685978928E-003
Incoming solution amplitude =    0.2268002237773654092539005189266277E-003  -0.2276203089458299030391208450652130E-003


Final bound-state solution
     Stop at point = 65 =     5.674615217055269056345423450693488     
             Zeta1 =     2.040108693305827891606440971372649        0.8141209896799629470292826507236245E-012
            Energy =   -0.5009092241708600345972968170826789       -0.4226500179002552717381696840918347E-012
 Wavefunction tail =    0.3973153443509625281677169429325747E-009  -0.8550552283186477268584044329641897E-019

Outgoing solution amplitude =   -0.2290409785989293105484126966686631E-003  -0.2254436223976592117493322753318807E-003
Incoming solution amplitude =    0.2268687761339527851362635191279082E-003  -0.2276158248602003751365902006753572E-003


Final bound-state solution
     Stop at point = 65 =     5.674615217055269056345423450693488     
             Zeta1 =     2.040108693305827891606440971372649        0.8688677286599590820279165411597584E-012
            Energy =   -0.5009092241708600345972968170826789       -0.4510717273306592791730146547949597E-012
 Wavefunction tail =    0.3973153443509625281677169429325747E-009  -0.8960581780050968254234929028299160E-019

Outgoing solution amplitude =   -0.2291140150412227047965751935976186E-003  -0.2253705859554514965778504453908226E-003
Incoming solution amplitude =    0.2267957396916638361170082127671321E-003  -0.2276888613024115326499696720929933E-003


Final bound-state solution
     Stop at point = 70 =     5.892111771858666635637291619786993     
             Zeta1 =     2.040108693474004031287449834053405        0.5341342627043054362961793492360627E-012
            Energy =   -0.5009092242581736353912447157199495       -0.2772952160336011759129465052193187E-012
 Wavefunction tail =    0.6743182366104014350137930598142605E-008   0.1746046813507091792213697869117506E-019

Outgoing solution amplitude =   -0.4300542728330606849333501290333359E-005  -0.1450234882447196349498572121028417E-005
Incoming solution amplitude =    0.2875388743960684401050099945340577E-005  -0.2875388866839394070228867056338018E-005


Final bound-state solution
     Stop at point = 70 =     5.892111771858666635637291619786993     
             Zeta1 =     2.040108693474004031287449834053405        0.5341342627043054362961793492360627E-012
            Energy =   -0.5009092242581736353912447157199495       -0.2772952160336011759129465052193187E-012
 Wavefunction tail =    0.6743182366104014350137930598142605E-008   0.1746046813507091792213697869117506E-019

Outgoing solution amplitude =   -0.4300542728330606849333501290333359E-005  -0.1450234882447196349498572121028417E-005
Incoming solution amplitude =    0.2875388743960684401050099945340577E-005  -0.2875388866839394070228867056338018E-005


Final bound-state solution
     Stop at point = 70 =     5.892111771858666635637291619786993     
             Zeta1 =     2.040108693474004031287449834053405        0.5341342627043054362961793492360627E-012
            Energy =   -0.5009092242581736353912447157199495       -0.2772952160336011759129465052193187E-012
 Wavefunction tail =    0.6743182366104014350137930598142605E-008   0.1746046813507091792213697869117506E-019

Outgoing solution amplitude =   -0.4300542728330606849333501290333359E-005  -0.1450234882447196349498572121028417E-005
Incoming solution amplitude =    0.2875388743960684401050099945340577E-005  -0.2875388866839394070228867056338018E-005


Final bound-state solution
     Stop at point = 68 =     5.806090924529116570340647740522400     
             Zeta1 =     2.040108693473977830024068680359051        0.5341342627043133122834570758179279E-012
            Energy =   -0.5009092242581594245365295137162320       -0.2772952160336011759129465052193187E-012
 Wavefunction tail =    0.2852051145503579618907395487647019E-008  -0.1074940115085242724855902457046479E-019

Outgoing solution amplitude =   -0.4336398379424915608371885605842877E-005  -0.1486090533543052002456879602532158E-005
Incoming solution amplitude =    0.2911244395056981146415690103745888E-005  -0.2911244517933002333019872065467126E-005


Final bound-state solution
     Stop at point = 67 =     5.762598994361079363102362549398094     
             Zeta1 =     2.040108693474035117532139338436536        0.5341342627042988729734479104178416E-012
            Energy =   -0.5009092242581878462459599177236669       -0.2772952160336011759129465052193187E-012
 Wavefunction tail =   -0.9636878654315052912237268606301249E-010  -0.2756173027552559816651058303978106E-019

Outgoing solution amplitude =   -0.4261587763821548866915566583513097E-005  -0.1411279917936521169426092141285789E-005
Incoming solution amplitude =    0.2836433779449541447032498778235698E-005  -0.2836433902331064112629097420659186E-005


Final bound-state solution
     Stop at point = 70 =     5.892111771858666635637291619786993     
             Zeta1 =     2.040108693474004031287449834053405        0.5067608932164501926944813098776495E-012
            Energy =   -0.5009092242581736353912447157199495       -0.2630843613183991721955240198677562E-012
 Wavefunction tail =    0.6743182366104014350137930598142605E-008   0.1638559576912184263304716289277593E-019

Outgoing solution amplitude =   -0.4264024506868329813060770894228568E-005  -0.1486753103908667010405516423210415E-005
Incoming solution amplitude =    0.2911906965421454989226138568292335E-005  -0.2838870645376671494625880898254877E-005


Final bound-state solution
     Stop at point = 70 =     5.892111771858666635637291619786993     
             Zeta1 =     2.040108693474004031287449834053405        0.5615076321921612857430525983315424E-012
            Energy =   -0.5009092242581736353912447157199495       -0.2915060707488031796303689905708812E-012
 Wavefunction tail =    0.6743182366104014350137930598142605E-008   0.1616066258125195702286779504816651E-019

Outgoing solution amplitude =   -0.4337060949792861015716655820328995E-005  -0.1413716660985700489361447003411332E-005
Incoming solution amplitude =    0.2838870522499896872215116236382038E-005  -0.2911907088302092081876382839711326E-005


Final bound-state solution
     Stop at point = 68 =     5.806090924529116570340647740522400     
             Zeta1 =     2.040108693476109902320558830979280        0.5341342165707522652007948869523970E-012
            Energy =   -0.5009092242592660948474758697557263       -0.2772951920836889252234222300550346E-012
 Wavefunction tail =    0.1805229271092297618430721472810967E-008  -0.1406587544360954502618867096858551E-019

Outgoing solution amplitude =   -0.1492098781447860834692463807837903E-005   0.1358208941445949830640954267280129E-005
Incoming solution amplitude =    0.6694492001381958991905284225495953E-007  -0.6694492003063093075589475890174729E-007

WARNING: Wronskian deviates from the exact solution [2*I*sqrt(efield)] by  0.567507E-015
WARNING: Incoming and outgoing amplitudes are inaccurate

Final bound-state solution
     Stop at point = 68 =     5.806090924529116570340647740522400     
             Zeta1 =     2.040108693476109902320558830979280        0.5341342165707522652007948869523970E-012
            Energy =   -0.5009092242592660948474758697557263       -0.2772951920836889252234222300550346E-012
 Wavefunction tail =    0.1805229271092297618430721472810967E-008  -0.1406587544360954502618867096858551E-019

Outgoing solution amplitude =   -0.1492098781447860834692463807837903E-005   0.1358208941445949830640954267280129E-005
Incoming solution amplitude =    0.6694492001381958991905284225495953E-007  -0.6694492003063093075589475890174729E-007

WARNING: Wronskian deviates from the exact solution [2*I*sqrt(efield)] by  0.567507E-015
WARNING: Incoming and outgoing amplitudes are inaccurate

Final bound-state solution
     Stop at point = 68 =     5.806090924529116570340647740522400     
             Zeta1 =     2.040108693476109902320558830979280        0.5341342165707522652007948869523970E-012
            Energy =   -0.5009092242592660948474758697557263       -0.2772951920836889252234222300550346E-012
 Wavefunction tail =    0.1805229271092297618430721472810967E-008  -0.1406587544360954502618867096858551E-019

Outgoing solution amplitude =   -0.1492098781447860834692463807837903E-005   0.1358208941445949830640954267280129E-005
Incoming solution amplitude =    0.6694492001381958991905284225495953E-007  -0.6694492003063093075589475890174729E-007

WARNING: Wronskian deviates from the exact solution [2*I*sqrt(efield)] by  0.567507E-015
WARNING: Incoming and outgoing amplitudes are inaccurate

Final bound-state solution
     Stop at point = 68 =     5.806090924529116570340647740522400     
             Zeta1 =     2.040108693476082368789548127097078        0.5341342165707590304719180623496402E-012
            Energy =   -0.5009092242592518839927606677520089       -0.2772951920836889252234222300550346E-012
 Wavefunction tail =    0.3142673784905768072782498244303363E-008  -0.9089390555478212808768896609431477E-020

Outgoing solution amplitude =   -0.1528719668556904528943451125611031E-005   0.1321588054335851368612398532009777E-005
Incoming solution amplitude =    0.1035658071248726051396049706136704E-006  -0.1035658071384595827138253845353666E-006


Final bound-state solution
     Stop at point = 69 =     5.849259481164040153089445084333420     
             Zeta1 =     2.040108693476136547673149834736250        0.5341342165707441872651254237915096E-012
            Energy =   -0.5009092242592803057021910717594437       -0.2772951920836889252234222300550346E-012
 Wavefunction tail =    0.2764473585355574974063714292120755E-008  -0.1217106731909682361983364476299719E-020

Outgoing solution amplitude =   -0.1456055189201793630262649417717036E-005   0.1394252533693041309662235920086015E-005
Incoming solution amplitude =    0.3090132776576163307006423191375388E-007  -0.3090132778578811245133645992100302E-007


Final bound-state solution
     Stop at point = 68 =     5.806090924529116570340647740522400     
             Zeta1 =     2.040108693476109902320558830979280        0.5067608470829236787868060760249123E-012
            Energy =   -0.5009092242592660948474758697557263       -0.2630843373684869215059997447034721E-012
 Wavefunction tail =    0.1805229271092297618430721472810967E-008  -0.1327680895507359059921945906582703E-019

Outgoing solution amplitude =   -0.1455580559981624131149556371223053E-005   0.1321690719980011282695480344384631E-005
Incoming solution amplitude =    0.1034631414785371266361698903632482E-006  -0.3042669856343142206720010019445344E-007


Final bound-state solution
     Stop at point = 68 =     5.806090924529116570340647740522400     
             Zeta1 =     2.040108693476109902320558830979280        0.5615075860585807506405878295903706E-012
            Energy =   -0.5009092242592660948474758697557263       -0.2915060467988909289408447154065971E-012
 Wavefunction tail =    0.1805229271092297618430721472810967E-008  -0.1471820486576805462196769861465407E-019

Outgoing solution amplitude =   -0.1528617002914063445159244258864106E-005   0.1394727162911927342102001887991225E-005
Incoming solution amplitude =    0.3042669854906654399260011777464396E-007  -0.1034631414977865326976751029000590E-006


Final bound-state solution
     Stop at point = 67 =     5.762598994361079363102362549398094     
             Zeta1 =     2.040108693476162304847321138367988        0.5341342165622175222692235843167975E-012
            Energy =   -0.5009092242592922961108570234500803       -0.2772951920792635796282006397971303E-012
 Wavefunction tail =    0.3803684567036585471188191317180871E-009  -0.2992856884885571737995085377422264E-019

Outgoing solution amplitude =   -0.1423595297946173497108304090152942E-005   0.1426712424926847168051230810292829E-005
Incoming solution amplitude =   -0.1558563468852345622218932827732739E-008   0.1558563468774202283341354579801474E-008


Final bound-state solution
     Stop at point = 67 =     5.762598994361079363102362549398094     
             Zeta1 =     2.040108693476162304847321138367988        0.5341342165622175222692235843167975E-012
            Energy =   -0.5009092242592922961108570234500803       -0.2772951920792635796282006397971303E-012
 Wavefunction tail =    0.3803684567036585471188191317180871E-009  -0.2992856884885571737995085377422264E-019

Outgoing solution amplitude =   -0.1423595297946173497108304090152942E-005   0.1426712424926847168051230810292829E-005
Incoming solution amplitude =   -0.1558563468852345622218932827732739E-008   0.1558563468774202283341354579801474E-008


Final bound-state solution
     Stop at point = 67 =     5.762598994361079363102362549398094     
             Zeta1 =     2.040108693476162304847321138367988        0.5341342165622175222692235843167975E-012
            Energy =   -0.5009092242592922961108570234500803       -0.2772951920792635796282006397971303E-012
 Wavefunction tail =    0.3803684567036585471188191317180871E-009  -0.2992856884885571737995085377422264E-019

Outgoing solution amplitude =   -0.1423595297946173497108304090152942E-005   0.1426712424926847168051230810292829E-005
Incoming solution amplitude =   -0.1558563468852345622218932827732739E-008   0.1558563468774202283341354579801474E-008


Final bound-state solution
     Stop at point = 67 =     5.762598994361079363102362549398094     
             Zeta1 =     2.040108693476134771316310434485786        0.5341342165622212583144707110287079E-012
            Energy =   -0.5009092242592780852561418214463629       -0.2772951920792635796282006397971303E-012
 Wavefunction tail =    0.1034174243943769504307739014572001E-008  -0.2293762250136559004085873284628295E-019

Outgoing solution amplitude =   -0.1460210349571291925518533479089189E-005   0.1390097373300685195049984123338849E-005
Incoming solution amplitude =    0.3505648815826739458129422200363678E-007  -0.3505648815510219127608251181785204E-007


Final bound-state solution
     Stop at point = 70 =     5.892111771858666635637291619786993     
             Zeta1 =     2.040108693476186285664653041749261        0.5341342165622134833013888527363538E-012
            Energy =   -0.5009092242593065069655722254537977       -0.2772951920792635796282006397971303E-012
 Wavefunction tail =    0.5694997219640386850682739944317159E-008  -0.8416058420749096665142300796533147E-020

Outgoing solution amplitude =   -0.1389290949067305737266251469685940E-005   0.1461016773806685415892600045373317E-005
Incoming solution amplitude =   -0.3586291234967507942682071113253695E-007   0.3586291234643061898403662004705672E-007


Final bound-state solution
     Stop at point = 67 =     5.762598994361079363102362549398094     
             Zeta1 =     2.040108693476162304847321138367988        0.5067608470743856037067711198354467E-012
            Energy =   -0.5009092242592922961108570234500803       -0.2630843373640615759107781544455678E-012
 Wavefunction tail =    0.3803684567036585471188191317180871E-009  -0.2250655185388037076781300541822849E-019

Outgoing solution amplitude =   -0.1387077076479809738623308508487231E-005   0.1390194203460831540107556746066475E-005
Incoming solution amplitude =    0.3495965799593518835910327131194508E-007   0.3807678493611402065625970805341771E-007


Final bound-state solution
     Stop at point = 67 =     5.762598994361079363102362549398094     
             Zeta1 =     2.040108693476162304847321138367988        0.5615075860500420697153776636638385E-012
            Energy =   -0.5009092242592922961108570234500803       -0.2915060467944655833456231251486928E-012
 Wavefunction tail =    0.3803684567036585471188191317180871E-009  -0.2620231787308025873661213665483074E-019

Outgoing solution amplitude =   -0.1460113519412472245814597904267629E-005   0.1463230646392928017531843455645291E-005
Incoming solution amplitude =   -0.3807678493369419310974198131757029E-007  -0.3495965799849386313452169906118572E-007


Final bound-state solution
     Stop at point = 70 =     5.892111771858666635637291619786993     
             Zeta1 =     2.040108693476157419866012787679210        0.5341342165622408473084691591938599E-012
            Energy =   -0.5009092242592916299770422483561561       -0.2772951920792757975059007028279725E-012
 Wavefunction tail =    0.6719245320789262416964692875781875E-008   0.8086198843811927220232527329566716E-020

Outgoing solution amplitude =   -0.1427542155649084965911483659228853E-005   0.1422765567223887841886531373247760E-005
Incoming solution amplitude =    0.2388294234150347140454821799246919E-008  -0.2388294234057700430307045040578297E-008


Final bound-state solution
     Stop at point = 64 =     5.630107743866645364505529869347811     
             Zeta1 =     2.040108693476175183434406790183857        0.5341342165622208544176872378706636E-012
            Energy =   -0.5009092242592920740662520984187722       -0.2772951920792672651863498323642852E-012
 Wavefunction tail =    0.8332821559242912291600828284931363E-009  -0.6821437078157407421545980460606516E-019

Outgoing solution amplitude =   -0.1415545324508551512239745533150437E-005   0.1434762398364722839287492030246884E-005
Incoming solution amplitude =   -0.9608536906712765715936206334032987E-008   0.9608536906361746659915653722035256E-008


Final bound-state solution
     Stop at point = 67 =     5.762598994361079363102362549398094     
             Zeta1 =     2.040108693476162304847321138367988        0.5341342165622136852497805893153760E-012
            Energy =   -0.5009092242592922961108570234500803       -0.2772951920792639330378861788104192E-012
 Wavefunction tail =    0.3803684567036585471188191317180871E-009  -0.2314849047856494956654274060258695E-019

Outgoing solution amplitude =   -0.1423595297946171803042409581552263E-005   0.1426712424926845262227099488117066E-005
Incoming solution amplitude =   -0.1558563468850286562879135203593065E-008   0.1558563468776073986272408943172790E-008


Final bound-state solution
     Stop at point = 67 =     5.762598994361079363102362549398094     
             Zeta1 =     2.040108693476162304847321138367988        0.5341342165622126755078219064202651E-012
            Energy =   -0.5009092242592922961108570234500803       -0.2772951920792637815765923763761525E-012
 Wavefunction tail =    0.3803684567036585471188191317180871E-009  -0.2209046063689279641326400219572239E-019

Outgoing solution amplitude =   -0.1423595297946171379525935954402094E-005   0.1426712424926843779919441793091472E-005
Incoming solution amplitude =   -0.1558563468849725114038364836058746E-008   0.1558563468777571183181129923264307E-008


Final bound-state solution
     Stop at point = 67 =     5.762598994361079363102362549398094     
             Zeta1 =     2.040108693476162304847321138367988        0.5341342165622173203208318477377753E-012
            Energy =   -0.5009092242592922961108570234500803       -0.2772951920792636806023965080866414E-012
 Wavefunction tail =    0.3803684567036585471188191317180871E-009  -0.2932929127421816430961269207697058E-019

Outgoing solution amplitude =   -0.1423595297946173497108304090152942E-005   0.1426712424926847168051230810292829E-005
Incoming solution amplitude =   -0.1558563468852345622218932827732739E-008   0.1558563468774202283341354579801474E-008


Final bound-state solution
     Stop at point = 67 =     5.762598994361079363102362549398094     
             Zeta1 =     2.040108693476162304847321138367988        0.5341342165622167144756566380007088E-012
            Energy =   -0.5009092242592922961108570234500803       -0.2772951920792636301152985739418859E-012
 Wavefunction tail =    0.3803684567036585471188191317180871E-009  -0.2856809704443921162762098284483930E-019

Outgoing solution amplitude =   -0.1423595297946173073591830463002772E-005   0.1426712424926846532776520369567574E-005
Incoming solution amplitude =   -0.1558563468851596816969419199430062E-008   0.1558563468774670053977753316951614E-008

Unable to improve the solution along linear search direction.
Optimization converged after 5 iterations. Final residue =      0.24291201E-017
Optimization of outgoing solution converged.

Final bound-state solution
     Stop at point = 67 =     5.762598994361079363102362549398094     
             Zeta1 =     2.040108693476162304847321138367988        0.5341342165622175222692235843167975E-012
            Energy =   -0.5009092242592922961108570234500803       -0.2772951920792635796282006397971303E-012
 Wavefunction tail =    0.3803684567036585471188191317180871E-009  -0.2992856884885571737995085377422264E-019

Outgoing solution amplitude =   -0.1423595297946173497108304090152942E-005   0.1426712424926847168051230810292829E-005
Incoming solution amplitude =   -0.1558563468852345622218932827732739E-008   0.1558563468774202283341354579801474E-008


Outgoing solution is at the energy =   -0.5009092242592922961108570234500803       -0.2772951920792635796282006397971303E-012
                Outgoing amplitude =   -0.1423595297946173497108304090152942E-005   0.1426712424926847168051230810292829E-005
                Incoming amplitude =   -0.1558563468852345622218932827732739E-008   0.1558563468774202283341354579801474E-008


              Timing data at 2022/08/26 17:59:53

                                                       Total time (seconds)           Self time (seconds)
 Timer                                   Calls         --------------------           -------------------
 -----                                   -----           Real           CPU            Real           CPU

 start                                      1.            0.9          45.0             0.0           0.0
 Outgoing solution                          1.            0.9          45.0             0.0           0.2
 Bound direction                           40.            0.9          44.2             0.9          44.2
 Continuum direction                       40.            0.0           0.6             0.0           0.6

