Version: Plain vanilla, built on balrog at Fri Aug 26 05:57:34 PM CEST 2022

Compiler: GCC version 12.1.1 20220721 [revision 4f15d2234608e82159d030dadb17af678cfad626]
Build flags: -cpp -I . -D_REENTRANT -D __BUILD_ID__="Plain vanilla, built on balrog at Fri Aug 26 05:57:34 PM CEST 2022" -mtune=generic -march=x86-64 -O -fopenmp -fpre-include=/usr/include/finclude/math-vector-fortran.h

  Integer kind = 4 (9 decimals)
     Real kind = 16 (33 decimals)
Aux. real kind = 16 (33 decimals)


    $Id: $
    $Id: accuracy.f90,v 1.45 2021/04/26 15:44:44 ps Exp $
    $Id: constants.f90,v 1.7 2021/04/26 15:44:44 ps Exp $
    $Id: $
    $Id: $
    $Id: $
    $Id: find_root.f90,v 1.15 2021/08/10 13:17:38 ps Exp ps $
    $Id: lapack.f90,v 1.10 2021/04/26 15:44:44 ps Exp $
    $Id: math.f90,v 1.13 2022/02/19 18:54:26 ps Exp $
    $Id: $
    $Id: sort_tools.f90,v 1.3 2021/04/26 15:44:44 ps Exp $
    $Id: timer.f90,v 1.5 2021/04/26 15:44:44 ps Exp $
    $Id: $
    $Id: $
    $Id: $
    $Id: $
    $Id: $
    $Id: $
    $Id: $
    $Id: $
    $Id: $
 ===== begin simulation parameters ===== 
&HT_V2
 VERBOSE=1          ,
 OMP_NUM_THREADS=0          ,
 COMMENT="Search for the resonance position (outgoing boundary), F=0.100, M=0, NB=0, NC=0                                                                                                                                                                                ",
 TASK="outgoing                                                                                                                                                                                                                                                       ",
 MVAL=0          ,
 EFIELD=  1.00000000000000000000000000000000005E-0001,
 ZNUC=  1.00000000000000000000000000000000000      ,
 ENERGY_SINGLE=(-0.500000000000000000000000000000000000,0.00000000000000000000000000000000000),
 ENERGY_GUESS=(-0.527306000000000000000000000000000011,-7.257500000000000000000000000000000180E-0003),
 ZETA_GUESS=(2.00000000000000000000000000000000000,0.00000000000000000000000000000000000),
 ZETA_TOL= -1.00000000000000000000000000000000000      ,
 ENERGY_TOL= -1.00000000000000000000000000000000000      ,
 XI2_MAX=  60.0000000000000000000000000000000000      ,
 XI_NPTS=120        ,
 XI_MAXORDER=60         ,
 ETA2_MAX=  120.000000000000000000000000000000000      ,
 ETA_NPTS=240        ,
 ETA_MAXORDER=60         ,
 ASYMP_ORDER=200        ,
 FILE_BOUND="h000-0_100-quad-b.table                                                                                                                                                                                                                                        ",
 FILE_CONTINUUM="h000-0_100-quad-c.table                                                                                                                                                                                                                                        ",
 /
 ====== end simulation parameters ====== 

Search for the resonance position (outgoing boundary), F=0.100, M=0, NB=0, NC=0


Final bound-state solution
     Stop at point = 90 =     6.698802100363312925230112964214881     
             Zeta1 =     2.215469142306574310525005396788906        0.1233838570840183372315890867031083E-001
            Energy =   -0.5273060000000000000000000000000000       -0.7257500000000000000000000000000000E-002
 Wavefunction tail =   -0.2771897360133669247000216271981616E-018  -0.3971600909757521949646325180923456E-018

Outgoing solution amplitude =   -0.1640410030353624795421694011754089        0.1952996160482347987299540259579187     
Incoming solution amplitude =    0.1719205021066037027947728210122489E-002  -0.8255541663206141997304145089785224E-003


Final bound-state solution
     Stop at point = 91 =     6.736330697086077712320546095586427     
             Zeta1 =     2.215469142306574310525005396788882        0.1233838570840183372315890867031092E-001
            Energy =   -0.5273059999999999999999999999999877       -0.7257500000000000000000000000000000E-002
 Wavefunction tail =    0.1279544915907762067765846891389683E-017  -0.9129401477932329337734948621323100E-019

Outgoing solution amplitude =   -0.1640410030353624795421694011755685        0.1952996160482347987299540259577452     
Incoming solution amplitude =    0.1719205021066037027947728210307339E-002  -0.8255541663206141997304145090934390E-003


Final bound-state solution
     Stop at point = 91 =     6.736330697086077712320546095586427     
             Zeta1 =     2.215469142306574310525005396788924        0.1233838570840183372315890867031072E-001
            Energy =   -0.5273060000000000000000000000000123       -0.7257500000000000000000000000000000E-002
 Wavefunction tail =    0.9009809789568649622651083167887220E-018  -0.1229641648128814851273401326156615E-018

Outgoing solution amplitude =   -0.1640410030353624795421694011752612        0.1952996160482347987299540259580782     
Incoming solution amplitude =    0.1719205021066037027947728209952673E-002  -0.8255541663206141997304145088757100E-003


Final bound-state solution
     Stop at point = 91 =     6.736330697086077712320546095586427     
             Zeta1 =     2.215469142306574310525005396788903        0.1233838570840183372315890867028986E-001
            Energy =   -0.5273060000000000000000000000000000       -0.7257499999999999999999999999987674E-002
 Wavefunction tail =    0.1336964022053202651335450260784232E-017  -0.8466654875803452610773109531525192E-019

Outgoing solution amplitude =   -0.1640410030353624795421694011752503        0.1952996160482347987299540259577575     
Incoming solution amplitude =    0.1719205021066037027947728210239138E-002  -0.8255541663206141997304145088070037E-003


Final bound-state solution
     Stop at point = 92 =     6.773651374345779731895877942083255     
             Zeta1 =     2.215469142306574310525005396788902        0.1233838570840183372315890867033177E-001
            Energy =   -0.5273060000000000000000000000000000       -0.7257500000000000000000000000012326E-002
 Wavefunction tail =    0.3966568769246220468095158798667895E-017   0.2497313797541204427763708069567341E-018

Outgoing solution amplitude =   -0.1640410030353624795421694011755848        0.1952996160482347987299540259580608     
Incoming solution amplitude =    0.1719205021066037027947728210024253E-002  -0.8255541663206141997304145091640677E-003


Final bound-state solution
     Stop at point = 91 =     6.736330697086077712320546095586427     
             Zeta1 =     2.215660443970079882377510000503361        0.1235718146842724159043993181756438E-001
            Energy =   -0.5274184761829644492355567353839698       -0.7269088532187548841299540078715845E-002
 Wavefunction tail =    0.2475771505494070141878704754565833E-017   0.1686140398447507588888488130600325E-019

Outgoing solution amplitude =   -0.1627980392577683234775545221085196        0.1969608686126009253129641044876463     
Incoming solution amplitude =   -0.4626841605296362133635098125699968E-005   0.2205429406966425571901658684677866E-005


Final bound-state solution
     Stop at point = 91 =     6.736330697086077712320546095586427     
             Zeta1 =     2.215660443970079882377510000503361        0.1235718146842724159043993181756438E-001
            Energy =   -0.5274184761829644492355567353839698       -0.7269088532187548841299540078715845E-002
 Wavefunction tail =    0.2475771505494070141878704754565833E-017   0.1686140398447507588888488130600325E-019

Outgoing solution amplitude =   -0.1627980392577683234775545221085196        0.1969608686126009253129641044876463     
Incoming solution amplitude =   -0.4626841605296362133635098125699968E-005   0.2205429406966425571901658684677866E-005


Final bound-state solution
     Stop at point = 91 =     6.736330697086077712320546095586427     
             Zeta1 =     2.215660443970079882377510000503361        0.1235718146842724159043993181756438E-001
            Energy =   -0.5274184761829644492355567353839698       -0.7269088532187548841299540078715845E-002
 Wavefunction tail =    0.2475771505494070141878704754565833E-017   0.1686140398447507588888488130600325E-019

Outgoing solution amplitude =   -0.1627980392577683234775545221085196        0.1969608686126009253129641044876463     
Incoming solution amplitude =   -0.4626841605296362133635098125699968E-005   0.2205429406966425571901658684677866E-005


Final bound-state solution
     Stop at point = 90 =     6.698802100363312925230112964214881     
             Zeta1 =     2.215660443970079882377510000503342        0.1235718146842724159043993181756445E-001
            Energy =   -0.5274184761829644492355567353839575       -0.7269088532187548841299540078715845E-002
 Wavefunction tail =    0.1520833638088366057603670879814326E-017  -0.2036207826878922650465304857127989E-018

Outgoing solution amplitude =   -0.1627980392577683234775545221086690        0.1969608686126009253129641044874845     
Incoming solution amplitude =   -0.4626841605296362133635097951469086E-005   0.2205429406966425571901658577982981E-005


Final bound-state solution
     Stop at point = 91 =     6.736330697086077712320546095586427     
             Zeta1 =     2.215660443970079882377510000503383        0.1235718146842724159043993181756428E-001
            Energy =   -0.5274184761829644492355567353839822       -0.7269088532187548841299540078715845E-002
 Wavefunction tail =    0.1565480090131807483407478748703468E-017  -0.6398275023028617519317943919871838E-019

Outgoing solution amplitude =   -0.1627980392577683234775545221083655        0.1969608686126009253129641044878140     
Incoming solution amplitude =   -0.4626841605296362133635098305060047E-005   0.2205429406966425571901658794494043E-005


Final bound-state solution
     Stop at point = 90 =     6.698802100363312925230112964214881     
             Zeta1 =     2.215660443970079882377510000503363        0.1235718146842724159043993181754343E-001
            Energy =   -0.5274184761829644492355567353839698       -0.7269088532187548841299540078703520E-002
 Wavefunction tail =    0.1066639290807785008380115472907211E-017  -0.2724984378109284423937352336833968E-018

Outgoing solution amplitude =   -0.1627980392577683234775545221083493        0.1969608686126009253129641044874976     
Incoming solution amplitude =   -0.4626841605296362133635098021412665E-005   0.2205429406966425571901658865693752E-005


Final bound-state solution
     Stop at point = 91 =     6.736330697086077712320546095586427     
             Zeta1 =     2.215660443970079882377510000503362        0.1235718146842724159043993181758534E-001
            Energy =   -0.5274184761829644492355567353839698       -0.7269088532187548841299540078728171E-002
 Wavefunction tail =    0.9757923868929426172819741738838695E-018  -0.1161248112933047082428419856119454E-018

Outgoing solution amplitude =   -0.1627980392577683234775545221086844        0.1969608686126009253129641044878019     
Incoming solution amplitude =   -0.4626841605296362133635098236163242E-005   0.2205429406966425571901658508077467E-005


Final bound-state solution
     Stop at point = 90 =     6.698802100363312925230112964214881     
             Zeta1 =     2.215659928019113986337853522710102        0.1235713013118740008298198955927593E-001
            Energy =   -0.5274181728194069968399614235490869       -0.7269056896230278110473643140394486E-002
 Wavefunction tail =    0.5760289521838124339988060870735255E-018  -0.3173537116538328652763817345590051E-018

Outgoing solution amplitude =   -0.1628013911300814867148211571780839        0.1969563791793382750156794418087725     
Incoming solution amplitude =    0.3178232912555360910285511682814518E-007  -0.2209003389653293029908629172633539E-007


Final bound-state solution
     Stop at point = 90 =     6.698802100363312925230112964214881     
             Zeta1 =     2.215659928019113986337853522710102        0.1235713013118740008298198955927593E-001
            Energy =   -0.5274181728194069968399614235490869       -0.7269056896230278110473643140394486E-002
 Wavefunction tail =    0.5760289521838124339988060870735255E-018  -0.3173537116538328652763817345590051E-018

Outgoing solution amplitude =   -0.1628013911300814867148211571780839        0.1969563791793382750156794418087725     
Incoming solution amplitude =    0.3178232912555360910285511682814518E-007  -0.2209003389653293029908629172633539E-007


Final bound-state solution
     Stop at point = 90 =     6.698802100363312925230112964214881     
             Zeta1 =     2.215659928019113986337853522710102        0.1235713013118740008298198955927593E-001
            Energy =   -0.5274181728194069968399614235490869       -0.7269056896230278110473643140394486E-002
 Wavefunction tail =    0.5760289521838124339988060870735255E-018  -0.3173537116538328652763817345590051E-018

Outgoing solution amplitude =   -0.1628013911300814867148211571780839        0.1969563791793382750156794418087725     
Incoming solution amplitude =    0.3178232912555360910285511682814518E-007  -0.2209003389653293029908629172633539E-007


Final bound-state solution
     Stop at point = 91 =     6.736330697086077712320546095586427     
             Zeta1 =     2.215659928019113986337853522710079        0.1235713013118740008298198955927602E-001
            Energy =   -0.5274181728194069968399614235490746       -0.7269056896230278110473643140394486E-002
 Wavefunction tail =    0.1933456293564378874530729439732529E-017  -0.3522263632804916588129336977401896E-019

Outgoing solution amplitude =   -0.1628013911300814867148211571782417        0.1969563791793382750156794418086006     
Incoming solution amplitude =    0.3178232912555360910285530079403190E-007  -0.2209003389653293029908640540606241E-007


Final bound-state solution
     Stop at point = 91 =     6.736330697086077712320546095586427     
             Zeta1 =     2.215659928019113986337853522710121        0.1235713013118740008298198955927583E-001
            Energy =   -0.5274181728194069968399614235490993       -0.7269056896230278110473643140394486E-002
 Wavefunction tail =    0.1474883897572042127093759394453824E-017  -0.7187809894824885232920326590985716E-019

Outgoing solution amplitude =   -0.1628013911300814867148211571779360        0.1969563791793382750156794418089329     
Incoming solution amplitude =    0.3178232912555360910285494463371520E-007  -0.2209003389653293029908618670628956E-007


Final bound-state solution
     Stop at point = 91 =     6.736330697086077712320546095586427     
             Zeta1 =     2.215659928019113986337853522710100        0.1235713013118740008298198955925497E-001
            Energy =   -0.5274181728194069968399614235490869       -0.7269056896230278110473643140382160E-002
 Wavefunction tail =    0.2787077337406243146399417937184708E-017   0.4436022907227531225103258900964595E-019

Outgoing solution amplitude =   -0.1628013911300814867148211571779237        0.1969563791793382750156794418086119     
Incoming solution amplitude =    0.3178232912555360910285523268706670E-007  -0.2209003389653293029908611885625996E-007


Final bound-state solution
     Stop at point = 91 =     6.736330697086077712320546095586427     
             Zeta1 =     2.215659928019113986337853522710100        0.1235713013118740008298198955929688E-001
            Energy =   -0.5274181728194069968399614235490869       -0.7269056896230278110473643140406812E-002
 Wavefunction tail =    0.1580484227777905985510415340487802E-017  -0.6293675590153677689680924001080427E-019

Outgoing solution amplitude =   -0.1628013911300814867148211571782554        0.1969563791793382750156794418089203     
Incoming solution amplitude =    0.3178232912555360910285501354955171E-007  -0.2209003389653293029908647396028588E-007


Final bound-state solution
     Stop at point = 91 =     6.736330697086077712320546095586427     
             Zeta1 =     2.215659931893183474675014439502481        0.1235712989254074519583350083694452E-001
            Energy =   -0.5274181750989806619691560260894450       -0.7269056766636882586840694990021797E-002
 Wavefunction tail =    0.1290034503225229011823716250541675E-017  -0.9163050037069650972477438910494863E-019

Outgoing solution amplitude =   -0.1628013609844125387769212460234358        0.1969564083387496067316722674173581     
Incoming solution amplitude =    0.2601068944437269483766059467614892E-010  -0.4994895030002176400254276755035843E-010


Final bound-state solution
     Stop at point = 91 =     6.736330697086077712320546095586427     
             Zeta1 =     2.215659931893183474675014439502481        0.1235712989254074519583350083694452E-001
            Energy =   -0.5274181750989806619691560260894450       -0.7269056766636882586840694990021797E-002
 Wavefunction tail =    0.1290034503225229011823716250541675E-017  -0.9163050037069650972477438910494863E-019

Outgoing solution amplitude =   -0.1628013609844125387769212460234358        0.1969564083387496067316722674173581     
Incoming solution amplitude =    0.2601068944437269483766059467614892E-010  -0.4994895030002176400254276755035843E-010


Final bound-state solution
     Stop at point = 91 =     6.736330697086077712320546095586427     
             Zeta1 =     2.215659931893183474675014439502481        0.1235712989254074519583350083694452E-001
            Energy =   -0.5274181750989806619691560260894450       -0.7269056766636882586840694990021797E-002
 Wavefunction tail =    0.1290034503225229011823716250541675E-017  -0.9163050037069650972477438910494863E-019

Outgoing solution amplitude =   -0.1628013609844125387769212460234358        0.1969564083387496067316722674173581     
Incoming solution amplitude =    0.2601068944437269483766059467614892E-010  -0.4994895030002176400254276755035843E-010


Final bound-state solution
     Stop at point = 91 =     6.736330697086077712320546095586427     
             Zeta1 =     2.215659931893183474675014439502460        0.1235712989254074519583350083694461E-001
            Energy =   -0.5274181750989806619691560260894327       -0.7269056766636882586840694990021797E-002
 Wavefunction tail =    0.1242251556535862749773790947899142E-018  -0.1768209819249657264059462748414439E-018

Outgoing solution amplitude =   -0.1628013609844125387769212460235902        0.1969564083387496067316722674171912     
Incoming solution amplitude =    0.2601068944437269483783766136631597E-010  -0.4994895030002176400265167017852372E-010


Final bound-state solution
     Stop at point = 91 =     6.736330697086077712320546095586427     
             Zeta1 =     2.215659931893183474675014439502501        0.1235712989254074519583350083694441E-001
            Energy =   -0.5274181750989806619691560260894573       -0.7269056766636882586840694990021797E-002
 Wavefunction tail =    0.2310598941919442959751920233274135E-017   0.6013913835491562070447639080520323E-020

Outgoing solution amplitude =   -0.1628013609844125387769212460232857        0.1969564083387496067316722674175212     
Incoming solution amplitude =    0.2601068944437269483748538363195289E-010  -0.4994895030002176400243622492322293E-010


Final bound-state solution
     Stop at point = 90 =     6.698802100363312925230112964214881     
             Zeta1 =     2.215659931893183474675014439502482        0.1235712989254074519583350083692357E-001
            Energy =   -0.5274181750989806619691560260894450       -0.7269056766636882586840694990009471E-002
 Wavefunction tail =    0.1160354664471238623006017335767439E-017  -0.2741272219430770761005414478724105E-018

Outgoing solution amplitude =   -0.1628013609844125387769212460232671        0.1969564083387496067316722674172069     
Incoming solution amplitude =    0.2601068944437269483776740375501360E-010  -0.4994895030002176400236348360115935E-010


Final bound-state solution
     Stop at point = 91 =     6.736330697086077712320546095586427     
             Zeta1 =     2.215659931893183474675014439502481        0.1235712989254074519583350083696547E-001
            Energy =   -0.5274181750989806619691560260894450       -0.7269056766636882586840694990034122E-002
 Wavefunction tail =    0.1412871597833370550069270813468351E-017  -0.8658864186545653067888261410508234E-019

Outgoing solution amplitude =   -0.1628013609844125387769212460236023        0.1969564083387496067316722674175118     
Incoming solution amplitude =    0.2601068944437269483755192043518006E-010  -0.4994895030002176400272102375717356E-010


Final bound-state solution
     Stop at point = 91 =     6.736330697086077712320546095586427     
             Zeta1 =     2.215659931898047147366886283016314        0.1235712988960230007029045812427977E-001
            Energy =   -0.5274181751018498858158140067202192       -0.7269056764921897521055879033521444E-002
 Wavefunction tail =    0.4361271336513576371009518138311202E-018  -0.1638980351055048352745875911907911E-018

Outgoing solution amplitude =   -0.1628013609255192858663916915886481        0.1969564083561202594668882863214617     
Incoming solution amplitude =   -0.2290653945133480571918657804147326E-012   0.1915888642771563860262470021558682E-012


Final bound-state solution
     Stop at point = 91 =     6.736330697086077712320546095586427     
             Zeta1 =     2.215659931898047147366886283016314        0.1235712988960230007029045812427977E-001
            Energy =   -0.5274181751018498858158140067202192       -0.7269056764921897521055879033521444E-002
 Wavefunction tail =    0.4361271336513576371009518138311202E-018  -0.1638980351055048352745875911907911E-018

Outgoing solution amplitude =   -0.1628013609255192858663916915886481        0.1969564083561202594668882863214617     
Incoming solution amplitude =   -0.2290653945133480571918657804147326E-012   0.1915888642771563860262470021558682E-012


Final bound-state solution
     Stop at point = 91 =     6.736330697086077712320546095586427     
             Zeta1 =     2.215659931898047147366886283016314        0.1235712988960230007029045812427977E-001
            Energy =   -0.5274181751018498858158140067202192       -0.7269056764921897521055879033521444E-002
 Wavefunction tail =    0.4361271336513576371009518138311202E-018  -0.1638980351055048352745875911907911E-018

Outgoing solution amplitude =   -0.1628013609255192858663916915886481        0.1969564083561202594668882863214617     
Incoming solution amplitude =   -0.2290653945133480571918657804147326E-012   0.1915888642771563860262470021558682E-012


Final bound-state solution
     Stop at point = 90 =     6.698802100363312925230112964214881     
             Zeta1 =     2.215659931898047147366886283016294        0.1235712988960230007029045812427987E-001
            Energy =   -0.5274181751018498858158140067202069       -0.7269056764921897521055879033521444E-002
 Wavefunction tail =    0.1118832593504834354829014610747004E-017  -0.2681469135385629486147159240072258E-018

Outgoing solution amplitude =   -0.1628013609255192858663916915887991        0.1969564083561202594668882863212979     
Incoming solution amplitude =   -0.2290653945133480570157411874329676E-012   0.1915888642771563859187337294355322E-012


Final bound-state solution
     Stop at point = 91 =     6.736330697086077712320546095586427     
             Zeta1 =     2.215659931898047147366886283016335        0.1235712988960230007029045812427967E-001
            Energy =   -0.5274181751018498858158140067202315       -0.7269056764921897521055879033521444E-002
 Wavefunction tail =    0.1410123786021019732829488081409631E-017  -0.8012775296457020487303048053047763E-019

Outgoing solution amplitude =   -0.1628013609255192858663916915884959        0.1969564083561202594668882863216271     
Incoming solution amplitude =   -0.2290653945133480573697032773697371E-012   0.1915888642771563861351876948539041E-012


Final bound-state solution
     Stop at point = 91 =     6.736330697086077712320546095586427     
             Zeta1 =     2.215659931898047147366886283016314        0.1235712988960230007029045812425881E-001
            Energy =   -0.5274181751018498858158140067202192       -0.7269056764921897521055879033509118E-002
 Wavefunction tail =    0.1157351793200310524521120662955713E-017  -0.1003191915422438594686678571415446E-018

Outgoing solution amplitude =   -0.1628013609255192858663916915884825        0.1969564083561202594668882863213075     
Incoming solution amplitude =   -0.2290653945133480570824778294570177E-012   0.1915888642771563862036657892507476E-012


Final bound-state solution
     Stop at point = 90 =     6.698802100363312925230112964214881     
             Zeta1 =     2.215659931898047147366886283016315        0.1235712988960230007029045812430072E-001
            Energy =   -0.5274181751018498858158140067202192       -0.7269056764921897521055879033533770E-002
 Wavefunction tail =    0.1108334125728267033314470422059238E-017  -0.2706348270869325221509557529345007E-018

Outgoing solution amplitude =   -0.1628013609255192858663916915888126        0.1969564083561202594668882863216175     
Incoming solution amplitude =   -0.2290653945133480573031569580093803E-012   0.1915888642771563858500843446413647E-012


Final bound-state solution
     Stop at point = 90 =     6.698802100363312925230112964214881     
             Zeta1 =     2.215659931898017293804981352092958        0.1235712988960686019604088004283586E-001
            Energy =   -0.5274181751018323118528514737721989       -0.7269056764924496854804593457159169E-002
 Wavefunction tail =    0.1369327379045530772252020493957305E-017  -0.2474667504254654854147806675693395E-018

Outgoing solution amplitude =   -0.1628013609257732915887673903460785        0.1969564083559153943047985636977940     
Incoming solution amplitude =    0.1595239606183973419035543279114709E-014  -0.1423025124492587291913922730448286E-014


Final bound-state solution
     Stop at point = 90 =     6.698802100363312925230112964214881     
             Zeta1 =     2.215659931898017293804981352092958        0.1235712988960686019604088004283586E-001
            Energy =   -0.5274181751018323118528514737721989       -0.7269056764924496854804593457159169E-002
 Wavefunction tail =    0.1369327379045530772252020493957305E-017  -0.2474667504254654854147806675693395E-018

Outgoing solution amplitude =   -0.1628013609257732915887673903460785        0.1969564083559153943047985636977940     
Incoming solution amplitude =    0.1595239606183973419035543279114709E-014  -0.1423025124492587291913922730448286E-014


Final bound-state solution
     Stop at point = 90 =     6.698802100363312925230112964214881     
             Zeta1 =     2.215659931898017293804981352092958        0.1235712988960686019604088004283586E-001
            Energy =   -0.5274181751018323118528514737721989       -0.7269056764924496854804593457159169E-002
 Wavefunction tail =    0.1369327379045530772252020493957305E-017  -0.2474667504254654854147806675693395E-018

Outgoing solution amplitude =   -0.1628013609257732915887673903460785        0.1969564083559153943047985636977940     
Incoming solution amplitude =    0.1595239606183973419035543279114709E-014  -0.1423025124492587291913922730448286E-014


Final bound-state solution
     Stop at point = 91 =     6.736330697086077712320546095586427     
             Zeta1 =     2.215659931898017293804981352092936        0.1235712988960686019604088004283596E-001
            Energy =   -0.5274181751018323118528514737721866       -0.7269056764924496854804593457159169E-002
 Wavefunction tail =    0.1464604673815304396162050208166678E-017  -0.7232881774999728213545057186198444E-019

Outgoing solution amplitude =   -0.1628013609257732915887673903462339        0.1969564083559153943047985636976252     
Incoming solution amplitude =    0.1595239606183973599689815656779796E-014  -0.1423025124492587403309777790127359E-014


Final bound-state solution
     Stop at point = 90 =     6.698802100363312925230112964214881     
             Zeta1 =     2.215659931898017293804981352092979        0.1235712988960686019604088004283577E-001
            Energy =   -0.5274181751018323118528514737722112       -0.7269056764924496854804593457159169E-002
 Wavefunction tail =    0.1282925330233204534061929749497630E-017  -0.2625132864519494765685501476875095E-018

Outgoing solution amplitude =   -0.1628013609257732915887673903459238        0.1969564083559153943047985636979613     
Incoming solution amplitude =    0.1595239606183973241788046581559403E-014  -0.1423025124492587183334843093429815E-014


Final bound-state solution
     Stop at point = 91 =     6.736330697086077712320546095586427     
             Zeta1 =     2.215659931898017293804981352092957        0.1235712988960686019604088004281491E-001
            Energy =   -0.5274181751018323118528514737721989       -0.7269056764924496854804593457146843E-002
 Wavefunction tail =    0.6590909685325776622280777728465794E-018  -0.1496989546604501219412120177319257E-018

Outgoing solution amplitude =   -0.1628013609257732915887673903459142        0.1969564083559153943047985636976376     
Incoming solution amplitude =    0.1595239606183973530716882334333707E-014  -0.1423025124492587116246104141547236E-014


Final bound-state solution
     Stop at point = 91 =     6.736330697086077712320546095586427     
             Zeta1 =     2.215659931898017293804981352092957        0.1235712988960686019604088004285681E-001
            Energy =   -0.5274181751018323118528514737721989       -0.7269056764924496854804593457171495E-002
 Wavefunction tail =    0.1478409756239390410117839454661452E-017  -0.7727943704275623221326082953626206E-019

Outgoing solution amplitude =   -0.1628013609257732915887673903462485        0.1969564083559153943047985636979435     
Incoming solution amplitude =    0.1595239606183973313796626389913371E-014  -0.1423025124492587472777550038175986E-014


Final bound-state solution
     Stop at point = 91 =     6.736330697086077712320546095586427     
             Zeta1 =     2.215659931898017503357647290245411        0.1235712988960682134325917379307830E-001
            Energy =   -0.5274181751018324352297477282010125       -0.7269056764924474583408506669037037E-002
 Wavefunction tail =    0.1791751430373042202463787911199538E-017  -0.5004901724343519757146860013030597E-019

Outgoing solution amplitude =   -0.1628013609257714540488943693557389        0.1969564083559167824347984112665206     
Incoming solution amplitude =    0.1149596181093913414451186722660331E-016  -0.9930994984436853498177780095180075E-017


Final bound-state solution
     Stop at point = 91 =     6.736330697086077712320546095586427     
             Zeta1 =     2.215659931898017503357647290245411        0.1235712988960682134325917379307830E-001
            Energy =   -0.5274181751018324352297477282010125       -0.7269056764924474583408506669037037E-002
 Wavefunction tail =    0.1791751430373042202463787911199538E-017  -0.5004901724343519757146860013030597E-019

Outgoing solution amplitude =   -0.1628013609257714540488943693557389        0.1969564083559167824347984112665206     
Incoming solution amplitude =    0.1149596181093913414451186722660331E-016  -0.9930994984436853498177780095180075E-017


Final bound-state solution
     Stop at point = 91 =     6.736330697086077712320546095586427     
             Zeta1 =     2.215659931898017503357647290245411        0.1235712988960682134325917379307830E-001
            Energy =   -0.5274181751018324352297477282010125       -0.7269056764924474583408506669037037E-002
 Wavefunction tail =    0.1791751430373042202463787911199538E-017  -0.5004901724343519757146860013030597E-019

Outgoing solution amplitude =   -0.1628013609257714540488943693557389        0.1969564083559167824347984112665206     
Incoming solution amplitude =    0.1149596181093913414451186722660331E-016  -0.9930994984436853498177780095180075E-017


Final bound-state solution
     Stop at point = 91 =     6.736330697086077712320546095586427     
             Zeta1 =     2.215659931898017503357647290245391        0.1235712988960682134325917379307840E-001
            Energy =   -0.5274181751018324352297477282010001       -0.7269056764924474583408506669037037E-002
 Wavefunction tail =    0.1429063013878006880655278451861116E-017  -0.7806099751769950451378739504585273E-019

Outgoing solution amplitude =   -0.1628013609257714540488943693558917        0.1969564083559167824347984112663556     
Incoming solution amplitude =    0.1149596181093931136346016522791625E-016  -0.9930994984436962134354216221635989E-017


Final bound-state solution
     Stop at point = 93 =     6.810767550125957682683095974249202     
             Zeta1 =     2.215659931898017503357647290245431        0.1235712988960682134325917379307825E-001
            Energy =   -0.5274181751018324352297477282010248       -0.7269056764924474583408506669037037E-002
 Wavefunction tail =    0.9673994789410835119673084563398574E-017   0.5061442646303187753310605286540032E-018

Outgoing solution amplitude =   -0.1628013609257714540488943693555906        0.1969564083559167824347984112666826     
Incoming solution amplitude =    0.1149596181093896014201658564178846E-016  -0.9930994984436747488454102936042120E-017


Final bound-state solution
     Stop at point = 90 =     6.698802100363312925230112964214881     
             Zeta1 =     2.215659931898017503357647290245415        0.1235712988960682134325917379305736E-001
            Energy =   -0.5274181751018324352297477282010125       -0.7269056764924474583408506669024711E-002
 Wavefunction tail =   -0.1215957175786494195497469060801795E-017  -0.4762503713988250240246704887915208E-018

Outgoing solution amplitude =   -0.1628013609257714540488943693555630        0.1969564083559167824347984112663784     
Incoming solution amplitude =    0.1149596181093923184665127417389859E-016  -0.9930994984436667667128949972770207E-017


Final bound-state solution
     Stop at point = 91 =     6.736330697086077712320546095586427     
             Zeta1 =     2.215659931898017503357647290245411        0.1235712988960682134325917379309918E-001
            Energy =   -0.5274181751018324352297477282010125       -0.7269056764924474583408506669049363E-002
 Wavefunction tail =    0.2515769628596497770107616294508591E-017   0.1414814411506109927156363643344347E-018

Outgoing solution amplitude =   -0.1628013609257714540488943693559074        0.1969564083559167824347984112666717     
Incoming solution amplitude =    0.1149596181093902717365873841638162E-016  -0.9930994984437032515675249998025965E-017


Final bound-state solution
     Stop at point = 91 =     6.736330697086077712320546095586427     
             Zeta1 =     2.215659931898017504872944912398409        0.1235712988960682108757058667037016E-001
            Energy =   -0.5274181751018324361218288392593573       -0.7269056764924474437220792903371025E-002
 Wavefunction tail =    0.2829379109030968111102541092714025E-017   0.5088436925068862831804778250432192E-019

Outgoing solution amplitude =   -0.1628013609257714409629191900187286        0.1969564083559167926566614525234857     
Incoming solution amplitude =   -0.8671431280819439685209408304422620E-019   0.7214266462029252091287018662626208E-019


Final bound-state solution
     Stop at point = 91 =     6.736330697086077712320546095586427     
             Zeta1 =     2.215659931898017504872944912398409        0.1235712988960682108757058667037016E-001
            Energy =   -0.5274181751018324361218288392593573       -0.7269056764924474437220792903371025E-002
 Wavefunction tail =    0.2829379109030968111102541092714025E-017   0.5088436925068862831804778250432192E-019

Outgoing solution amplitude =   -0.1628013609257714409629191900187286        0.1969564083559167926566614525234857     
Incoming solution amplitude =   -0.8671431280819439685209408304422620E-019   0.7214266462029252091287018662626208E-019


Final bound-state solution
     Stop at point = 91 =     6.736330697086077712320546095586427     
             Zeta1 =     2.215659931898017504872944912398409        0.1235712988960682108757058667037016E-001
            Energy =   -0.5274181751018324361218288392593573       -0.7269056764924474437220792903371025E-002
 Wavefunction tail =    0.2829379109030968111102541092714025E-017   0.5088436925068862831804778250432192E-019

Outgoing solution amplitude =   -0.1628013609257714409629191900187286        0.1969564083559167926566614525234857     
Incoming solution amplitude =   -0.8671431280819439685209408304422620E-019   0.7214266462029252091287018662626208E-019


Final bound-state solution
     Stop at point = 91 =     6.736330697086077712320546095586427     
             Zeta1 =     2.215659931898017504872944912398389        0.1235712988960682108757058667037026E-001
            Energy =   -0.5274181751018324361218288392593449       -0.7269056764924474437220792903371025E-002
 Wavefunction tail =    0.1122347738015789927944654648841652E-017  -0.1079988910779965616384356337380091E-018

Outgoing solution amplitude =   -0.1628013609257714409629191900188782        0.1969564083559167926566614525233237     
Incoming solution amplitude =   -0.8671431280802011838895014296770236E-019   0.7214266462018584505987010099462329E-019


Final bound-state solution
     Stop at point = 90 =     6.698802100363312925230112964214881     
             Zeta1 =     2.215659931898017504872944912398433        0.1235712988960682108757058667037005E-001
            Energy =   -0.5274181751018324361218288392593696       -0.7269056764924474437220792903371025E-002
 Wavefunction tail =    0.5023278186270238239709939760299208E-019  -0.3459789457091578456407803158591666E-018

Outgoing solution amplitude =   -0.1628013609257714409629191900185650        0.1969564083559167926566614525236632     
Incoming solution amplitude =   -0.8671431280838195983716381433767848E-019   0.7214266462040850354412487384110715E-019


Final bound-state solution
     Stop at point = 90 =     6.698802100363312925230112964214881     
             Zeta1 =     2.215659931898017504872944912398411        0.1235712988960682108757058667034922E-001
            Energy =   -0.5274181751018324361218288392593573       -0.7269056764924474437220792903358699E-002
 Wavefunction tail =    0.3980949239232603584139832168385937E-018  -0.3386403554769711508435192206381615E-018

Outgoing solution amplitude =   -0.1628013609257714409629191900185552        0.1969564083559167926566614525233403     
Incoming solution amplitude =   -0.8671431280809321180794154865339524E-019   0.7214266462047540196041306313552470E-019


Final bound-state solution
     Stop at point = 91 =     6.736330697086077712320546095586427     
             Zeta1 =     2.215659931898017504872944912398410        0.1235712988960682108757058667039111E-001
            Energy =   -0.5274181751018324361218288392593573       -0.7269056764924474437220792903383351E-002
 Wavefunction tail =    0.1240582441930509605920348276802341E-017  -0.8296399197665205746922213494892980E-019

Outgoing solution amplitude =   -0.1628013609257714409629191900188930        0.1969564083559167926566614525236421     
Incoming solution amplitude =   -0.8671431280830603061048337872172436E-019   0.7214266462011616793269198975511760E-019


Final bound-state solution
     Stop at point = 91 =     6.736330697086077712320546095586427     
             Zeta1 =     2.215659931898017504861965299885560        0.1235712988960682108922837939901581E-001
            Energy =   -0.5274181751018324361153655001059569       -0.7269056764924474438165404676931037E-002
 Wavefunction tail =    0.1078429664564568617878730606969564E-017  -0.1087727541308640438870494216197679E-018

Outgoing solution amplitude =   -0.1628013609257714410561837448062321        0.1969564083559167925811746693180885     
Incoming solution amplitude =   -0.1781519875105217760030323148591362E-020   0.1320996215889175104803059123710097E-020


Final bound-state solution
     Stop at point = 91 =     6.736330697086077712320546095586427     
             Zeta1 =     2.215659931898017504861965299885560        0.1235712988960682108922837939901581E-001
            Energy =   -0.5274181751018324361153655001059569       -0.7269056764924474438165404676931037E-002
 Wavefunction tail =    0.1078429664564568617878730606969564E-017  -0.1087727541308640438870494216197679E-018

Outgoing solution amplitude =   -0.1628013609257714410561837448062321        0.1969564083559167925811746693180885     
Incoming solution amplitude =   -0.1781519875105217760030323148591362E-020   0.1320996215889175104803059123710097E-020


Final bound-state solution
     Stop at point = 91 =     6.736330697086077712320546095586427     
             Zeta1 =     2.215659931898017504861965299885560        0.1235712988960682108922837939901581E-001
            Energy =   -0.5274181751018324361153655001059569       -0.7269056764924474438165404676931037E-002
 Wavefunction tail =    0.1078429664564568617878730606969564E-017  -0.1087727541308640438870494216197679E-018

Outgoing solution amplitude =   -0.1628013609257714410561837448062321        0.1969564083559167925811746693180885     
Incoming solution amplitude =   -0.1781519875105217760030323148591362E-020   0.1320996215889175104803059123710097E-020


Final bound-state solution
     Stop at point = 91 =     6.736330697086077712320546095586427     
             Zeta1 =     2.215659931898017504861965299885539        0.1235712988960682108922837939901591E-001
            Energy =   -0.5274181751018324361153655001059446       -0.7269056764924474438165404676931037E-002
 Wavefunction tail =    0.5104440227983233841156123743046137E-018  -0.1598640552149914638453612916020690E-018

Outgoing solution amplitude =   -0.1628013609257714410561837448063864        0.1969564083559167925811746693179216     
Incoming solution amplitude =   -0.1781519874927960747199583178873667E-020   0.1320996215780691186497887294924908E-020


Final bound-state solution
     Stop at point = 91 =     6.736330697086077712320546095586427     
             Zeta1 =     2.215659931898017504861965299885581        0.1235712988960682108922837939901571E-001
            Energy =   -0.5274181751018324361153655001059692       -0.7269056764924474438165404676931037E-002
 Wavefunction tail =    0.1203043678248357512133952338580104E-017  -0.9497888324050976438816543801588755E-019

Outgoing solution amplitude =   -0.1628013609257714410561837448060789        0.1969564083559167925811746693182549     
Incoming solution amplitude =   -0.1781519875283502515245006851423863E-020   0.1320996215998363216963896102962840E-020


Final bound-state solution
     Stop at point = 91 =     6.736330697086077712320546095586427     
             Zeta1 =     2.215659931898017504861965299885560        0.1235712988960682108922837939899486E-001
            Energy =   -0.5274181751018324361153655001059569       -0.7269056764924474438165404676918711E-002
 Wavefunction tail =    0.8413159508915563680850932455670544E-018  -0.1300062198340035852614402940374861E-018

Outgoing solution amplitude =   -0.1628013609257714410561837448060651        0.1969564083559167925811746693179357     
Incoming solution amplitude =   -0.1781519874996800454657443969174724E-020   0.1320996216067240988954495550045927E-020


Final bound-state solution
     Stop at point = 91 =     6.736330697086077712320546095586427     
             Zeta1 =     2.215659931898017504861965299885560        0.1235712988960682108922837939903676E-001
            Energy =   -0.5274181751018324361153655001059569       -0.7269056764924474438165404676943363E-002
 Wavefunction tail =    0.1583849294808402556051547728930631E-017  -0.6358753572356447612633659692047308E-019

Outgoing solution amplitude =   -0.1628013609257714410561837448063996        0.1969564083559167925811746693182405     
Incoming solution amplitude =   -0.1781519875212940387680721841735953E-020   0.1320996215709948252403093665522356E-020


Final bound-state solution
     Stop at point = 92 =     6.773651374345779731895877942083255     
             Zeta1 =     2.215659931898017504861743428618217        0.1235712988960682108924914191620144E-001
            Energy =   -0.5274181751018324361152349272152601       -0.7269056764924474438177000223922402E-002
 Wavefunction tail =    0.3831121924457192971256414663613258E-017   0.8047839768681914228945269914065677E-019

Outgoing solution amplitude =   -0.1628013609257714410579668021715665        0.1969564083559167925795564081226191     
Incoming solution amplitude =    0.5488525232046710727590043874677841E-024  -0.1674443162146045140631836432930446E-023


Final bound-state solution
     Stop at point = 92 =     6.773651374345779731895877942083255     
             Zeta1 =     2.215659931898017504861743428618217        0.1235712988960682108924914191620144E-001
            Energy =   -0.5274181751018324361152349272152601       -0.7269056764924474438177000223922402E-002
 Wavefunction tail =    0.3831121924457192971256414663613258E-017   0.8047839768681914228945269914065677E-019

Outgoing solution amplitude =   -0.1628013609257714410579668021715665        0.1969564083559167925795564081226191     
Incoming solution amplitude =    0.5488525232046710727590043874677841E-024  -0.1674443162146045140631836432930446E-023


Final bound-state solution
     Stop at point = 92 =     6.773651374345779731895877942083255     
             Zeta1 =     2.215659931898017504861743428618217        0.1235712988960682108924914191620144E-001
            Energy =   -0.5274181751018324361152349272152601       -0.7269056764924474438177000223922402E-002
 Wavefunction tail =    0.3831121924457192971256414663613258E-017   0.8047839768681914228945269914065677E-019

Outgoing solution amplitude =   -0.1628013609257714410579668021715665        0.1969564083559167925795564081226191     
Incoming solution amplitude =    0.5488525232046710727590043874677841E-024  -0.1674443162146045140631836432930446E-023


Final bound-state solution
     Stop at point = 91 =     6.736330697086077712320546095586427     
             Zeta1 =     2.215659931898017504861743428618197        0.1235712988960682108924914191620150E-001
            Energy =   -0.5274181751018324361152349272152478       -0.7269056764924474438177000223922402E-002
 Wavefunction tail =    0.1479023527814243368419849533780165E-017  -0.7275336503771536947444195036159931E-019

Outgoing solution amplitude =   -0.1628013609257714410579668021717187        0.1969564083559167925795564081224539     
Incoming solution amplitude =    0.5488526984157152687961720710557907E-024  -0.1674443269145446668996050718953884E-023


Final bound-state solution
     Stop at point = 91 =     6.736330697086077712320546095586427     
             Zeta1 =     2.215659931898017504861743428618239        0.1235712988960682108924914191620130E-001
            Energy =   -0.5274181751018324361152349272152725       -0.7269056764924474438177000223922402E-002
 Wavefunction tail =    0.8935114408534712506694161514524575E-018  -0.1248495189827268306309876010524994E-018

Outgoing solution amplitude =   -0.1628013609257714410579668021714106        0.1969564083559167925795564081227880     
Incoming solution amplitude =    0.5488523417605596407667886464851355E-024  -0.1674443050597931949998136694335040E-023


Final bound-state solution
     Stop at point = 91 =     6.736330697086077712320546095586427     
             Zeta1 =     2.215659931898017504861743428618217        0.1235712988960682108924914191618045E-001
            Energy =   -0.5274181751018324361152349272152601       -0.7269056764924474438177000223910076E-002
 Wavefunction tail =    0.2148872926048453203133884227454404E-017  -0.1302390652528542194322325135009252E-019

Outgoing solution amplitude =   -0.1628013609257714410579668021713979        0.1969564083559167925795564081224675     
Incoming solution amplitude =    0.5488526300993951360919125229090220E-024  -0.1674442982728870076973094335039489E-023


Final bound-state solution
     Stop at point = 91 =     6.736330697086077712320546095586427     
             Zeta1 =     2.215659931898017504861743428618218        0.1235712988960682108924914191622235E-001
            Energy =   -0.5274181751018324361152349272152601       -0.7269056764924474438177000223934728E-002
 Wavefunction tail =    0.9199048131082082535857613430148354E-018  -0.1237609027092677517194875392559277E-018

Outgoing solution amplitude =   -0.1628013609257714410579668021717297        0.1969564083559167925795564081227759     
Incoming solution amplitude =    0.5488524105241380331502653834831222E-024  -0.1674443337756766930424900327832307E-023


Final bound-state solution
     Stop at point = 91 =     6.736330697086077712320546095586427     
             Zeta1 =     2.215659931898017504861743563081860        0.1235712988960682108924902673727288E-001
            Energy =   -0.5274181751018324361152350066338550       -0.7269056764924474438176932844782404E-002
 Wavefunction tail =    0.2916634898849749295976286312317421E-018  -0.2015801888321900143999898419446177E-018

Outgoing solution amplitude =   -0.1628013609257714410579649032669891        0.1969564083559167925795566409274230     
Incoming solution amplitude =   -0.1293789677453982360707224441764015E-026   0.7870895199015504624554809221966910E-027


Final bound-state solution
     Stop at point = 91 =     6.736330697086077712320546095586427     
             Zeta1 =     2.215659931898017504861743563081860        0.1235712988960682108924902673727288E-001
            Energy =   -0.5274181751018324361152350066338550       -0.7269056764924474438176932844782404E-002
 Wavefunction tail =    0.2916634898849749295976286312317421E-018  -0.2015801888321900143999898419446177E-018

Outgoing solution amplitude =   -0.1628013609257714410579649032669891        0.1969564083559167925795566409274230     
Incoming solution amplitude =   -0.1293789677453982360707224441764015E-026   0.7870895199015504624554809221966910E-027


Final bound-state solution
     Stop at point = 91 =     6.736330697086077712320546095586427     
             Zeta1 =     2.215659931898017504861743563081860        0.1235712988960682108924902673727288E-001
            Energy =   -0.5274181751018324361152350066338550       -0.7269056764924474438176932844782404E-002
 Wavefunction tail =    0.2916634898849749295976286312317421E-018  -0.2015801888321900143999898419446177E-018

Outgoing solution amplitude =   -0.1628013609257714410579649032669891        0.1969564083559167925795566409274230     
Incoming solution amplitude =   -0.1293789677453982360707224441764015E-026   0.7870895199015504624554809221966910E-027


Final bound-state solution
     Stop at point = 90 =     6.698802100363312925230112964214881     
             Zeta1 =     2.215659931898017504861743563081839        0.1235712988960682108924902673727297E-001
            Energy =   -0.5274181751018324361152350066338427       -0.7269056764924474438176932844782404E-002
 Wavefunction tail =    0.1706083493777409381783613591375012E-017  -0.2191027358021707080103338896022774E-018

Outgoing solution amplitude =   -0.1628013609257714410579649032671441        0.1969564083559167925795566409272561     
Incoming solution amplitude =   -0.1293612058828090603498077463155219E-026   0.7869801795312586708491000604653722E-027


Final bound-state solution
     Stop at point = 91 =     6.736330697086077712320546095586427     
             Zeta1 =     2.215659931898017504861743563081881        0.1235712988960682108924902673727277E-001
            Energy =   -0.5274181751018324361152350066338673       -0.7269056764924474438176932844782404E-002
 Wavefunction tail =    0.1670937489316688735339465352133911E-017  -0.5496390113890174115967256495715554E-019

Outgoing solution amplitude =   -0.1628013609257714410579649032668382        0.1969564083559167925795566409275871     
Incoming solution amplitude =   -0.1293965535595234955040202537916739E-026   0.7871968238193407359240231847626060E-027


Final bound-state solution
     Stop at point = 91 =     6.736330697086077712320546095586427     
             Zeta1 =     2.215659931898017504861743563081859        0.1235712988960682108924902673725191E-001
            Energy =   -0.5274181751018324361152350066338550       -0.7269056764924474438176932844770078E-002
 Wavefunction tail =    0.1420385026925801831112187952293822E-017  -0.7967786779543944063290692916361790E-019

Outgoing solution amplitude =   -0.1628013609257714410579649032668245        0.1969564083559167925795566409272679     
Incoming solution amplitude =   -0.1293678938212112423464103981540572E-026   0.7872658348171959206698433770407195E-027


Final bound-state solution
     Stop at point = 91 =     6.736330697086077712320546095586427     
             Zeta1 =     2.215659931898017504861743563081860        0.1235712988960682108924902673729382E-001
            Energy =   -0.5274181751018324361152350066338550       -0.7269056764924474438176932844794730E-002
 Wavefunction tail =    0.1550737936932793060446124343463168E-017  -0.6687513493652144322544250542525093E-019

Outgoing solution amplitude =   -0.1628013609257714410579649032671569        0.1969564083559167925795566409275755     
Incoming solution amplitude =   -0.1293896924274973526190593659493517E-026   0.7869101788555522810269470910227620E-027


Final bound-state solution
     Stop at point = 90 =     6.698802100363312925230112964214881     
             Zeta1 =     2.215659931898017504861743562928783        0.1235712988960682108924902673749499E-001
            Energy =   -0.5274181751018324361152350065438069       -0.7269056764924474438176932844486726E-002
 Wavefunction tail =    0.1461339609252485444632147422330171E-017  -0.2461450796537068905932069682325885E-018

Outgoing solution amplitude =   -0.1628013609257714410579649043847093        0.1969564083559167925795566397081104     
Incoming solution amplitude =    0.8564957608324270509718805729083977E-029  -0.5384171059083893832955028930389491E-029


Final bound-state solution
     Stop at point = 90 =     6.698802100363312925230112964214881     
             Zeta1 =     2.215659931898017504861743562928783        0.1235712988960682108924902673749499E-001
            Energy =   -0.5274181751018324361152350065438069       -0.7269056764924474438176932844486726E-002
 Wavefunction tail =    0.1461339609252485444632147422330171E-017  -0.2461450796537068905932069682325885E-018

Outgoing solution amplitude =   -0.1628013609257714410579649043847093        0.1969564083559167925795566397081104     
Incoming solution amplitude =    0.8564957608324270509718805729083977E-029  -0.5384171059083893832955028930389491E-029


Final bound-state solution
     Stop at point = 90 =     6.698802100363312925230112964214881     
             Zeta1 =     2.215659931898017504861743562928783        0.1235712988960682108924902673749499E-001
            Energy =   -0.5274181751018324361152350065438069       -0.7269056764924474438176932844486726E-002
 Wavefunction tail =    0.1461339609252485444632147422330171E-017  -0.2461450796537068905932069682325885E-018

Outgoing solution amplitude =   -0.1628013609257714410579649043847093        0.1969564083559167925795566397081104     
Incoming solution amplitude =    0.8564957608324270509718805729083977E-029  -0.5384171059083893832955028930389491E-029


Final bound-state solution
     Stop at point = 91 =     6.736330697086077712320546095586427     
             Zeta1 =     2.215659931898017504861743562928761        0.1235712988960682108924902673749508E-001
            Energy =   -0.5274181751018324361152350065437946       -0.7269056764924474438176932844486726E-002
 Wavefunction tail =    0.1237041345813775629011959268561632E-017  -0.9195151108542394120763795670762215E-019

Outgoing solution amplitude =   -0.1628013609257714410579649043848659        0.1969564083559167925795566397079412     
Incoming solution amplitude =    0.8744127363925127982733502393773552E-029  -0.5494101429633134619457353971312264E-029


Final bound-state solution
     Stop at point = 91 =     6.736330697086077712320546095586427     
             Zeta1 =     2.215659931898017504861743562928802        0.1235712988960682108924902673749488E-001
            Energy =   -0.5274181751018324361152350065438192       -0.7269056764924474438176932844486726E-002
 Wavefunction tail =    0.2586941842259719638100206466189606E-017   0.3414203530691019024834911496009158E-019

Outgoing solution amplitude =   -0.1628013609257714410579649043845602        0.1969564083559167925795566397082721     
Incoming solution amplitude =    0.8390622048381222448021905214047173E-029  -0.5278009077275780067873663092739349E-029


Final bound-state solution
     Stop at point = 91 =     6.736330697086077712320546095586427     
             Zeta1 =     2.215659931898017504861743562928782        0.1235712988960682108924902673747403E-001
            Energy =   -0.5274181751018324361152350065438069       -0.7269056764924474438176932844474400E-002
 Wavefunction tail =    0.6257948812872698985766702102182702E-018  -0.1490266122374068018312499302100704E-018

Outgoing solution amplitude =   -0.1628013609257714410579649043845431        0.1969564083559167925795566397079563     
Incoming solution amplitude =    0.8674117172085553496385025478428262E-029  -0.5206504852526213302830512957914754E-029


Final bound-state solution
     Stop at point = 90 =     6.698802100363312925230112964214881     
             Zeta1 =     2.215659931898017504861743562928785        0.1235712988960682108924902673751594E-001
            Energy =   -0.5274181751018324361152350065438069       -0.7269056764924474438176932844499052E-002
 Wavefunction tail =   -0.2513348024764515812291543276668360E-018  -0.3877671937640293614595528041422481E-018

Outgoing solution amplitude =   -0.1628013609257714410579649043848703        0.1969564083559167925795566397082699     
Incoming solution amplitude =    0.8449698203191617773732295956260517E-029  -0.5557783392904907415793361517525491E-029


Final bound-state solution
     Stop at point = 91 =     6.736330697086077712320546095586427     
             Zeta1 =     2.215659931898017504861743562929805        0.1235712988960682108924902673747740E-001
            Energy =   -0.5274181751018324361152350065444089       -0.7269056764924474438176932844479229E-002
 Wavefunction tail =    0.1225285383533356575069874662946424E-017  -0.9497502072661975556464181975107793E-019

Outgoing solution amplitude =   -0.1628013609257714410579649043771098        0.1969564083559167925795566397161429     
Incoming solution amplitude =   -0.5723002497257047178194103151917906E-031   0.5018808641591896710641120722184078E-031


Final bound-state solution
     Stop at point = 91 =     6.736330697086077712320546095586427     
             Zeta1 =     2.215659931898017504861743562929805        0.1235712988960682108924902673747740E-001
            Energy =   -0.5274181751018324361152350065444089       -0.7269056764924474438176932844479229E-002
 Wavefunction tail =    0.1225285383533356575069874662946424E-017  -0.9497502072661975556464181975107793E-019

Outgoing solution amplitude =   -0.1628013609257714410579649043771098        0.1969564083559167925795566397161429     
Incoming solution amplitude =   -0.5723002497257047178194103151917906E-031   0.5018808641591896710641120722184078E-031


Final bound-state solution
     Stop at point = 91 =     6.736330697086077712320546095586427     
             Zeta1 =     2.215659931898017504861743562929805        0.1235712988960682108924902673747740E-001
            Energy =   -0.5274181751018324361152350065444089       -0.7269056764924474438176932844479229E-002
 Wavefunction tail =    0.1225285383533356575069874662946424E-017  -0.9497502072661975556464181975107793E-019

Outgoing solution amplitude =   -0.1628013609257714410579649043771098        0.1969564083559167925795566397161429     
Incoming solution amplitude =   -0.5723002497257047178194103151917906E-031   0.5018808641591896710641120722184078E-031


Final bound-state solution
     Stop at point = 91 =     6.736330697086077712320546095586427     
             Zeta1 =     2.215659931898017504861743562929784        0.1235712988960682108924902673747750E-001
            Energy =   -0.5274181751018324361152350065443966       -0.7269056764924474438176932844479229E-002
 Wavefunction tail =    0.9188641642296804844286625911641545E-018  -0.1184314719021173297415710138021047E-018

Outgoing solution amplitude =   -0.1628013609257714410579649043772648        0.1969564083559167925795566397159756     
Incoming solution amplitude =    0.1202934395873400954099628499225046E-030  -0.5894292894581002697328612391582894E-031


Final bound-state solution
     Stop at point = 91 =     6.736330697086077712320546095586427     
             Zeta1 =     2.215659931898017504861743562929826        0.1235712988960682108924902673747730E-001
            Energy =   -0.5274181751018324361152350065444212       -0.7269056764924474438176932844479229E-002
 Wavefunction tail =    0.8633867993748044448596785129505958E-018  -0.1274722915500215713505303595694898E-018

Outgoing solution amplitude =   -0.1628013609257714410579649043769560        0.1969564083559167925795566397163097     
Incoming solution amplitude =   -0.2363712321738739522101152780021431E-030   0.1600423278996824400446764662603182E-030


Final bound-state solution
     Stop at point = 91 =     6.736330697086077712320546095586427     
             Zeta1 =     2.215659931898017504861743562929804        0.1235712988960682108924902673745644E-001
            Energy =   -0.5274181751018324361152350065444089       -0.7269056764924474438176932844466903E-002
 Wavefunction tail =    0.2623212543410748124317820934903461E-017   0.3273092559242680750726614020739698E-019

Outgoing solution amplitude =   -0.1628013609257714410579649043769458        0.1969564083559167925795566397159867     
Incoming solution amplitude =    0.5428002368532457117462448350272655E-031   0.2261033244676212852575521963577810E-030


Final bound-state solution
     Stop at point = 91 =     6.736330697086077712320546095586427     
             Zeta1 =     2.215659931898017504861743562929806        0.1235712988960682108924902673749835E-001
            Energy =   -0.5274181751018324361152350065444089       -0.7269056764924474438176932844491555E-002
 Wavefunction tail =    0.7498290811175030358764437774866897E-018  -0.1379487648401472181262896349802900E-018

Outgoing solution amplitude =   -0.1628013609257714410579649043772752        0.1969564083559167925795566397162978     
Incoming solution amplitude =   -0.1678074925783684235787742184584643E-030  -0.1272116684125909655438955286578627E-030


Final bound-state solution
     Stop at point = 90 =     6.698802100363312925230112964214881     
             Zeta1 =     2.215659931898017504861743562929799        0.1235712988960682108924902673747872E-001
            Energy =   -0.5274181751018324361152350065444045       -0.7269056764924474438176932844479987E-002
 Wavefunction tail =    0.7231607732724567265158430323849454E-018  -0.2970778316642775192596949434853817E-018

Outgoing solution amplitude =   -0.1628013609257714410579649043771727        0.1969564083559167925795566397160959     
Incoming solution amplitude =   -0.4149034068513589241258112694107429E-032   0.3007098086353885780361384429674192E-032

Optimization converged after 13 iterations. Final residue =      0.13128561E-064
Optimization of outgoing solution converged.

Final bound-state solution
     Stop at point = 90 =     6.698802100363312925230112964214881     
             Zeta1 =     2.215659931898017504861743562929799        0.1235712988960682108924902673747872E-001
            Energy =   -0.5274181751018324361152350065444045       -0.7269056764924474438176932844479987E-002
 Wavefunction tail =    0.7231607732724567265158430323849454E-018  -0.2970778316642775192596949434853817E-018

Outgoing solution amplitude =   -0.1628013609257714410579649043771727        0.1969564083559167925795566397160959     
Incoming solution amplitude =   -0.4149034068513589241258112694107429E-032   0.3007098086353885780361384429674192E-032


Outgoing solution is at the energy =   -0.5274181751018324361152350065444045       -0.7269056764924474438176932844479987E-002
                Outgoing amplitude =   -0.1628013609257714410579649043771727        0.1969564083559167925795566397160959     
                Incoming amplitude =   -0.4149034068513589241258112694107429E-032   0.3007098086353885780361384429674192E-032


              Timing data at 2022/08/26 18:07:00

                                                       Total time (seconds)           Self time (seconds)
 Timer                                   Calls         --------------------           -------------------
 -----                                   -----           Real           CPU            Real           CPU

 start                                      1.          186.9        3928.2             0.0           0.0
 Outgoing solution                          1.          186.9        3928.2             0.0           0.0
 Bound direction                           91.          184.3        3903.4           184.3        3903.4
 Continuum direction                       91.            2.5          24.8             2.5          24.8

