Version: Plain vanilla, built on balrog at Fri Aug 26 05:59:02 PM CEST 2022

Compiler: GCC version 12.1.1 20220721 [revision 4f15d2234608e82159d030dadb17af678cfad626]
Build flags: -cpp -I . -D_REENTRANT -D __BUILD_ID__="Plain vanilla, built on balrog at Fri Aug 26 05:59:02 PM CEST 2022" -mtune=generic -march=x86-64 -O -fopenmp -fpre-include=/usr/include/finclude/math-vector-fortran.h

  Integer kind = 4 (9 decimals)
     Real kind = 8 (15 decimals)
Aux. real kind = 8 (15 decimals)


    $Id: $
    $Id: accuracy.f90,v 1.45 2021/04/26 15:44:44 ps Exp $
    $Id: constants.f90,v 1.7 2021/04/26 15:44:44 ps Exp $
    $Id: $
    $Id: $
    $Id: $
    $Id: find_root.f90,v 1.15 2021/08/10 13:17:38 ps Exp ps $
    $Id: lapack.f90,v 1.10 2021/04/26 15:44:44 ps Exp $
    $Id: math.f90,v 1.13 2022/02/19 18:54:26 ps Exp $
    $Id: $
    $Id: sort_tools.f90,v 1.3 2021/04/26 15:44:44 ps Exp $
    $Id: timer.f90,v 1.5 2021/04/26 15:44:44 ps Exp $
    $Id: $
    $Id: $
    $Id: $
    $Id: $
    $Id: $
    $Id: $
    $Id: $
    $Id: $
    $Id: $
 ===== begin simulation parameters ===== 
&HT_V2
 VERBOSE=1          ,
 OMP_NUM_THREADS=0          ,
 COMMENT="Search for the resonance position (outgoing boundary), F=0.020, M=0, NB=0, NC=1                                                                                                                                                                                ",
 TASK="outgoing                                                                                                                                                                                                                                                       ",
 MVAL=0          ,
 EFIELD=  2.0000000000000000E-002,
 ZNUC=  1.0000000000000000     ,
 ENERGY_SINGLE=(-0.50000000000000000,0.0000000000000000),
 ENERGY_GUESS=(-0.20668000000000000,-3.03900000000000003E-002),
 ZETA_GUESS=(1.3999999999999999,0.0000000000000000),
 ZETA_TOL= -1.0000000000000000     ,
 ENERGY_TOL= -1.0000000000000000     ,
 XI2_MAX=  80.000000000000000     ,
 XI_NPTS=160        ,
 XI_MAXORDER=60         ,
 ETA2_MAX=  120.00000000000000     ,
 ETA_NPTS=240        ,
 ETA_MAXORDER=60         ,
 ASYMP_ORDER=200        ,
 FILE_BOUND="h001-0_020-dble-b.table                                                                                                                                                                                                                                        ",
 FILE_CONTINUUM="h001-0_020-dble-c.table                                                                                                                                                                                                                                        ",
 /
 ====== end simulation parameters ====== 

Search for the resonance position (outgoing boundary), F=0.020, M=0, NB=0, NC=1


Final bound-state solution
     Stop at point = 85 =     6.501088442976008963114509242586792     
             Zeta1 =     1.372578704139952199270169330702629        0.8408908099447008621663002259083441E-001
            Energy =   -0.2066800000000000026023627697213669       -0.3039000000000000034638958368304884E-001
 Wavefunction tail =    0.2317033261551185183750332170944664E-008  -0.1780050929004240057984204608854464E-008

Outgoing solution amplitude =     1.150639990487354546999654303363059         2.370930631214954509289327688748017     
Incoming solution amplitude =   -0.9404618915620458906474976590317283E-004   0.6241600158385139727589691061027111E-004


Final bound-state solution
     Stop at point = 85 =     6.501088442976008963114509242586792     
             Zeta1 =     1.372578704139913119419702525192406        0.8408908099447216788480119475934771E-001
            Energy =   -0.2066799999999857917476475677176495       -0.3039000000000000034638958368304884E-001
 Wavefunction tail =    0.2062274556211455097972564672959353E-008  -0.1937161733803163056012270416871360E-008

Outgoing solution amplitude =     1.150639990486392871815723992767744         2.370930631214544170859426230890676     
Incoming solution amplitude =   -0.9404618911852238361849531944614000E-004   0.6241600197323434048250062611273847E-004


Final bound-state solution
     Stop at point = 85 =     6.501088442976008963114509242586792     
             Zeta1 =     1.372578704139991501165241061244160        0.8408908099446799067067104260786436E-001
            Energy =   -0.2066800000000142134570779717250844       -0.3039000000000000034638958368304884E-001
 Wavefunction tail =    0.2220093105961178918714291812084444E-008  -0.1807618489472471875159703344222023E-008

Outgoing solution amplitude =     1.150639990488286912295734509825706         2.370930631215383499466042849235237     
Incoming solution amplitude =   -0.9404618904001774376370803576463686E-004   0.6241600111910402962425714612493266E-004


Final bound-state solution
     Stop at point = 86 =     6.539670908958973072344633692409843     
             Zeta1 =     1.372578704139949978824120080389548        0.8408908099443085371049733112158719E-001
            Energy =   -0.2066800000000000026023627697213669       -0.3038999999998578949167438167933142E-001
 Wavefunction tail =    0.2366116997654588484285904150796961E-008  -0.8400144379455169401624589095936308E-009

Outgoing solution amplitude =     1.150639990487770436544678887003101         2.370930631214002826112619004561566     
Incoming solution amplitude =   -0.9404618952046603938630525698627594E-004   0.6241600143312252128077050050691810E-004


Final bound-state solution
     Stop at point = 85 =     6.501088442976008963114509242586792     
             Zeta1 =     1.372578704139954641760823506047018        0.8408908099450931872276271406008163E-001
            Energy =   -0.2066800000000000026023627697213669       -0.3039000000001421120110478568676626E-001
 Wavefunction tail =    0.1599813172650941744846201037280609E-008  -0.2329837449764243500743581382207530E-008

Outgoing solution amplitude =     1.150639990486936437008580469409935         2.370930631215903972019987122621387     
Incoming solution amplitude =   -0.9404618868203668360407354587238160E-004   0.6241600159641215049468460085435595E-004


Final bound-state solution
     Stop at point = 86 =     6.539670908958973072344633692409843     
             Zeta1 =     1.372586419030565885179839824559167        0.8409681044342452727047287908135331E-001
            Energy =   -0.2066826391683667107912469873554073       -0.3039294093531206067404504267415177E-001
 Wavefunction tail =    0.2166894483529994351053390885504871E-008  -0.1013843896973263098389025285565087E-008

Outgoing solution amplitude =     1.150729699866779531802762903680559         2.371205366467507236194478537072428     
Incoming solution amplitude =    0.3617194556511391922699709400301771E-005  -0.1228388296761513139411861605942988E-004


Final bound-state solution
     Stop at point = 86 =     6.539670908958973072344633692409843     
             Zeta1 =     1.372586419030565885179839824559167        0.8409681044342452727047287908135331E-001
            Energy =   -0.2066826391683667107912469873554073       -0.3039294093531206067404504267415177E-001
 Wavefunction tail =    0.2166894483529994351053390885504871E-008  -0.1013843896973263098389025285565087E-008

Outgoing solution amplitude =     1.150729699866779531802762903680559         2.371205366467507236194478537072428     
Incoming solution amplitude =    0.3617194556511391922699709400301771E-005  -0.1228388296761513139411861605942988E-004


Final bound-state solution
     Stop at point = 86 =     6.539670908958973072344633692409843     
             Zeta1 =     1.372586419030565885179839824559167        0.8409681044342452727047287908135331E-001
            Energy =   -0.2066826391683667107912469873554073       -0.3039294093531206067404504267415177E-001
 Wavefunction tail =    0.2166894483529994351053390885504871E-008  -0.1013843896973263098389025285565087E-008

Outgoing solution amplitude =     1.150729699866779531802762903680559         2.371205366467507236194478537072428     
Incoming solution amplitude =    0.3617194556511391922699709400301771E-005  -0.1228388296761513139411861605942988E-004


Final bound-state solution
     Stop at point = 85 =     6.501088442976008963114509242586792     
             Zeta1 =     1.372586419030527249418582869111560        0.8409681044342660893864405124986661E-001
            Energy =   -0.2066826391683524999365317853516899       -0.3039294093531206067404504267415177E-001
 Wavefunction tail =    0.1096779516373481110189382478549858E-008  -0.2616304421329773893048074357879293E-008

Outgoing solution amplitude =     1.150729699865835398142621670558583         2.371205366467082686909861877211370     
Incoming solution amplitude =    0.3617194499988063424527305611544392E-005  -0.1228388247774628440995778322353260E-004


Final bound-state solution
     Stop at point = 86 =     6.539670908958973072344633692409843     
             Zeta1 =     1.372586419030605631164121405163314        0.8409681044342286193593594134654268E-001
            Energy =   -0.2066826391683809216459621893591247       -0.3039294093531206067404504267415177E-001
 Wavefunction tail =    0.1489066850891816026599427503595945E-008  -0.3295208824249123775118291602309085E-008

Outgoing solution amplitude =     1.150729699867736988139199638681021         2.371205366467926456408576996182092     
Incoming solution amplitude =    0.3617194553371206159101628602181577E-005  -0.1228388339468028004697677801893008E-004


Final bound-state solution
     Stop at point = 86 =     6.539670908958973072344633692409843     
             Zeta1 =     1.372586419030563886778395499277394        0.8409681044338530864212799542656285E-001
            Energy =   -0.2066826391683667107912469873554073       -0.3039294093529784981932984067043435E-001
 Wavefunction tail =    0.1913934206933697888001200669051693E-008  -0.1173477545054099977781324121498246E-008

Outgoing solution amplitude =     1.150729699867202748819750013353769         2.371205366466552888482510752510279     
Incoming solution amplitude =    0.3617194028960325516240800411416068E-005  -0.1228388300529735039290021858526814E-004


Final bound-state solution
     Stop at point = 86 =     6.539670908958973072344633692409843     
             Zeta1 =     1.372586419030567883581284149840940        0.8409681044346373202102995492168702E-001
            Energy =   -0.2066826391683667107912469873554073       -0.3039294093532627152876024467786920E-001
 Wavefunction tail =    0.2357548843814812842372259866011164E-008  -0.8207176123722728691600610651619638E-009

Outgoing solution amplitude =     1.150729699866358535231825044320431         2.371205366468455810746718270820566     
Incoming solution amplitude =    0.3617194974155984978829523474042063E-005  -0.1228388294249364867346575869166969E-004


Final bound-state solution
     Stop at point = 85 =     6.501088442976008963114509242586792     
             Zeta1 =     1.372585339032861728725265493267216        0.8409662725049138476407506459509023E-001
            Energy =   -0.2066822524575556152548472255148226       -0.3039285400832145156435615263035288E-001
 Wavefunction tail =    0.2234028970509367636879082460728101E-008  -0.1829944001841929623300879953842497E-008

Outgoing solution amplitude =     1.150706392663001897957997243793216         2.371188125219575670854510462959297     
Incoming solution amplitude =   -0.2294659354554150865296868765964844E-007  -0.4998663668774179662571653659508542E-006


Final bound-state solution
     Stop at point = 85 =     6.501088442976008963114509242586792     
             Zeta1 =     1.372585339032861728725265493267216        0.8409662725049138476407506459509023E-001
            Energy =   -0.2066822524575556152548472255148226       -0.3039285400832145156435615263035288E-001
 Wavefunction tail =    0.2234028970509367636879082460728101E-008  -0.1829944001841929623300879953842497E-008

Outgoing solution amplitude =     1.150706392663001897957997243793216         2.371188125219575670854510462959297     
Incoming solution amplitude =   -0.2294659354554150865296868765964844E-007  -0.4998663668774179662571653659508542E-006


Final bound-state solution
     Stop at point = 85 =     6.501088442976008963114509242586792     
             Zeta1 =     1.372585339032861728725265493267216        0.8409662725049138476407506459509023E-001
            Energy =   -0.2066822524575556152548472255148226       -0.3039285400832145156435615263035288E-001
 Wavefunction tail =    0.2234028970509367636879082460728101E-008  -0.1829944001841929623300879953842497E-008

Outgoing solution amplitude =     1.150706392663001897957997243793216         2.371188125219575670854510462959297     
Incoming solution amplitude =   -0.2294659354554150865296868765964844E-007  -0.4998663668774179662571653659508542E-006


Final bound-state solution
     Stop at point = 85 =     6.501088442976008963114509242586792     
             Zeta1 =     1.372585339032822648874798687756993        0.8409662725049345255445842894914676E-001
            Energy =   -0.2066822524575414044001320235111052       -0.3039285400832145156435615263035288E-001
 Wavefunction tail =    0.1912499396703379179114167432771039E-008  -0.2019276393734780360923972163979256E-008

Outgoing solution amplitude =     1.150706392662069088572707187267952         2.371188125219146236588585452409461     
Incoming solution amplitude =   -0.2294665634923983333819466363251438E-007  -0.4998658895693105424777482985454480E-006


Final bound-state solution
     Stop at point = 85 =     6.501088442976008963114509242586792     
             Zeta1 =     1.372585339032901474709547073871363        0.8409662725048928921811608461212018E-001
            Energy =   -0.2066822524575698261095624275185401       -0.3039285400832145156435615263035288E-001
 Wavefunction tail =    0.1239585543927299529499301406734908E-008  -0.2487936329631752406966273394165780E-008

Outgoing solution amplitude =     1.150706392663968902212445755139925         2.371188125219984677016782370628789     
Incoming solution amplitude =   -0.2294664378850014722532578708043272E-007  -0.4998668818677443888181849591945127E-006


Final bound-state solution
     Stop at point = 86 =     6.539670908958973072344633692409843     
             Zeta1 =     1.372585339032859508279216242954135        0.8409662725045215225794237312584301E-001
            Energy =   -0.2066822524575556152548472255148226       -0.3039285400830724070964095062663546E-001
 Wavefunction tail =    0.1909986922076477973198573115940282E-008  -0.1208108886624887926277756158095680E-008

Outgoing solution amplitude =     1.150706392663419341815256302652415         2.371188125218623543588591928710230     
Incoming solution amplitude =   -0.2294709911531320467964480092851881E-007  -0.4998664799240749626019729434656114E-006


Final bound-state solution
     Stop at point = 86 =     6.539670908958973072344633692409843     
             Zeta1 =     1.372585339032863727126709818548989        0.8409662725053058951463214043542393E-001
            Energy =   -0.2066822524575556152548472255148226       -0.3039285400833566241907135463407030E-001
 Wavefunction tail =    0.1499021084330515409457706567223668E-008  -0.1465312661692312105427491191920412E-008

Outgoing solution amplitude =     1.150706392662581567520874159527011         2.371188125220525577674379746895283     
Incoming solution amplitude =   -0.2294615705983798036795298863968484E-007  -0.4998663919988972987782337165096891E-006


Final bound-state solution
     Stop at point = 86 =     6.539670908958973072344633692409843     
             Zeta1 =     1.372585299864774288636226629023440        0.8409663177317719395809092475246871E-001
            Energy =   -0.2066822382183985118420110893566743       -0.3039285489047306720866714613293880E-001
 Wavefunction tail =    0.9990037178613857277230134119666224E-009  -0.1847975730282801332096654411464055E-008

Outgoing solution amplitude =     1.150705413846874636263351021625567         2.371187763570862916395753927645274     
Incoming solution amplitude =   -0.3032292559865685295999188238712241E-007  -0.5600507239385355916135508249319164E-007


Final bound-state solution
     Stop at point = 86 =     6.539670908958973072344633692409843     
             Zeta1 =     1.372585299864774288636226629023440        0.8409663177317719395809092475246871E-001
            Energy =   -0.2066822382183985118420110893566743       -0.3039285489047306720866714613293880E-001
 Wavefunction tail =    0.9990037178613857277230134119666224E-009  -0.1847975730282801332096654411464055E-008

Outgoing solution amplitude =     1.150705413846874636263351021625567         2.371187763570862916395753927645274     
Incoming solution amplitude =   -0.3032292559865685295999188238712241E-007  -0.5600507239385355916135508249319164E-007


Final bound-state solution
     Stop at point = 86 =     6.539670908958973072344633692409843     
             Zeta1 =     1.372585299864774288636226629023440        0.8409663177317719395809092475246871E-001
            Energy =   -0.2066822382183985118420110893566743       -0.3039285489047306720866714613293880E-001
 Wavefunction tail =    0.9990037178613857277230134119666224E-009  -0.1847975730282801332096654411464055E-008

Outgoing solution amplitude =     1.150705413846874636263351021625567         2.371187763570862916395753927645274     
Incoming solution amplitude =   -0.3032292559865685295999188238712241E-007  -0.5600507239385355916135508249319164E-007


Final bound-state solution
     Stop at point = 85 =     6.501088442976008963114509242586792     
             Zeta1 =     1.372585299864735652874969673575833        0.8409663177317913684838401877641445E-001
            Energy =   -0.2066822382183843009872958873529569       -0.3039285489047306720866714613293880E-001
 Wavefunction tail =    0.3579874129735932886125590753588488E-009  -0.2699920081070852577099927155986243E-008

Outgoing solution amplitude =     1.150705413845930724647814713534899         2.371187763570439255289556967909448     
Incoming solution amplitude =   -0.3032298840235521073244236048109534E-007  -0.5600468301092381905801194331637194E-007


Final bound-state solution
     Stop at point = 85 =     6.501088442976008963114509242586792     
             Zeta1 =     1.372585299864813368486693434533663        0.8409663177317511228991975258395541E-001
            Energy =   -0.2066822382184127226967262913603918       -0.3039285489047306720866714613293880E-001
 Wavefunction tail =    0.2322821487574626484259275526161707E-008  -0.1799609367755902464932537344931632E-008

Outgoing solution amplitude =     1.150705413847825431261640005686786         2.371187763571282136609852386754937     
Incoming solution amplitude =   -0.3032289419680768730865644418857874E-007  -0.5600551201974199077661452448456680E-007


Final bound-state solution
     Stop at point = 86 =     6.539670908958973072344633692409843     
             Zeta1 =     1.372585299864772734323992153804284        0.8409663177313801696310946454104851E-001
            Energy =   -0.2066822382183985118420110893566743       -0.3039285489045885635395194412922137E-001
 Wavefunction tail =   -0.9141348879863877141884450706118409E-009  -0.3396554030831171121828196987710996E-008

Outgoing solution amplitude =     1.150705413847301183949412006768398         2.371187763569911233219045243458822     
Incoming solution amplitude =   -0.3032341232731905290458918294897728E-007  -0.5600512263681225067327138530774711E-007


Final bound-state solution
     Stop at point = 86 =     6.539670908958973072344633692409843     
             Zeta1 =     1.372585299864776287037670954305213        0.8409663177321642646422361622171593E-001
            Energy =   -0.2066822382183985118420110893566743       -0.3039285489048727806338234813665622E-001
 Wavefunction tail =    0.1668210847459197944047105098292622E-008  -0.1449993509053035566114764740215399E-008

Outgoing solution amplitude =     1.150705413846457636495301812828984         2.371187763571813267304833061643876     
Incoming solution amplitude =   -0.3032248283258351139704379700011427E-007  -0.5600512263681225067327138530774711E-007


Final bound-state solution
     Stop at point = 85 =     6.501088442976008963114509242586792     
             Zeta1 =     1.372585294730225724535443987406325        0.8409663515072121620086420534789795E-001
            Energy =   -0.2066822362983225525034924885403598       -0.3039285601227736249851929528631445E-001
 Wavefunction tail =    0.2274518018491320572449741743963764E-008  -0.1786543286911138113420463044780668E-008

Outgoing solution amplitude =     1.150705252230977970739900229091290         2.371187781906006986076818066067062     
Incoming solution amplitude =   -0.2084391944450235762909411518800261E-009   0.6294061040974823002630692870846413E-008


Final bound-state solution
     Stop at point = 85 =     6.501088442976008963114509242586792     
             Zeta1 =     1.372585294730225724535443987406325        0.8409663515072121620086420534789795E-001
            Energy =   -0.2066822362983225525034924885403598       -0.3039285601227736249851929528631445E-001
 Wavefunction tail =    0.2274518018491320572449741743963764E-008  -0.1786543286911138113420463044780668E-008

Outgoing solution amplitude =     1.150705252230977970739900229091290         2.371187781906006986076818066067062     
Incoming solution amplitude =   -0.2084391944450235762909411518800261E-009   0.6294061040974823002630692870846413E-008


Final bound-state solution
     Stop at point = 85 =     6.501088442976008963114509242586792     
             Zeta1 =     1.372585294730225724535443987406325        0.8409663515072121620086420534789795E-001
            Energy =   -0.2066822362983225525034924885403598       -0.3039285601227736249851929528631445E-001
 Wavefunction tail =    0.2274518018491320572449741743963764E-008  -0.1786543286911138113420463044780668E-008

Outgoing solution amplitude =     1.150705252230977970739900229091290         2.371187781906006986076818066067062     
Incoming solution amplitude =   -0.2084391944450235762909411518800261E-009   0.6294061040974823002630692870846413E-008


Final bound-state solution
     Stop at point = 85 =     6.501088442976008963114509242586792     
             Zeta1 =     1.372585294730186422640372256864794        0.8409663515072329786903537751641124E-001
            Energy =   -0.2066822362983083416487772865366424       -0.3039285601227736249851929528631445E-001
 Wavefunction tail =    0.2388745335767738637149454014076133E-008  -0.1746364000207647344337012244798631E-008

Outgoing solution amplitude =     1.150705252230010522396241867681965         2.371187781905595315379287058021873     
Incoming solution amplitude =   -0.2084329140751890501565698289370906E-009   0.6294475545383915479376883879165244E-008


Final bound-state solution
     Stop at point = 85 =     6.501088442976008963114509242586792     
             Zeta1 =     1.372585294730265026430515717947856        0.8409663515071913453269303317938466E-001
            Energy =   -0.2066822362983367633582076905440772       -0.3039285601227736249851929528631445E-001
 Wavefunction tail =    0.1927731562393376628472116117462599E-008  -0.2065443233407472894785043290117807E-008

Outgoing solution amplitude =     1.150705252231911224214400135679170         2.371187781906434643985903676366434     
Incoming solution amplitude =   -0.2084046524109319764918854850743019E-009   0.6293508368429366091242234008745413E-008


Final bound-state solution
     Stop at point = 86 =     6.539670908958973072344633692409843     
             Zeta1 =     1.372585294730223504089394737093244        0.8409663515068198369473151387865073E-001
            Energy =   -0.2066822362983225525034924885403598       -0.3039285601226315164380409328259702E-001
 Wavefunction tail =    0.2276861295512138550015482441946958E-008  -0.8712637844472216199841328352574538E-009

Outgoing solution amplitude =     1.150705252231394970507949437887874         2.371187781905056191078529082005844     
Incoming solution amplitude =   -0.2088442782993638243958747569885021E-009   0.6293897751359121083836399140063259E-008


Final bound-state solution
     Stop at point = 85 =     6.501088442976008963114509242586792     
             Zeta1 =     1.372585294730227944981493237719405        0.8409663515076043482920908900268842E-001
            Energy =   -0.2066822362983225525034924885403598       -0.3039285601229157335323449729003187E-001
 Wavefunction tail =    0.1789161664549648883544872985371967E-008  -0.2166581100110217388371666667724012E-008

Outgoing solution amplitude =     1.150705252230555863945937744574621         2.371187781906957336985897200065665     
Incoming solution amplitude =   -0.2079430452280790286236551600386794E-009   0.6293985676536808068632777580760432E-008


Final bound-state solution
     Stop at point = 86 =     6.539670908958973072344633692409843     
             Zeta1 =     1.372585295240984271103457103890833        0.8409663512571556587271714988673921E-001
            Energy =   -0.2066822364833515446314038399577839       -0.3039285601304849565584831339037919E-001
 Wavefunction tail =    0.2901506565031165418868718208983762E-008   0.7490032560314507162437820388068907E-010

Outgoing solution amplitude =     1.150705264588633758293667597172316         2.371187787424006820913291448960081     
Incoming solution amplitude =    0.2669314189008285936011059516677086E-009   0.5561518703451320572039791016879205E-009


Final bound-state solution
     Stop at point = 86 =     6.539670908958973072344633692409843     
             Zeta1 =     1.372585295240984271103457103890833        0.8409663512571556587271714988673921E-001
            Energy =   -0.2066822364833515446314038399577839       -0.3039285601304849565584831339037919E-001
 Wavefunction tail =    0.2901506565031165418868718208983762E-008   0.7490032560314507162437820388068907E-010

Outgoing solution amplitude =     1.150705264588633758293667597172316         2.371187787424006820913291448960081     
Incoming solution amplitude =    0.2669314189008285936011059516677086E-009   0.5561518703451320572039791016879205E-009


Final bound-state solution
     Stop at point = 86 =     6.539670908958973072344633692409843     
             Zeta1 =     1.372585295240984271103457103890833        0.8409663512571556587271714988673921E-001
            Energy =   -0.2066822364833515446314038399577839       -0.3039285601304849565584831339037919E-001
 Wavefunction tail =    0.2901506565031165418868718208983762E-008   0.7490032560314507162437820388068907E-010

Outgoing solution amplitude =     1.150705264588633758293667597172316         2.371187787424006820913291448960081     
Incoming solution amplitude =    0.2669314189008285936011059516677086E-009   0.5561518703451320572039791016879205E-009


Final bound-state solution
     Stop at point = 86 =     6.539670908958973072344633692409843     
             Zeta1 =     1.372585295240945413297595223411918        0.8409663512571778631876640019982005E-001
            Energy =   -0.2066822364833373337766886379540665       -0.3039285601304849565584831339037919E-001
 Wavefunction tail =    0.1285642505088043047354715668335705E-008  -0.1691812841875663066834252940299696E-008

Outgoing solution amplitude =     1.150705264587683851473798313236330         2.371187787423586712520773289725184     
Incoming solution amplitude =    0.2669408394555807188447867857496046E-009   0.5565663747542246373477466791352113E-009


Final bound-state solution
     Stop at point = 86 =     6.539670908958973072344633692409843     
             Zeta1 =     1.372585295241023572998528834432364        0.8409663512571362298242405586279347E-001
            Energy =   -0.2066822364833657554861190419615014       -0.3039285601304849565584831339037919E-001
 Wavefunction tail =    0.2522705311228442062525571541243587E-008  -0.8075384597372204877594856258166481E-009

Outgoing solution amplitude =     1.150705264589581666712092555826530         2.371187787424426485216599758132361     
Incoming solution amplitude =    0.2669753814896717758065654646309171E-009   0.5557248051963701145987391709693808E-009


Final bound-state solution
     Stop at point = 86 =     6.539670908958973072344633692409843     
             Zeta1 =     1.372585295240982938835827553702984        0.8409663512567649990003815219097305E-001
            Energy =   -0.2066822364833515446314038399577839       -0.3039285601303428480113311138666177E-001
 Wavefunction tail =    0.5016508412565069324967855926642856E-009  -0.2235355266318720617453716972529779E-008

Outgoing solution amplitude =     1.150705264589055643043025156657677         2.371187787423056914093422165024094     
Incoming solution amplitude =    0.2664855126425625556048692064780659E-009   0.5560890666467849347038876279462980E-009


Final bound-state solution
     Stop at point = 86 =     6.539670908958973072344633692409843     
             Zeta1 =     1.372585295240986713594111279235221        0.8409663512575490940115230387164047E-001
            Energy =   -0.2066822364833515446314038399577839       -0.3039285601306270651056351539409661E-001
 Wavefunction tail =    0.1782893742637836317377634989117530E-008  -0.1233442581874435675242254612242639E-008

Outgoing solution amplitude =     1.150705264588215426257988838187885         2.371187787424956283643950882833451     
Incoming solution amplitude =    0.2673459233099211220460852445507697E-009   0.5562272347831488523582726360861700E-009


Final bound-state solution
     Stop at point = 85 =     6.501088442976008963114509242586792     
             Zeta1 =     1.372585295287118034579521008708980        0.8409663509694760563650817175584962E-001
            Energy =   -0.2066822365005729078557550337791326       -0.3039285600353965402509182069934468E-001
 Wavefunction tail =    0.2623844258127723276848485285781161E-008  -0.1501718502286530697628052694373411E-008

Outgoing solution amplitude =     1.150705266021862627212613006122410         2.371187787296540339099237826303579     
Incoming solution amplitude =    0.1398638362195506788767969883060605E-010  -0.1230952487608078884262217197091685E-011


Final bound-state solution
     Stop at point = 85 =     6.501088442976008963114509242586792     
             Zeta1 =     1.372585295287118034579521008708980        0.8409663509694760563650817175584962E-001
            Energy =   -0.2066822365005729078557550337791326       -0.3039285600353965402509182069934468E-001
 Wavefunction tail =    0.2623844258127723276848485285781161E-008  -0.1501718502286530697628052694373411E-008

Outgoing solution amplitude =     1.150705266021862627212613006122410         2.371187787296540339099237826303579     
Incoming solution amplitude =    0.1398638362195506788767969883060605E-010  -0.1230952487608078884262217197091685E-011


Final bound-state solution
     Stop at point = 85 =     6.501088442976008963114509242586792     
             Zeta1 =     1.372585295287118034579521008708980        0.8409663509694760563650817175584962E-001
            Energy =   -0.2066822365005729078557550337791326       -0.3039285600353965402509182069934468E-001
 Wavefunction tail =    0.2623844258127723276848485285781161E-008  -0.1501718502286530697628052694373411E-008

Outgoing solution amplitude =     1.150705266021862627212613006122410         2.371187787296540339099237826303579     
Incoming solution amplitude =    0.1398638362195506788767969883060605E-010  -0.1230952487608078884262217197091685E-011


Final bound-state solution
     Stop at point = 86 =     6.539670908958973072344633692409843     
             Zeta1 =     1.372585295287078954729054203198757        0.8409663509694970118246715173881967E-001
            Energy =   -0.2066822365005586970010398317754152       -0.3039285600353965402509182069934468E-001
 Wavefunction tail =    0.1282664200354851269092417806352673E-008  -0.1637087954909483764902999830103802E-008

Outgoing solution amplitude =     1.150705266020896289091979269869626         2.371187787296128224312496968195774     
Incoming solution amplitude =    0.1396440232753350101875695073848444E-010  -0.8164480785155635659283871916669969E-012


Final bound-state solution
     Stop at point = 88 =     6.616160888737544709670146403368562     
             Zeta1 =     1.372585295287158002608407514344435        0.8409663509694606520206150435114978E-001
            Energy =   -0.2066822365005871187104702357828501       -0.3039285600353965402509182069934468E-001
 Wavefunction tail =   -0.1251542327081808170395160746777175E-008  -0.6260844909517556643647016861994534E-008

Outgoing solution amplitude =     1.150705266022814976523136465402786         2.371187787296964888383854486164637     
Incoming solution amplitude =    0.1405546769013715434625578041848406E-010  -0.1645456896700595616234789358569527E-011


Final bound-state solution
     Stop at point = 85 =     6.501088442976008963114509242586792     
             Zeta1 =     1.372585295287116258222681608458515        0.8409663509690840088595109591551591E-001
            Energy =   -0.2066822365005729078557550337791326       -0.3039285600352544317037661869562726E-001
 Wavefunction tail =    0.1323829447336821292036311820789710E-008  -0.2475631760623185510848762863611583E-008

Outgoing solution amplitude =     1.150705266022285178095785340701696         2.371187787295587767744109441991895     
Incoming solution amplitude =    0.1355303810335834711647555791851126E-010  -0.1293756185955431605520270638799484E-011


Final bound-state solution
     Stop at point = 86 =     6.539670908958973072344633692409843     
             Zeta1 =     1.372585295287120032980965333990753        0.8409663509698683814264086322509684E-001
            Energy =   -0.2066822365005729078557550337791326       -0.3039285600355386487980702270306210E-001
 Wavefunction tail =    0.1858933058752321599862392543373035E-008  -0.1238319321036548908125018492914007E-008

Outgoing solution amplitude =     1.150705266021440076329440671543125         2.371187787297490690008316960302182     
Incoming solution amplitude =    0.1439460766121285047843745937275564E-010  -0.1293756185955432009417054111957528E-011


Final bound-state solution
     Stop at point = 85 =     6.501088442976008963114509242586792     
             Zeta1 =     1.372585295286933293468223382660653        0.8409663509566280004126070934944437E-001
            Energy =   -0.2066822365005307193808192778305965       -0.3039285600307186849255991489826556E-001
 Wavefunction tail =    0.2195096134982894160650519657478064E-008  -0.1803228751513008674232898785887332E-008

Outgoing solution amplitude =     1.150705266032862716940599057124928         2.371187787263992596820116887101904     
Incoming solution amplitude =   -0.6500182778950829743417369973533809E-012  -0.1042541392566026576991417232759930E-011


Final bound-state solution
     Stop at point = 85 =     6.501088442976008963114509242586792     
             Zeta1 =     1.372585295286933293468223382660653        0.8409663509566280004126070934944437E-001
            Energy =   -0.2066822365005307193808192778305965       -0.3039285600307186849255991489826556E-001
 Wavefunction tail =    0.2195096134982894160650519657478064E-008  -0.1803228751513008674232898785887332E-008

Outgoing solution amplitude =     1.150705266032862716940599057124928         2.371187787263992596820116887101904     
Incoming solution amplitude =   -0.6500182778950829743417369973533809E-012  -0.1042541392566026576991417232759930E-011


Final bound-state solution
     Stop at point = 85 =     6.501088442976008963114509242586792     
             Zeta1 =     1.372585295286933293468223382660653        0.8409663509566280004126070934944437E-001
            Energy =   -0.2066822365005307193808192778305965       -0.3039285600307186849255991489826556E-001
 Wavefunction tail =    0.2195096134982894160650519657478064E-008  -0.1803228751513008674232898785887332E-008

Outgoing solution amplitude =     1.150705266032862716940599057124928         2.371187787263992596820116887101904     
Incoming solution amplitude =   -0.6500182778950829743417369973533809E-012  -0.1042541392566026576991417232759930E-011


Final bound-state solution
     Stop at point = 85 =     6.501088442976008963114509242586792     
             Zeta1 =     1.372585295286893991573151652119122        0.8409663509566489558721968933241442E-001
            Energy =   -0.2066822365005165085261040758268791       -0.3039285600307186849255991489826556E-001
 Wavefunction tail =    0.1497035427701445758075875112826526E-008  -0.2381591640261356925870266478591913E-008

Outgoing solution amplitude =     1.150705266031893714284706220496446         2.371187787263579149765746478806250     
Incoming solution amplitude =   -0.6123360588866722705495069205922033E-012  -0.6405977231429802479065815440183310E-012


Final bound-state solution
     Stop at point = 86 =     6.539670908958973072344633692409843     
             Zeta1 =     1.372585295286972373318690188170876        0.8409663509566071837308953718093107E-001
            Energy =   -0.2066822365005449302355344798343140       -0.3039285600307186849255991489826556E-001
 Wavefunction tail =    0.8370123002043297378749214916694634E-009  -0.2012268111838347470295231924947328E-008

Outgoing solution amplitude =     1.150705266033793749969049713399727         2.371187787264419810639992647338659     
Incoming solution amplitude =   -0.6186164287214074215062772228155699E-012  -0.1532410239675364514600057811181105E-011


Final bound-state solution
     Stop at point = 85 =     6.501088442976008963114509242586792     
             Zeta1 =     1.372585295286931073022174132347573        0.8409663509562359529070363350911066E-001
            Energy =   -0.2066822365005307193808192778305965       -0.3039285600305765763784471289454814E-001
 Wavefunction tail =    0.2067809370653422228767528626277791E-008  -0.1988907324388701828729744021926652E-008

Outgoing solution amplitude =     1.150705266033276830128784240514506         2.371187787263041357732618052978069     
Incoming solution amplitude =   -0.1055102132235496676956566100627641E-011  -0.1168148789260728788333256330911173E-011


Final bound-state solution
     Stop at point = 85 =     6.501088442976008963114509242586792     
             Zeta1 =     1.372585295286936180048087408067659        0.8409663509570138029136643353922409E-001
            Energy =   -0.2066822365005307193808192778305965       -0.3039285600308607934727511690198298E-001
 Wavefunction tail =   -0.1085208467834066678189618393403013E-008  -0.2068058891236464005435856055681136E-008

Outgoing solution amplitude =     1.150705266032447271484784323547501         2.371187787264938506837097520474344     
Incoming solution amplitude =   -0.1601494307857451124637433201493383E-012  -0.1117905830582848388472660859440329E-011


Final bound-state solution
     Stop at point = 86 =     6.539670908958973072344633692409843     
             Zeta1 =     1.372585295286848028339932170638349        0.8409663509572387618540290077362442E-001
            Energy =   -0.2066822365004986339354076108065783       -0.3039285600309228618787216191776679E-001
 Wavefunction tail =    0.6993196141448129769013826941719859E-009  -0.2093631315587419108931694576017021E-008

Outgoing solution amplitude =     1.150705266030100926144541517714970         2.371187787264415369747894146712497     
Incoming solution amplitude =   -0.3140184917367549603747459862496100E-013   0.5024295867788080375737894462888870E-013


Final bound-state solution
     Stop at point = 86 =     6.539670908958973072344633692409843     
             Zeta1 =     1.372585295286848028339932170638349        0.8409663509572387618540290077362442E-001
            Energy =   -0.2066822365004986339354076108065783       -0.3039285600309228618787216191776679E-001
 Wavefunction tail =    0.6993196141448129769013826941719859E-009  -0.2093631315587419108931694576017021E-008

Outgoing solution amplitude =     1.150705266030100926144541517714970         2.371187787264415369747894146712497     
Incoming solution amplitude =   -0.3140184917367549603747459862496100E-013   0.5024295867788080375737894462888870E-013


Final bound-state solution
     Stop at point = 86 =     6.539670908958973072344633692409843     
             Zeta1 =     1.372585295286848028339932170638349        0.8409663509572387618540290077362442E-001
            Energy =   -0.2066822365004986339354076108065783       -0.3039285600309228618787216191776679E-001
 Wavefunction tail =    0.6993196141448129769013826941719859E-009  -0.2093631315587419108931694576017021E-008

Outgoing solution amplitude =     1.150705266030100926144541517714970         2.371187787264415369747894146712497     
Incoming solution amplitude =   -0.3140184917367549603747459862496100E-013   0.5024295867788080375737894462888870E-013


Final bound-state solution
     Stop at point = 85 =     6.501088442976008963114509242586792     
             Zeta1 =     1.372585295286808282355650590034202        0.8409663509572593009799845731322421E-001
            Energy =   -0.2066822365004844230806924088028609       -0.3039285600309228618787216191776679E-001
 Wavefunction tail =    0.2324269208987843888777781990338453E-008  -0.1702545508721520951381703433088512E-008

Outgoing solution amplitude =     1.150705266029143247763499857683200         2.371187787263996149533795687602833     
Incoming solution amplitude =   -0.1036261022731290946407216556161385E-012   0.3265792314062250729616693376535099E-012


Final bound-state solution
     Stop at point = 85 =     6.501088442976008963114509242586792     
             Zeta1 =     1.372585295286886886145794051117264        0.8409663509572176676165611297619762E-001
            Energy =   -0.2066822365005128447901228128102957       -0.3039285600309228618787216191776679E-001
 Wavefunction tail =    0.1788298554798345766106965314947916E-008  -0.2130090980474284947521681631184276E-008

Outgoing solution amplitude =     1.150705266031045059804682750836946         2.371187787264835034051202455884777     
Incoming solution amplitude =   -0.4082240392577810256577245836621653E-013  -0.4647473677703974347557552378172205E-012


Final bound-state solution
     Stop at point = 86 =     6.539670908958973072344633692409843     
             Zeta1 =     1.372585295286845363804673070262652        0.8409663509568462980148240148992045E-001
            Energy =   -0.2066822365004986339354076108065783       -0.3039285600307807533315695991404937E-001
 Wavefunction tail =    0.2326740869278886399364746726957549E-008  -0.8729073446943353594928566567979350E-009

Outgoing solution amplitude =     1.150705266030518147957195651542861         2.371187787263467683374074113089591     
Incoming solution amplitude =   -0.4773081074398676356950999739744427E-012  -0.7536443801682121825784290047952194E-013


Final bound-state solution
     Stop at point = 85 =     6.501088442976008963114509242586792     
             Zeta1 =     1.372585295286849804696771570888814        0.8409663509576312256932340005732840E-001
            Energy =   -0.2066822365004986339354076108065783       -0.3039285600310649704258736392148421E-001
 Wavefunction tail =    0.2088991373669252783187804710439243E-008  -0.2076970498355759607369692875864474E-008

Outgoing solution amplitude =     1.150705266029679929573603658354841         2.371187787265367052924602830898948     
Incoming solution amplitude =    0.3705418202493710791719635190723208E-012   0.2512147933894043974401292292301101E-013


Final bound-state solution
     Stop at point = 85 =     6.501088442976008963114509242586792     
             Zeta1 =     1.372585295286852913321240521327127        0.8409663509572569417560572446745937E-001
            Energy =   -0.2066822365005005490701250892016105       -0.3039285600309319518297357376468426E-001
 Wavefunction tail =    0.1786110133662804667597634179472890E-008  -0.8702709058168085261044612970567774E-009

Outgoing solution amplitude =     1.150705266030193074655585405707825         2.371187787264535717923763513681479     
Incoming solution amplitude =   -0.4396258884314571590948106008646650E-013  -0.1256073966947020346369963286445995E-012


Final bound-state solution
     Stop at point = 86 =     6.539670908958973072344633692409843     
             Zeta1 =     1.372585295286848916518351870763581        0.8409663509572452844142986805309192E-001
            Energy =   -0.2066822365004992168024955390137620       -0.3039285600309256027418136625328771E-001
 Wavefunction tail =    0.2470117504008509571821768143070307E-008  -0.7885572452603430468524551686553600E-009

Outgoing solution amplitude =     1.150705266030132900567650722223334         2.371187787264450008706262451596558     
Incoming solution amplitude =   -0.5024295867788080375737894462888870E-013  -0.1004859173557616075147578892577774E-012


Final bound-state solution
     Stop at point = 85 =     6.501088442976008963114509242586792     
             Zeta1 =     1.372585295286847806295327245607041        0.8409663509572391781876632421699469E-001
            Energy =   -0.2066822365004986894465588420644053       -0.3039285600309231394344777754668030E-001
 Wavefunction tail =    0.1864353106462208157053379566298404E-008  -0.2052981523405746420394796887456262E-008

Outgoing solution amplitude =     1.150705266030110696107158219092526         2.371187787264414481569474446587265     
Incoming solution amplitude =   -0.3768221900841062175069593377594986E-013  -0.1004859173557616453800813398663441E-012


Final bound-state solution
     Stop at point = 86 =     6.539670908958973072344633692409843     
             Zeta1 =     1.372585295286847584250722320575733        0.8409663509572387618540290077362442E-001
            Energy =   -0.2066822365004986339354076108065783       -0.3039285600309228965731911387138098E-001
 Wavefunction tail =    0.1714536336927505844120363660528297E-008  -0.1411109410573308086126010007447639E-008

Outgoing solution amplitude =     1.150705266030094930940208541869652         2.371187787264417590193943397025578     
Incoming solution amplitude =   -0.3454203409104305889408526620045543E-013  -0.7536443801682120563606841694333306E-013

Unable to improve the solution along linear search direction.
Optimization converged after 9 iterations. Final residue =      0.17552155E-026
Optimization of outgoing solution converged.

Final bound-state solution
     Stop at point = 86 =     6.539670908958973072344633692409843     
             Zeta1 =     1.372585295286848028339932170638349        0.8409663509572387618540290077362442E-001
            Energy =   -0.2066822365004986339354076108065783       -0.3039285600309228618787216191776679E-001
 Wavefunction tail =    0.6993196141448129769013826941719859E-009  -0.2093631315587419108931694576017021E-008

Outgoing solution amplitude =     1.150705266030100926144541517714970         2.371187787264415369747894146712497     
Incoming solution amplitude =   -0.3140184917367549603747459862496100E-013   0.5024295867788080375737894462888870E-013


Outgoing solution is at the energy =   -0.2066822365004986339354076108065783       -0.3039285600309228618787216191776679E-001
                Outgoing amplitude =     1.150705266030100926144541517714970         2.371187787264415369747894146712497     
                Incoming amplitude =   -0.3140184917367549603747459862496100E-013   0.5024295867788080375737894462888870E-013


              Timing data at 2022/08/26 17:59:55

                                                       Total time (seconds)           Self time (seconds)
 Timer                                   Calls         --------------------           -------------------
 -----                                   -----           Real           CPU            Real           CPU

 start                                      1.            1.9          89.7             0.0           0.0
 Outgoing solution                          1.            1.9          89.7             0.0           0.2
 Bound direction                           66.            1.8          88.2             1.8          88.2
 Continuum direction                       66.            0.0           1.3             0.0           1.3

