Version: Plain vanilla, built on balrog at Fri Aug 26 05:57:34 PM CEST 2022

Compiler: GCC version 12.1.1 20220721 [revision 4f15d2234608e82159d030dadb17af678cfad626]
Build flags: -cpp -I . -D_REENTRANT -D __BUILD_ID__="Plain vanilla, built on balrog at Fri Aug 26 05:57:34 PM CEST 2022" -mtune=generic -march=x86-64 -O -fopenmp -fpre-include=/usr/include/finclude/math-vector-fortran.h

  Integer kind = 4 (9 decimals)
     Real kind = 16 (33 decimals)
Aux. real kind = 16 (33 decimals)


    $Id: $
    $Id: accuracy.f90,v 1.45 2021/04/26 15:44:44 ps Exp $
    $Id: constants.f90,v 1.7 2021/04/26 15:44:44 ps Exp $
    $Id: $
    $Id: $
    $Id: $
    $Id: find_root.f90,v 1.15 2021/08/10 13:17:38 ps Exp ps $
    $Id: lapack.f90,v 1.10 2021/04/26 15:44:44 ps Exp $
    $Id: math.f90,v 1.13 2022/02/19 18:54:26 ps Exp $
    $Id: $
    $Id: sort_tools.f90,v 1.3 2021/04/26 15:44:44 ps Exp $
    $Id: timer.f90,v 1.5 2021/04/26 15:44:44 ps Exp $
    $Id: $
    $Id: $
    $Id: $
    $Id: $
    $Id: $
    $Id: $
    $Id: $
    $Id: $
    $Id: $
 ===== begin simulation parameters ===== 
&HT_V2
 VERBOSE=1          ,
 OMP_NUM_THREADS=0          ,
 COMMENT="Search for the resonance position (outgoing boundary), F=0.020, M=0, NB=1, NC=0                                                                                                                                                                                ",
 TASK="outgoing                                                                                                                                                                                                                                                       ",
 MVAL=0          ,
 EFIELD=  2.00000000000000000000000000000000004E-0002,
 ZNUC=  1.00000000000000000000000000000000000      ,
 ENERGY_SINGLE=(-0.500000000000000000000000000000000000,0.00000000000000000000000000000000000),
 ENERGY_GUESS=(-8.897999999999999999999999999999999671E-0002,-1.545000000000000000000000000000000023E-0002),
 ZETA_GUESS=(3.39999999999999999999999999999999992,0.00000000000000000000000000000000000),
 ZETA_TOL= -1.00000000000000000000000000000000000      ,
 ENERGY_TOL= -1.00000000000000000000000000000000000      ,
 XI2_MAX=  80.0000000000000000000000000000000000      ,
 XI_NPTS=160        ,
 XI_MAXORDER=60         ,
 ETA2_MAX=  120.000000000000000000000000000000000      ,
 ETA_NPTS=240        ,
 ETA_MAXORDER=60         ,
 ASYMP_ORDER=200        ,
 FILE_BOUND="h010-0_020-quad-b.table                                                                                                                                                                                                                                        ",
 FILE_CONTINUUM="h010-0_020-quad-c.table                                                                                                                                                                                                                                        ",
 /
 ====== end simulation parameters ====== 

Search for the resonance position (outgoing boundary), F=0.020, M=0, NB=1, NC=0


Final bound-state solution
     Stop at point = 160 =     8.944271909999158785636694674925105     
             Zeta1 =     3.437184507011678935535193548698414        0.1365892664878179360447476666047113     
            Energy =   -0.8898000000000000000000000000000000E-001  -0.1545000000000000000000000000000000E-001
 Wavefunction tail =    0.7819422561006295402354154824320446E-020   0.5468468152637221600577567612598417E-020

Outgoing solution amplitude =   -0.1886394741650427665637443292718071         1.865056093578277606949352504671658     
Incoming solution amplitude =    0.2412205233426533592467050333179041E-003  -0.4490557272829890459876720277767098E-004


Final bound-state solution
     Stop at point = 160 =     8.944271909999158785636694674925105     
             Zeta1 =     3.437184507011678935535193548698305        0.1365892664878179360447476666047140     
            Energy =   -0.8897999999999999999999999999998767E-001  -0.1545000000000000000000000000000000E-001
 Wavefunction tail =   -0.4355967960731506427160490643517496E-020  -0.2746296088555457367540370968670478E-020

Outgoing solution amplitude =   -0.1886394741650427665637443292726881         1.865056093578277606949352504670993     
Incoming solution amplitude =    0.2412205233426533592467050337383716E-003  -0.4490557272829890459876720246308638E-004


Final bound-state solution
     Stop at point = 160 =     8.944271909999158785636694674925105     
             Zeta1 =     3.437184507011678935535193548698523        0.1365892664878179360447476666047086     
            Energy =   -0.8898000000000000000000000000001232E-001  -0.1545000000000000000000000000000000E-001
 Wavefunction tail =   -0.3872738635089639227909797210799933E-020  -0.1973542386349057600523021737934155E-020

Outgoing solution amplitude =   -0.1886394741650427665637443292709310         1.865056093578277606949352504672317     
Incoming solution amplitude =    0.2412205233426533592467050328989686E-003  -0.4490557272829890459876720310587397E-004


Final bound-state solution
     Stop at point = 160 =     8.944271909999158785636694674925105     
             Zeta1 =     3.437184507011678935535193548698411        0.1365892664878179360447476666046024     
            Energy =   -0.8898000000000000000000000000000000E-001  -0.1544999999999999999999999999998767E-001
 Wavefunction tail =   -0.6017614286662838691978272129336008E-020  -0.3730207759781066192692934289867448E-020

Outgoing solution amplitude =   -0.1886394741650427665637443292711486         1.865056093578277606949352504670776     
Incoming solution amplitude =    0.2412205233426533592467050329897011E-003  -0.4490557272829890459876720235277749E-004


Final bound-state solution
     Stop at point = 160 =     8.944271909999158785636694674925105     
             Zeta1 =     3.437184507011678935535193548698416        0.1365892664878179360447476666048202     
            Energy =   -0.8898000000000000000000000000000000E-001  -0.1545000000000000000000000000001233E-001
 Wavefunction tail =   -0.5339224767618629896044786005953655E-020  -0.3237268674996386529394943066653032E-020

Outgoing solution amplitude =   -0.1886394741650427665637443292724708         1.865056093578277606949352504672534     
Incoming solution amplitude =    0.2412205233426533592467050336408300E-003  -0.4490557272829890459876720320528815E-004


Final bound-state solution
     Stop at point = 160 =     8.944271909999158785636694674925105     
             Zeta1 =     3.437217468817082050269010991514613        0.1365513986919349429255262839998530     
            Energy =   -0.8898383435702632831009894795941206E-001  -0.1544581039261757155916999047040089E-001
 Wavefunction tail =    0.3255038094008055794924860642070663E-020   0.2837070526375676915312514302508551E-020

Outgoing solution amplitude =   -0.1881411589328249298399756229487687         1.864963033566097313032723821277806     
Incoming solution amplitude =   -0.2860418577812635036237751654201744E-006  -0.3077085603820577393771843990102198E-005


Final bound-state solution
     Stop at point = 160 =     8.944271909999158785636694674925105     
             Zeta1 =     3.437217468817082050269010991514613        0.1365513986919349429255262839998530     
            Energy =   -0.8898383435702632831009894795941206E-001  -0.1544581039261757155916999047040089E-001
 Wavefunction tail =    0.3255038094008055794924860642070663E-020   0.2837070526375676915312514302508551E-020

Outgoing solution amplitude =   -0.1881411589328249298399756229487687         1.864963033566097313032723821277806     
Incoming solution amplitude =   -0.2860418577812635036237751654201744E-006  -0.3077085603820577393771843990102198E-005


Final bound-state solution
     Stop at point = 160 =     8.944271909999158785636694674925105     
             Zeta1 =     3.437217468817082050269010991514613        0.1365513986919349429255262839998530     
            Energy =   -0.8898383435702632831009894795941206E-001  -0.1544581039261757155916999047040089E-001
 Wavefunction tail =    0.3255038094008055794924860642070663E-020   0.2837070526375676915312514302508551E-020

Outgoing solution amplitude =   -0.1881411589328249298399756229487687         1.864963033566097313032723821277806     
Incoming solution amplitude =   -0.2860418577812635036237751654201744E-006  -0.3077085603820577393771843990102198E-005


Final bound-state solution
     Stop at point = 160 =     8.944271909999158785636694674925105     
             Zeta1 =     3.437217468817082050269010991514504        0.1365513986919349429255262839998557     
            Energy =   -0.8898383435702632831009894795939973E-001  -0.1544581039261757155916999047040089E-001
 Wavefunction tail =    0.4070596043864909698309208118043778E-020   0.2540242625901122593817220050494262E-020

Outgoing solution amplitude =   -0.1881411589328249298399756229496484         1.864963033566097313032723821277145     
Incoming solution amplitude =   -0.2860418577812635036237747406969096E-006  -0.3077085603820577393771843667346562E-005


Final bound-state solution
     Stop at point = 160 =     8.944271909999158785636694674925105     
             Zeta1 =     3.437217468817082050269010991514722        0.1365513986919349429255262839998503     
            Energy =   -0.8898383435702632831009894795942439E-001  -0.1544581039261757155916999047040089E-001
 Wavefunction tail =    0.1623848032453749920959842290115144E-020   0.1589357650448888901356396905732872E-020

Outgoing solution amplitude =   -0.1881411589328249298399756229478893         1.864963033566097313032723821278468     
Incoming solution amplitude =   -0.2860418577812635036237755811212617E-006  -0.3077085603820577393771844311495995E-005


Final bound-state solution
     Stop at point = 160 =     8.944271909999158785636694674925105     
             Zeta1 =     3.437217468817082050269010991514610        0.1365513986919349429255262839997441     
            Energy =   -0.8898383435702632831009894795941206E-001  -0.1544581039261757155916999047038856E-001
 Wavefunction tail =    0.4018110298380993247995068408635797E-020   0.2444689424883195637319633890934038E-020

Outgoing solution amplitude =   -0.1881411589328249298399756229481078         1.864963033566097313032723821276926     
Incoming solution amplitude =   -0.2860418577812635036237754863032823E-006  -0.3077085603820577393771843565208703E-005


Final bound-state solution
     Stop at point = 160 =     8.944271909999158785636694674925105     
             Zeta1 =     3.437217468817082050269010991514615        0.1365513986919349429255262839999619     
            Energy =   -0.8898383435702632831009894795941206E-001  -0.1544581039261757155916999047041322E-001
 Wavefunction tail =    0.5801033925318096760698700166585789E-020   0.3612779455336591809281246526517791E-020

Outgoing solution amplitude =   -0.1881411589328249298399756229494309         1.864963033566097313032723821278687     
Incoming solution amplitude =   -0.2860418577812635036237748387492545E-006  -0.3077085603820577393771844412272017E-005


Final bound-state solution
     Stop at point = 160 =     8.944271909999158785636694674925105     
             Zeta1 =     3.437217026043151548891977955592895        0.1365509459954364036592664912028568     
            Energy =   -0.8898378555877724386119995054276499E-001  -0.1544575794948664921985074026762471E-001
 Wavefunction tail =    0.9404386782337100614986435959428616E-021   0.5784328590822281373123888998746882E-021

Outgoing solution amplitude =   -0.1881418259661006090304234984300740         1.864956674245021279887150142884189     
Incoming solution amplitude =   -0.4082587182717130757353289503252729E-008   0.2023329972679953865584637316790425E-008


Final bound-state solution
     Stop at point = 160 =     8.944271909999158785636694674925105     
             Zeta1 =     3.437217026043151548891977955592895        0.1365509459954364036592664912028568     
            Energy =   -0.8898378555877724386119995054276499E-001  -0.1544575794948664921985074026762471E-001
 Wavefunction tail =    0.9404386782337100614986435959428616E-021   0.5784328590822281373123888998746882E-021

Outgoing solution amplitude =   -0.1881418259661006090304234984300740         1.864956674245021279887150142884189     
Incoming solution amplitude =   -0.4082587182717130757353289503252729E-008   0.2023329972679953865584637316790425E-008


Final bound-state solution
     Stop at point = 160 =     8.944271909999158785636694674925105     
             Zeta1 =     3.437217026043151548891977955592895        0.1365509459954364036592664912028568     
            Energy =   -0.8898378555877724386119995054276499E-001  -0.1544575794948664921985074026762471E-001
 Wavefunction tail =    0.9404386782337100614986435959428616E-021   0.5784328590822281373123888998746882E-021

Outgoing solution amplitude =   -0.1881418259661006090304234984300740         1.864956674245021279887150142884189     
Incoming solution amplitude =   -0.4082587182717130757353289503252729E-008   0.2023329972679953865584637316790425E-008


Final bound-state solution
     Stop at point = 160 =     8.944271909999158785636694674925105     
             Zeta1 =     3.437217026043151548891977955592786        0.1365509459954364036592664912028595     
            Energy =   -0.8898378555877724386119995054275266E-001  -0.1544575794948664921985074026762471E-001
 Wavefunction tail =   -0.2260473551780944262986866787204343E-020  -0.1598709882420978386723760616983756E-020

Outgoing solution amplitude =   -0.1881418259661006090304234984309521         1.864956674245021279887150142883527     
Incoming solution amplitude =   -0.4082587182717130757352870738029671E-008   0.2023329972679953865584962796102005E-008


Final bound-state solution
     Stop at point = 160 =     8.944271909999158785636694674925105     
             Zeta1 =     3.437217026043151548891977955593004        0.1365509459954364036592664912028541     
            Energy =   -0.8898378555877724386119995054277731E-001  -0.1544575794948664921985074026762471E-001
 Wavefunction tail =    0.1838970800966948434548082416659859E-020   0.6989629321646471946104704996902734E-021

Outgoing solution amplitude =   -0.1881418259661006090304234984291941         1.864956674245021279887150142884850     
Incoming solution amplitude =   -0.4082587182717130757353707076867429E-008   0.2023329972679953865584324094021958E-008


Final bound-state solution
     Stop at point = 160 =     8.944271909999158785636694674925105     
             Zeta1 =     3.437217026043151548891977955592892        0.1365509459954364036592664912027478     
            Energy =   -0.8898378555877724386119995054276499E-001  -0.1544575794948664921985074026761239E-001
 Wavefunction tail =   -0.5008146890873699176546386290914600E-020  -0.4315140630229318649868817495915568E-020

Outgoing solution amplitude =   -0.1881418259661006090304234984294117         1.864956674245021279887150142883310     
Incoming solution amplitude =   -0.4082587182717130757353609364982050E-008   0.2023329972679953865585066295799412E-008


Final bound-state solution
     Stop at point = 160 =     8.944271909999158785636694674925105     
             Zeta1 =     3.437217026043151548891977955592897        0.1365509459954364036592664912029657     
            Energy =   -0.8898378555877724386119995054276499E-001  -0.1544575794948664921985074026763704E-001
 Wavefunction tail =   -0.5799665447541016913791612824466137E-020  -0.3410346215172583715570009696599430E-020

Outgoing solution amplitude =   -0.1881418259661006090304234984307337         1.864956674245021279887150142885069     
Incoming solution amplitude =   -0.4082587182717130757352964194170913E-008   0.2023329972679953865584219232486428E-008


Final bound-state solution
     Stop at point = 160 =     8.944271909999158785636694674925105     
             Zeta1 =     3.437217025645425531718775931119164        0.1365509468418197114398014462766272     
            Energy =   -0.8898378551141371215732379678128734E-001  -0.1544575804408420739044363482762659E-001
 Wavefunction tail =   -0.1462029616353001530150162617204006E-020  -0.1954842144852161647886432508866813E-020

Outgoing solution amplitude =   -0.1881418344205032059320008463681317         1.864956678451644108408092035761524     
Incoming solution amplitude =    0.3211304162714930120296546861205160E-010   0.4326705651754690458146833612055711E-010


Final bound-state solution
     Stop at point = 160 =     8.944271909999158785636694674925105     
             Zeta1 =     3.437217025645425531718775931119164        0.1365509468418197114398014462766272     
            Energy =   -0.8898378551141371215732379678128734E-001  -0.1544575804408420739044363482762659E-001
 Wavefunction tail =   -0.1462029616353001530150162617204006E-020  -0.1954842144852161647886432508866813E-020

Outgoing solution amplitude =   -0.1881418344205032059320008463681317         1.864956678451644108408092035761524     
Incoming solution amplitude =    0.3211304162714930120296546861205160E-010   0.4326705651754690458146833612055711E-010


Final bound-state solution
     Stop at point = 160 =     8.944271909999158785636694674925105     
             Zeta1 =     3.437217025645425531718775931119164        0.1365509468418197114398014462766272     
            Energy =   -0.8898378551141371215732379678128734E-001  -0.1544575804408420739044363482762659E-001
 Wavefunction tail =   -0.1462029616353001530150162617204006E-020  -0.1954842144852161647886432508866813E-020

Outgoing solution amplitude =   -0.1881418344205032059320008463681317         1.864956678451644108408092035761524     
Incoming solution amplitude =    0.3211304162714930120296546861205160E-010   0.4326705651754690458146833612055711E-010


Final bound-state solution
     Stop at point = 160 =     8.944271909999158785636694674925105     
             Zeta1 =     3.437217025645425531718775931119055        0.1365509468418197114398014462766299     
            Energy =   -0.8898378551141371215732379678127502E-001  -0.1544575804408420739044363482762659E-001
 Wavefunction tail =   -0.2002515419063587137219664888018957E-020  -0.3712222973638863869097401543994798E-021

Outgoing solution amplitude =   -0.1881418344205032059320008463690121         1.864956678451644108408092035760863     
Incoming solution amplitude =    0.3211304162714930120338951095783937E-010   0.4326705651754690458179517727026105E-010


Final bound-state solution
     Stop at point = 160 =     8.944271909999158785636694674925105     
             Zeta1 =     3.437217025645425531718775931119273        0.1365509468418197114398014462766245     
            Energy =   -0.8898378551141371215732379678129967E-001  -0.1544575804408420739044363482762659E-001
 Wavefunction tail =   -0.2526972442201271908376782657946500E-020  -0.2075476347432457537546459897290873E-020

Outgoing solution amplitude =   -0.1881418344205032059320008463672532         1.864956678451644108408092035762186     
Incoming solution amplitude =    0.3211304162714930120254363925321494E-010   0.4326705651754690458114285680897693E-010


Final bound-state solution
     Stop at point = 160 =     8.944271909999158785636694674925105     
             Zeta1 =     3.437217025645425531718775931119162        0.1365509468418197114398014462765183     
            Energy =   -0.8898378551141371215732379678128734E-001  -0.1544575804408420739044363482761427E-001
 Wavefunction tail =    0.1011113580163760940256994670107899E-019   0.6193665609261837237994405300431806E-020

Outgoing solution amplitude =   -0.1881418344205032059320008463674682         1.864956678451644108408092035760645     
Incoming solution amplitude =    0.3211304162714930120263879769211311E-010   0.4326705651754690458189731512954352E-010


Final bound-state solution
     Stop at point = 160 =     8.944271909999158785636694674925105     
             Zeta1 =     3.437217025645425531718775931119167        0.1365509468418197114398014462767361     
            Energy =   -0.8898378551141371215732379678128734E-001  -0.1544575804408420739044363482763892E-001
 Wavefunction tail =   -0.8113117656055786695125271299450639E-024  -0.7129501847271616654408827386519049E-021

Outgoing solution amplitude =   -0.1881418344205032059320008463687939         1.864956678451644108408092035762404     
Incoming solution amplitude =    0.3211304162714930120328788378785330E-010   0.4326705651754690458105842284530340E-010


Final bound-state solution
     Stop at point = 160 =     8.944271909999158785636694674925105     
             Zeta1 =     3.437217025656080093254796222761675        0.1365509468445653315200307279394085     
            Energy =   -0.8898378551261090842554762142468837E-001  -0.1544575804442472747420758278145167E-001
 Wavefunction tail =   -0.2984825937928967959537646788195115E-020  -0.1739623400949925568847391301769687E-020

Outgoing solution amplitude =   -0.1881418343533739664133042298117487         1.864956678540172196236492098917898     
Incoming solution amplitude =    0.2193626713489986156729484273260151E-012   0.3383003604883152709539363531689140E-013


Final bound-state solution
     Stop at point = 160 =     8.944271909999158785636694674925105     
             Zeta1 =     3.437217025656080093254796222761675        0.1365509468445653315200307279394085     
            Energy =   -0.8898378551261090842554762142468837E-001  -0.1544575804442472747420758278145167E-001
 Wavefunction tail =   -0.2984825937928967959537646788195115E-020  -0.1739623400949925568847391301769687E-020

Outgoing solution amplitude =   -0.1881418343533739664133042298117487         1.864956678540172196236492098917898     
Incoming solution amplitude =    0.2193626713489986156729484273260151E-012   0.3383003604883152709539363531689140E-013


Final bound-state solution
     Stop at point = 160 =     8.944271909999158785636694674925105     
             Zeta1 =     3.437217025656080093254796222761675        0.1365509468445653315200307279394085     
            Energy =   -0.8898378551261090842554762142468837E-001  -0.1544575804442472747420758278145167E-001
 Wavefunction tail =   -0.2984825937928967959537646788195115E-020  -0.1739623400949925568847391301769687E-020

Outgoing solution amplitude =   -0.1881418343533739664133042298117487         1.864956678540172196236492098917898     
Incoming solution amplitude =    0.2193626713489986156729484273260151E-012   0.3383003604883152709539363531689140E-013


Final bound-state solution
     Stop at point = 160 =     8.944271909999158785636694674925105     
             Zeta1 =     3.437217025656080093254796222761566        0.1365509468445653315200307279394112     
            Energy =   -0.8898378551261090842554762142467604E-001  -0.1544575804442472747420758278145167E-001
 Wavefunction tail =    0.6872546891754802361232835572852664E-020   0.4717890773085680083361211071409761E-020

Outgoing solution amplitude =   -0.1881418343533739664133042298126250         1.864956678540172196236492098917239     
Incoming solution amplitude =    0.2193626713489986161007358279541496E-012   0.3383003604883152741951110877330526E-013


Final bound-state solution
     Stop at point = 160 =     8.944271909999158785636694674925105     
             Zeta1 =     3.437217025656080093254796222761784        0.1365509468445653315200307279394058     
            Energy =   -0.8898378551261090842554762142470069E-001  -0.1544575804442472747420758278145167E-001
 Wavefunction tail =    0.1866627663856813329083566999059709E-020   0.1463553330161471174029986544114015E-020

Outgoing solution amplitude =   -0.1881418343533739664133042298108597         1.864956678540172196236492098918562     
Incoming solution amplitude =    0.2193626713489986152565664209844246E-012   0.3383003604883152677399983810801042E-013


Final bound-state solution
     Stop at point = 160 =     8.944271909999158785636694674925105     
             Zeta1 =     3.437217025656080093254796222761672        0.1365509468445653315200307279392995     
            Energy =   -0.8898378551261090842554762142468837E-001  -0.1544575804442472747420758278143934E-001
 Wavefunction tail =    0.1514141522400710576791151909332331E-020   0.3361898925847007394143879126892668E-021

Outgoing solution amplitude =   -0.1881418343533739664133042298110857         1.864956678540172196236492098917021     
Incoming solution amplitude =    0.2193626713489986153581935909704955E-012   0.3383003604883152752437264430332151E-013


Final bound-state solution
     Stop at point = 160 =     8.944271909999158785636694674925105     
             Zeta1 =     3.437217025656080093254796222761677        0.1365509468445653315200307279395174     
            Energy =   -0.8898378551261090842554762142468837E-001  -0.1544575804442472747420758278146399E-001
 Wavefunction tail =   -0.4306684033675721295816402695497193E-020  -0.3301643458741504534778752872457118E-020

Outgoing solution amplitude =   -0.1881418343533739664133042298124105         1.864956678540172196236492098918778     
Incoming solution amplitude =    0.2193626713489986160045560104631445E-012   0.3383003604883152667594749319682640E-013


Final bound-state solution
     Stop at point = 160 =     8.944271909999158785636694674925105     
             Zeta1 =     3.437217025656119525546902200514606        0.1365509468445426089581906405758622     
            Energy =   -0.8898378551261543186318597349971961E-001  -0.1544575804442226885402396756179759E-001
 Wavefunction tail =    0.2856730460066727266235137805799497E-020   0.1659363064254508631656342232695936E-020

Outgoing solution amplitude =   -0.1881418343529193716758820288469349         1.864956678540239526335507779148239     
Incoming solution amplitude =   -0.1341730578800132658575326174419034E-016  -0.1624799665759394784203864475323547E-014


Final bound-state solution
     Stop at point = 160 =     8.944271909999158785636694674925105     
             Zeta1 =     3.437217025656119525546902200514606        0.1365509468445426089581906405758622     
            Energy =   -0.8898378551261543186318597349971961E-001  -0.1544575804442226885402396756179759E-001
 Wavefunction tail =    0.2856730460066727266235137805799497E-020   0.1659363064254508631656342232695936E-020

Outgoing solution amplitude =   -0.1881418343529193716758820288469349         1.864956678540239526335507779148239     
Incoming solution amplitude =   -0.1341730578800132658575326174419034E-016  -0.1624799665759394784203864475323547E-014


Final bound-state solution
     Stop at point = 160 =     8.944271909999158785636694674925105     
             Zeta1 =     3.437217025656119525546902200514606        0.1365509468445426089581906405758622     
            Energy =   -0.8898378551261543186318597349971961E-001  -0.1544575804442226885402396756179759E-001
 Wavefunction tail =    0.2856730460066727266235137805799497E-020   0.1659363064254508631656342232695936E-020

Outgoing solution amplitude =   -0.1881418343529193716758820288469349         1.864956678540239526335507779148239     
Incoming solution amplitude =   -0.1341730578800132658575326174419034E-016  -0.1624799665759394784203864475323547E-014


Final bound-state solution
     Stop at point = 160 =     8.944271909999158785636694674925105     
             Zeta1 =     3.437217025656119525546902200514497        0.1365509468445426089581906405758650     
            Energy =   -0.8898378551261543186318597349970729E-001  -0.1544575804442226885402396756179759E-001
 Wavefunction tail =   -0.1497084658787432962438634372303180E-020  -0.9794412771734413568816906297194925E-021

Outgoing solution amplitude =   -0.1881418343529193716758820288478132         1.864956678540239526335507779147577     
Incoming solution amplitude =   -0.1341730578800090696938137620837865E-016  -0.1624799665759394458724552895143234E-014


Final bound-state solution
     Stop at point = 160 =     8.944271909999158785636694674925105     
             Zeta1 =     3.437217025656119525546902200514715        0.1365509468445426089581906405758595     
            Energy =   -0.8898378551261543186318597349973194E-001  -0.1544575804442226885402396756179759E-001
 Wavefunction tail =    0.5806755146450553672981107188102648E-020   0.3747990634402968404870763784111755E-020

Outgoing solution amplitude =   -0.1881418343529193716758820288460545         1.864956678540239526335507779148900     
Incoming solution amplitude =   -0.1341730578800175760751943382397739E-016  -0.1624799665759395106959499807970971E-014


Final bound-state solution
     Stop at point = 160 =     8.944271909999158785636694674925105     
             Zeta1 =     3.437217025656119525546902200514603        0.1365509468445426089581906405757533     
            Energy =   -0.8898378551261543186318597349971961E-001  -0.1544575804442226885402396756178527E-001
 Wavefunction tail =    0.3073859211838365108328186469137437E-020   0.1710444861205565156289871692904003E-020

Outgoing solution amplitude =   -0.1881418343529193716758820288462729         1.864956678540239526335507779147359     
Incoming solution amplitude =   -0.1341730578800166261931030111445086E-016  -0.1624799665759394363395884231492097E-014


Final bound-state solution
     Stop at point = 160 =     8.944271909999158785636694674925105     
             Zeta1 =     3.437217025656119525546902200514609        0.1365509468445426089581906405759712     
            Energy =   -0.8898378551261543186318597349971961E-001  -0.1544575804442226885402396756180992E-001
 Wavefunction tail =    0.1600326715730729876605675778500780E-020   0.1577062102347181005441737741264803E-020

Outgoing solution amplitude =   -0.1881418343529193716758820288475963         1.864956678540239526335507779149118     
Incoming solution amplitude =   -0.1341730578800100672402394210046211E-016  -0.1624799665759395205011844719154998E-014


Final bound-state solution
     Stop at point = 160 =     8.944271909999158785636694674925105     
             Zeta1 =     3.437217025656119313403176562837979        0.1365509468445423518761260735548660     
            Energy =   -0.8898378551261540859596888667440439E-001  -0.1544575804442223918279366511744426E-001
 Wavefunction tail =   -0.1495475185495477350444930101683828E-020  -0.1078589893540875314557424856711131E-020

Outgoing solution amplitude =   -0.1881418343529194393531310730248892         1.864956678540236161336795289855929     
Incoming solution amplitude =   -0.2155982178921135845686771372638637E-017   0.2675213915806203394241475698844519E-017


Final bound-state solution
     Stop at point = 160 =     8.944271909999158785636694674925105     
             Zeta1 =     3.437217025656119313403176562837979        0.1365509468445423518761260735548660     
            Energy =   -0.8898378551261540859596888667440439E-001  -0.1544575804442223918279366511744426E-001
 Wavefunction tail =   -0.1495475185495477350444930101683828E-020  -0.1078589893540875314557424856711131E-020

Outgoing solution amplitude =   -0.1881418343529194393531310730248892         1.864956678540236161336795289855929     
Incoming solution amplitude =   -0.2155982178921135845686771372638637E-017   0.2675213915806203394241475698844519E-017


Final bound-state solution
     Stop at point = 160 =     8.944271909999158785636694674925105     
             Zeta1 =     3.437217025656119313403176562837979        0.1365509468445423518761260735548660     
            Energy =   -0.8898378551261540859596888667440439E-001  -0.1544575804442223918279366511744426E-001
 Wavefunction tail =   -0.1495475185495477350444930101683828E-020  -0.1078589893540875314557424856711131E-020

Outgoing solution amplitude =   -0.1881418343529194393531310730248892         1.864956678540236161336795289855929     
Incoming solution amplitude =   -0.2155982178921135845686771372638637E-017   0.2675213915806203394241475698844519E-017


Final bound-state solution
     Stop at point = 160 =     8.944271909999158785636694674925105     
             Zeta1 =     3.437217025656119313403176562837871        0.1365509468445423518761260735548687     
            Energy =   -0.8898378551261540859596888667439207E-001  -0.1544575804442223918279366511744426E-001
 Wavefunction tail =    0.6449663730097520867658134540617412E-020   0.4011838276932516603597668046733123E-020

Outgoing solution amplitude =   -0.1881418343529194393531310730257644         1.864956678540236161336795289855270     
Incoming solution amplitude =   -0.2155982178920717591153009603271809E-017   0.2675213915806522064362437046933530E-017


Final bound-state solution
     Stop at point = 160 =     8.944271909999158785636694674925105     
             Zeta1 =     3.437217025656119313403176562838088        0.1365509468445423518761260735548633     
            Energy =   -0.8898378551261540859596888667441672E-001  -0.1544575804442223918279366511744426E-001
 Wavefunction tail =    0.7850853325102983098137836504861085E-020   0.4302093005788095862280761532324180E-020

Outgoing solution amplitude =   -0.1881418343529194393531310730240090         1.864956678540236161336795289856594     
Incoming solution amplitude =   -0.2155982178921554270450298612811068E-017   0.2675213915805873829415524219196908E-017


Final bound-state solution
     Stop at point = 160 =     8.944271909999158785636694674925105     
             Zeta1 =     3.437217025656119313403176562837976        0.1365509468445423518761260735547571     
            Energy =   -0.8898378551261540859596888667440439E-001  -0.1544575804442223918279366511743193E-001
 Wavefunction tail =    0.3760538651613584116992853152019995E-020   0.2579511847890476655362924488957978E-020

Outgoing solution amplitude =   -0.1881418343529194393531310730242257         1.864956678540236161336795289855053     
Incoming solution amplitude =   -0.2155982178921454175348201779116444E-017   0.2675213915806616031192976931626445E-017


Final bound-state solution
     Stop at point = 160 =     8.944271909999158785636694674925105     
             Zeta1 =     3.437217025656119313403176562837981        0.1365509468445423518761260735549749     
            Energy =   -0.8898378551261540859596888667440439E-001  -0.1544575804442223918279366511745658E-001
 Wavefunction tail =   -0.4239917189764056081528324252293856E-020  -0.1928187447787960207304259135190030E-020

Outgoing solution amplitude =   -0.1881418343529194393531310730255520         1.864956678540236161336795289856809     
Incoming solution amplitude =   -0.2155982178920802535805979535267758E-017   0.2675213915805788033613726933172943E-017


Final bound-state solution
     Stop at point = 160 =     8.944271909999158785636694674925105     
             Zeta1 =     3.437217025656119313412690142498190        0.1365509468445423525865896882939677     
            Energy =   -0.8898378551261540859504325863672934E-001  -0.1544575804442223926316725658341076E-001
 Wavefunction tail =    0.6580646745978012549865901766953012E-021   0.1094828244798840079992861355430932E-021

Outgoing solution amplitude =   -0.1881418343529194437317370972208545         1.864956678540236167020472614277618     
Incoming solution amplitude =   -0.2589329058947094888046401289680365E-020  -0.4502940283371596924955961245640278E-019


Final bound-state solution
     Stop at point = 160 =     8.944271909999158785636694674925105     
             Zeta1 =     3.437217025656119313412690142498190        0.1365509468445423525865896882939677     
            Energy =   -0.8898378551261540859504325863672934E-001  -0.1544575804442223926316725658341076E-001
 Wavefunction tail =    0.6580646745978012549865901766953012E-021   0.1094828244798840079992861355430932E-021

Outgoing solution amplitude =   -0.1881418343529194437317370972208545         1.864956678540236167020472614277618     
Incoming solution amplitude =   -0.2589329058947094888046401289680365E-020  -0.4502940283371596924955961245640278E-019


Final bound-state solution
     Stop at point = 160 =     8.944271909999158785636694674925105     
             Zeta1 =     3.437217025656119313412690142498190        0.1365509468445423525865896882939677     
            Energy =   -0.8898378551261540859504325863672934E-001  -0.1544575804442223926316725658341076E-001
 Wavefunction tail =    0.6580646745978012549865901766953012E-021   0.1094828244798840079992861355430932E-021

Outgoing solution amplitude =   -0.1881418343529194437317370972208545         1.864956678540236167020472614277618     
Incoming solution amplitude =   -0.2589329058947094888046401289680365E-020  -0.4502940283371596924955961245640278E-019


Final bound-state solution
     Stop at point = 160 =     8.944271909999158785636694674925105     
             Zeta1 =     3.437217025656119313412690142498081        0.1365509468445423525865896882939704     
            Energy =   -0.8898378551261540859504325863671701E-001  -0.1544575804442223926316725658341076E-001
 Wavefunction tail =   -0.2791345285239051626720784429052965E-020  -0.1905509326153401173248350893240609E-020

Outgoing solution amplitude =   -0.1881418343529194437317370972217335         1.864956678540236167020472614276958     
Incoming solution amplitude =   -0.2589329058523222772024095337949819E-020  -0.4502940283339048993797943214326672E-019


Final bound-state solution
     Stop at point = 160 =     8.944271909999158785636694674925105     
             Zeta1 =     3.437217025656119313412690142498299        0.1365509468445423525865896882939650     
            Energy =   -0.8898378551261540859504325863674167E-001  -0.1544575804442223926316725658341076E-001
 Wavefunction tail =   -0.3180073044500738589168239702744399E-020  -0.3176949716144714108883867234244213E-020

Outgoing solution amplitude =   -0.1881418343529194437317370972199787         1.864956678540236167020472614278278     
Incoming solution amplitude =   -0.2589329059361944826498754544446365E-020  -0.4502940283403872488489225987988917E-019


Final bound-state solution
     Stop at point = 160 =     8.944271909999158785636694674925105     
             Zeta1 =     3.437217025656119313412690142498188        0.1365509468445423525865896882938588     
            Energy =   -0.8898378551261540859504325863672934E-001  -0.1544575804442223926316725658339844E-001
 Wavefunction tail =    0.3323206378845835753863662587735361E-020   0.2199596751733399534201261066092884E-020

Outgoing solution amplitude =   -0.1881418343529194437317370972201920         1.864956678540236167020472614276739     
Incoming solution amplitude =   -0.2589329059271893280564698380404012E-020  -0.4502940283329924678368708034000263E-019


Final bound-state solution
     Stop at point = 160 =     8.944271909999158785636694674925105     
             Zeta1 =     3.437217025656119313412690142498193        0.1365509468445423525865896882940766     
            Energy =   -0.8898378551261540859504325863672934E-001  -0.1544575804442223926316725658342309E-001
 Wavefunction tail =    0.1999441357479236679922074584585790E-020   0.1082280730386521379196476418218795E-020

Outgoing solution amplitude =   -0.1881418343529194437317370972215156         1.864956678540236167020472614278499     
Incoming solution amplitude =   -0.2589329058623998793182812254987764E-020  -0.4502940283414222458229850968657679E-019


Final bound-state solution
     Stop at point = 160 =     8.944271909999158785636694674925105     
             Zeta1 =     3.437217025656119313406455133268887        0.1365509468445423525797648389031175     
            Energy =   -0.8898378551261540859435736444140155E-001  -0.1544575804442223926237786462364597E-001
 Wavefunction tail =    0.2287738109198557959935432604822128E-020   0.1665179461071092555106855961491533E-020

Outgoing solution amplitude =   -0.1881418343529194437383083216582383         1.864956678540236166927359603009393     
Incoming solution amplitude =   -0.5887221674291618600980306120050572E-023   0.3448554129605135841665937238689095E-022


Final bound-state solution
     Stop at point = 160 =     8.944271909999158785636694674925105     
             Zeta1 =     3.437217025656119313406455133268887        0.1365509468445423525797648389031175     
            Energy =   -0.8898378551261540859435736444140155E-001  -0.1544575804442223926237786462364597E-001
 Wavefunction tail =    0.2287738109198557959935432604822128E-020   0.1665179461071092555106855961491533E-020

Outgoing solution amplitude =   -0.1881418343529194437383083216582383         1.864956678540236166927359603009393     
Incoming solution amplitude =   -0.5887221674291618600980306120050572E-023   0.3448554129605135841665937238689095E-022


Final bound-state solution
     Stop at point = 160 =     8.944271909999158785636694674925105     
             Zeta1 =     3.437217025656119313406455133268887        0.1365509468445423525797648389031175     
            Energy =   -0.8898378551261540859435736444140155E-001  -0.1544575804442223926237786462364597E-001
 Wavefunction tail =    0.2287738109198557959935432604822128E-020   0.1665179461071092555106855961491533E-020

Outgoing solution amplitude =   -0.1881418343529194437383083216582383         1.864956678540236166927359603009393     
Incoming solution amplitude =   -0.5887221674291618600980306120050572E-023   0.3448554129605135841665937238689095E-022


Final bound-state solution
     Stop at point = 160 =     8.944271909999158785636694674925105     
             Zeta1 =     3.437217025656119313406455133268778        0.1365509468445423525797648389031202     
            Energy =   -0.8898378551261540859435736444138923E-001  -0.1544575804442223926237786462364597E-001
 Wavefunction tail =   -0.6899291080509620947408467117763186E-022  -0.1721885677370755708173243988016136E-021

Outgoing solution amplitude =   -0.1881418343529194437383083216591157         1.864956678540236166927359603008732     
Incoming solution amplitude =   -0.5887221251270651406028382405027538E-023   0.3448554160791228875917523727458598E-022


Final bound-state solution
     Stop at point = 160 =     8.944271909999158785636694674925105     
             Zeta1 =     3.437217025656119313406455133268996        0.1365509468445423525797648389031148     
            Energy =   -0.8898378551261540859435736444141388E-001  -0.1544575804442223926237786462364597E-001
 Wavefunction tail =   -0.2506725602163183209474260732644072E-021  -0.1378870636549172570698907487290507E-021

Outgoing solution amplitude =   -0.1881418343529194437383083216573606         1.864956678540236166927359603010056     
Incoming solution amplitude =   -0.5887222095950747672165785010236508E-023   0.3448554096240101809388039030180236E-022


Final bound-state solution
     Stop at point = 160 =     8.944271909999158785636694674925105     
             Zeta1 =     3.437217025656119313406455133268884        0.1365509468445423525797648389030086     
            Energy =   -0.8898378551261540859435736444140155E-001  -0.1544575804442223926237786462363365E-001
 Wavefunction tail =   -0.1463851725006003644726115854995671E-020  -0.1008238345573076124594190615154837E-020

Outgoing solution amplitude =   -0.1881418343529194437383083216575762         1.864956678540236166927359603008514     
Incoming solution amplitude =   -0.5887222001473227835868675287162951E-023   0.3448554171413566241295793361187949E-022


Final bound-state solution
     Stop at point = 160 =     8.944271909999158785636694674925105     
             Zeta1 =     3.437217025656119313406455133268889        0.1365509468445423525797648389032265     
            Energy =   -0.8898378551261540859435736444140155E-001  -0.1544575804442223926237786462365830E-001
 Wavefunction tail =   -0.1248725478389767624229616839019994E-020  -0.1690985024374450623169344522005329E-020

Outgoing solution amplitude =   -0.1881418343529194437383083216588999         1.864956678540236166927359603010275     
Incoming solution amplitude =   -0.5887221354770348812278189092646855E-023   0.3448554087932889254412725598673948E-022


Final bound-state solution
     Stop at point = 160 =     8.944271909999158785636694674925105     
             Zeta1 =     3.437217025656119313406458666568990        0.1365509468445423525797711450613938     
            Energy =   -0.8898378551261540859435774625882593E-001  -0.1544575804442223926237858774521121E-001
 Wavefunction tail =    0.2327779034903170288931415966493094E-020   0.1422335061308662275688763949910074E-020

Outgoing solution amplitude =   -0.1881418343529194437383198854991978         1.864956678540236166927431672969531     
Incoming solution amplitude =    0.1637856458619472283191464900511862E-024  -0.2879514652446980970447881099304024E-024


Final bound-state solution
     Stop at point = 160 =     8.944271909999158785636694674925105     
             Zeta1 =     3.437217025656119313406458666568990        0.1365509468445423525797711450613938     
            Energy =   -0.8898378551261540859435774625882593E-001  -0.1544575804442223926237858774521121E-001
 Wavefunction tail =    0.2327779034903170288931415966493094E-020   0.1422335061308662275688763949910074E-020

Outgoing solution amplitude =   -0.1881418343529194437383198854991978         1.864956678540236166927431672969531     
Incoming solution amplitude =    0.1637856458619472283191464900511862E-024  -0.2879514652446980970447881099304024E-024


Final bound-state solution
     Stop at point = 160 =     8.944271909999158785636694674925105     
             Zeta1 =     3.437217025656119313406458666568990        0.1365509468445423525797711450613938     
            Energy =   -0.8898378551261540859435774625882593E-001  -0.1544575804442223926237858774521121E-001
 Wavefunction tail =    0.2327779034903170288931415966493094E-020   0.1422335061308662275688763949910074E-020

Outgoing solution amplitude =   -0.1881418343529194437383198854991978         1.864956678540236166927431672969531     
Incoming solution amplitude =    0.1637856458619472283191464900511862E-024  -0.2879514652446980970447881099304024E-024


Final bound-state solution
     Stop at point = 160 =     8.944271909999158785636694674925105     
             Zeta1 =     3.437217025656119313406458666568881        0.1365509468445423525797711450613965     
            Energy =   -0.8898378551261540859435774625881360E-001  -0.1544575804442223926237858774521121E-001
 Wavefunction tail =   -0.3740269254646549755595760649046411E-020  -0.2011869804941890350947778078615612E-020

Outgoing solution amplitude =   -0.1881418343529194437383198855000755         1.864956678540236166927431672968870     
Incoming solution amplitude =    0.1637860756921050421032943292597000E-024  -0.2879511384035483930980301490272948E-024


Final bound-state solution
     Stop at point = 160 =     8.944271909999158785636694674925105     
             Zeta1 =     3.437217025656119313406458666569099        0.1365509468445423525797711450613911     
            Energy =   -0.8898378551261540859435774625883825E-001  -0.1544575804442223926237858774521121E-001
 Wavefunction tail =   -0.2158894731268075083955587708810140E-020  -0.1036516923506512211530296559616706E-020

Outgoing solution amplitude =   -0.1881418343529194437383198854983186         1.864956678540236166927431672970195     
Incoming solution amplitude =    0.1637852238623586261920563936559760E-024  -0.2879517716582759444948736982770657E-024


Final bound-state solution
     Stop at point = 160 =     8.944271909999158785636694674925105     
             Zeta1 =     3.437217025656119313406458666568987        0.1365509468445423525797711450612848     
            Energy =   -0.8898378551261540859435774625882593E-001  -0.1544575804442223926237858774519889E-001
 Wavefunction tail =   -0.1175715957609563794129979390940922E-021   0.4556316473508103450325048860203231E-021

Outgoing solution amplitude =   -0.1881418343529194437383198854985365         1.864956678540236166927431672968652     
Incoming solution amplitude =    0.1637853222551630683176949881361823E-024  -0.2879510376275272343811131110821700E-024


Final bound-state solution
     Stop at point = 160 =     8.944271909999158785636694674925105     
             Zeta1 =     3.437217025656119313406458666568992        0.1365509468445423525797711450615027     
            Energy =   -0.8898378551261540859435774625882593E-001  -0.1544575804442223926237858774522354E-001
 Wavefunction tail =   -0.1120867973667726584621671570767262E-020  -0.1620880234936445962006980725048044E-020

Outgoing solution amplitude =   -0.1881418343529194437383198854998587         1.864956678540236166927431672970411     
Incoming solution amplitude =    0.1637859742351648215031548788960270E-024  -0.2879518792434877220440148604076719E-024


Final bound-state solution
     Stop at point = 160 =     8.944271909999158785636694674925105     
             Zeta1 =     3.437217025656119313406458655271855        0.1365509468445423525797710780050462     
            Energy =   -0.8898378551261540859435774517013745E-001  -0.1544575804442223926237858012993910E-001
 Wavefunction tail =    0.3133065169114705547088289367447083E-020   0.1858793312495188344273847713689837E-020

Outgoing solution amplitude =   -0.1881418343529194437383195545493624         1.864956678540236166927431071328833     
Incoming solution amplitude =   -0.7237999398053183438406062098586588E-028   0.8428906409715082941053730240223501E-027


Final bound-state solution
     Stop at point = 160 =     8.944271909999158785636694674925105     
             Zeta1 =     3.437217025656119313406458655271855        0.1365509468445423525797710780050462     
            Energy =   -0.8898378551261540859435774517013745E-001  -0.1544575804442223926237858012993910E-001
 Wavefunction tail =    0.3133065169114705547088289367447083E-020   0.1858793312495188344273847713689837E-020

Outgoing solution amplitude =   -0.1881418343529194437383195545493624         1.864956678540236166927431071328833     
Incoming solution amplitude =   -0.7237999398053183438406062098586588E-028   0.8428906409715082941053730240223501E-027


Final bound-state solution
     Stop at point = 160 =     8.944271909999158785636694674925105     
             Zeta1 =     3.437217025656119313406458655271855        0.1365509468445423525797710780050462     
            Energy =   -0.8898378551261540859435774517013745E-001  -0.1544575804442223926237858012993910E-001
 Wavefunction tail =    0.3133065169114705547088289367447083E-020   0.1858793312495188344273847713689837E-020

Outgoing solution amplitude =   -0.1881418343529194437383195545493624         1.864956678540236166927431071328833     
Incoming solution amplitude =   -0.7237999398053183438406062098586588E-028   0.8428906409715082941053730240223501E-027


Final bound-state solution
     Stop at point = 160 =     8.944271909999158785636694674925105     
             Zeta1 =     3.437217025656119313406458655271746        0.1365509468445423525797710780050489     
            Energy =   -0.8898378551261540859435774517012513E-001  -0.1544575804442223926237858012993910E-001
 Wavefunction tail =    0.2669761647949567693226644441832615E-020   0.2462660307843979814297988280206484E-020

Outgoing solution amplitude =   -0.1881418343529194437383195545502411         1.864956678540236166927431071328171     
Incoming solution amplitude =   -0.7196344174442477307326357416079373E-028   0.8432120347687171750840345787447595E-027


Final bound-state solution
     Stop at point = 160 =     8.944271909999158785636694674925105     
             Zeta1 =     3.437217025656119313406458655271964        0.1365509468445423525797710780050435     
            Energy =   -0.8898378551261540859435774517014978E-001  -0.1544575804442223926237858012993910E-001
 Wavefunction tail =   -0.4348089312005519524079650286035154E-020  -0.2422981146436851379110806423005669E-020

Outgoing solution amplitude =   -0.1881418343529194437383195545484864         1.864956678540236166927431071329493     
Incoming solution amplitude =   -0.7281016459787656014310603877375196E-028   0.8425610761455568144577624467222521E-027


Final bound-state solution
     Stop at point = 160 =     8.944271909999158785636694674925105     
             Zeta1 =     3.437217025656119313406458655271853        0.1365509468445423525797710780049373     
            Energy =   -0.8898378551261540859435774517013745E-001  -0.1544575804442223926237858012992678E-001
 Wavefunction tail =   -0.2323923475247128441483938241440552E-021  -0.6942593515099359099647118174041602E-021

Outgoing solution amplitude =   -0.1881418343529194437383195545487008         1.864956678540236166927431071327953     
Incoming solution amplitude =   -0.7271177179343443450451155856742106E-028   0.8433128107898758920010725238695829E-027


Final bound-state solution
     Stop at point = 160 =     8.944271909999158785636694674925105     
             Zeta1 =     3.437217025656119313406458655271858        0.1365509468445423525797710780051552     
            Energy =   -0.8898378551261540859435774517013745E-001  -0.1544575804442223926237858012995143E-001
 Wavefunction tail =    0.9223637544429110990118048840287681E-021   0.1430629378547584549000024663252670E-020

Outgoing solution amplitude =   -0.1881418343529194437383195545500233         1.864956678540236166927431071329713     
Incoming solution amplitude =   -0.7206030248097766146143011263380806E-028   0.8424698329912644626544983612713985E-027


Final bound-state solution
     Stop at point = 160 =     8.944271909999158785636694674925105     
             Zeta1 =     3.437217025656119313406458655368934        0.1365509468445423525797710781483805     
            Energy =   -0.8898378551261540859435774518071237E-001  -0.1544575804442223926237858014642236E-001
 Wavefunction tail =    0.7883594128893954311021350714645586E-020   0.5542799130149235895567388930182440E-020

Outgoing solution amplitude =   -0.1881418343529194437383195546794565         1.864956678540236166927431073072062     
Incoming solution amplitude =    0.1634205748519733789804515537675656E-029   0.8266357411262320086761174428076029E-030


Final bound-state solution
     Stop at point = 160 =     8.944271909999158785636694674925105     
             Zeta1 =     3.437217025656119313406458655368934        0.1365509468445423525797710781483805     
            Energy =   -0.8898378551261540859435774518071237E-001  -0.1544575804442223926237858014642236E-001
 Wavefunction tail =    0.7883594128893954311021350714645586E-020   0.5542799130149235895567388930182440E-020

Outgoing solution amplitude =   -0.1881418343529194437383195546794565         1.864956678540236166927431073072062     
Incoming solution amplitude =    0.1634205748519733789804515537675656E-029   0.8266357411262320086761174428076029E-030


Final bound-state solution
     Stop at point = 160 =     8.944271909999158785636694674925105     
             Zeta1 =     3.437217025656119313406458655368934        0.1365509468445423525797710781483805     
            Energy =   -0.8898378551261540859435774518071237E-001  -0.1544575804442223926237858014642236E-001
 Wavefunction tail =    0.7883594128893954311021350714645586E-020   0.5542799130149235895567388930182440E-020

Outgoing solution amplitude =   -0.1881418343529194437383195546794565         1.864956678540236166927431073072062     
Incoming solution amplitude =    0.1634205748519733789804515537675656E-029   0.8266357411262320086761174428076029E-030


Final bound-state solution
     Stop at point = 160 =     8.944271909999158785636694674925105     
             Zeta1 =     3.437217025656119313406458655368825        0.1365509468445423525797710781483832     
            Energy =   -0.8898378551261540859435774518070005E-001  -0.1544575804442223926237858014642236E-001
 Wavefunction tail =   -0.6461212967613612953758501902586600E-020  -0.3851207712216282760945658101006794E-020

Outgoing solution amplitude =   -0.1881418343529194437383195546803378         1.864956678540236166927431073071395     
Incoming solution amplitude =    0.2051098444157736711807771636818123E-029   0.1160286081449010990761206031749716E-029


Final bound-state solution
     Stop at point = 160 =     8.944271909999158785636694674925105     
             Zeta1 =     3.437217025656119313406458655369043        0.1365509468445423525797710781483778     
            Energy =   -0.8898378551261540859435774518072470E-001  -0.1544575804442223926237858014642236E-001
 Wavefunction tail =    0.4448628171508475110106244407253835E-020   0.1846017846406187390199911369414380E-020

Outgoing solution amplitude =   -0.1881418343529194437383195546785797         1.864956678540236166927431073072718     
Incoming solution amplitude =    0.1212546619448548310914329601548302E-029   0.4984327532985188058903772389910752E-030


Final bound-state solution
     Stop at point = 160 =     8.944271909999158785636694674925105     
             Zeta1 =     3.437217025656119313406458655368931        0.1365509468445423525797710781482715     
            Energy =   -0.8898378551261540859435774518071237E-001  -0.1544575804442223926237858014641003E-001
 Wavefunction tail =   -0.1497975867436054395848298086541729E-020  -0.1475340055626096962226064865271428E-020

Outgoing solution amplitude =   -0.1881418343529194437383195546787980         1.864956678540236166927431073071179     
Incoming solution amplitude =    0.1306683679753903809431193881999827E-029   0.1254252911988895683674965675166066E-029


Final bound-state solution
     Stop at point = 160 =     8.944271909999158785636694674925105     
             Zeta1 =     3.437217025656119313406458655368937        0.1365509468445423525797710781484894     
            Energy =   -0.8898378551261540859435774518071237E-001  -0.1544575804442223926237858014643468E-001
 Wavefunction tail =   -0.7969458394387448310523858461523776E-021  -0.4098966039046193672654327785273683E-021

Outgoing solution amplitude =   -0.1881418343529194437383195546801203         1.864956678540236166927431073072937     
Incoming solution amplitude =    0.1956620924321439602084698082296249E-029   0.4099132752536998922759659807003104E-030


Final bound-state solution
     Stop at point = 160 =     8.944271909999158785636694674925105     
             Zeta1 =     3.437217025656119313406458655369299        0.1365509468445423525797710781482970     
            Energy =   -0.8898378551261540859435774518075390E-001  -0.1544575804442223926237858014641395E-001
 Wavefunction tail =    0.1234325680305839401689095832438894E-020   0.1000566448322071523597726247624441E-020

Outgoing solution amplitude =   -0.1881418343529194437383195546760342         1.864956678540236166927431073073686     
Incoming solution amplitude =   -0.1327792170672283704216168874361471E-031   0.2315124810402956202223063678373847E-031


Final bound-state solution
     Stop at point = 160 =     8.944271909999158785636694674925105     
             Zeta1 =     3.437217025656119313406458655369299        0.1365509468445423525797710781482970     
            Energy =   -0.8898378551261540859435774518075390E-001  -0.1544575804442223926237858014641395E-001
 Wavefunction tail =    0.1234325680305839401689095832438894E-020   0.1000566448322071523597726247624441E-020

Outgoing solution amplitude =   -0.1881418343529194437383195546760342         1.864956678540236166927431073073686     
Incoming solution amplitude =   -0.1327792170672283704216168874361471E-031   0.2315124810402956202223063678373847E-031


Final bound-state solution
     Stop at point = 160 =     8.944271909999158785636694674925105     
             Zeta1 =     3.437217025656119313406458655369299        0.1365509468445423525797710781482970     
            Energy =   -0.8898378551261540859435774518075390E-001  -0.1544575804442223926237858014641395E-001
 Wavefunction tail =    0.1234325680305839401689095832438894E-020   0.1000566448322071523597726247624441E-020

Outgoing solution amplitude =   -0.1881418343529194437383195546760342         1.864956678540236166927431073073686     
Incoming solution amplitude =   -0.1327792170672283704216168874361471E-031   0.2315124810402956202223063678373847E-031


Final bound-state solution
     Stop at point = 160 =     8.944271909999158785636694674925105     
             Zeta1 =     3.437217025656119313406458655369191        0.1365509468445423525797710781482997     
            Energy =   -0.8898378551261540859435774518074158E-001  -0.1544575804442223926237858014641395E-001
 Wavefunction tail =    0.3813919560503269362967049790863737E-020   0.3149722647264381096814231582479548E-020

Outgoing solution amplitude =   -0.1881418343529194437383195546769215         1.864956678540236166927431073073026     
Incoming solution amplitude =    0.4068491394752253914200825140671685E-030   0.3540779121792756544576450331630588E-030


Final bound-state solution
     Stop at point = 160 =     8.944271909999158785636694674925105     
             Zeta1 =     3.437217025656119313406458655369408        0.1365509468445423525797710781482943     
            Energy =   -0.8898378551261540859435774518076623E-001  -0.1544575804442223926237858014641395E-001
 Wavefunction tail =   -0.5788657568258168335851481991798159E-020  -0.3290043543307053530339185316411890E-020

Outgoing solution amplitude =   -0.1881418343529194437383195546751579         1.864956678540236166927431073074348     
Incoming solution amplitude =   -0.4337454424196126767106151656247471E-030  -0.3036899015999171959386724707513928E-030


Final bound-state solution
     Stop at point = 160 =     8.944271909999158785636694674925105     
             Zeta1 =     3.437217025656119313406458655369297        0.1365509468445423525797710781481881     
            Energy =   -0.8898378551261540859435774518075390E-001  -0.1544575804442223926237858014640162E-001
 Wavefunction tail =    0.6666377957177859810103723403106570E-020   0.4146184733552829655383784473667250E-020

Outgoing solution amplitude =   -0.1881418343529194437383195546753703         1.864956678540236166927431073072808     
Incoming solution amplitude =   -0.3362037868048410661316581444697314E-030   0.4398737139765616784223820988910308E-030


Final bound-state solution
     Stop at point = 160 =     8.944271909999158785636694674925105     
             Zeta1 =     3.437217025656119313406458655369302        0.1365509468445423525797710781484060     
            Energy =   -0.8898378551261540859435774518075390E-001  -0.1544575804442223926237858014642627E-001
 Wavefunction tail =    0.8976680019408149517094504414669799E-021   0.8495331154768592569708811506377750E-021

Outgoing solution amplitude =   -0.1881418343529194437383195546766956         1.864956678540236166927431073074564     
Incoming solution amplitude =    0.3159464447138151993622063372839601E-030  -0.3894857033972032199034095364793646E-030


Final bound-state solution
     Stop at point = 160 =     8.944271909999158785636694674925105     
             Zeta1 =     3.437217025656119313406458655369300        0.1365509468445423525797710781483024     
            Energy =   -0.8898378551261540859435774518075399E-001  -0.1544575804442223926237858014641456E-001
 Wavefunction tail =   -0.7585697412270504814358437903985708E-020  -0.5003238439925098908561297641551884E-020

Outgoing solution amplitude =   -0.1881418343529194437383195546760724         1.864956678540236166927431073073734     
Incoming solution amplitude =    0.1021378592824833618627822211047285E-032  -0.1361838123766444824837096281396380E-032

Optimization converged after 13 iterations. Final residue =      0.14489087E-065
Optimization of outgoing solution converged.

Final bound-state solution
     Stop at point = 160 =     8.944271909999158785636694674925105     
             Zeta1 =     3.437217025656119313406458655369300        0.1365509468445423525797710781483024     
            Energy =   -0.8898378551261540859435774518075399E-001  -0.1544575804442223926237858014641456E-001
 Wavefunction tail =   -0.7585697412270504814358437903985708E-020  -0.5003238439925098908561297641551884E-020

Outgoing solution amplitude =   -0.1881418343529194437383195546760724         1.864956678540236166927431073073734     
Incoming solution amplitude =    0.1021378592824833618627822211047285E-032  -0.1361838123766444824837096281396380E-032


Outgoing solution is at the energy =   -0.8898378551261540859435774518075399E-001  -0.1544575804442223926237858014641456E-001
                Outgoing amplitude =   -0.1881418343529194437383195546760724         1.864956678540236166927431073073734     
                Incoming amplitude =    0.1021378592824833618627822211047285E-032  -0.1361838123766444824837096281396380E-032


              Timing data at 2022/08/26 18:17:24

                                                       Total time (seconds)           Self time (seconds)
 Timer                                   Calls         --------------------           -------------------
 -----                                   -----           Real           CPU            Real           CPU

 start                                      1.          236.8        3852.3             0.0           0.0
 Outgoing solution                          1.          236.8        3852.3             0.0           0.0
 Bound direction                           91.          234.2        3827.4           234.2        3827.4
 Continuum direction                       91.            2.6          24.8             2.6          24.8

