Version: Plain vanilla, built on balrog at Fri Aug 26 05:59:02 PM CEST 2022

Compiler: GCC version 12.1.1 20220721 [revision 4f15d2234608e82159d030dadb17af678cfad626]
Build flags: -cpp -I . -D_REENTRANT -D __BUILD_ID__="Plain vanilla, built on balrog at Fri Aug 26 05:59:02 PM CEST 2022" -mtune=generic -march=x86-64 -O -fopenmp -fpre-include=/usr/include/finclude/math-vector-fortran.h

  Integer kind = 4 (9 decimals)
     Real kind = 8 (15 decimals)
Aux. real kind = 8 (15 decimals)


    $Id: $
    $Id: accuracy.f90,v 1.45 2021/04/26 15:44:44 ps Exp $
    $Id: constants.f90,v 1.7 2021/04/26 15:44:44 ps Exp $
    $Id: $
    $Id: $
    $Id: $
    $Id: find_root.f90,v 1.15 2021/08/10 13:17:38 ps Exp ps $
    $Id: lapack.f90,v 1.10 2021/04/26 15:44:44 ps Exp $
    $Id: math.f90,v 1.13 2022/02/19 18:54:26 ps Exp $
    $Id: $
    $Id: sort_tools.f90,v 1.3 2021/04/26 15:44:44 ps Exp $
    $Id: timer.f90,v 1.5 2021/04/26 15:44:44 ps Exp $
    $Id: $
    $Id: $
    $Id: $
    $Id: $
    $Id: $
    $Id: $
    $Id: $
    $Id: $
    $Id: $
 ===== begin simulation parameters ===== 
&HT_V2
 VERBOSE=1          ,
 OMP_NUM_THREADS=0          ,
 COMMENT="Search for the resonance position (outgoing boundary), F=0.020, M=0, NB=1, NC=0                                                                                                                                                                                ",
 TASK="outgoing                                                                                                                                                                                                                                                       ",
 MVAL=0          ,
 EFIELD=  2.0000000000000000E-002,
 ZNUC=  1.0000000000000000     ,
 ENERGY_SINGLE=(-0.50000000000000000,0.0000000000000000),
 ENERGY_GUESS=(-8.89800000000000035E-002,-1.54500000000000002E-002),
 ZETA_GUESS=(3.3999999999999999,0.0000000000000000),
 ZETA_TOL= -1.0000000000000000     ,
 ENERGY_TOL= -1.0000000000000000     ,
 XI2_MAX=  80.000000000000000     ,
 XI_NPTS=160        ,
 XI_MAXORDER=60         ,
 ETA2_MAX=  120.00000000000000     ,
 ETA_NPTS=240        ,
 ETA_MAXORDER=60         ,
 ASYMP_ORDER=200        ,
 FILE_BOUND="h010-0_020-dble-b.table                                                                                                                                                                                                                                        ",
 FILE_CONTINUUM="h010-0_020-dble-c.table                                                                                                                                                                                                                                        ",
 /
 ====== end simulation parameters ====== 

Search for the resonance position (outgoing boundary), F=0.020, M=0, NB=1, NC=0


Final bound-state solution
     Stop at point = 108 =     7.337334528793230781218426272971556     
             Zeta1 =     3.437184507011675993481958357733674        0.1365892664878179396659163558069849     
            Energy =   -0.8898000000000000353495011040649842E-001  -0.1545000000000000019151347174783950E-001
 Wavefunction tail =   -0.1473055735460158427651154093400432E-007  -0.4680198438163131410870016873562380E-008

Outgoing solution amplitude =   -0.1886394741650609940819549592561089         1.865056093578265850041475459875073     
Incoming solution amplitude =    0.2412205233564987611263874534017759E-003  -0.4490557272815763552352777421283747E-004


Final bound-state solution
     Stop at point = 104 =     7.198881813939522089640377089381218     
             Zeta1 =     3.437184507011552536681620040326379        0.1365892664878209927792340749874711     
            Energy =   -0.8897999999998579268023490840278100E-001  -0.1545000000000000019151347174783950E-001
 Wavefunction tail =   -0.4747339326222464232004059111590805E-008   0.9293840587605796001110211871016394E-009

Outgoing solution amplitude =   -0.1886394741660692431217682951682946         1.865056093577509344072495878208429     
Incoming solution amplitude =    0.2412205238302740769804066722770131E-003  -0.4490557237017654148257539414856865E-004


Final bound-state solution
     Stop at point = 104 =     7.198881813939522089640377089381218     
             Zeta1 =     3.437184507011803891174395175767131        0.1365892664878147755302961741108447     
            Energy =   -0.8898000000001421438966531241021585E-001  -0.1545000000000000019151347174783950E-001
 Wavefunction tail =   -0.4591867250518495561598638959790314E-008   0.1057536393676581969942042225777193E-008

Outgoing solution amplitude =   -0.1886394741640304850704978889552876         1.865056093579038343222009643795900     
Incoming solution amplitude =    0.2412205228634897258375296980048574E-003  -0.4490557309555928092604376589136450E-004


Final bound-state solution
     Stop at point = 104 =     7.198881813939522089640377089381218     
             Zeta1 =     3.437184507011676437571168207796291        0.1365892664876923456862556349733495     
            Energy =   -0.8898000000000000353495011040649842E-001  -0.1544999999998578933679826974412208E-001
 Wavefunction tail =   -0.2804325950716947964615957864767566E-008   0.1817505033180135001676370513847177E-008

Outgoing solution amplitude =   -0.1886394741642726247121686355967540         1.865056093577267981586942369176541     
Incoming solution amplitude =    0.2412205229726110966310265171230753E-003  -0.4490557223985887591545182462304808E-004


Final bound-state solution
     Stop at point = 104 =     7.198881813939522089640377089381218     
             Zeta1 =     3.437184507011682210730896258610301        0.1365892664879435058900014610117069     
            Energy =   -0.8898000000000000353495011040649842E-001  -0.1545000000001421104622867375155693E-001
 Wavefunction tail =   -0.3218905529851466221957037334034518E-008   0.1659096362861082605215394517495127E-008

Outgoing solution amplitude =   -0.1886394741658005413942333916565985         1.865056093579294582696093129925430     
Incoming solution amplitude =    0.2412205237215452686885125421767384E-003  -0.4490557321645638835534014576822415E-004


Final bound-state solution
     Stop at point = 104 =     7.198881813939522089640377089381218     
             Zeta1 =     3.437217688034202467406430514529347        0.1365515398740833330482047358600539     
            Energy =   -0.8898385875069349248978056721171015E-001  -0.1544582697658263177598048088157157E-001
 Wavefunction tail =   -0.4344145379798083798234320165995367E-008   0.1160795883903949845142474550153434E-008

Outgoing solution amplitude =   -0.1881403086828152826370796901755966         1.864965525453300410063661729509477     
Incoming solution amplitude =   -0.6812560810610135551533832372339550E-006  -0.4287383875026885542299480424954794E-005


Final bound-state solution
     Stop at point = 104 =     7.198881813939522089640377089381218     
             Zeta1 =     3.437217688034202467406430514529347        0.1365515398740833330482047358600539     
            Energy =   -0.8898385875069349248978056721171015E-001  -0.1544582697658263177598048088157157E-001
 Wavefunction tail =   -0.4344145379798083798234320165995367E-008   0.1160795883903949845142474550153434E-008

Outgoing solution amplitude =   -0.1881403086828152826370796901755966         1.864965525453300410063661729509477     
Incoming solution amplitude =   -0.6812560810610135551533832372339550E-006  -0.4287383875026885542299480424954794E-005


Final bound-state solution
     Stop at point = 104 =     7.198881813939522089640377089381218     
             Zeta1 =     3.437217688034202467406430514529347        0.1365515398740833330482047358600539     
            Energy =   -0.8898385875069349248978056721171015E-001  -0.1544582697658263177598048088157157E-001
 Wavefunction tail =   -0.4344145379798083798234320165995367E-008   0.1160795883903949845142474550153434E-008

Outgoing solution amplitude =   -0.1881403086828152826370796901755966         1.864965525453300410063661729509477     
Incoming solution amplitude =   -0.6812560810610135551533832372339550E-006  -0.4287383875026885542299480424954794E-005


Final bound-state solution
     Stop at point = 104 =     7.198881813939522089640377089381218     
             Zeta1 =     3.437217688034076790160042946808971        0.1365515398740864694282493019272806     
            Energy =   -0.8898385875067928163506536520799273E-001  -0.1544582697658263177598048088157157E-001
 Wavefunction tail =   -0.3983604144754414143382185769723391E-008   0.1247907239247945372429152174442550E-008

Outgoing solution amplitude =   -0.1881403086838287219695331486946088         1.864965525452537908890349171997514     
Incoming solution amplitude =   -0.6812555904071198124556749814439982E-006  -0.4287383507625246916047066780830477E-005


Final bound-state solution
     Stop at point = 105 =     7.233743430973843757669783371966332     
             Zeta1 =     3.437217688034327256474398382124491        0.1365515398740803909571894791952218     
            Energy =   -0.8898385875070770334449576921542757E-001  -0.1544582697658263177598048088157157E-001
 Wavefunction tail =   -0.5036593833233213037159606593551678E-008   0.5469630814175611404272419184568500E-009

Outgoing solution amplitude =   -0.1881403086818096426213742233812809         1.864965525454062023058554586896207     
Incoming solution amplitude =   -0.6812565693597681869107677080088514E-006  -0.4287384251849075530115505683337318E-005


Final bound-state solution
     Stop at point = 104 =     7.198881813939522089640377089381218     
             Zeta1 =     3.437217688034199358781961564091034        0.1365515398739575170239390899951104     
            Energy =   -0.8898385875069349248978056721171015E-001  -0.1544582697656842092126527887785414E-001
 Wavefunction tail =   -0.4084154800464451248202076336481572E-008   0.7738557525393900347123680221405294E-009

Outgoing solution amplitude =   -0.1881403086820519210409230481673148         1.864965525452285000085339561337605     
Incoming solution amplitude =   -0.6812564500327413574356930428543855E-006  -0.4287383389868315085953400650486955E-005


Final bound-state solution
     Stop at point = 104 =     7.198881813939522089640377089381218     
             Zeta1 =     3.437217688034206908298529015155509        0.1365515398742089547834410723226028     
            Energy =   -0.8898385875069349248978056721171015E-001  -0.1544582697659684263069568288528899E-001
 Wavefunction tail =   -0.2435529928916080788756913600508376E-008   0.1923926426166819412175764880874353E-008

Outgoing solution amplitude =   -0.1881403086835673477139607712160796         1.864965525454321149112502098432742     
Incoming solution amplitude =   -0.6812557071827469266171706761825444E-006  -0.4287384355475177776764912629392512E-005


Final bound-state solution
     Stop at point = 104 =     7.198881813939522089640377089381218     
             Zeta1 =     3.437217028391297279910077122622170        0.1365509372694534151460032944669365     
            Energy =   -0.8898378584891347697904961933090817E-001  -0.1544575696927480250308928333424774E-001
 Wavefunction tail =   -0.3207453052370323954105924078427509E-008   0.1696821523257994862574989965295011E-008

Outgoing solution amplitude =   -0.1881417526747404533882246369103086         1.864956619890647981918618825147860     
Incoming solution amplitude =   -0.3986707881415332585473622643498781E-007   0.2783728239555786184690254296807826E-007


Final bound-state solution
     Stop at point = 104 =     7.198881813939522089640377089381218     
             Zeta1 =     3.437217028391297279910077122622170        0.1365509372694534151460032944669365     
            Energy =   -0.8898378584891347697904961933090817E-001  -0.1544575696927480250308928333424774E-001
 Wavefunction tail =   -0.3207453052370323954105924078427509E-008   0.1696821523257994862574989965295011E-008

Outgoing solution amplitude =   -0.1881417526747404533882246369103086         1.864956619890647981918618825147860     
Incoming solution amplitude =   -0.3986707881415332585473622643498781E-007   0.2783728239555786184690254296807826E-007


Final bound-state solution
     Stop at point = 104 =     7.198881813939522089640377089381218     
             Zeta1 =     3.437217028391297279910077122622170        0.1365509372694534151460032944669365     
            Energy =   -0.8898378584891347697904961933090817E-001  -0.1544575696927480250308928333424774E-001
 Wavefunction tail =   -0.3207453052370323954105924078427509E-008   0.1696821523257994862574989965295011E-008

Outgoing solution amplitude =   -0.1881417526747404533882246369103086         1.864956619890647981918618825147860     
Incoming solution amplitude =   -0.3986707881415332585473622643498781E-007   0.2783728239555786184690254296807826E-007


Final bound-state solution
     Stop at point = 104 =     7.198881813939522089640377089381218     
             Zeta1 =     3.437217028391170714485269854776561        0.1365509372694563572370185511317686     
            Energy =   -0.8898378584889926612433441732719075E-001  -0.1544575696927480250308928333424774E-001
 Wavefunction tail =   -0.5329503230441564279205622970108508E-008   0.5480365558279854175094180645535190E-009

Outgoing solution amplitude =   -0.1881417526757583058572009804265690         1.864956619889879041451763441727962     
Incoming solution amplitude =   -0.3986658953409088120096792151950127E-007   0.2783765607756302243330041325773683E-007


Final bound-state solution
     Stop at point = 104 =     7.198881813939522089640377089381218     
             Zeta1 =     3.437217028391422957156464690342546        0.1365509372694502232548074971418828     
            Energy =   -0.8898378584892768783376482133462559E-001  -0.1544575696927480250308928333424774E-001
 Wavefunction tail =   -0.3104566221884941002506778153511094E-008   0.1622681546230143903006198493146374E-008

Outgoing solution amplitude =   -0.1881417526737250434099024687384372         1.864956619891409816958116607565898     
Incoming solution amplitude =   -0.3986756358019993971123526126099090E-007   0.2783691185373760459074841564983127E-007


Final bound-state solution
     Stop at point = 104 =     7.198881813939522089640377089381218     
             Zeta1 =     3.437217028391294171285608172183856        0.1365509372693277934107669580043876     
            Energy =   -0.8898378584891347697904961933090817E-001  -0.1544575696926059164837408133053032E-001
 Wavefunction tail =   -0.3399042986352826843304556956280871E-008   0.1552229711062754904844242492129025E-008

Outgoing solution amplitude =   -0.1881417526739777856814583856248646         1.864956619889633238074111432069913     
Incoming solution amplitude =   -0.3986745269242004703517739342549797E-007   0.2783776755412758696532082055945245E-007


Final bound-state solution
     Stop at point = 105 =     7.233743430973843757669783371966332     
             Zeta1 =     3.437217028391300388534546073060483        0.1365509372695804801711716436329880     
            Energy =   -0.8898378584891347697904961933090817E-001  -0.1544575696928901335780448533796516E-001
 Wavefunction tail =   -0.4045830935732491185193243979356659E-008   0.4280707703400161360190776758125400E-008

Outgoing solution amplitude =   -0.1881417526755084779210847045760602         1.864956619891670497324298594321590     
Incoming solution amplitude =   -0.3986669708542428679168159819795614E-007   0.2783680508745040498026097344156510E-007


Final bound-state solution
     Stop at point = 104 =     7.198881813939522089640377089381218     
             Zeta1 =     3.437217025724968788580326872761361        0.1365509468509985002704354428715305     
            Energy =   -0.8898378552038349598163335940625984E-001  -0.1544575804534633473030780237422732E-001
 Wavefunction tail =   -0.4051083576422966482079417182855102E-008   0.1298943999075673742276637411116255E-008

Outgoing solution amplitude =   -0.1881418338483787089376875201196526         1.864956679022963248471000952122267     
Incoming solution amplitude =   -0.2408780896876593621088621008353124E-009  -0.2366223540783969808620344346330880E-009


Final bound-state solution
     Stop at point = 104 =     7.198881813939522089640377089381218     
             Zeta1 =     3.437217025724968788580326872761361        0.1365509468509985002704354428715305     
            Energy =   -0.8898378552038349598163335940625984E-001  -0.1544575804534633473030780237422732E-001
 Wavefunction tail =   -0.4051083576422966482079417182855102E-008   0.1298943999075673742276637411116255E-008

Outgoing solution amplitude =   -0.1881418338483787089376875201196526         1.864956679022963248471000952122267     
Incoming solution amplitude =   -0.2408780896876593621088621008353124E-009  -0.2366223540783969808620344346330880E-009


Final bound-state solution
     Stop at point = 104 =     7.198881813939522089640377089381218     
             Zeta1 =     3.437217025724968788580326872761361        0.1365509468509985002704354428715305     
            Energy =   -0.8898378552038349598163335940625984E-001  -0.1544575804534633473030780237422732E-001
 Wavefunction tail =   -0.4051083576422966482079417182855102E-008   0.1298943999075673742276637411116255E-008

Outgoing solution amplitude =   -0.1881418338483787089376875201196526         1.864956679022963248471000952122267     
Incoming solution amplitude =   -0.2408780896876593621088621008353124E-009  -0.2366223540783969808620344346330880E-009


Final bound-state solution
     Stop at point = 104 =     7.198881813939522089640377089381218     
             Zeta1 =     3.437217025724843555423149155103602        0.1365509468510016366504800089387572     
            Energy =   -0.8898378552036928512691815740254242E-001  -0.1544575804534633473030780237422732E-001
 Wavefunction tail =   -0.3592986971509777046933020323827256E-008   0.1493121898709450070617188288505956E-008

Outgoing solution amplitude =   -0.1881418338493888453566427187979571         1.864956679022202745699132719892077     
Incoming solution amplitude =   -0.2403893984098940606273979133847675E-009  -0.2362596627204410637091173023541105E-009


Final bound-state solution
     Stop at point = 104 =     7.198881813939522089640377089381218     
             Zeta1 =     3.437217025725094465826714440481737        0.1365509468509953638903908768043038     
            Energy =   -0.8898378552039770683634856140997726E-001  -0.1544575804534633473030780237422732E-001
 Wavefunction tail =   -0.3870669952869988560735276824200171E-008   0.1393012568271008681971295777447372E-008

Outgoing solution amplitude =   -0.1881418338473654083831121397452080         1.864956679023727970090362759947311     
Incoming solution amplitude =   -0.2413595192878033489602045296888244E-009  -0.2369991762684811634286552448812541E-009


Final bound-state solution
     Stop at point = 104 =     7.198881813939522089640377089381218     
             Zeta1 =     3.437217025724967012223487472510897        0.1365509468508728507796234907800681     
            Energy =   -0.8898378552038349598163335940625984E-001  -0.1544575804533212387559260037050990E-001
 Wavefunction tail =   -0.1741364665602746319307527241699012E-008   0.2055594934563328142335874592380555E-008

Outgoing solution amplitude =   -0.1881418338476077700693878114179824         1.864956679021954055741616684827022     
Incoming solution amplitude =   -0.2412502016003674562042483517604156E-009  -0.2361450459709571748205988143157153E-009


Final bound-state solution
     Stop at point = 104 =     7.198881813939522089640377089381218     
             Zeta1 =     3.437217025724972341294005673262291        0.1365509468511240942500961637051660     
            Energy =   -0.8898378552038349598163335940625984E-001  -0.1544575804536054558502300437794474E-001
 Wavefunction tail =   -0.3622389538866474244158907722047555E-008   0.1491890067811474079261676136320611E-008

Outgoing solution amplitude =   -0.1881418338491373520859895052126376         1.864956679023978436404718195262831     
Incoming solution amplitude =   -0.2405042114209352865355511747282903E-009  -0.2371028023707542309164147123967323E-009


Final bound-state solution
     Stop at point = 104 =     7.198881813939522089640377089381218     
             Zeta1 =     3.437217025655682878237939803511836        0.1365509468439977391884809776456677     
            Energy =   -0.8898378551256756752163568080504774E-001  -0.1544575804435941758507855325888158E-001
 Wavefunction tail =   -0.3263452051422751654326986551048553E-008   0.1638456575000812798022756655439477E-008

Outgoing solution amplitude =   -0.1881418343529615289089207408324000         1.864956678533190359559057469596155     
Incoming solution amplitude =   -0.2512147933894036085792240082183047E-013   0.3414951097637210615327085988484813E-011


Final bound-state solution
     Stop at point = 104 =     7.198881813939522089640377089381218     
             Zeta1 =     3.437217025655682878237939803511836        0.1365509468439977391884809776456677     
            Energy =   -0.8898378551256756752163568080504774E-001  -0.1544575804435941758507855325888158E-001
 Wavefunction tail =   -0.3263452051422751654326986551048553E-008   0.1638456575000812798022756655439477E-008

Outgoing solution amplitude =   -0.1881418343529615289089207408324000         1.864956678533190359559057469596155     
Incoming solution amplitude =   -0.2512147933894036085792240082183047E-013   0.3414951097637210615327085988484813E-011


Final bound-state solution
     Stop at point = 104 =     7.198881813939522089640377089381218     
             Zeta1 =     3.437217025655682878237939803511836        0.1365509468439977391884809776456677     
            Energy =   -0.8898378551256756752163568080504774E-001  -0.1544575804435941758507855325888158E-001
 Wavefunction tail =   -0.3263452051422751654326986551048553E-008   0.1638456575000812798022756655439477E-008

Outgoing solution amplitude =   -0.1881418343529615289089207408324000         1.864956678533190359559057469596155     
Incoming solution amplitude =   -0.2512147933894036085792240082183047E-013   0.3414951097637210615327085988484813E-011


Final bound-state solution
     Stop at point = 103 =     7.163850550994285804051742161391303     
             Zeta1 =     3.437217025655558533259181785979308        0.1365509468439985718557494465130731     
            Energy =   -0.8898378551255335666692047880133032E-001  -0.1544575804435941758507855325888158E-001
 Wavefunction tail =   -0.2240432750544911364448154978247854E-008  -0.3568794801830762368931643769794960E-009

Outgoing solution amplitude =   -0.1881418343539567050726191155263223         1.864956678532414313664844485174399     
Incoming solution amplitude =    0.4527754127729337488819163440148556E-012   0.3779212548051847351335846151649855E-011


Final bound-state solution
     Stop at point = 109 =     7.371541402007414589547806826885790     
             Zeta1 =     3.437217025655805446859858420793898        0.1365509468439941309636509458869114     
            Energy =   -0.8898378551258177837635088280876516E-001  -0.1544575804435941758507855325888158E-001
 Wavefunction tail =   -0.1678584793348699597745750334773507E-007  -0.9137730713083764582192324455595100E-008

Outgoing solution amplitude =   -0.1881418343519679625686080726154614         1.864956678533934875119371099572163     
Incoming solution amplitude =   -0.4977193094027568258175055220556287E-012   0.3039699000011789233166601359784833E-011


Final bound-state solution
     Stop at point = 104 =     7.198881813939522089640377089381218     
             Zeta1 =     3.437217025655680213702680703136139        0.1365509468438722007199714880698593     
            Energy =   -0.8898378551256756752163568080504774E-001  -0.1544575804434520673036335125516416E-001
 Wavefunction tail =   -0.2829876478760564758307122139942454E-008   0.1919623741409797158175273086751222E-008

Outgoing solution amplitude =   -0.1881418343521958080888367703664699         1.864956678532177170026784551737364     
Incoming solution amplitude =   -0.4041025465537367833508279090865641E-012   0.3892259205077079664660928118512411E-011


Final bound-state solution
     Stop at point = 104 =     7.198881813939522089640377089381218     
             Zeta1 =     3.437217025655685098683989053824916        0.1365509468441233609237173141082167     
            Energy =   -0.8898378551256756752163568080504774E-001  -0.1544575804437362843979375526259901E-001
 Wavefunction tail =   -0.4626337490093744127861529575555105E-008   0.1269045853090222895347775867135043E-008

Outgoing solution amplitude =   -0.1881418343537298865086881960451137         1.864956678534198220020812186703552     
Incoming solution amplitude =    0.3573922959078943126800150064154858E-012   0.2921942065610505607111039600399509E-011


Final bound-state solution
     Stop at point = 105 =     7.233743430973843757669783371966332     
             Zeta1 =     3.437217025656130520161468666628934        0.1365509468445387786239564320567297     
            Energy =   -0.8898378551261686142392903775544255E-001  -0.1544575804442187977327805015193007E-001
 Wavefunction tail =   -0.6001051717989486115196487924731278E-008  -0.3108512319833289033507592700078959E-009

Outgoing solution amplitude =   -0.1881418343528041547951801248927950         1.864956678540281576061943269451149     
Incoming solution amplitude =   -0.5220557425123554474225690584178522E-013  -0.2826166425630796157985651900589156E-013


Final bound-state solution
     Stop at point = 105 =     7.233743430973843757669783371966332     
             Zeta1 =     3.437217025656130520161468666628934        0.1365509468445387786239564320567297     
            Energy =   -0.8898378551261686142392903775544255E-001  -0.1544575804442187977327805015193007E-001
 Wavefunction tail =   -0.6001051717989486115196487924731278E-008  -0.3108512319833289033507592700078959E-009

Outgoing solution amplitude =   -0.1881418343528041547951801248927950         1.864956678540281576061943269451149     
Incoming solution amplitude =   -0.5220557425123554474225690584178522E-013  -0.2826166425630796157985651900589156E-013


Final bound-state solution
     Stop at point = 105 =     7.233743430973843757669783371966332     
             Zeta1 =     3.437217025656130520161468666628934        0.1365509468445387786239564320567297     
            Energy =   -0.8898378551261686142392903775544255E-001  -0.1544575804442187977327805015193007E-001
 Wavefunction tail =   -0.6001051717989486115196487924731278E-008  -0.3108512319833289033507592700078959E-009

Outgoing solution amplitude =   -0.1881418343528041547951801248927950         1.864956678540281576061943269451149     
Incoming solution amplitude =   -0.5220557425123554474225690584178522E-013  -0.2826166425630796157985651900589156E-013


Final bound-state solution
     Stop at point = 104 =     7.198881813939522089640377089381218     
             Zeta1 =     3.437217025656006619271920499159023        0.1365509468445419982707278450106969     
            Energy =   -0.8898378551260265056921383575172513E-001  -0.1544575804442187977327805015193007E-001
 Wavefunction tail =   -0.3416045168769150902848239252304618E-008   0.1590074888302260325603788555879486E-008

Outgoing solution amplitude =   -0.1881418343538056869856944786079112         1.864956678539527956672827713191509     
Incoming solution amplitude =    0.4323642108100447102208045983679362E-012   0.3485605258277982022845612637248043E-012


Final bound-state solution
     Stop at point = 103 =     7.163850550994285804051742161391303     
             Zeta1 =     3.437217025656260638299954734975472        0.1365509468445357255106387128762435     
            Energy =   -0.8898378551263107227864423975915997E-001  -0.1544575804442187977327805015193007E-001
 Wavefunction tail =   -0.9133886222139571203438946158954109E-009   0.3405745268452237098256346929051747E-008

Outgoing solution amplitude =   -0.1881418343517586577728906149786781         1.864956678541064283294304004812147     
Incoming solution amplitude =   -0.5591491768487595982839698422156059E-012  -0.4097941317164654697291903030998290E-012


Final bound-state solution
     Stop at point = 104 =     7.198881813939522089640377089381218     
             Zeta1 =     3.437217025656128299715419416315854        0.1365509468444132679110225581098348     
            Energy =   -0.8898378551261686142392903775544255E-001  -0.1544575804440766891856284814821265E-001
 Wavefunction tail =   -0.5067395817403974801566767459902463E-008   0.9289821472299769532271590771581316E-009

Outgoing solution amplitude =   -0.1881418343520376290634033011883730         1.864956678539271273109534376999363     
Incoming solution amplitude =   -0.4258875794179740037551010812148616E-012   0.4521866281009272338164105016599983E-012


Final bound-state solution
     Stop at point = 104 =     7.198881813939522089640377089381218     
             Zeta1 =     3.437217025656135405142777017317712        0.1365509468446644281147683841481921     
            Energy =   -0.8898378551261686142392903775544255E-001  -0.1544575804443609062799325215564750E-001
 Wavefunction tail =   -0.3095610454606480284853117790084404E-008   0.1693083471013463402176148851871647E-008

Outgoing solution amplitude =   -0.1881418343535540271815875712491106         1.864956678541303647378413188562263     
Incoming solution amplitude =    0.3197100768994838108361766662333304E-012  -0.5165604189069621777136205604362175E-012


Final bound-state solution
     Stop at point = 105 =     7.233743430973843757669783371966332     
             Zeta1 =     3.437217025656118973842012565000914        0.1365509468445409435588544511119835     
            Energy =   -0.8898378551261552915629948756759404E-001  -0.1544575804442209487898907127600978E-001
 Wavefunction tail =   -0.5543415506249958834190610479190908E-008  -0.1321531363374554182452091527510702E-009

Outgoing solution amplitude =   -0.1881418343529157322091549531251076         1.864956678540225398776897236530203     
Incoming solution amplitude =   -0.5691585162728685589501488792253104E-014   0.4710277376051326141115181279970121E-014

Optimization converged after 6 iterations. Final residue =      0.27290427E-028
Optimization of outgoing solution converged.

Final bound-state solution
     Stop at point = 105 =     7.233743430973843757669783371966332     
             Zeta1 =     3.437217025656118973842012565000914        0.1365509468445409435588544511119835     
            Energy =   -0.8898378551261552915629948756759404E-001  -0.1544575804442209487898907127600978E-001
 Wavefunction tail =   -0.5543415506249958834190610479190908E-008  -0.1321531363374554182452091527510702E-009

Outgoing solution amplitude =   -0.1881418343529157322091549531251076         1.864956678540225398776897236530203     
Incoming solution amplitude =   -0.5691585162728685589501488792253104E-014   0.4710277376051326141115181279970121E-014


Outgoing solution is at the energy =   -0.8898378551261552915629948756759404E-001  -0.1544575804442209487898907127600978E-001
                Outgoing amplitude =   -0.1881418343529157322091549531251076         1.864956678540225398776897236530203     
                Incoming amplitude =   -0.5691585162728685589501488792253104E-014   0.4710277376051326141115181279970121E-014


              Timing data at 2022/08/26 17:59:57

                                                       Total time (seconds)           Self time (seconds)
 Timer                                   Calls         --------------------           -------------------
 -----                                   -----           Real           CPU            Real           CPU

 start                                      1.            1.8          85.8             0.0           0.0
 Outgoing solution                          1.            1.8          85.8             0.0           0.2
 Bound direction                           42.            1.8          84.1             1.8          84.1
 Continuum direction                       42.            0.0           1.5             0.0           1.5

