Version: Plain vanilla, built on balrog at Fri Aug 26 05:57:34 PM CEST 2022

Compiler: GCC version 12.1.1 20220721 [revision 4f15d2234608e82159d030dadb17af678cfad626]
Build flags: -cpp -I . -D_REENTRANT -D __BUILD_ID__="Plain vanilla, built on balrog at Fri Aug 26 05:57:34 PM CEST 2022" -mtune=generic -march=x86-64 -O -fopenmp -fpre-include=/usr/include/finclude/math-vector-fortran.h

  Integer kind = 4 (9 decimals)
     Real kind = 16 (33 decimals)
Aux. real kind = 16 (33 decimals)


    $Id: $
    $Id: accuracy.f90,v 1.45 2021/04/26 15:44:44 ps Exp $
    $Id: constants.f90,v 1.7 2021/04/26 15:44:44 ps Exp $
    $Id: $
    $Id: $
    $Id: $
    $Id: find_root.f90,v 1.15 2021/08/10 13:17:38 ps Exp ps $
    $Id: lapack.f90,v 1.10 2021/04/26 15:44:44 ps Exp $
    $Id: math.f90,v 1.13 2022/02/19 18:54:26 ps Exp $
    $Id: $
    $Id: sort_tools.f90,v 1.3 2021/04/26 15:44:44 ps Exp $
    $Id: timer.f90,v 1.5 2021/04/26 15:44:44 ps Exp $
    $Id: $
    $Id: $
    $Id: $
    $Id: $
    $Id: $
    $Id: $
    $Id: $
    $Id: $
    $Id: $
 ===== begin simulation parameters ===== 
&HT_V2
 VERBOSE=1          ,
 OMP_NUM_THREADS=0          ,
 COMMENT="Resonance position (real axis), F=0.100, M=1, NB=0, NC=0                                                                                                                                                                                                       ",
 TASK="energy                                                                                                                                                                                                                                                         ",
 MVAL=1          ,
 EFIELD=  1.00000000000000000000000000000000005E-0001,
 ZNUC=  1.00000000000000000000000000000000000      ,
 ENERGY_SINGLE=(-0.154012121451162036675707248670857399,0.00000000000000000000000000000000000),
 ENERGY_GUESS=(-0.154012121451162036675707248670857399,-0.201878744575764135498350460634862503),
 ZETA_GUESS=(3.29999999999999999999999999999999985,0.800000000000000000000000000000000039),
 ZETA_TOL= -1.00000000000000000000000000000000000      ,
 ENERGY_TOL=  9.99999999999999999999999999999999998E-0027,
 XI2_MAX=  60.0000000000000000000000000000000000      ,
 XI_NPTS=120        ,
 XI_MAXORDER=60         ,
 ETA2_MAX=  120.000000000000000000000000000000000      ,
 ETA_NPTS=240        ,
 ETA_MAXORDER=60         ,
 ASYMP_ORDER=200        ,
 FILE_BOUND="h100-0_100-quad-b.table                                                                                                                                                                                                                                        ",
 FILE_CONTINUUM="h100-0_100-quad-c.table                                                                                                                                                                                                                                        ",
 /
 ====== end simulation parameters ====== 

Resonance position (real axis), F=0.100, M=1, NB=0, NC=0

Unable to improve the solution along linear search direction.
Optimization converged after 18 iterations. Final residue =      0.38298089E-035
Optimization of separation parameter zeta1 converged.

Final bound-state solution
     Stop at point = 101 =     7.100716024967263169864721446056988     
             Zeta1 =     3.198228079158336123693016606865213       -0.1405092204931973326896840204736905E-214
            Energy =   -0.1540121214511620366757072486708574         0.000000000000000000000000000000000     
 Wavefunction tail =    0.2767601452084248891172041851514699E-017   0.1793429528878088396366984070468639E-199

Outgoing solution amplitude =     2.261329366486424717783567147244520        0.2358808458813318064278358510569007     
Incoming solution amplitude =    -2.261329366486424717783567147244520        0.2358808458813318064278358510569007     


              Timing data at 2022/08/26 18:17:27

                                                       Total time (seconds)           Self time (seconds)
 Timer                                   Calls         --------------------           -------------------
 -----                                   -----           Real           CPU            Real           CPU

 start                                      1.            2.2          42.9             0.0           0.0
 Bound direction                            1.            2.1          42.6             2.1          42.6
 Continuum direction                        1.            0.0           0.2             0.0           0.2

