Version: Plain vanilla, built on balrog at Fri Aug 26 05:59:02 PM CEST 2022

Compiler: GCC version 12.1.1 20220721 [revision 4f15d2234608e82159d030dadb17af678cfad626]
Build flags: -cpp -I . -D_REENTRANT -D __BUILD_ID__="Plain vanilla, built on balrog at Fri Aug 26 05:59:02 PM CEST 2022" -mtune=generic -march=x86-64 -O -fopenmp -fpre-include=/usr/include/finclude/math-vector-fortran.h

  Integer kind = 4 (9 decimals)
     Real kind = 8 (15 decimals)
Aux. real kind = 8 (15 decimals)


    $Id: $
    $Id: accuracy.f90,v 1.45 2021/04/26 15:44:44 ps Exp $
    $Id: constants.f90,v 1.7 2021/04/26 15:44:44 ps Exp $
    $Id: $
    $Id: $
    $Id: $
    $Id: find_root.f90,v 1.15 2021/08/10 13:17:38 ps Exp ps $
    $Id: lapack.f90,v 1.10 2021/04/26 15:44:44 ps Exp $
    $Id: math.f90,v 1.13 2022/02/19 18:54:26 ps Exp $
    $Id: $
    $Id: sort_tools.f90,v 1.3 2021/04/26 15:44:44 ps Exp $
    $Id: timer.f90,v 1.5 2021/04/26 15:44:44 ps Exp $
    $Id: $
    $Id: $
    $Id: $
    $Id: $
    $Id: $
    $Id: $
    $Id: $
    $Id: $
    $Id: $
 ===== begin simulation parameters ===== 
&HT_V2
 VERBOSE=1          ,
 OMP_NUM_THREADS=0          ,
 COMMENT="Resonance position (real axis), F=0.100, M=1, NB=0, NC=0                                                                                                                                                                                                       ",
 TASK="energy                                                                                                                                                                                                                                                         ",
 MVAL=1          ,
 EFIELD= 0.10000000000000001     ,
 ZNUC=  1.0000000000000000     ,
 ENERGY_SINGLE=(-0.15401212167299999,0.0000000000000000),
 ENERGY_GUESS=(-0.15401212167299999,-0.20187874493300001),
 ZETA_GUESS=(3.2999999999999998,0.80000000000000004),
 ZETA_TOL= -1.0000000000000000     ,
 ENERGY_TOL=  1.0000000000000000E-010,
 XI2_MAX=  60.000000000000000     ,
 XI_NPTS=120        ,
 XI_MAXORDER=60         ,
 ETA2_MAX=  120.00000000000000     ,
 ETA_NPTS=240        ,
 ETA_MAXORDER=60         ,
 ASYMP_ORDER=200        ,
 FILE_BOUND="h100-0_100-dble-b.table                                                                                                                                                                                                                                        ",
 FILE_CONTINUUM="h100-0_100-dble-c.table                                                                                                                                                                                                                                        ",
 /
 ====== end simulation parameters ====== 

Resonance position (real axis), F=0.100, M=1, NB=0, NC=0

Optimization converged after 10 iterations. Final residue =      0.30740020E-017
Optimization of separation parameter zeta1 converged.

Final bound-state solution
     Stop at point = 60 =     5.454163470199977936658797261770815     
             Zeta1 =     3.198228080090191216555695064016618        0.7261219871031614679663923412697722E-036
            Energy =   -0.1540121216729999908956472154386574         0.000000000000000000000000000000000     
 Wavefunction tail =    0.2479516870664934977381909053618589E-008  -0.8403470422897245098347397961533444E-030

Outgoing solution amplitude =     2.261329369922320697838813430280425        0.2358808437061717111493663878718507     
Incoming solution amplitude =    -2.261329369922320697838813430280425        0.2358808437061717111493663878718507     


              Timing data at 2022/08/26 17:59:57

                                                       Total time (seconds)           Self time (seconds)
 Timer                                   Calls         --------------------           -------------------
 -----                                   -----           Real           CPU            Real           CPU

 start                                      1.            0.0           1.6             0.0           0.2
 Bound direction                            1.            0.0           1.4             0.0           1.4

 (  1 timers contributing less than 1% are not shown)

